ARM GAS  C:\Users\vboxuser\AppData\Local\Temp\cc8i7Yvk.s 			page 1


   1              		.syntax unified
   2              		.cpu cortex-m3
   3              		.fpu softvfp
   4              		.eabi_attribute 20, 1
   5              		.eabi_attribute 21, 1
   6              		.eabi_attribute 23, 3
   7              		.eabi_attribute 24, 1
   8              		.eabi_attribute 25, 1
   9              		.eabi_attribute 26, 1
  10              		.eabi_attribute 30, 1
  11              		.eabi_attribute 34, 1
  12              		.eabi_attribute 18, 4
  13              		.thumb
  14              		.syntax unified
  15              		.file	"ErikaOS_1_eecfg.c"
  16              		.text
  17              	.Ltext0:
  18              		.cfi_sections	.debug_frame
  19              		.global	EE_oo_autostart_task_data
  20              		.comm	EE_ApplicationMode,4,4
  21              		.global	EE_oo_action_ROM
  22              		.comm	EE_oo_counter_object_RAM,32,4
  23              		.global	EE_oo_counter_object_ROM
  24              		.global	EE_ALARM_ID
  25              		.global	EE_ALARM_NAME
  26              		.global	EE_alarm_ROM
  27              		.global	EE_counter_RAM
  28              		.global	EE_counter_ROM
  29              		.comm	EE_resource_oldceiling,4,4
  30              		.global	EE_resource_ceiling
  31              		.global	EE_resource_locked
  32              		.global	EE_resource_stack
  33              		.global	EE_th_resource_last
  34              		.global	EE_th_is_extended
  35              		.global	EE_th_waswaiting
  36              		.global	EE_th_event_waitmask
  37              		.global	EE_th_event_active
  38              		.global	EE_th_terminate_nextask
  39              		.global	EE_rq_free
  40              		.comm	EE_rq_pairs_tid,24,4
  41              		.global	EE_rq_pairs_next
  42              		.global	EE_rq_link
  43              		.global	EE_th_rnact_max
  44              		.global	EE_th_rnact
  45              		.global	EE_rq_bitmask
  46              		.global	EE_rq_queues_tail
  47              		.global	EE_rq_queues_head
  48              		.global	EE_sys_ceiling
  49              		.global	EE_stkfirst
  50              		.global	EE_th_next
  51              		.global	EE_th_status
  52              		.global	EE_th_dispatch_prio
  53              		.global	EE_EVENT_ID
  54              		.global	EE_EVENT_NAME
  55              		.global	EE_RESOURCE_ID
  56              		.global	EE_RESOURCE_NAME
  57              		.global	EE_TASK_NAME
ARM GAS  C:\Users\vboxuser\AppData\Local\Temp\cc8i7Yvk.s 			page 2


  58              		.global	EE_th_ready_prio
  59              		.global	EE_terminate_real_th_body
  60              		.comm	EE_terminate_data,24,4
  61              		.global	EE_hal_thread_body
  62              		.global	EE_cortex_mx_IRQ_tos
  63              		.global	EE_cortex_mx_active_tos
  64              		.global	EE_cortex_mx_system_tos
  65              		.global	EE_std_thread_tos
  66              		.comm	EE_cortex_mx_stack_9,512,4
  67              		.comm	EE_cortex_mx_stack_4,5000,4
  68              		.section	.rodata
  69              		.align	2
  70              		.type	EE_oo_autostart_task_data, %object
  71              		.size	EE_oo_autostart_task_data, 8
  72              	EE_oo_autostart_task_data:
  73 0000 01000000 		.word	1
  74 0004 08000000 		.word	EE_oo_autostart_task_mode_OSDEFAULTAPPMODE
  75              		.type	EE_oo_autostart_task_mode_OSDEFAULTAPPMODE, %object
  76              		.size	EE_oo_autostart_task_mode_OSDEFAULTAPPMODE, 4
  77              	EE_oo_autostart_task_mode_OSDEFAULTAPPMODE:
  78 0008 01000000 		.word	1
  79              		.type	EE_oo_action_ROM, %object
  80              		.size	EE_oo_action_ROM, 40
  81              	EE_oo_action_ROM:
  82 000c 03       		.byte	3
  83 000d 000000   		.space	3
  84 0010 00000000 		.word	0
  85 0014 00000000 		.word	0
  86 0018 00000000 		.word	cb_1ms
  87 001c FFFFFFFF 		.word	-1
  88 0020 00       		.byte	0
  89 0021 000000   		.space	3
  90 0024 05000000 		.word	5
  91 0028 00000000 		.word	0
  92 002c 00000000 		.word	0
  93 0030 FFFFFFFF 		.word	-1
  94              		.type	EE_oo_counter_object_ROM, %object
  95              		.size	EE_oo_counter_object_ROM, 24
  96              	EE_oo_counter_object_ROM:
  97 0034 00000000 		.word	0
  98 0038 00000000 		.word	0
  99 003c 00       		.byte	0
 100 003d 000000   		.space	3
 101 0040 00000000 		.word	0
 102 0044 01000000 		.word	1
 103 0048 00       		.byte	0
 104 0049 000000   		.space	3
 105              		.type	EE_ALARM_ID, %object
 106              		.size	EE_ALARM_ID, 8
 107              	EE_ALARM_ID:
 108 004c 00000000 		.word	0
 109 0050 01000000 		.word	1
 110              		.type	EE_alarm_ROM, %object
 111              		.size	EE_alarm_ROM, 8
 112              	EE_alarm_ROM:
 113 0054 00000000 		.word	0
 114 0058 01000000 		.word	1
ARM GAS  C:\Users\vboxuser\AppData\Local\Temp\cc8i7Yvk.s 			page 3


 115              		.type	EE_counter_ROM, %object
 116              		.size	EE_counter_ROM, 12
 117              	EE_counter_ROM:
 118 005c 10270000 		.word	10000
 119 0060 01000000 		.word	1
 120 0064 00000000 		.word	0
 121              		.type	EE_resource_ceiling, %object
 122              		.size	EE_resource_ceiling, 4
 123              	EE_resource_ceiling:
 124 0068 20000000 		.word	32
 125              		.type	EE_th_is_extended, %object
 126              		.size	EE_th_is_extended, 24
 127              	EE_th_is_extended:
 128 006c 00000000 		.word	0
 129 0070 00000000 		.word	0
 130 0074 00000000 		.word	0
 131 0078 01000000 		.word	1
 132 007c 00000000 		.word	0
 133 0080 00000000 		.word	0
 134              		.type	EE_th_rnact_max, %object
 135              		.size	EE_th_rnact_max, 24
 136              	EE_th_rnact_max:
 137 0084 01000000 		.word	1
 138 0088 01000000 		.word	1
 139 008c 01000000 		.word	1
 140 0090 01000000 		.word	1
 141 0094 01000000 		.word	1
 142 0098 01000000 		.word	1
 143              		.type	EE_th_dispatch_prio, %object
 144              		.size	EE_th_dispatch_prio, 24
 145              	EE_th_dispatch_prio:
 146 009c 04000000 		.word	4
 147 00a0 02000000 		.word	2
 148 00a4 10000000 		.word	16
 149 00a8 20000000 		.word	32
 150 00ac 02000000 		.word	2
 151 00b0 08000000 		.word	8
 152              		.type	EE_EVENT_ID, %object
 153              		.size	EE_EVENT_ID, 4
 154              	EE_EVENT_ID:
 155 00b4 01000000 		.word	1
 156              		.type	EE_RESOURCE_ID, %object
 157              		.size	EE_RESOURCE_ID, 4
 158              	EE_RESOURCE_ID:
 159 00b8 00000000 		.space	4
 160              		.type	EE_th_ready_prio, %object
 161              		.size	EE_th_ready_prio, 24
 162              	EE_th_ready_prio:
 163 00bc 04000000 		.word	4
 164 00c0 02000000 		.word	2
 165 00c4 10000000 		.word	16
 166 00c8 20000000 		.word	32
 167 00cc 02000000 		.word	2
 168 00d0 08000000 		.word	8
 169              		.type	EE_terminate_real_th_body, %object
 170              		.size	EE_terminate_real_th_body, 24
 171              	EE_terminate_real_th_body:
ARM GAS  C:\Users\vboxuser\AppData\Local\Temp\cc8i7Yvk.s 			page 4


 172 00d4 00000000 		.word	Functsk_background
 173 00d8 00000000 		.word	Functsk_init
 174 00dc 00000000 		.word	Functsk_io
 175 00e0 00000000 		.word	Functsk_control
 176 00e4 00000000 		.word	Functsk_system
 177 00e8 00000000 		.word	Functsk_hmi
 178              		.type	EE_hal_thread_body, %object
 179              		.size	EE_hal_thread_body, 24
 180              	EE_hal_thread_body:
 181 00ec 00000000 		.word	EE_oo_thread_stub
 182 00f0 00000000 		.word	EE_oo_thread_stub
 183 00f4 00000000 		.word	EE_oo_thread_stub
 184 00f8 00000000 		.word	EE_oo_thread_stub
 185 00fc 00000000 		.word	EE_oo_thread_stub
 186 0100 00000000 		.word	EE_oo_thread_stub
 187              		.type	EE_std_thread_tos, %object
 188              		.size	EE_std_thread_tos, 28
 189              	EE_std_thread_tos:
 190 0104 00000000 		.word	0
 191 0108 00000000 		.word	0
 192 010c 00000000 		.word	0
 193 0110 00000000 		.word	0
 194 0114 01000000 		.word	1
 195 0118 00000000 		.word	0
 196 011c 00000000 		.word	0
 197              		.data
 198              		.align	2
 199              		.type	EE_ALARM_NAME, %object
 200              		.size	EE_ALARM_NAME, 8
 201              	EE_ALARM_NAME:
 202 0000 00000000 		.word	.LC0
 203 0004 0C000000 		.word	.LC1
 204              		.type	EE_counter_RAM, %object
 205              		.size	EE_counter_RAM, 8
 206              	EE_counter_RAM:
 207 0008 00000000 		.word	0
 208 000c FFFFFFFF 		.word	-1
 209              		.type	EE_resource_stack, %object
 210              		.size	EE_resource_stack, 4
 211              	EE_resource_stack:
 212 0010 FFFFFFFF 		.word	-1
 213              		.type	EE_th_resource_last, %object
 214              		.size	EE_th_resource_last, 24
 215              	EE_th_resource_last:
 216 0014 FFFFFFFF 		.word	-1
 217 0018 FFFFFFFF 		.word	-1
 218 001c FFFFFFFF 		.word	-1
 219 0020 FFFFFFFF 		.word	-1
 220 0024 FFFFFFFF 		.word	-1
 221 0028 FFFFFFFF 		.word	-1
 222              		.type	EE_th_terminate_nextask, %object
 223              		.size	EE_th_terminate_nextask, 24
 224              	EE_th_terminate_nextask:
 225 002c FFFFFFFF 		.word	-1
 226 0030 FFFFFFFF 		.word	-1
 227 0034 FFFFFFFF 		.word	-1
 228 0038 FFFFFFFF 		.word	-1
ARM GAS  C:\Users\vboxuser\AppData\Local\Temp\cc8i7Yvk.s 			page 5


 229 003c FFFFFFFF 		.word	-1
 230 0040 FFFFFFFF 		.word	-1
 231              		.type	EE_rq_pairs_next, %object
 232              		.size	EE_rq_pairs_next, 24
 233              	EE_rq_pairs_next:
 234 0044 01000000 		.word	1
 235 0048 02000000 		.word	2
 236 004c 03000000 		.word	3
 237 0050 04000000 		.word	4
 238 0054 05000000 		.word	5
 239 0058 FFFFFFFF 		.word	-1
 240              		.type	EE_rq_link, %object
 241              		.size	EE_rq_link, 24
 242              	EE_rq_link:
 243 005c 02000000 		.word	2
 244 0060 01000000 		.word	1
 245 0064 04000000 		.word	4
 246 0068 05000000 		.word	5
 247 006c 01000000 		.word	1
 248 0070 03000000 		.word	3
 249              		.type	EE_th_rnact, %object
 250              		.size	EE_th_rnact, 24
 251              	EE_th_rnact:
 252 0074 01000000 		.word	1
 253 0078 01000000 		.word	1
 254 007c 01000000 		.word	1
 255 0080 01000000 		.word	1
 256 0084 01000000 		.word	1
 257 0088 01000000 		.word	1
 258              		.type	EE_rq_queues_tail, %object
 259              		.size	EE_rq_queues_tail, 64
 260              	EE_rq_queues_tail:
 261 008c FFFFFFFF 		.word	-1
 262 0090 FFFFFFFF 		.word	-1
 263 0094 FFFFFFFF 		.word	-1
 264 0098 FFFFFFFF 		.word	-1
 265 009c FFFFFFFF 		.word	-1
 266 00a0 FFFFFFFF 		.word	-1
 267 00a4 FFFFFFFF 		.word	-1
 268 00a8 FFFFFFFF 		.word	-1
 269 00ac FFFFFFFF 		.word	-1
 270 00b0 FFFFFFFF 		.word	-1
 271 00b4 FFFFFFFF 		.word	-1
 272 00b8 FFFFFFFF 		.word	-1
 273 00bc FFFFFFFF 		.word	-1
 274 00c0 FFFFFFFF 		.word	-1
 275 00c4 FFFFFFFF 		.word	-1
 276 00c8 FFFFFFFF 		.word	-1
 277              		.type	EE_rq_queues_head, %object
 278              		.size	EE_rq_queues_head, 64
 279              	EE_rq_queues_head:
 280 00cc FFFFFFFF 		.word	-1
 281 00d0 FFFFFFFF 		.word	-1
 282 00d4 FFFFFFFF 		.word	-1
 283 00d8 FFFFFFFF 		.word	-1
 284 00dc FFFFFFFF 		.word	-1
 285 00e0 FFFFFFFF 		.word	-1
ARM GAS  C:\Users\vboxuser\AppData\Local\Temp\cc8i7Yvk.s 			page 6


 286 00e4 FFFFFFFF 		.word	-1
 287 00e8 FFFFFFFF 		.word	-1
 288 00ec FFFFFFFF 		.word	-1
 289 00f0 FFFFFFFF 		.word	-1
 290 00f4 FFFFFFFF 		.word	-1
 291 00f8 FFFFFFFF 		.word	-1
 292 00fc FFFFFFFF 		.word	-1
 293 0100 FFFFFFFF 		.word	-1
 294 0104 FFFFFFFF 		.word	-1
 295 0108 FFFFFFFF 		.word	-1
 296              		.type	EE_stkfirst, %object
 297              		.size	EE_stkfirst, 4
 298              	EE_stkfirst:
 299 010c FFFFFFFF 		.word	-1
 300              		.type	EE_th_next, %object
 301              		.size	EE_th_next, 24
 302              	EE_th_next:
 303 0110 FFFFFFFF 		.word	-1
 304 0114 FFFFFFFF 		.word	-1
 305 0118 FFFFFFFF 		.word	-1
 306 011c FFFFFFFF 		.word	-1
 307 0120 FFFFFFFF 		.word	-1
 308 0124 FFFFFFFF 		.word	-1
 309              		.type	EE_th_status, %object
 310              		.size	EE_th_status, 24
 311              	EE_th_status:
 312 0128 03000000 		.word	3
 313 012c 03000000 		.word	3
 314 0130 03000000 		.word	3
 315 0134 03000000 		.word	3
 316 0138 03000000 		.word	3
 317 013c 03000000 		.word	3
 318              		.type	EE_EVENT_NAME, %object
 319              		.size	EE_EVENT_NAME, 4
 320              	EE_EVENT_NAME:
 321 0140 18000000 		.word	.LC2
 322              		.type	EE_RESOURCE_NAME, %object
 323              		.size	EE_RESOURCE_NAME, 4
 324              	EE_RESOURCE_NAME:
 325 0144 28000000 		.word	.LC3
 326              		.type	EE_TASK_NAME, %object
 327              		.size	EE_TASK_NAME, 24
 328              	EE_TASK_NAME:
 329 0148 30000000 		.word	.LC4
 330 014c 40000000 		.word	.LC5
 331 0150 4C000000 		.word	.LC6
 332 0154 54000000 		.word	.LC7
 333 0158 60000000 		.word	.LC8
 334 015c 6C000000 		.word	.LC9
 335              		.type	EE_cortex_mx_IRQ_tos, %object
 336              		.size	EE_cortex_mx_IRQ_tos, 4
 337              	EE_cortex_mx_IRQ_tos:
 338 0160 00020000 		.word	EE_cortex_mx_stack_9+512
 339              		.type	EE_cortex_mx_system_tos, %object
 340              		.size	EE_cortex_mx_system_tos, 8
 341              	EE_cortex_mx_system_tos:
 342 0164 00000000 		.word	0
ARM GAS  C:\Users\vboxuser\AppData\Local\Temp\cc8i7Yvk.s 			page 7


 343 0168 60130000 		.word	EE_cortex_mx_stack_4+4960
 344              		.section	.rodata.str1.4,"aMS",%progbits,1
 345              		.align	2
 346              	.LC0:
 347 0000 616C726D 		.ascii	"alrm_1ms\000"
 347      5F316D73 
 347      00
 348 0009 000000   		.space	3
 349              	.LC1:
 350 000c 616C726D 		.ascii	"alrm_hmi\000"
 350      5F686D69 
 350      00
 351 0015 000000   		.space	3
 352              	.LC2:
 353 0018 65765F65 		.ascii	"ev_event_onData\000"
 353      76656E74 
 353      5F6F6E44 
 353      61746100 
 354              	.LC3:
 355 0028 7265735F 		.ascii	"res_hmi\000"
 355      686D6900 
 356              	.LC4:
 357 0030 74736B5F 		.ascii	"tsk_background\000"
 357      6261636B 
 357      67726F75 
 357      6E6400
 358 003f 00       		.space	1
 359              	.LC5:
 360 0040 74736B5F 		.ascii	"tsk_init\000"
 360      696E6974 
 360      00
 361 0049 000000   		.space	3
 362              	.LC6:
 363 004c 74736B5F 		.ascii	"tsk_io\000"
 363      696F00
 364 0053 00       		.space	1
 365              	.LC7:
 366 0054 74736B5F 		.ascii	"tsk_control\000"
 366      636F6E74 
 366      726F6C00 
 367              	.LC8:
 368 0060 74736B5F 		.ascii	"tsk_system\000"
 368      73797374 
 368      656D00
 369 006b 00       		.space	1
 370              	.LC9:
 371 006c 74736B5F 		.ascii	"tsk_hmi\000"
 371      686D6900 
 372              		.bss
 373              		.align	2
 374              		.type	EE_resource_locked, %object
 375              		.size	EE_resource_locked, 4
 376              	EE_resource_locked:
 377 0000 00000000 		.space	4
 378              		.type	EE_th_waswaiting, %object
 379              		.size	EE_th_waswaiting, 24
 380              	EE_th_waswaiting:
ARM GAS  C:\Users\vboxuser\AppData\Local\Temp\cc8i7Yvk.s 			page 8


 381 0004 00000000 		.space	24
 381      00000000 
 381      00000000 
 381      00000000 
 381      00000000 
 382              		.type	EE_th_event_waitmask, %object
 383              		.size	EE_th_event_waitmask, 24
 384              	EE_th_event_waitmask:
 385 001c 00000000 		.space	24
 385      00000000 
 385      00000000 
 385      00000000 
 385      00000000 
 386              		.type	EE_th_event_active, %object
 387              		.size	EE_th_event_active, 24
 388              	EE_th_event_active:
 389 0034 00000000 		.space	24
 389      00000000 
 389      00000000 
 389      00000000 
 389      00000000 
 390              		.type	EE_rq_free, %object
 391              		.size	EE_rq_free, 4
 392              	EE_rq_free:
 393 004c 00000000 		.space	4
 394              		.type	EE_rq_bitmask, %object
 395              		.size	EE_rq_bitmask, 2
 396              	EE_rq_bitmask:
 397 0050 0000     		.space	2
 398 0052 0000     		.space	2
 399              		.type	EE_sys_ceiling, %object
 400              		.size	EE_sys_ceiling, 4
 401              	EE_sys_ceiling:
 402 0054 00000000 		.space	4
 403              		.type	EE_cortex_mx_active_tos, %object
 404              		.size	EE_cortex_mx_active_tos, 4
 405              	EE_cortex_mx_active_tos:
 406 0058 00000000 		.space	4
 407              		.text
 408              	.Letext0:
 409              		.file 1 "Generated_Source\\PSoC5\\ErikaOS_1_common_ee_types.inc"
 410              		.file 2 "Generated_Source\\PSoC5\\ErikaOS_1_cortex_mx_ee_cpu.inc"
 411              		.file 3 "Generated_Source\\PSoC5\\ErikaOS_1_ee_oo_common.inc"
 412              		.file 4 "Generated_Source\\PSoC5\\ErikaOS_1_common_ee_hal_structs.inc"
 413              		.file 5 "Generated_Source\\PSoC5\\ErikaOS_1_eecfg.c"
 414              		.file 6 "Generated_Source\\PSoC5\\ErikaOS_1_ee_oo_intfunc.inc"
 415              		.file 7 "Generated_Source\\PSoC5\\ErikaOS_1_cortex_mx_ee_context.inc"
 416              		.file 8 "Generated_Source\\PSoC5\\ErikaOS_1_common_ee_primitives.inc"
 417              		.section	.debug_info,"",%progbits
 418              	.Ldebug_info0:
 419 0000 6B090000 		.4byte	0x96b
 420 0004 0400     		.2byte	0x4
 421 0006 00000000 		.4byte	.Ldebug_abbrev0
 422 000a 04       		.byte	0x4
 423 000b 01       		.uleb128 0x1
 424 000c 3A050000 		.4byte	.LASF119
 425 0010 0C       		.byte	0xc
ARM GAS  C:\Users\vboxuser\AppData\Local\Temp\cc8i7Yvk.s 			page 9


 426 0011 B6070000 		.4byte	.LASF120
 427 0015 E1060000 		.4byte	.LASF121
 428 0019 00000000 		.4byte	.Ldebug_line0
 429 001d 02       		.uleb128 0x2
 430 001e 01       		.byte	0x1
 431 001f 06       		.byte	0x6
 432 0020 43010000 		.4byte	.LASF0
 433 0024 02       		.uleb128 0x2
 434 0025 01       		.byte	0x1
 435 0026 08       		.byte	0x8
 436 0027 98040000 		.4byte	.LASF1
 437 002b 02       		.uleb128 0x2
 438 002c 02       		.byte	0x2
 439 002d 05       		.byte	0x5
 440 002e DD040000 		.4byte	.LASF2
 441 0032 02       		.uleb128 0x2
 442 0033 02       		.byte	0x2
 443 0034 07       		.byte	0x7
 444 0035 BE020000 		.4byte	.LASF3
 445 0039 02       		.uleb128 0x2
 446 003a 04       		.byte	0x4
 447 003b 05       		.byte	0x5
 448 003c E1010000 		.4byte	.LASF4
 449 0040 02       		.uleb128 0x2
 450 0041 04       		.byte	0x4
 451 0042 07       		.byte	0x7
 452 0043 7C020000 		.4byte	.LASF5
 453 0047 02       		.uleb128 0x2
 454 0048 08       		.byte	0x8
 455 0049 05       		.byte	0x5
 456 004a 35010000 		.4byte	.LASF6
 457 004e 02       		.uleb128 0x2
 458 004f 08       		.byte	0x8
 459 0050 07       		.byte	0x7
 460 0051 92000000 		.4byte	.LASF7
 461 0055 03       		.uleb128 0x3
 462 0056 04       		.byte	0x4
 463 0057 05       		.byte	0x5
 464 0058 696E7400 		.ascii	"int\000"
 465 005c 02       		.uleb128 0x2
 466 005d 04       		.byte	0x4
 467 005e 07       		.byte	0x7
 468 005f 44020000 		.4byte	.LASF8
 469 0063 02       		.uleb128 0x2
 470 0064 08       		.byte	0x8
 471 0065 04       		.byte	0x4
 472 0066 E6030000 		.4byte	.LASF9
 473 006a 04       		.uleb128 0x4
 474 006b 65040000 		.4byte	.LASF10
 475 006f 01       		.byte	0x1
 476 0070 52       		.byte	0x52
 477 0071 32000000 		.4byte	0x32
 478 0075 04       		.uleb128 0x4
 479 0076 9B070000 		.4byte	.LASF11
 480 007a 01       		.byte	0x1
 481 007b 53       		.byte	0x53
 482 007c 55000000 		.4byte	0x55
ARM GAS  C:\Users\vboxuser\AppData\Local\Temp\cc8i7Yvk.s 			page 10


 483 0080 04       		.uleb128 0x4
 484 0081 91070000 		.4byte	.LASF12
 485 0085 01       		.byte	0x1
 486 0086 54       		.byte	0x54
 487 0087 5C000000 		.4byte	0x5c
 488 008b 04       		.uleb128 0x4
 489 008c 22080000 		.4byte	.LASF13
 490 0090 01       		.byte	0x1
 491 0091 64       		.byte	0x64
 492 0092 96000000 		.4byte	0x96
 493 0096 05       		.uleb128 0x5
 494 0097 04       		.byte	0x4
 495 0098 06       		.uleb128 0x6
 496 0099 04       		.byte	0x4
 497 009a 9E000000 		.4byte	0x9e
 498 009e 07       		.uleb128 0x7
 499 009f 04       		.uleb128 0x4
 500 00a0 69030000 		.4byte	.LASF14
 501 00a4 01       		.byte	0x1
 502 00a5 70       		.byte	0x70
 503 00a6 98000000 		.4byte	0x98
 504 00aa 04       		.uleb128 0x4
 505 00ab D4050000 		.4byte	.LASF15
 506 00af 01       		.byte	0x1
 507 00b0 73       		.byte	0x73
 508 00b1 98000000 		.4byte	0x98
 509 00b5 04       		.uleb128 0x4
 510 00b6 51020000 		.4byte	.LASF16
 511 00ba 02       		.byte	0x2
 512 00bb 4D       		.byte	0x4d
 513 00bc 80000000 		.4byte	0x80
 514 00c0 04       		.uleb128 0x4
 515 00c1 08040000 		.4byte	.LASF17
 516 00c5 02       		.byte	0x2
 517 00c6 4E       		.byte	0x4e
 518 00c7 75000000 		.4byte	0x75
 519 00cb 04       		.uleb128 0x4
 520 00cc 3C080000 		.4byte	.LASF18
 521 00d0 02       		.byte	0x2
 522 00d1 4F       		.byte	0x4f
 523 00d2 80000000 		.4byte	0x80
 524 00d6 04       		.uleb128 0x4
 525 00d7 71000000 		.4byte	.LASF19
 526 00db 02       		.byte	0x2
 527 00dc 54       		.byte	0x54
 528 00dd B5000000 		.4byte	0xb5
 529 00e1 04       		.uleb128 0x4
 530 00e2 37020000 		.4byte	.LASF20
 531 00e6 02       		.byte	0x2
 532 00e7 78       		.byte	0x78
 533 00e8 75000000 		.4byte	0x75
 534 00ec 08       		.uleb128 0x8
 535 00ed E7000000 		.4byte	.LASF61
 536 00f1 04       		.byte	0x4
 537 00f2 04       		.byte	0x4
 538 00f3 4D       		.byte	0x4d
 539 00f4 05010000 		.4byte	0x105
ARM GAS  C:\Users\vboxuser\AppData\Local\Temp\cc8i7Yvk.s 			page 11


 540 00f8 09       		.uleb128 0x9
 541 00f9 FB070000 		.4byte	.LASF28
 542 00fd 04       		.byte	0x4
 543 00fe 4E       		.byte	0x4e
 544 00ff 8B000000 		.4byte	0x8b
 545 0103 00       		.byte	0
 546 0104 00       		.byte	0
 547 0105 0A       		.uleb128 0xa
 548 0106 CD030000 		.4byte	.LASF21
 549 010a 03       		.byte	0x3
 550 010b 1101     		.2byte	0x111
 551 010d 6A000000 		.4byte	0x6a
 552 0111 0A       		.uleb128 0xa
 553 0112 DE000000 		.4byte	.LASF22
 554 0116 03       		.byte	0x3
 555 0117 F701     		.2byte	0x1f7
 556 0119 E1000000 		.4byte	0xe1
 557 011d 0A       		.uleb128 0xa
 558 011e 66010000 		.4byte	.LASF23
 559 0122 03       		.byte	0x3
 560 0123 2C02     		.2byte	0x22c
 561 0125 B5000000 		.4byte	0xb5
 562 0129 0A       		.uleb128 0xa
 563 012a 42000000 		.4byte	.LASF24
 564 012e 03       		.byte	0x3
 565 012f 3502     		.2byte	0x235
 566 0131 B5000000 		.4byte	0xb5
 567 0135 0A       		.uleb128 0xa
 568 0136 3F060000 		.4byte	.LASF25
 569 013a 03       		.byte	0x3
 570 013b 5D02     		.2byte	0x25d
 571 013d B5000000 		.4byte	0xb5
 572 0141 0A       		.uleb128 0xa
 573 0142 66000000 		.4byte	.LASF26
 574 0146 03       		.byte	0x3
 575 0147 6302     		.2byte	0x263
 576 0149 B5000000 		.4byte	0xb5
 577 014d 0A       		.uleb128 0xa
 578 014e 7A030000 		.4byte	.LASF27
 579 0152 03       		.byte	0x3
 580 0153 6C02     		.2byte	0x26c
 581 0155 B5000000 		.4byte	0xb5
 582 0159 0B       		.uleb128 0xb
 583 015a 0C       		.byte	0xc
 584 015b 03       		.byte	0x3
 585 015c 7202     		.2byte	0x272
 586 015e 8A010000 		.4byte	0x18a
 587 0162 0C       		.uleb128 0xc
 588 0163 EE000000 		.4byte	.LASF29
 589 0167 03       		.byte	0x3
 590 0168 7302     		.2byte	0x273
 591 016a 29010000 		.4byte	0x129
 592 016e 00       		.byte	0
 593 016f 0C       		.uleb128 0xc
 594 0170 10040000 		.4byte	.LASF30
 595 0174 03       		.byte	0x3
 596 0175 7402     		.2byte	0x274
ARM GAS  C:\Users\vboxuser\AppData\Local\Temp\cc8i7Yvk.s 			page 12


 597 0177 29010000 		.4byte	0x129
 598 017b 04       		.byte	0x4
 599 017c 0C       		.uleb128 0xc
 600 017d 2E020000 		.4byte	.LASF31
 601 0181 03       		.byte	0x3
 602 0182 7502     		.2byte	0x275
 603 0184 29010000 		.4byte	0x129
 604 0188 08       		.byte	0x8
 605 0189 00       		.byte	0
 606 018a 0A       		.uleb128 0xa
 607 018b 23050000 		.4byte	.LASF32
 608 018f 03       		.byte	0x3
 609 0190 7A02     		.2byte	0x27a
 610 0192 59010000 		.4byte	0x159
 611 0196 0B       		.uleb128 0xb
 612 0197 08       		.byte	0x8
 613 0198 03       		.byte	0x3
 614 0199 7D02     		.2byte	0x27d
 615 019b BA010000 		.4byte	0x1ba
 616 019f 0C       		.uleb128 0xc
 617 01a0 3E020000 		.4byte	.LASF33
 618 01a4 03       		.byte	0x3
 619 01a5 7E02     		.2byte	0x27e
 620 01a7 29010000 		.4byte	0x129
 621 01ab 00       		.byte	0
 622 01ac 0C       		.uleb128 0xc
 623 01ad 39060000 		.4byte	.LASF34
 624 01b1 03       		.byte	0x3
 625 01b2 7F02     		.2byte	0x27f
 626 01b4 35010000 		.4byte	0x135
 627 01b8 04       		.byte	0x4
 628 01b9 00       		.byte	0
 629 01ba 0A       		.uleb128 0xa
 630 01bb A7010000 		.4byte	.LASF35
 631 01bf 03       		.byte	0x3
 632 01c0 8002     		.2byte	0x280
 633 01c2 96010000 		.4byte	0x196
 634 01c6 0D       		.uleb128 0xd
 635 01c7 01       		.byte	0x1
 636 01c8 24000000 		.4byte	0x24
 637 01cc 03       		.byte	0x3
 638 01cd 8A02     		.2byte	0x28a
 639 01cf E0010000 		.4byte	0x1e0
 640 01d3 0E       		.uleb128 0xe
 641 01d4 A6040000 		.4byte	.LASF36
 642 01d8 00       		.byte	0
 643 01d9 0E       		.uleb128 0xe
 644 01da 6F040000 		.4byte	.LASF37
 645 01de 01       		.byte	0x1
 646 01df 00       		.byte	0
 647 01e0 0A       		.uleb128 0xa
 648 01e1 E9020000 		.4byte	.LASF38
 649 01e5 03       		.byte	0x3
 650 01e6 8D02     		.2byte	0x28d
 651 01e8 C6010000 		.4byte	0x1c6
 652 01ec 0A       		.uleb128 0xa
 653 01ed 15030000 		.4byte	.LASF39
ARM GAS  C:\Users\vboxuser\AppData\Local\Temp\cc8i7Yvk.s 			page 13


 654 01f1 03       		.byte	0x3
 655 01f2 9002     		.2byte	0x290
 656 01f4 E0010000 		.4byte	0x1e0
 657 01f8 0B       		.uleb128 0xb
 658 01f9 0C       		.byte	0xc
 659 01fa 03       		.byte	0x3
 660 01fb 9402     		.2byte	0x294
 661 01fd 27020000 		.4byte	0x227
 662 0201 0F       		.uleb128 0xf
 663 0202 6300     		.ascii	"c\000"
 664 0204 03       		.byte	0x3
 665 0205 9602     		.2byte	0x296
 666 0207 4D010000 		.4byte	0x14d
 667 020b 00       		.byte	0
 668 020c 0C       		.uleb128 0xc
 669 020d 96060000 		.4byte	.LASF40
 670 0211 03       		.byte	0x3
 671 0212 9802     		.2byte	0x298
 672 0214 35010000 		.4byte	0x135
 673 0218 04       		.byte	0x4
 674 0219 0C       		.uleb128 0xc
 675 021a B9020000 		.4byte	.LASF41
 676 021e 03       		.byte	0x3
 677 021f 9A02     		.2byte	0x29a
 678 0221 EC010000 		.4byte	0x1ec
 679 0225 08       		.byte	0x8
 680 0226 00       		.byte	0
 681 0227 0A       		.uleb128 0xa
 682 0228 AF000000 		.4byte	.LASF42
 683 022c 03       		.byte	0x3
 684 022d 9B02     		.2byte	0x29b
 685 022f F8010000 		.4byte	0x1f8
 686 0233 0B       		.uleb128 0xb
 687 0234 10       		.byte	0x10
 688 0235 03       		.byte	0x3
 689 0236 9F02     		.2byte	0x29f
 690 0238 71020000 		.4byte	0x271
 691 023c 0C       		.uleb128 0xc
 692 023d 1D040000 		.4byte	.LASF43
 693 0241 03       		.byte	0x3
 694 0242 A002     		.2byte	0x2a0
 695 0244 D6000000 		.4byte	0xd6
 696 0248 00       		.byte	0
 697 0249 0C       		.uleb128 0xc
 698 024a F2070000 		.4byte	.LASF44
 699 024e 03       		.byte	0x3
 700 024f A102     		.2byte	0x2a1
 701 0251 29010000 		.4byte	0x129
 702 0255 04       		.byte	0x4
 703 0256 0C       		.uleb128 0xc
 704 0257 A9000000 		.4byte	.LASF45
 705 025b 03       		.byte	0x3
 706 025c A202     		.2byte	0x2a2
 707 025e 29010000 		.4byte	0x129
 708 0262 08       		.byte	0x8
 709 0263 0C       		.uleb128 0xc
 710 0264 25000000 		.4byte	.LASF46
ARM GAS  C:\Users\vboxuser\AppData\Local\Temp\cc8i7Yvk.s 			page 14


 711 0268 03       		.byte	0x3
 712 0269 A302     		.2byte	0x2a3
 713 026b 35010000 		.4byte	0x135
 714 026f 0C       		.byte	0xc
 715 0270 00       		.byte	0
 716 0271 0A       		.uleb128 0xa
 717 0272 22040000 		.4byte	.LASF47
 718 0276 03       		.byte	0x3
 719 0277 A402     		.2byte	0x2a4
 720 0279 33020000 		.4byte	0x233
 721 027d 0D       		.uleb128 0xd
 722 027e 01       		.byte	0x1
 723 027f 24000000 		.4byte	0x24
 724 0283 03       		.byte	0x3
 725 0284 A702     		.2byte	0x2a7
 726 0286 A3020000 		.4byte	0x2a3
 727 028a 0E       		.uleb128 0xe
 728 028b 56060000 		.4byte	.LASF48
 729 028f 00       		.byte	0
 730 0290 0E       		.uleb128 0xe
 731 0291 9E060000 		.4byte	.LASF49
 732 0295 01       		.byte	0x1
 733 0296 0E       		.uleb128 0xe
 734 0297 75060000 		.4byte	.LASF50
 735 029b 02       		.byte	0x2
 736 029c 0E       		.uleb128 0xe
 737 029d 06060000 		.4byte	.LASF51
 738 02a1 03       		.byte	0x3
 739 02a2 00       		.byte	0
 740 02a3 0A       		.uleb128 0xa
 741 02a4 4F010000 		.4byte	.LASF52
 742 02a8 03       		.byte	0x3
 743 02a9 AC02     		.2byte	0x2ac
 744 02ab 7D020000 		.4byte	0x27d
 745 02af 0A       		.uleb128 0xa
 746 02b0 40070000 		.4byte	.LASF53
 747 02b4 03       		.byte	0x3
 748 02b5 AF02     		.2byte	0x2af
 749 02b7 A3020000 		.4byte	0x2a3
 750 02bb 0B       		.uleb128 0xb
 751 02bc 14       		.byte	0x14
 752 02bd 03       		.byte	0x3
 753 02be B202     		.2byte	0x2b2
 754 02c0 04030000 		.4byte	0x304
 755 02c4 0C       		.uleb128 0xc
 756 02c5 D0060000 		.4byte	.LASF54
 757 02c9 03       		.byte	0x3
 758 02ca B302     		.2byte	0x2b3
 759 02cc AF020000 		.4byte	0x2af
 760 02d0 00       		.byte	0
 761 02d1 0C       		.uleb128 0xc
 762 02d2 03080000 		.4byte	.LASF55
 763 02d6 03       		.byte	0x3
 764 02d7 B402     		.2byte	0x2b4
 765 02d9 11010000 		.4byte	0x111
 766 02dd 04       		.byte	0x4
 767 02de 0C       		.uleb128 0xc
ARM GAS  C:\Users\vboxuser\AppData\Local\Temp\cc8i7Yvk.s 			page 15


 768 02df C8050000 		.4byte	.LASF56
 769 02e3 03       		.byte	0x3
 770 02e4 B602     		.2byte	0x2b6
 771 02e6 1D010000 		.4byte	0x11d
 772 02ea 08       		.byte	0x8
 773 02eb 0F       		.uleb128 0xf
 774 02ec 6600     		.ascii	"f\000"
 775 02ee 03       		.byte	0x3
 776 02ef B802     		.2byte	0x2b8
 777 02f1 9F000000 		.4byte	0x9f
 778 02f5 0C       		.byte	0xc
 779 02f6 0C       		.uleb128 0xc
 780 02f7 D4040000 		.4byte	.LASF57
 781 02fb 03       		.byte	0x3
 782 02fc BA02     		.2byte	0x2ba
 783 02fe 4D010000 		.4byte	0x14d
 784 0302 10       		.byte	0x10
 785 0303 00       		.byte	0
 786 0304 0A       		.uleb128 0xa
 787 0305 4F040000 		.4byte	.LASF58
 788 0309 03       		.byte	0x3
 789 030a BB02     		.2byte	0x2bb
 790 030c BB020000 		.4byte	0x2bb
 791 0310 0B       		.uleb128 0xb
 792 0311 04       		.byte	0x4
 793 0312 03       		.byte	0x3
 794 0313 BD02     		.2byte	0x2bd
 795 0315 27030000 		.4byte	0x327
 796 0319 0C       		.uleb128 0xc
 797 031a 9F030000 		.4byte	.LASF59
 798 031e 03       		.byte	0x3
 799 031f BF02     		.2byte	0x2bf
 800 0321 41010000 		.4byte	0x141
 801 0325 00       		.byte	0
 802 0326 00       		.byte	0
 803 0327 0A       		.uleb128 0xa
 804 0328 59020000 		.4byte	.LASF60
 805 032c 03       		.byte	0x3
 806 032d C402     		.2byte	0x2c4
 807 032f 10030000 		.4byte	0x310
 808 0333 10       		.uleb128 0x10
 809 0334 9F020000 		.4byte	.LASF62
 810 0338 08       		.byte	0x8
 811 0339 03       		.byte	0x3
 812 033a 0E04     		.2byte	0x40e
 813 033c 5A030000 		.4byte	0x35a
 814 0340 0F       		.uleb128 0xf
 815 0341 6E7400   		.ascii	"nt\000"
 816 0344 03       		.byte	0x3
 817 0345 0F04     		.2byte	0x40f
 818 0347 B5000000 		.4byte	0xb5
 819 034b 00       		.byte	0
 820 034c 0C       		.uleb128 0xc
 821 034d DC060000 		.4byte	.LASF63
 822 0351 03       		.byte	0x3
 823 0352 1004     		.2byte	0x410
 824 0354 6A030000 		.4byte	0x36a
ARM GAS  C:\Users\vboxuser\AppData\Local\Temp\cc8i7Yvk.s 			page 16


 825 0358 04       		.byte	0x4
 826 0359 00       		.byte	0
 827 035a 11       		.uleb128 0x11
 828 035b 65030000 		.4byte	0x365
 829 035f 65030000 		.4byte	0x365
 830 0363 12       		.uleb128 0x12
 831 0364 00       		.byte	0
 832 0365 13       		.uleb128 0x13
 833 0366 E1000000 		.4byte	0xe1
 834 036a 06       		.uleb128 0x6
 835 036b 04       		.byte	0x4
 836 036c 5A030000 		.4byte	0x35a
 837 0370 11       		.uleb128 0x11
 838 0371 65030000 		.4byte	0x365
 839 0375 80030000 		.4byte	0x380
 840 0379 14       		.uleb128 0x14
 841 037a 80030000 		.4byte	0x380
 842 037e 00       		.byte	0
 843 037f 00       		.byte	0
 844 0380 02       		.uleb128 0x2
 845 0381 04       		.byte	0x4
 846 0382 07       		.byte	0x7
 847 0383 DD030000 		.4byte	.LASF64
 848 0387 15       		.uleb128 0x15
 849 0388 FE000000 		.4byte	.LASF122
 850 038c 05       		.byte	0x5
 851 038d 6507     		.2byte	0x765
 852 038f 99030000 		.4byte	0x399
 853 0393 05       		.uleb128 0x5
 854 0394 03       		.byte	0x3
 855 0395 08000000 		.4byte	EE_oo_autostart_task_mode_OSDEFAULTAPPMODE
 856 0399 13       		.uleb128 0x13
 857 039a 70030000 		.4byte	0x370
 858 039e 11       		.uleb128 0x11
 859 039f AE030000 		.4byte	0x3ae
 860 03a3 AE030000 		.4byte	0x3ae
 861 03a7 14       		.uleb128 0x14
 862 03a8 80030000 		.4byte	0x380
 863 03ac 05       		.byte	0x5
 864 03ad 00       		.byte	0
 865 03ae 13       		.uleb128 0x13
 866 03af AA000000 		.4byte	0xaa
 867 03b3 16       		.uleb128 0x16
 868 03b4 AE060000 		.4byte	.LASF65
 869 03b8 05       		.byte	0x5
 870 03b9 D2       		.byte	0xd2
 871 03ba C4030000 		.4byte	0x3c4
 872 03be 05       		.uleb128 0x5
 873 03bf 03       		.byte	0x3
 874 03c0 00000000 		.4byte	EE_hal_thread_body
 875 03c4 13       		.uleb128 0x13
 876 03c5 9E030000 		.4byte	0x39e
 877 03c9 11       		.uleb128 0x11
 878 03ca D9030000 		.4byte	0x3d9
 879 03ce D9030000 		.4byte	0x3d9
 880 03d2 14       		.uleb128 0x14
 881 03d3 80030000 		.4byte	0x380
ARM GAS  C:\Users\vboxuser\AppData\Local\Temp\cc8i7Yvk.s 			page 17


 882 03d7 06       		.byte	0x6
 883 03d8 00       		.byte	0
 884 03d9 13       		.uleb128 0x13
 885 03da B5000000 		.4byte	0xb5
 886 03de 16       		.uleb128 0x16
 887 03df F4050000 		.4byte	.LASF66
 888 03e3 05       		.byte	0x5
 889 03e4 71       		.byte	0x71
 890 03e5 EF030000 		.4byte	0x3ef
 891 03e9 05       		.uleb128 0x5
 892 03ea 03       		.byte	0x3
 893 03eb 00000000 		.4byte	EE_std_thread_tos
 894 03ef 13       		.uleb128 0x13
 895 03f0 C9030000 		.4byte	0x3c9
 896 03f4 11       		.uleb128 0x11
 897 03f5 80000000 		.4byte	0x80
 898 03f9 04040000 		.4byte	0x404
 899 03fd 14       		.uleb128 0x14
 900 03fe 80030000 		.4byte	0x380
 901 0402 05       		.byte	0x5
 902 0403 00       		.byte	0
 903 0404 16       		.uleb128 0x16
 904 0405 A4070000 		.4byte	.LASF67
 905 0409 05       		.byte	0x5
 906 040a ED       		.byte	0xed
 907 040b F4030000 		.4byte	0x3f4
 908 040f 05       		.uleb128 0x5
 909 0410 03       		.byte	0x3
 910 0411 00000000 		.4byte	EE_terminate_data
 911 0415 16       		.uleb128 0x16
 912 0416 BA040000 		.4byte	.LASF68
 913 041a 05       		.byte	0x5
 914 041b F0       		.byte	0xf0
 915 041c 26040000 		.4byte	0x426
 916 0420 05       		.uleb128 0x5
 917 0421 03       		.byte	0x3
 918 0422 00000000 		.4byte	EE_terminate_real_th_body
 919 0426 13       		.uleb128 0x13
 920 0427 9E030000 		.4byte	0x39e
 921 042b 11       		.uleb128 0x11
 922 042c EC000000 		.4byte	0xec
 923 0430 3B040000 		.4byte	0x43b
 924 0434 14       		.uleb128 0x14
 925 0435 80030000 		.4byte	0x380
 926 0439 01       		.byte	0x1
 927 043a 00       		.byte	0
 928 043b 16       		.uleb128 0x16
 929 043c 80040000 		.4byte	.LASF69
 930 0440 05       		.byte	0x5
 931 0441 8D       		.byte	0x8d
 932 0442 2B040000 		.4byte	0x42b
 933 0446 05       		.uleb128 0x5
 934 0447 03       		.byte	0x3
 935 0448 00000000 		.4byte	EE_cortex_mx_system_tos
 936 044c 16       		.uleb128 0x16
 937 044d 8F010000 		.4byte	.LASF70
 938 0451 05       		.byte	0x5
ARM GAS  C:\Users\vboxuser\AppData\Local\Temp\cc8i7Yvk.s 			page 18


 939 0452 A9       		.byte	0xa9
 940 0453 B5000000 		.4byte	0xb5
 941 0457 05       		.uleb128 0x5
 942 0458 03       		.byte	0x3
 943 0459 00000000 		.4byte	EE_cortex_mx_active_tos
 944 045d 11       		.uleb128 0x11
 945 045e D9030000 		.4byte	0x3d9
 946 0462 6D040000 		.4byte	0x46d
 947 0466 14       		.uleb128 0x14
 948 0467 80030000 		.4byte	0x380
 949 046b 05       		.byte	0x5
 950 046c 00       		.byte	0
 951 046d 17       		.uleb128 0x17
 952 046e 65060000 		.4byte	.LASF71
 953 0472 05       		.byte	0x5
 954 0473 E202     		.2byte	0x2e2
 955 0475 7F040000 		.4byte	0x47f
 956 0479 05       		.uleb128 0x5
 957 047a 03       		.byte	0x3
 958 047b 00000000 		.4byte	EE_th_rnact_max
 959 047f 13       		.uleb128 0x13
 960 0480 5D040000 		.4byte	0x45d
 961 0484 17       		.uleb128 0x17
 962 0485 4F070000 		.4byte	.LASF72
 963 0489 05       		.byte	0x5
 964 048a 0C01     		.2byte	0x10c
 965 048c 96040000 		.4byte	0x496
 966 0490 05       		.uleb128 0x5
 967 0491 03       		.byte	0x3
 968 0492 00000000 		.4byte	EE_th_ready_prio
 969 0496 13       		.uleb128 0x13
 970 0497 5D040000 		.4byte	0x45d
 971 049b 17       		.uleb128 0x17
 972 049c 2B030000 		.4byte	.LASF73
 973 04a0 05       		.byte	0x5
 974 04a1 4502     		.2byte	0x245
 975 04a3 AD040000 		.4byte	0x4ad
 976 04a7 05       		.uleb128 0x5
 977 04a8 03       		.byte	0x3
 978 04a9 00000000 		.4byte	EE_th_dispatch_prio
 979 04ad 13       		.uleb128 0x13
 980 04ae 5D040000 		.4byte	0x45d
 981 04b2 11       		.uleb128 0x11
 982 04b3 C2040000 		.4byte	0x4c2
 983 04b7 C2040000 		.4byte	0x4c2
 984 04bb 14       		.uleb128 0x14
 985 04bc 80030000 		.4byte	0x380
 986 04c0 05       		.byte	0x5
 987 04c1 00       		.byte	0
 988 04c2 06       		.uleb128 0x6
 989 04c3 04       		.byte	0x4
 990 04c4 CF040000 		.4byte	0x4cf
 991 04c8 02       		.uleb128 0x2
 992 04c9 01       		.byte	0x1
 993 04ca 08       		.byte	0x8
 994 04cb 51060000 		.4byte	.LASF74
 995 04cf 13       		.uleb128 0x13
ARM GAS  C:\Users\vboxuser\AppData\Local\Temp\cc8i7Yvk.s 			page 19


 996 04d0 C8040000 		.4byte	0x4c8
 997 04d4 17       		.uleb128 0x17
 998 04d5 16050000 		.4byte	.LASF75
 999 04d9 05       		.byte	0x5
 1000 04da 2801     		.2byte	0x128
 1001 04dc B2040000 		.4byte	0x4b2
 1002 04e0 05       		.uleb128 0x5
 1003 04e1 03       		.byte	0x3
 1004 04e2 00000000 		.4byte	EE_TASK_NAME
 1005 04e6 11       		.uleb128 0x11
 1006 04e7 C2040000 		.4byte	0x4c2
 1007 04eb F6040000 		.4byte	0x4f6
 1008 04ef 14       		.uleb128 0x14
 1009 04f0 80030000 		.4byte	0x380
 1010 04f4 00       		.byte	0
 1011 04f5 00       		.byte	0
 1012 04f6 17       		.uleb128 0x17
 1013 04f7 74010000 		.4byte	.LASF76
 1014 04fb 05       		.byte	0x5
 1015 04fc 8101     		.2byte	0x181
 1016 04fe E6040000 		.4byte	0x4e6
 1017 0502 05       		.uleb128 0x5
 1018 0503 03       		.byte	0x3
 1019 0504 00000000 		.4byte	EE_EVENT_NAME
 1020 0508 11       		.uleb128 0x11
 1021 0509 C2040000 		.4byte	0x4c2
 1022 050d 18050000 		.4byte	0x518
 1023 0511 14       		.uleb128 0x14
 1024 0512 80030000 		.4byte	0x380
 1025 0516 01       		.byte	0x1
 1026 0517 00       		.byte	0
 1027 0518 17       		.uleb128 0x17
 1028 0519 6E020000 		.4byte	.LASF77
 1029 051d 05       		.byte	0x5
 1030 051e 3D06     		.2byte	0x63d
 1031 0520 08050000 		.4byte	0x508
 1032 0524 05       		.uleb128 0x5
 1033 0525 03       		.byte	0x3
 1034 0526 00000000 		.4byte	EE_ALARM_NAME
 1035 052a 17       		.uleb128 0x17
 1036 052b 00000000 		.4byte	.LASF78
 1037 052f 05       		.byte	0x5
 1038 0530 4601     		.2byte	0x146
 1039 0532 E6040000 		.4byte	0x4e6
 1040 0536 05       		.uleb128 0x5
 1041 0537 03       		.byte	0x3
 1042 0538 00000000 		.4byte	EE_RESOURCE_NAME
 1043 053c 11       		.uleb128 0x11
 1044 053d 4C050000 		.4byte	0x54c
 1045 0541 4C050000 		.4byte	0x54c
 1046 0545 14       		.uleb128 0x14
 1047 0546 80030000 		.4byte	0x380
 1048 054a 00       		.byte	0
 1049 054b 00       		.byte	0
 1050 054c 13       		.uleb128 0x13
 1051 054d 40000000 		.4byte	0x40
 1052 0551 17       		.uleb128 0x17
ARM GAS  C:\Users\vboxuser\AppData\Local\Temp\cc8i7Yvk.s 			page 20


 1053 0552 4B000000 		.4byte	.LASF79
 1054 0556 05       		.byte	0x5
 1055 0557 6201     		.2byte	0x162
 1056 0559 63050000 		.4byte	0x563
 1057 055d 05       		.uleb128 0x5
 1058 055e 03       		.byte	0x3
 1059 055f 00000000 		.4byte	EE_RESOURCE_ID
 1060 0563 13       		.uleb128 0x13
 1061 0564 3C050000 		.4byte	0x53c
 1062 0568 17       		.uleb128 0x17
 1063 0569 D5010000 		.4byte	.LASF80
 1064 056d 05       		.byte	0x5
 1065 056e E201     		.2byte	0x1e2
 1066 0570 7A050000 		.4byte	0x57a
 1067 0574 05       		.uleb128 0x5
 1068 0575 03       		.byte	0x3
 1069 0576 00000000 		.4byte	EE_EVENT_ID
 1070 057a 13       		.uleb128 0x13
 1071 057b 3C050000 		.4byte	0x53c
 1072 057f 11       		.uleb128 0x11
 1073 0580 4C050000 		.4byte	0x54c
 1074 0584 8F050000 		.4byte	0x58f
 1075 0588 14       		.uleb128 0x14
 1076 0589 80030000 		.4byte	0x380
 1077 058d 01       		.byte	0x1
 1078 058e 00       		.byte	0
 1079 058f 17       		.uleb128 0x17
 1080 0590 29010000 		.4byte	.LASF81
 1081 0594 05       		.byte	0x5
 1082 0595 5906     		.2byte	0x659
 1083 0597 A1050000 		.4byte	0x5a1
 1084 059b 05       		.uleb128 0x5
 1085 059c 03       		.byte	0x3
 1086 059d 00000000 		.4byte	EE_ALARM_ID
 1087 05a1 13       		.uleb128 0x13
 1088 05a2 7F050000 		.4byte	0x57f
 1089 05a6 11       		.uleb128 0x11
 1090 05a7 B5000000 		.4byte	0xb5
 1091 05ab B6050000 		.4byte	0x5b6
 1092 05af 14       		.uleb128 0x14
 1093 05b0 80030000 		.4byte	0x380
 1094 05b4 05       		.byte	0x5
 1095 05b5 00       		.byte	0
 1096 05b6 17       		.uleb128 0x17
 1097 05b7 08030000 		.4byte	.LASF82
 1098 05bb 05       		.byte	0x5
 1099 05bc 8102     		.2byte	0x281
 1100 05be A6050000 		.4byte	0x5a6
 1101 05c2 05       		.uleb128 0x5
 1102 05c3 03       		.byte	0x3
 1103 05c4 00000000 		.4byte	EE_th_status
 1104 05c8 11       		.uleb128 0x11
 1105 05c9 E1000000 		.4byte	0xe1
 1106 05cd D8050000 		.4byte	0x5d8
 1107 05d1 14       		.uleb128 0x14
 1108 05d2 80030000 		.4byte	0x380
 1109 05d6 05       		.byte	0x5
ARM GAS  C:\Users\vboxuser\AppData\Local\Temp\cc8i7Yvk.s 			page 21


 1110 05d7 00       		.byte	0
 1111 05d8 17       		.uleb128 0x17
 1112 05d9 AF040000 		.4byte	.LASF83
 1113 05dd 05       		.byte	0x5
 1114 05de 9D02     		.2byte	0x29d
 1115 05e0 C8050000 		.4byte	0x5c8
 1116 05e4 05       		.uleb128 0x5
 1117 05e5 03       		.byte	0x3
 1118 05e6 00000000 		.4byte	EE_th_next
 1119 05ea 17       		.uleb128 0x17
 1120 05eb 60070000 		.4byte	.LASF84
 1121 05ef 05       		.byte	0x5
 1122 05f0 C702     		.2byte	0x2c7
 1123 05f2 A6050000 		.4byte	0x5a6
 1124 05f6 05       		.uleb128 0x5
 1125 05f7 03       		.byte	0x3
 1126 05f8 00000000 		.4byte	EE_th_rnact
 1127 05fc 17       		.uleb128 0x17
 1128 05fd 2A000000 		.4byte	.LASF85
 1129 0601 05       		.byte	0x5
 1130 0602 7703     		.2byte	0x377
 1131 0604 C8050000 		.4byte	0x5c8
 1132 0608 05       		.uleb128 0x5
 1133 0609 03       		.byte	0x3
 1134 060a 00000000 		.4byte	EE_th_terminate_nextask
 1135 060e 17       		.uleb128 0x17
 1136 060f 5A000000 		.4byte	.LASF86
 1137 0613 05       		.byte	0x5
 1138 0614 B902     		.2byte	0x2b9
 1139 0616 E1000000 		.4byte	0xe1
 1140 061a 05       		.uleb128 0x5
 1141 061b 03       		.byte	0x3
 1142 061c 00000000 		.4byte	EE_stkfirst
 1143 0620 17       		.uleb128 0x17
 1144 0621 C1060000 		.4byte	.LASF87
 1145 0625 05       		.byte	0x5
 1146 0626 BC02     		.2byte	0x2bc
 1147 0628 B5000000 		.4byte	0xb5
 1148 062c 05       		.uleb128 0x5
 1149 062d 03       		.byte	0x3
 1150 062e 00000000 		.4byte	EE_sys_ceiling
 1151 0632 17       		.uleb128 0x17
 1152 0633 FD030000 		.4byte	.LASF88
 1153 0637 05       		.byte	0x5
 1154 0638 FD02     		.2byte	0x2fd
 1155 063a A6050000 		.4byte	0x5a6
 1156 063e 05       		.uleb128 0x5
 1157 063f 03       		.byte	0x3
 1158 0640 00000000 		.4byte	EE_rq_link
 1159 0644 11       		.uleb128 0x11
 1160 0645 C0000000 		.4byte	0xc0
 1161 0649 54060000 		.4byte	0x654
 1162 064d 14       		.uleb128 0x14
 1163 064e 80030000 		.4byte	0x380
 1164 0652 0F       		.byte	0xf
 1165 0653 00       		.byte	0
 1166 0654 17       		.uleb128 0x17
ARM GAS  C:\Users\vboxuser\AppData\Local\Temp\cc8i7Yvk.s 			page 22


 1167 0655 EA010000 		.4byte	.LASF89
 1168 0659 05       		.byte	0x5
 1169 065a BF02     		.2byte	0x2bf
 1170 065c 44060000 		.4byte	0x644
 1171 0660 05       		.uleb128 0x5
 1172 0661 03       		.byte	0x3
 1173 0662 00000000 		.4byte	EE_rq_queues_head
 1174 0666 17       		.uleb128 0x17
 1175 0667 E2050000 		.4byte	.LASF90
 1176 066b 05       		.byte	0x5
 1177 066c C102     		.2byte	0x2c1
 1178 066e 44060000 		.4byte	0x644
 1179 0672 05       		.uleb128 0x5
 1180 0673 03       		.byte	0x3
 1181 0674 00000000 		.4byte	EE_rq_queues_tail
 1182 0678 11       		.uleb128 0x11
 1183 0679 C0000000 		.4byte	0xc0
 1184 067d 88060000 		.4byte	0x688
 1185 0681 14       		.uleb128 0x14
 1186 0682 80030000 		.4byte	0x380
 1187 0686 05       		.byte	0x5
 1188 0687 00       		.byte	0
 1189 0688 17       		.uleb128 0x17
 1190 0689 CD000000 		.4byte	.LASF91
 1191 068d 05       		.byte	0x5
 1192 068e 1B03     		.2byte	0x31b
 1193 0690 78060000 		.4byte	0x678
 1194 0694 05       		.uleb128 0x5
 1195 0695 03       		.byte	0x3
 1196 0696 00000000 		.4byte	EE_rq_pairs_next
 1197 069a 17       		.uleb128 0x17
 1198 069b 6C070000 		.4byte	.LASF92
 1199 069f 05       		.byte	0x5
 1200 06a0 7003     		.2byte	0x370
 1201 06a2 C8050000 		.4byte	0x5c8
 1202 06a6 05       		.uleb128 0x5
 1203 06a7 03       		.byte	0x3
 1204 06a8 00000000 		.4byte	EE_rq_pairs_tid
 1205 06ac 17       		.uleb128 0x17
 1206 06ad 19060000 		.4byte	.LASF93
 1207 06b1 05       		.byte	0x5
 1208 06b2 C402     		.2byte	0x2c4
 1209 06b4 05010000 		.4byte	0x105
 1210 06b8 05       		.uleb128 0x5
 1211 06b9 03       		.byte	0x3
 1212 06ba 00000000 		.4byte	EE_rq_bitmask
 1213 06be 17       		.uleb128 0x17
 1214 06bf F2030000 		.4byte	.LASF94
 1215 06c3 05       		.byte	0x5
 1216 06c4 7303     		.2byte	0x373
 1217 06c6 C0000000 		.4byte	0xc0
 1218 06ca 05       		.uleb128 0x5
 1219 06cb 03       		.byte	0x3
 1220 06cc 00000000 		.4byte	EE_rq_free
 1221 06d0 17       		.uleb128 0x17
 1222 06d1 DF070000 		.4byte	.LASF95
 1223 06d5 05       		.byte	0x5
ARM GAS  C:\Users\vboxuser\AppData\Local\Temp\cc8i7Yvk.s 			page 23


 1224 06d6 9A03     		.2byte	0x39a
 1225 06d8 A6050000 		.4byte	0x5a6
 1226 06dc 05       		.uleb128 0x5
 1227 06dd 03       		.byte	0x3
 1228 06de 00000000 		.4byte	EE_th_event_active
 1229 06e2 17       		.uleb128 0x17
 1230 06e3 E7040000 		.4byte	.LASF96
 1231 06e7 05       		.byte	0x5
 1232 06e8 B603     		.2byte	0x3b6
 1233 06ea A6050000 		.4byte	0x5a6
 1234 06ee 05       		.uleb128 0x5
 1235 06ef 03       		.byte	0x3
 1236 06f0 00000000 		.4byte	EE_th_event_waitmask
 1237 06f4 11       		.uleb128 0x11
 1238 06f5 D6000000 		.4byte	0xd6
 1239 06f9 04070000 		.4byte	0x704
 1240 06fd 14       		.uleb128 0x14
 1241 06fe 80030000 		.4byte	0x380
 1242 0702 05       		.byte	0x5
 1243 0703 00       		.byte	0
 1244 0704 17       		.uleb128 0x17
 1245 0705 8E020000 		.4byte	.LASF97
 1246 0709 05       		.byte	0x5
 1247 070a D203     		.2byte	0x3d2
 1248 070c F4060000 		.4byte	0x6f4
 1249 0710 05       		.uleb128 0x5
 1250 0711 03       		.byte	0x3
 1251 0712 00000000 		.4byte	EE_th_waswaiting
 1252 0716 17       		.uleb128 0x17
 1253 0717 2A080000 		.4byte	.LASF98
 1254 071b 05       		.byte	0x5
 1255 071c EE03     		.2byte	0x3ee
 1256 071e 28070000 		.4byte	0x728
 1257 0722 05       		.uleb128 0x5
 1258 0723 03       		.byte	0x3
 1259 0724 00000000 		.4byte	EE_th_is_extended
 1260 0728 13       		.uleb128 0x13
 1261 0729 5D040000 		.4byte	0x45d
 1262 072d 11       		.uleb128 0x11
 1263 072e D9030000 		.4byte	0x3d9
 1264 0732 3D070000 		.4byte	0x73d
 1265 0736 14       		.uleb128 0x14
 1266 0737 80030000 		.4byte	0x380
 1267 073b 00       		.byte	0
 1268 073c 00       		.byte	0
 1269 073d 17       		.uleb128 0x17
 1270 073e 44080000 		.4byte	.LASF99
 1271 0742 05       		.byte	0x5
 1272 0743 B504     		.2byte	0x4b5
 1273 0745 4F070000 		.4byte	0x74f
 1274 0749 05       		.uleb128 0x5
 1275 074a 03       		.byte	0x3
 1276 074b 00000000 		.4byte	EE_resource_ceiling
 1277 074f 13       		.uleb128 0x13
 1278 0750 2D070000 		.4byte	0x72d
 1279 0754 11       		.uleb128 0x11
 1280 0755 B5000000 		.4byte	0xb5
ARM GAS  C:\Users\vboxuser\AppData\Local\Temp\cc8i7Yvk.s 			page 24


 1281 0759 64070000 		.4byte	0x764
 1282 075d 14       		.uleb128 0x14
 1283 075e 80030000 		.4byte	0x380
 1284 0762 00       		.byte	0
 1285 0763 00       		.byte	0
 1286 0764 17       		.uleb128 0x17
 1287 0765 BE010000 		.4byte	.LASF100
 1288 0769 05       		.byte	0x5
 1289 076a F404     		.2byte	0x4f4
 1290 076c 54070000 		.4byte	0x754
 1291 0770 05       		.uleb128 0x5
 1292 0771 03       		.byte	0x3
 1293 0772 00000000 		.4byte	EE_resource_oldceiling
 1294 0776 11       		.uleb128 0x11
 1295 0777 D6000000 		.4byte	0xd6
 1296 077b 86070000 		.4byte	0x786
 1297 077f 14       		.uleb128 0x14
 1298 0780 80030000 		.4byte	0x380
 1299 0784 00       		.byte	0
 1300 0785 00       		.byte	0
 1301 0786 17       		.uleb128 0x17
 1302 0787 0F080000 		.4byte	.LASF101
 1303 078b 05       		.byte	0x5
 1304 078c 9404     		.2byte	0x494
 1305 078e 76070000 		.4byte	0x776
 1306 0792 05       		.uleb128 0x5
 1307 0793 03       		.byte	0x3
 1308 0794 00000000 		.4byte	EE_resource_locked
 1309 0798 17       		.uleb128 0x17
 1310 0799 11000000 		.4byte	.LASF102
 1311 079d 05       		.byte	0x5
 1312 079e 3704     		.2byte	0x437
 1313 07a0 A6050000 		.4byte	0x5a6
 1314 07a4 05       		.uleb128 0x5
 1315 07a5 03       		.byte	0x3
 1316 07a6 00000000 		.4byte	EE_th_resource_last
 1317 07aa 17       		.uleb128 0x17
 1318 07ab 27060000 		.4byte	.LASF103
 1319 07af 05       		.byte	0x5
 1320 07b0 7004     		.2byte	0x470
 1321 07b2 54070000 		.4byte	0x754
 1322 07b6 05       		.uleb128 0x5
 1323 07b7 03       		.byte	0x3
 1324 07b8 00000000 		.4byte	EE_resource_stack
 1325 07bc 11       		.uleb128 0x11
 1326 07bd CC070000 		.4byte	0x7cc
 1327 07c1 CC070000 		.4byte	0x7cc
 1328 07c5 14       		.uleb128 0x14
 1329 07c6 80030000 		.4byte	0x380
 1330 07ca 00       		.byte	0
 1331 07cb 00       		.byte	0
 1332 07cc 13       		.uleb128 0x13
 1333 07cd 8A010000 		.4byte	0x18a
 1334 07d1 17       		.uleb128 0x17
 1335 07d2 40040000 		.4byte	.LASF104
 1336 07d6 05       		.byte	0x5
 1337 07d7 FF05     		.2byte	0x5ff
ARM GAS  C:\Users\vboxuser\AppData\Local\Temp\cc8i7Yvk.s 			page 25


 1338 07d9 E3070000 		.4byte	0x7e3
 1339 07dd 05       		.uleb128 0x5
 1340 07de 03       		.byte	0x3
 1341 07df 00000000 		.4byte	EE_counter_ROM
 1342 07e3 13       		.uleb128 0x13
 1343 07e4 BC070000 		.4byte	0x7bc
 1344 07e8 11       		.uleb128 0x11
 1345 07e9 F8070000 		.4byte	0x7f8
 1346 07ed F8070000 		.4byte	0x7f8
 1347 07f1 14       		.uleb128 0x14
 1348 07f2 80030000 		.4byte	0x380
 1349 07f6 01       		.byte	0x1
 1350 07f7 00       		.byte	0
 1351 07f8 13       		.uleb128 0x13
 1352 07f9 27020000 		.4byte	0x227
 1353 07fd 17       		.uleb128 0x17
 1354 07fe 86030000 		.4byte	.LASF105
 1355 0802 05       		.byte	0x5
 1356 0803 9606     		.2byte	0x696
 1357 0805 0F080000 		.4byte	0x80f
 1358 0809 05       		.uleb128 0x5
 1359 080a 03       		.byte	0x3
 1360 080b 00000000 		.4byte	EE_oo_counter_object_ROM
 1361 080f 13       		.uleb128 0x13
 1362 0810 E8070000 		.4byte	0x7e8
 1363 0814 11       		.uleb128 0x11
 1364 0815 24080000 		.4byte	0x824
 1365 0819 24080000 		.4byte	0x824
 1366 081d 14       		.uleb128 0x14
 1367 081e 80030000 		.4byte	0x380
 1368 0822 01       		.byte	0x1
 1369 0823 00       		.byte	0
 1370 0824 13       		.uleb128 0x13
 1371 0825 04030000 		.4byte	0x304
 1372 0829 17       		.uleb128 0x17
 1373 082a BC030000 		.4byte	.LASF106
 1374 082e 05       		.byte	0x5
 1375 082f BA06     		.2byte	0x6ba
 1376 0831 3B080000 		.4byte	0x83b
 1377 0835 05       		.uleb128 0x5
 1378 0836 03       		.byte	0x3
 1379 0837 00000000 		.4byte	EE_oo_action_ROM
 1380 083b 13       		.uleb128 0x13
 1381 083c 14080000 		.4byte	0x814
 1382 0840 11       		.uleb128 0x11
 1383 0841 50080000 		.4byte	0x850
 1384 0845 50080000 		.4byte	0x850
 1385 0849 14       		.uleb128 0x14
 1386 084a 80030000 		.4byte	0x380
 1387 084e 01       		.byte	0x1
 1388 084f 00       		.byte	0
 1389 0850 13       		.uleb128 0x13
 1390 0851 27030000 		.4byte	0x327
 1391 0855 17       		.uleb128 0x17
 1392 0856 82010000 		.4byte	.LASF107
 1393 085a 05       		.byte	0x5
 1394 085b 2006     		.2byte	0x620
ARM GAS  C:\Users\vboxuser\AppData\Local\Temp\cc8i7Yvk.s 			page 26


 1395 085d 67080000 		.4byte	0x867
 1396 0861 05       		.uleb128 0x5
 1397 0862 03       		.byte	0x3
 1398 0863 00000000 		.4byte	EE_alarm_ROM
 1399 0867 13       		.uleb128 0x13
 1400 0868 40080000 		.4byte	0x840
 1401 086c 11       		.uleb128 0x11
 1402 086d BA010000 		.4byte	0x1ba
 1403 0871 7C080000 		.4byte	0x87c
 1404 0875 14       		.uleb128 0x14
 1405 0876 80030000 		.4byte	0x380
 1406 087a 00       		.byte	0
 1407 087b 00       		.byte	0
 1408 087c 17       		.uleb128 0x17
 1409 087d 87060000 		.4byte	.LASF108
 1410 0881 05       		.byte	0x5
 1411 0882 0C06     		.2byte	0x60c
 1412 0884 6C080000 		.4byte	0x86c
 1413 0888 05       		.uleb128 0x5
 1414 0889 03       		.byte	0x3
 1415 088a 00000000 		.4byte	EE_counter_RAM
 1416 088e 11       		.uleb128 0x11
 1417 088f 71020000 		.4byte	0x271
 1418 0893 9E080000 		.4byte	0x89e
 1419 0897 14       		.uleb128 0x14
 1420 0898 80030000 		.4byte	0x380
 1421 089c 01       		.byte	0x1
 1422 089d 00       		.byte	0
 1423 089e 17       		.uleb128 0x17
 1424 089f 27070000 		.4byte	.LASF109
 1425 08a3 05       		.byte	0x5
 1426 08a4 B106     		.2byte	0x6b1
 1427 08a6 8E080000 		.4byte	0x88e
 1428 08aa 05       		.uleb128 0x5
 1429 08ab 03       		.byte	0x3
 1430 08ac 00000000 		.4byte	EE_oo_counter_object_RAM
 1431 08b0 11       		.uleb128 0x11
 1432 08b1 C0080000 		.4byte	0x8c0
 1433 08b5 C0080000 		.4byte	0x8c0
 1434 08b9 14       		.uleb128 0x14
 1435 08ba 80030000 		.4byte	0x380
 1436 08be 00       		.byte	0
 1437 08bf 00       		.byte	0
 1438 08c0 13       		.uleb128 0x13
 1439 08c1 33030000 		.4byte	0x333
 1440 08c5 17       		.uleb128 0x17
 1441 08c6 FC040000 		.4byte	.LASF110
 1442 08ca 05       		.byte	0x5
 1443 08cb 9607     		.2byte	0x796
 1444 08cd D7080000 		.4byte	0x8d7
 1445 08d1 05       		.uleb128 0x5
 1446 08d2 03       		.byte	0x3
 1447 08d3 00000000 		.4byte	EE_oo_autostart_task_data
 1448 08d7 13       		.uleb128 0x13
 1449 08d8 B0080000 		.4byte	0x8b0
 1450 08dc 18       		.uleb128 0x18
 1451 08dd D1020000 		.4byte	.LASF111
ARM GAS  C:\Users\vboxuser\AppData\Local\Temp\cc8i7Yvk.s 			page 27


 1452 08e1 06       		.byte	0x6
 1453 08e2 40       		.byte	0x40
 1454 08e3 B5000000 		.4byte	0xb5
 1455 08e7 18       		.uleb128 0x18
 1456 08e8 FC010000 		.4byte	.LASF112
 1457 08ec 06       		.byte	0x6
 1458 08ed 47       		.byte	0x47
 1459 08ee CB000000 		.4byte	0xcb
 1460 08f2 17       		.uleb128 0x17
 1461 08f3 A9030000 		.4byte	.LASF113
 1462 08f7 05       		.byte	0x5
 1463 08f8 5C07     		.2byte	0x75c
 1464 08fa B5000000 		.4byte	0xb5
 1465 08fe 05       		.uleb128 0x5
 1466 08ff 03       		.byte	0x3
 1467 0900 00000000 		.4byte	EE_ApplicationMode
 1468 0904 18       		.uleb128 0x18
 1469 0905 15020000 		.4byte	.LASF114
 1470 0909 07       		.byte	0x7
 1471 090a 48       		.byte	0x48
 1472 090b E1000000 		.4byte	0xe1
 1473 090f 18       		.uleb128 0x18
 1474 0910 7C070000 		.4byte	.LASF115
 1475 0914 08       		.byte	0x8
 1476 0915 44       		.byte	0x44
 1477 0916 B5000000 		.4byte	0xb5
 1478 091a 16       		.uleb128 0x16
 1479 091b 7D000000 		.4byte	.LASF116
 1480 091f 05       		.byte	0x5
 1481 0920 AD       		.byte	0xad
 1482 0921 EC000000 		.4byte	0xec
 1483 0925 05       		.uleb128 0x5
 1484 0926 03       		.byte	0x3
 1485 0927 00000000 		.4byte	EE_cortex_mx_IRQ_tos
 1486 092b 11       		.uleb128 0x11
 1487 092c 55000000 		.4byte	0x55
 1488 0930 3C090000 		.4byte	0x93c
 1489 0934 19       		.uleb128 0x19
 1490 0935 80030000 		.4byte	0x380
 1491 0939 E104     		.2byte	0x4e1
 1492 093b 00       		.byte	0
 1493 093c 16       		.uleb128 0x16
 1494 093d 3F030000 		.4byte	.LASF117
 1495 0941 05       		.byte	0x5
 1496 0942 1D       		.byte	0x1d
 1497 0943 2B090000 		.4byte	0x92b
 1498 0947 05       		.uleb128 0x5
 1499 0948 03       		.byte	0x3
 1500 0949 00000000 		.4byte	EE_cortex_mx_stack_4
 1501 094d 11       		.uleb128 0x11
 1502 094e 55000000 		.4byte	0x55
 1503 0952 5D090000 		.4byte	0x95d
 1504 0956 14       		.uleb128 0x14
 1505 0957 80030000 		.4byte	0x380
 1506 095b 7F       		.byte	0x7f
 1507 095c 00       		.byte	0
 1508 095d 16       		.uleb128 0x16
ARM GAS  C:\Users\vboxuser\AppData\Local\Temp\cc8i7Yvk.s 			page 28


 1509 095e 54030000 		.4byte	.LASF118
 1510 0962 05       		.byte	0x5
 1511 0963 32       		.byte	0x32
 1512 0964 4D090000 		.4byte	0x94d
 1513 0968 05       		.uleb128 0x5
 1514 0969 03       		.byte	0x3
 1515 096a 00000000 		.4byte	EE_cortex_mx_stack_9
 1516 096e 00       		.byte	0
 1517              		.section	.debug_abbrev,"",%progbits
 1518              	.Ldebug_abbrev0:
 1519 0000 01       		.uleb128 0x1
 1520 0001 11       		.uleb128 0x11
 1521 0002 01       		.byte	0x1
 1522 0003 25       		.uleb128 0x25
 1523 0004 0E       		.uleb128 0xe
 1524 0005 13       		.uleb128 0x13
 1525 0006 0B       		.uleb128 0xb
 1526 0007 03       		.uleb128 0x3
 1527 0008 0E       		.uleb128 0xe
 1528 0009 1B       		.uleb128 0x1b
 1529 000a 0E       		.uleb128 0xe
 1530 000b 10       		.uleb128 0x10
 1531 000c 17       		.uleb128 0x17
 1532 000d 00       		.byte	0
 1533 000e 00       		.byte	0
 1534 000f 02       		.uleb128 0x2
 1535 0010 24       		.uleb128 0x24
 1536 0011 00       		.byte	0
 1537 0012 0B       		.uleb128 0xb
 1538 0013 0B       		.uleb128 0xb
 1539 0014 3E       		.uleb128 0x3e
 1540 0015 0B       		.uleb128 0xb
 1541 0016 03       		.uleb128 0x3
 1542 0017 0E       		.uleb128 0xe
 1543 0018 00       		.byte	0
 1544 0019 00       		.byte	0
 1545 001a 03       		.uleb128 0x3
 1546 001b 24       		.uleb128 0x24
 1547 001c 00       		.byte	0
 1548 001d 0B       		.uleb128 0xb
 1549 001e 0B       		.uleb128 0xb
 1550 001f 3E       		.uleb128 0x3e
 1551 0020 0B       		.uleb128 0xb
 1552 0021 03       		.uleb128 0x3
 1553 0022 08       		.uleb128 0x8
 1554 0023 00       		.byte	0
 1555 0024 00       		.byte	0
 1556 0025 04       		.uleb128 0x4
 1557 0026 16       		.uleb128 0x16
 1558 0027 00       		.byte	0
 1559 0028 03       		.uleb128 0x3
 1560 0029 0E       		.uleb128 0xe
 1561 002a 3A       		.uleb128 0x3a
 1562 002b 0B       		.uleb128 0xb
 1563 002c 3B       		.uleb128 0x3b
 1564 002d 0B       		.uleb128 0xb
 1565 002e 49       		.uleb128 0x49
ARM GAS  C:\Users\vboxuser\AppData\Local\Temp\cc8i7Yvk.s 			page 29


 1566 002f 13       		.uleb128 0x13
 1567 0030 00       		.byte	0
 1568 0031 00       		.byte	0
 1569 0032 05       		.uleb128 0x5
 1570 0033 0F       		.uleb128 0xf
 1571 0034 00       		.byte	0
 1572 0035 0B       		.uleb128 0xb
 1573 0036 0B       		.uleb128 0xb
 1574 0037 00       		.byte	0
 1575 0038 00       		.byte	0
 1576 0039 06       		.uleb128 0x6
 1577 003a 0F       		.uleb128 0xf
 1578 003b 00       		.byte	0
 1579 003c 0B       		.uleb128 0xb
 1580 003d 0B       		.uleb128 0xb
 1581 003e 49       		.uleb128 0x49
 1582 003f 13       		.uleb128 0x13
 1583 0040 00       		.byte	0
 1584 0041 00       		.byte	0
 1585 0042 07       		.uleb128 0x7
 1586 0043 15       		.uleb128 0x15
 1587 0044 00       		.byte	0
 1588 0045 27       		.uleb128 0x27
 1589 0046 19       		.uleb128 0x19
 1590 0047 00       		.byte	0
 1591 0048 00       		.byte	0
 1592 0049 08       		.uleb128 0x8
 1593 004a 13       		.uleb128 0x13
 1594 004b 01       		.byte	0x1
 1595 004c 03       		.uleb128 0x3
 1596 004d 0E       		.uleb128 0xe
 1597 004e 0B       		.uleb128 0xb
 1598 004f 0B       		.uleb128 0xb
 1599 0050 3A       		.uleb128 0x3a
 1600 0051 0B       		.uleb128 0xb
 1601 0052 3B       		.uleb128 0x3b
 1602 0053 0B       		.uleb128 0xb
 1603 0054 01       		.uleb128 0x1
 1604 0055 13       		.uleb128 0x13
 1605 0056 00       		.byte	0
 1606 0057 00       		.byte	0
 1607 0058 09       		.uleb128 0x9
 1608 0059 0D       		.uleb128 0xd
 1609 005a 00       		.byte	0
 1610 005b 03       		.uleb128 0x3
 1611 005c 0E       		.uleb128 0xe
 1612 005d 3A       		.uleb128 0x3a
 1613 005e 0B       		.uleb128 0xb
 1614 005f 3B       		.uleb128 0x3b
 1615 0060 0B       		.uleb128 0xb
 1616 0061 49       		.uleb128 0x49
 1617 0062 13       		.uleb128 0x13
 1618 0063 38       		.uleb128 0x38
 1619 0064 0B       		.uleb128 0xb
 1620 0065 00       		.byte	0
 1621 0066 00       		.byte	0
 1622 0067 0A       		.uleb128 0xa
ARM GAS  C:\Users\vboxuser\AppData\Local\Temp\cc8i7Yvk.s 			page 30


 1623 0068 16       		.uleb128 0x16
 1624 0069 00       		.byte	0
 1625 006a 03       		.uleb128 0x3
 1626 006b 0E       		.uleb128 0xe
 1627 006c 3A       		.uleb128 0x3a
 1628 006d 0B       		.uleb128 0xb
 1629 006e 3B       		.uleb128 0x3b
 1630 006f 05       		.uleb128 0x5
 1631 0070 49       		.uleb128 0x49
 1632 0071 13       		.uleb128 0x13
 1633 0072 00       		.byte	0
 1634 0073 00       		.byte	0
 1635 0074 0B       		.uleb128 0xb
 1636 0075 13       		.uleb128 0x13
 1637 0076 01       		.byte	0x1
 1638 0077 0B       		.uleb128 0xb
 1639 0078 0B       		.uleb128 0xb
 1640 0079 3A       		.uleb128 0x3a
 1641 007a 0B       		.uleb128 0xb
 1642 007b 3B       		.uleb128 0x3b
 1643 007c 05       		.uleb128 0x5
 1644 007d 01       		.uleb128 0x1
 1645 007e 13       		.uleb128 0x13
 1646 007f 00       		.byte	0
 1647 0080 00       		.byte	0
 1648 0081 0C       		.uleb128 0xc
 1649 0082 0D       		.uleb128 0xd
 1650 0083 00       		.byte	0
 1651 0084 03       		.uleb128 0x3
 1652 0085 0E       		.uleb128 0xe
 1653 0086 3A       		.uleb128 0x3a
 1654 0087 0B       		.uleb128 0xb
 1655 0088 3B       		.uleb128 0x3b
 1656 0089 05       		.uleb128 0x5
 1657 008a 49       		.uleb128 0x49
 1658 008b 13       		.uleb128 0x13
 1659 008c 38       		.uleb128 0x38
 1660 008d 0B       		.uleb128 0xb
 1661 008e 00       		.byte	0
 1662 008f 00       		.byte	0
 1663 0090 0D       		.uleb128 0xd
 1664 0091 04       		.uleb128 0x4
 1665 0092 01       		.byte	0x1
 1666 0093 0B       		.uleb128 0xb
 1667 0094 0B       		.uleb128 0xb
 1668 0095 49       		.uleb128 0x49
 1669 0096 13       		.uleb128 0x13
 1670 0097 3A       		.uleb128 0x3a
 1671 0098 0B       		.uleb128 0xb
 1672 0099 3B       		.uleb128 0x3b
 1673 009a 05       		.uleb128 0x5
 1674 009b 01       		.uleb128 0x1
 1675 009c 13       		.uleb128 0x13
 1676 009d 00       		.byte	0
 1677 009e 00       		.byte	0
 1678 009f 0E       		.uleb128 0xe
 1679 00a0 28       		.uleb128 0x28
ARM GAS  C:\Users\vboxuser\AppData\Local\Temp\cc8i7Yvk.s 			page 31


 1680 00a1 00       		.byte	0
 1681 00a2 03       		.uleb128 0x3
 1682 00a3 0E       		.uleb128 0xe
 1683 00a4 1C       		.uleb128 0x1c
 1684 00a5 0B       		.uleb128 0xb
 1685 00a6 00       		.byte	0
 1686 00a7 00       		.byte	0
 1687 00a8 0F       		.uleb128 0xf
 1688 00a9 0D       		.uleb128 0xd
 1689 00aa 00       		.byte	0
 1690 00ab 03       		.uleb128 0x3
 1691 00ac 08       		.uleb128 0x8
 1692 00ad 3A       		.uleb128 0x3a
 1693 00ae 0B       		.uleb128 0xb
 1694 00af 3B       		.uleb128 0x3b
 1695 00b0 05       		.uleb128 0x5
 1696 00b1 49       		.uleb128 0x49
 1697 00b2 13       		.uleb128 0x13
 1698 00b3 38       		.uleb128 0x38
 1699 00b4 0B       		.uleb128 0xb
 1700 00b5 00       		.byte	0
 1701 00b6 00       		.byte	0
 1702 00b7 10       		.uleb128 0x10
 1703 00b8 13       		.uleb128 0x13
 1704 00b9 01       		.byte	0x1
 1705 00ba 03       		.uleb128 0x3
 1706 00bb 0E       		.uleb128 0xe
 1707 00bc 0B       		.uleb128 0xb
 1708 00bd 0B       		.uleb128 0xb
 1709 00be 3A       		.uleb128 0x3a
 1710 00bf 0B       		.uleb128 0xb
 1711 00c0 3B       		.uleb128 0x3b
 1712 00c1 05       		.uleb128 0x5
 1713 00c2 01       		.uleb128 0x1
 1714 00c3 13       		.uleb128 0x13
 1715 00c4 00       		.byte	0
 1716 00c5 00       		.byte	0
 1717 00c6 11       		.uleb128 0x11
 1718 00c7 01       		.uleb128 0x1
 1719 00c8 01       		.byte	0x1
 1720 00c9 49       		.uleb128 0x49
 1721 00ca 13       		.uleb128 0x13
 1722 00cb 01       		.uleb128 0x1
 1723 00cc 13       		.uleb128 0x13
 1724 00cd 00       		.byte	0
 1725 00ce 00       		.byte	0
 1726 00cf 12       		.uleb128 0x12
 1727 00d0 21       		.uleb128 0x21
 1728 00d1 00       		.byte	0
 1729 00d2 00       		.byte	0
 1730 00d3 00       		.byte	0
 1731 00d4 13       		.uleb128 0x13
 1732 00d5 26       		.uleb128 0x26
 1733 00d6 00       		.byte	0
 1734 00d7 49       		.uleb128 0x49
 1735 00d8 13       		.uleb128 0x13
 1736 00d9 00       		.byte	0
ARM GAS  C:\Users\vboxuser\AppData\Local\Temp\cc8i7Yvk.s 			page 32


 1737 00da 00       		.byte	0
 1738 00db 14       		.uleb128 0x14
 1739 00dc 21       		.uleb128 0x21
 1740 00dd 00       		.byte	0
 1741 00de 49       		.uleb128 0x49
 1742 00df 13       		.uleb128 0x13
 1743 00e0 2F       		.uleb128 0x2f
 1744 00e1 0B       		.uleb128 0xb
 1745 00e2 00       		.byte	0
 1746 00e3 00       		.byte	0
 1747 00e4 15       		.uleb128 0x15
 1748 00e5 34       		.uleb128 0x34
 1749 00e6 00       		.byte	0
 1750 00e7 03       		.uleb128 0x3
 1751 00e8 0E       		.uleb128 0xe
 1752 00e9 3A       		.uleb128 0x3a
 1753 00ea 0B       		.uleb128 0xb
 1754 00eb 3B       		.uleb128 0x3b
 1755 00ec 05       		.uleb128 0x5
 1756 00ed 49       		.uleb128 0x49
 1757 00ee 13       		.uleb128 0x13
 1758 00ef 02       		.uleb128 0x2
 1759 00f0 18       		.uleb128 0x18
 1760 00f1 00       		.byte	0
 1761 00f2 00       		.byte	0
 1762 00f3 16       		.uleb128 0x16
 1763 00f4 34       		.uleb128 0x34
 1764 00f5 00       		.byte	0
 1765 00f6 03       		.uleb128 0x3
 1766 00f7 0E       		.uleb128 0xe
 1767 00f8 3A       		.uleb128 0x3a
 1768 00f9 0B       		.uleb128 0xb
 1769 00fa 3B       		.uleb128 0x3b
 1770 00fb 0B       		.uleb128 0xb
 1771 00fc 49       		.uleb128 0x49
 1772 00fd 13       		.uleb128 0x13
 1773 00fe 3F       		.uleb128 0x3f
 1774 00ff 19       		.uleb128 0x19
 1775 0100 02       		.uleb128 0x2
 1776 0101 18       		.uleb128 0x18
 1777 0102 00       		.byte	0
 1778 0103 00       		.byte	0
 1779 0104 17       		.uleb128 0x17
 1780 0105 34       		.uleb128 0x34
 1781 0106 00       		.byte	0
 1782 0107 03       		.uleb128 0x3
 1783 0108 0E       		.uleb128 0xe
 1784 0109 3A       		.uleb128 0x3a
 1785 010a 0B       		.uleb128 0xb
 1786 010b 3B       		.uleb128 0x3b
 1787 010c 05       		.uleb128 0x5
 1788 010d 49       		.uleb128 0x49
 1789 010e 13       		.uleb128 0x13
 1790 010f 3F       		.uleb128 0x3f
 1791 0110 19       		.uleb128 0x19
 1792 0111 02       		.uleb128 0x2
 1793 0112 18       		.uleb128 0x18
ARM GAS  C:\Users\vboxuser\AppData\Local\Temp\cc8i7Yvk.s 			page 33


 1794 0113 00       		.byte	0
 1795 0114 00       		.byte	0
 1796 0115 18       		.uleb128 0x18
 1797 0116 34       		.uleb128 0x34
 1798 0117 00       		.byte	0
 1799 0118 03       		.uleb128 0x3
 1800 0119 0E       		.uleb128 0xe
 1801 011a 3A       		.uleb128 0x3a
 1802 011b 0B       		.uleb128 0xb
 1803 011c 3B       		.uleb128 0x3b
 1804 011d 0B       		.uleb128 0xb
 1805 011e 49       		.uleb128 0x49
 1806 011f 13       		.uleb128 0x13
 1807 0120 3F       		.uleb128 0x3f
 1808 0121 19       		.uleb128 0x19
 1809 0122 3C       		.uleb128 0x3c
 1810 0123 19       		.uleb128 0x19
 1811 0124 00       		.byte	0
 1812 0125 00       		.byte	0
 1813 0126 19       		.uleb128 0x19
 1814 0127 21       		.uleb128 0x21
 1815 0128 00       		.byte	0
 1816 0129 49       		.uleb128 0x49
 1817 012a 13       		.uleb128 0x13
 1818 012b 2F       		.uleb128 0x2f
 1819 012c 05       		.uleb128 0x5
 1820 012d 00       		.byte	0
 1821 012e 00       		.byte	0
 1822 012f 00       		.byte	0
 1823              		.section	.debug_aranges,"",%progbits
 1824 0000 14000000 		.4byte	0x14
 1825 0004 0200     		.2byte	0x2
 1826 0006 00000000 		.4byte	.Ldebug_info0
 1827 000a 04       		.byte	0x4
 1828 000b 00       		.byte	0
 1829 000c 0000     		.2byte	0
 1830 000e 0000     		.2byte	0
 1831 0010 00000000 		.4byte	0
 1832 0014 00000000 		.4byte	0
 1833              		.section	.debug_line,"",%progbits
 1834              	.Ldebug_line0:
 1835 0000 38010000 		.section	.debug_str,"MS",%progbits,1
 1835      02003201 
 1835      00000201 
 1835      FB0E0D00 
 1835      01010101 
 1836              	.LASF78:
 1837 0000 45455F52 		.ascii	"EE_RESOURCE_NAME\000"
 1837      45534F55 
 1837      5243455F 
 1837      4E414D45 
 1837      00
 1838              	.LASF102:
 1839 0011 45455F74 		.ascii	"EE_th_resource_last\000"
 1839      685F7265 
 1839      736F7572 
 1839      63655F6C 
ARM GAS  C:\Users\vboxuser\AppData\Local\Temp\cc8i7Yvk.s 			page 34


 1839      61737400 
 1840              	.LASF46:
 1841 0025 6E657874 		.ascii	"next\000"
 1841      00
 1842              	.LASF85:
 1843 002a 45455F74 		.ascii	"EE_th_terminate_nextask\000"
 1843      685F7465 
 1843      726D696E 
 1843      6174655F 
 1843      6E657874 
 1844              	.LASF24:
 1845 0042 5469636B 		.ascii	"TickType\000"
 1845      54797065 
 1845      00
 1846              	.LASF79:
 1847 004b 45455F52 		.ascii	"EE_RESOURCE_ID\000"
 1847      45534F55 
 1847      5243455F 
 1847      494400
 1848              	.LASF86:
 1849 005a 45455F73 		.ascii	"EE_stkfirst\000"
 1849      746B6669 
 1849      72737400 
 1850              	.LASF26:
 1851 0066 41637469 		.ascii	"ActionType\000"
 1851      6F6E5479 
 1851      706500
 1852              	.LASF19:
 1853 0071 45455F54 		.ascii	"EE_TYPEBOOL\000"
 1853      59504542 
 1853      4F4F4C00 
 1854              	.LASF116:
 1855 007d 45455F63 		.ascii	"EE_cortex_mx_IRQ_tos\000"
 1855      6F727465 
 1855      785F6D78 
 1855      5F495251 
 1855      5F746F73 
 1856              	.LASF7:
 1857 0092 6C6F6E67 		.ascii	"long long unsigned int\000"
 1857      206C6F6E 
 1857      6720756E 
 1857      7369676E 
 1857      65642069 
 1858              	.LASF45:
 1859 00a9 64656C74 		.ascii	"delta\000"
 1859      6100
 1860              	.LASF42:
 1861 00af 45455F6F 		.ascii	"EE_oo_counter_object_ROM_type\000"
 1861      6F5F636F 
 1861      756E7465 
 1861      725F6F62 
 1861      6A656374 
 1862              	.LASF91:
 1863 00cd 45455F72 		.ascii	"EE_rq_pairs_next\000"
 1863      715F7061 
 1863      6972735F 
 1863      6E657874 
ARM GAS  C:\Users\vboxuser\AppData\Local\Temp\cc8i7Yvk.s 			page 35


 1863      00
 1864              	.LASF22:
 1865 00de 5461736B 		.ascii	"TaskType\000"
 1865      54797065 
 1865      00
 1866              	.LASF61:
 1867 00e7 45455F54 		.ascii	"EE_TOS\000"
 1867      4F5300
 1868              	.LASF29:
 1869 00ee 6D617861 		.ascii	"maxallowedvalue\000"
 1869      6C6C6F77 
 1869      65647661 
 1869      6C756500 
 1870              	.LASF122:
 1871 00fe 45455F6F 		.ascii	"EE_oo_autostart_task_mode_OSDEFAULTAPPMODE\000"
 1871      6F5F6175 
 1871      746F7374 
 1871      6172745F 
 1871      7461736B 
 1872              	.LASF81:
 1873 0129 45455F41 		.ascii	"EE_ALARM_ID\000"
 1873      4C41524D 
 1873      5F494400 
 1874              	.LASF6:
 1875 0135 6C6F6E67 		.ascii	"long long int\000"
 1875      206C6F6E 
 1875      6720696E 
 1875      7400
 1876              	.LASF0:
 1877 0143 7369676E 		.ascii	"signed char\000"
 1877      65642063 
 1877      68617200 
 1878              	.LASF52:
 1879 014f 45455F6F 		.ascii	"EE_oo_action_kind_type\000"
 1879      6F5F6163 
 1879      74696F6E 
 1879      5F6B696E 
 1879      645F7479 
 1880              	.LASF23:
 1881 0166 4576656E 		.ascii	"EventMaskType\000"
 1881      744D6173 
 1881      6B547970 
 1881      6500
 1882              	.LASF76:
 1883 0174 45455F45 		.ascii	"EE_EVENT_NAME\000"
 1883      56454E54 
 1883      5F4E414D 
 1883      4500
 1884              	.LASF107:
 1885 0182 45455F61 		.ascii	"EE_alarm_ROM\000"
 1885      6C61726D 
 1885      5F524F4D 
 1885      00
 1886              	.LASF70:
 1887 018f 45455F63 		.ascii	"EE_cortex_mx_active_tos\000"
 1887      6F727465 
 1887      785F6D78 
ARM GAS  C:\Users\vboxuser\AppData\Local\Temp\cc8i7Yvk.s 			page 36


 1887      5F616374 
 1887      6976655F 
 1888              	.LASF35:
 1889 01a7 45455F6F 		.ascii	"EE_oo_counter_RAM_type\000"
 1889      6F5F636F 
 1889      756E7465 
 1889      725F5241 
 1889      4D5F7479 
 1890              	.LASF100:
 1891 01be 45455F72 		.ascii	"EE_resource_oldceiling\000"
 1891      65736F75 
 1891      7263655F 
 1891      6F6C6463 
 1891      65696C69 
 1892              	.LASF80:
 1893 01d5 45455F45 		.ascii	"EE_EVENT_ID\000"
 1893      56454E54 
 1893      5F494400 
 1894              	.LASF4:
 1895 01e1 6C6F6E67 		.ascii	"long int\000"
 1895      20696E74 
 1895      00
 1896              	.LASF89:
 1897 01ea 45455F72 		.ascii	"EE_rq_queues_head\000"
 1897      715F7175 
 1897      65756573 
 1897      5F686561 
 1897      6400
 1898              	.LASF112:
 1899 01fc 45455F6F 		.ascii	"EE_oo_IRQ_suspend_status\000"
 1899      6F5F4952 
 1899      515F7375 
 1899      7370656E 
 1899      645F7374 
 1900              	.LASF114:
 1901 0215 45455F73 		.ascii	"EE_std_endcycle_next_tid\000"
 1901      74645F65 
 1901      6E646379 
 1901      636C655F 
 1901      6E657874 
 1902              	.LASF31:
 1903 022e 6D696E63 		.ascii	"mincycle\000"
 1903      79636C65 
 1903      00
 1904              	.LASF20:
 1905 0237 45455F54 		.ascii	"EE_TID\000"
 1905      494400
 1906              	.LASF33:
 1907 023e 76616C75 		.ascii	"value\000"
 1907      6500
 1908              	.LASF8:
 1909 0244 756E7369 		.ascii	"unsigned int\000"
 1909      676E6564 
 1909      20696E74 
 1909      00
 1910              	.LASF16:
 1911 0251 45455F55 		.ascii	"EE_UREG\000"
ARM GAS  C:\Users\vboxuser\AppData\Local\Temp\cc8i7Yvk.s 			page 37


 1911      52454700 
 1912              	.LASF60:
 1913 0259 45455F6F 		.ascii	"EE_oo_alarm_ROM_type\000"
 1913      6F5F616C 
 1913      61726D5F 
 1913      524F4D5F 
 1913      74797065 
 1914              	.LASF77:
 1915 026e 45455F41 		.ascii	"EE_ALARM_NAME\000"
 1915      4C41524D 
 1915      5F4E414D 
 1915      4500
 1916              	.LASF5:
 1917 027c 6C6F6E67 		.ascii	"long unsigned int\000"
 1917      20756E73 
 1917      69676E65 
 1917      6420696E 
 1917      7400
 1918              	.LASF97:
 1919 028e 45455F74 		.ascii	"EE_th_waswaiting\000"
 1919      685F7761 
 1919      73776169 
 1919      74696E67 
 1919      00
 1920              	.LASF62:
 1921 029f 45455F6F 		.ascii	"EE_oo_autostart_task_type\000"
 1921      6F5F6175 
 1921      746F7374 
 1921      6172745F 
 1921      7461736B 
 1922              	.LASF41:
 1923 02b9 6B696E64 		.ascii	"kind\000"
 1923      00
 1924              	.LASF3:
 1925 02be 73686F72 		.ascii	"short unsigned int\000"
 1925      7420756E 
 1925      7369676E 
 1925      65642069 
 1925      6E7400
 1926              	.LASF111:
 1927 02d1 45455F6F 		.ascii	"EE_oo_IRQ_disable_count\000"
 1927      6F5F4952 
 1927      515F6469 
 1927      7361626C 
 1927      655F636F 
 1928              	.LASF38:
 1929 02e9 45455F6F 		.ascii	"EE_oo_counter_object_kind_type\000"
 1929      6F5F636F 
 1929      756E7465 
 1929      725F6F62 
 1929      6A656374 
 1930              	.LASF82:
 1931 0308 45455F74 		.ascii	"EE_th_status\000"
 1931      685F7374 
 1931      61747573 
 1931      00
 1932              	.LASF39:
ARM GAS  C:\Users\vboxuser\AppData\Local\Temp\cc8i7Yvk.s 			page 38


 1933 0315 436F756E 		.ascii	"CounterObjectKindType\000"
 1933      7465724F 
 1933      626A6563 
 1933      744B696E 
 1933      64547970 
 1934              	.LASF73:
 1935 032b 45455F74 		.ascii	"EE_th_dispatch_prio\000"
 1935      685F6469 
 1935      73706174 
 1935      63685F70 
 1935      72696F00 
 1936              	.LASF117:
 1937 033f 45455F63 		.ascii	"EE_cortex_mx_stack_4\000"
 1937      6F727465 
 1937      785F6D78 
 1937      5F737461 
 1937      636B5F34 
 1938              	.LASF118:
 1939 0354 45455F63 		.ascii	"EE_cortex_mx_stack_9\000"
 1939      6F727465 
 1939      785F6D78 
 1939      5F737461 
 1939      636B5F39 
 1940              	.LASF14:
 1941 0369 45455F56 		.ascii	"EE_VOID_CALLBACK\000"
 1941      4F49445F 
 1941      43414C4C 
 1941      4241434B 
 1941      00
 1942              	.LASF27:
 1943 037a 436F756E 		.ascii	"CounterType\000"
 1943      74657254 
 1943      79706500 
 1944              	.LASF105:
 1945 0386 45455F6F 		.ascii	"EE_oo_counter_object_ROM\000"
 1945      6F5F636F 
 1945      756E7465 
 1945      725F6F62 
 1945      6A656374 
 1946              	.LASF59:
 1947 039f 61637469 		.ascii	"action_id\000"
 1947      6F6E5F69 
 1947      6400
 1948              	.LASF113:
 1949 03a9 45455F41 		.ascii	"EE_ApplicationMode\000"
 1949      70706C69 
 1949      63617469 
 1949      6F6E4D6F 
 1949      646500
 1950              	.LASF106:
 1951 03bc 45455F6F 		.ascii	"EE_oo_action_ROM\000"
 1951      6F5F6163 
 1951      74696F6E 
 1951      5F524F4D 
 1951      00
 1952              	.LASF21:
 1953 03cd 45455F54 		.ascii	"EE_TYPE_RQ_MASK\000"
ARM GAS  C:\Users\vboxuser\AppData\Local\Temp\cc8i7Yvk.s 			page 39


 1953      5950455F 
 1953      52515F4D 
 1953      41534B00 
 1954              	.LASF64:
 1955 03dd 73697A65 		.ascii	"sizetype\000"
 1955      74797065 
 1955      00
 1956              	.LASF9:
 1957 03e6 6C6F6E67 		.ascii	"long double\000"
 1957      20646F75 
 1957      626C6500 
 1958              	.LASF94:
 1959 03f2 45455F72 		.ascii	"EE_rq_free\000"
 1959      715F6672 
 1959      656500
 1960              	.LASF88:
 1961 03fd 45455F72 		.ascii	"EE_rq_link\000"
 1961      715F6C69 
 1961      6E6B00
 1962              	.LASF17:
 1963 0408 45455F53 		.ascii	"EE_SREG\000"
 1963      52454700 
 1964              	.LASF30:
 1965 0410 7469636B 		.ascii	"ticksperbase\000"
 1965      73706572 
 1965      62617365 
 1965      00
 1966              	.LASF43:
 1967 041d 75736564 		.ascii	"used\000"
 1967      00
 1968              	.LASF47:
 1969 0422 45455F6F 		.ascii	"EE_oo_counter_object_RAM_type\000"
 1969      6F5F636F 
 1969      756E7465 
 1969      725F6F62 
 1969      6A656374 
 1970              	.LASF104:
 1971 0440 45455F63 		.ascii	"EE_counter_ROM\000"
 1971      6F756E74 
 1971      65725F52 
 1971      4F4D00
 1972              	.LASF58:
 1973 044f 45455F6F 		.ascii	"EE_oo_action_ROM_type\000"
 1973      6F5F6163 
 1973      74696F6E 
 1973      5F524F4D 
 1973      5F747970 
 1974              	.LASF10:
 1975 0465 45455F55 		.ascii	"EE_UINT16\000"
 1975      494E5431 
 1975      3600
 1976              	.LASF37:
 1977 046f 45455F53 		.ascii	"EE_SCHEDULETABLE\000"
 1977      43484544 
 1977      554C4554 
 1977      41424C45 
 1977      00
ARM GAS  C:\Users\vboxuser\AppData\Local\Temp\cc8i7Yvk.s 			page 40


 1978              	.LASF69:
 1979 0480 45455F63 		.ascii	"EE_cortex_mx_system_tos\000"
 1979      6F727465 
 1979      785F6D78 
 1979      5F737973 
 1979      74656D5F 
 1980              	.LASF1:
 1981 0498 756E7369 		.ascii	"unsigned char\000"
 1981      676E6564 
 1981      20636861 
 1981      7200
 1982              	.LASF36:
 1983 04a6 45455F41 		.ascii	"EE_ALARM\000"
 1983      4C41524D 
 1983      00
 1984              	.LASF83:
 1985 04af 45455F74 		.ascii	"EE_th_next\000"
 1985      685F6E65 
 1985      787400
 1986              	.LASF68:
 1987 04ba 45455F74 		.ascii	"EE_terminate_real_th_body\000"
 1987      65726D69 
 1987      6E617465 
 1987      5F726561 
 1987      6C5F7468 
 1988              	.LASF57:
 1989 04d4 696E6363 		.ascii	"inccount\000"
 1989      6F756E74 
 1989      00
 1990              	.LASF2:
 1991 04dd 73686F72 		.ascii	"short int\000"
 1991      7420696E 
 1991      7400
 1992              	.LASF96:
 1993 04e7 45455F74 		.ascii	"EE_th_event_waitmask\000"
 1993      685F6576 
 1993      656E745F 
 1993      77616974 
 1993      6D61736B 
 1994              	.LASF110:
 1995 04fc 45455F6F 		.ascii	"EE_oo_autostart_task_data\000"
 1995      6F5F6175 
 1995      746F7374 
 1995      6172745F 
 1995      7461736B 
 1996              	.LASF75:
 1997 0516 45455F54 		.ascii	"EE_TASK_NAME\000"
 1997      41534B5F 
 1997      4E414D45 
 1997      00
 1998              	.LASF32:
 1999 0523 45455F6F 		.ascii	"EE_oo_counter_ROM_type\000"
 1999      6F5F636F 
 1999      756E7465 
 1999      725F524F 
 1999      4D5F7479 
 2000              	.LASF119:
ARM GAS  C:\Users\vboxuser\AppData\Local\Temp\cc8i7Yvk.s 			page 41


 2001 053a 474E5520 		.ascii	"GNU C11 5.4.1 20160609 (release) [ARM/embedded-5-br"
 2001      43313120 
 2001      352E342E 
 2001      31203230 
 2001      31363036 
 2002 056d 616E6368 		.ascii	"anch revision 237715] -mcpu=cortex-m3 -mthumb -g -O"
 2002      20726576 
 2002      6973696F 
 2002      6E203233 
 2002      37373135 
 2003 05a0 67202D66 		.ascii	"g -ffunction-sections -ffat-lto-objects\000"
 2003      66756E63 
 2003      74696F6E 
 2003      2D736563 
 2003      74696F6E 
 2004              	.LASF56:
 2005 05c8 61637469 		.ascii	"action_mask\000"
 2005      6F6E5F6D 
 2005      61736B00 
 2006              	.LASF15:
 2007 05d4 45455F54 		.ascii	"EE_THREAD_PTR\000"
 2007      48524541 
 2007      445F5054 
 2007      5200
 2008              	.LASF90:
 2009 05e2 45455F72 		.ascii	"EE_rq_queues_tail\000"
 2009      715F7175 
 2009      65756573 
 2009      5F746169 
 2009      6C00
 2010              	.LASF66:
 2011 05f4 45455F73 		.ascii	"EE_std_thread_tos\000"
 2011      74645F74 
 2011      68726561 
 2011      645F746F 
 2011      7300
 2012              	.LASF51:
 2013 0606 45455F41 		.ascii	"EE_ACTION_CALLBACK\000"
 2013      4354494F 
 2013      4E5F4341 
 2013      4C4C4241 
 2013      434B00
 2014              	.LASF93:
 2015 0619 45455F72 		.ascii	"EE_rq_bitmask\000"
 2015      715F6269 
 2015      746D6173 
 2015      6B00
 2016              	.LASF103:
 2017 0627 45455F72 		.ascii	"EE_resource_stack\000"
 2017      65736F75 
 2017      7263655F 
 2017      73746163 
 2017      6B00
 2018              	.LASF34:
 2019 0639 66697273 		.ascii	"first\000"
 2019      7400
 2020              	.LASF25:
ARM GAS  C:\Users\vboxuser\AppData\Local\Temp\cc8i7Yvk.s 			page 42


 2021 063f 436F756E 		.ascii	"CounterObjectType\000"
 2021      7465724F 
 2021      626A6563 
 2021      74547970 
 2021      6500
 2022              	.LASF74:
 2023 0651 63686172 		.ascii	"char\000"
 2023      00
 2024              	.LASF48:
 2025 0656 45455F41 		.ascii	"EE_ACTION_TASK\000"
 2025      4354494F 
 2025      4E5F5441 
 2025      534B00
 2026              	.LASF71:
 2027 0665 45455F74 		.ascii	"EE_th_rnact_max\000"
 2027      685F726E 
 2027      6163745F 
 2027      6D617800 
 2028              	.LASF50:
 2029 0675 45455F41 		.ascii	"EE_ACTION_COUNTER\000"
 2029      4354494F 
 2029      4E5F434F 
 2029      554E5445 
 2029      5200
 2030              	.LASF108:
 2031 0687 45455F63 		.ascii	"EE_counter_RAM\000"
 2031      6F756E74 
 2031      65725F52 
 2031      414D00
 2032              	.LASF40:
 2033 0696 73706563 		.ascii	"spec_id\000"
 2033      5F696400 
 2034              	.LASF49:
 2035 069e 45455F41 		.ascii	"EE_ACTION_EVENT\000"
 2035      4354494F 
 2035      4E5F4556 
 2035      454E5400 
 2036              	.LASF65:
 2037 06ae 45455F68 		.ascii	"EE_hal_thread_body\000"
 2037      616C5F74 
 2037      68726561 
 2037      645F626F 
 2037      647900
 2038              	.LASF87:
 2039 06c1 45455F73 		.ascii	"EE_sys_ceiling\000"
 2039      79735F63 
 2039      65696C69 
 2039      6E6700
 2040              	.LASF54:
 2041 06d0 61637469 		.ascii	"action_kind\000"
 2041      6F6E5F6B 
 2041      696E6400 
 2042              	.LASF63:
 2043 06dc 7461736B 		.ascii	"task\000"
 2043      00
 2044              	.LASF121:
 2045 06e1 433A5C55 		.ascii	"C:\\Users\\vboxuser\\Documents\\GitHub\\EAA_GasPeda"
ARM GAS  C:\Users\vboxuser\AppData\Local\Temp\cc8i7Yvk.s 			page 43


 2045      73657273 
 2045      5C76626F 
 2045      78757365 
 2045      725C446F 
 2046 070f 6C5C456C 		.ascii	"l\\ElectronicClock.cydsn\000"
 2046      65637472 
 2046      6F6E6963 
 2046      436C6F63 
 2046      6B2E6379 
 2047              	.LASF109:
 2048 0727 45455F6F 		.ascii	"EE_oo_counter_object_RAM\000"
 2048      6F5F636F 
 2048      756E7465 
 2048      725F6F62 
 2048      6A656374 
 2049              	.LASF53:
 2050 0740 41637469 		.ascii	"ActionKindType\000"
 2050      6F6E4B69 
 2050      6E645479 
 2050      706500
 2051              	.LASF72:
 2052 074f 45455F74 		.ascii	"EE_th_ready_prio\000"
 2052      685F7265 
 2052      6164795F 
 2052      7072696F 
 2052      00
 2053              	.LASF84:
 2054 0760 45455F74 		.ascii	"EE_th_rnact\000"
 2054      685F726E 
 2054      61637400 
 2055              	.LASF92:
 2056 076c 45455F72 		.ascii	"EE_rq_pairs_tid\000"
 2056      715F7061 
 2056      6972735F 
 2056      74696400 
 2057              	.LASF115:
 2058 077c 45455F49 		.ascii	"EE_IRQ_nesting_level\000"
 2058      52515F6E 
 2058      65737469 
 2058      6E675F6C 
 2058      6576656C 
 2059              	.LASF12:
 2060 0791 45455F55 		.ascii	"EE_UINT32\000"
 2060      494E5433 
 2060      3200
 2061              	.LASF11:
 2062 079b 45455F49 		.ascii	"EE_INT32\000"
 2062      4E543332 
 2062      00
 2063              	.LASF67:
 2064 07a4 45455F74 		.ascii	"EE_terminate_data\000"
 2064      65726D69 
 2064      6E617465 
 2064      5F646174 
 2064      6100
 2065              	.LASF120:
 2066 07b6 47656E65 		.ascii	"Generated_Source\\PSoC5\\ErikaOS_1_eecfg.c\000"
ARM GAS  C:\Users\vboxuser\AppData\Local\Temp\cc8i7Yvk.s 			page 44


 2066      72617465 
 2066      645F536F 
 2066      75726365 
 2066      5C50536F 
 2067              	.LASF95:
 2068 07df 45455F74 		.ascii	"EE_th_event_active\000"
 2068      685F6576 
 2068      656E745F 
 2068      61637469 
 2068      766500
 2069              	.LASF44:
 2070 07f2 636E7463 		.ascii	"cntcycle\000"
 2070      79636C65 
 2070      00
 2071              	.LASF28:
 2072 07fb 5359535F 		.ascii	"SYS_tos\000"
 2072      746F7300 
 2073              	.LASF55:
 2074 0803 61637469 		.ascii	"action_task\000"
 2074      6F6E5F74 
 2074      61736B00 
 2075              	.LASF101:
 2076 080f 45455F72 		.ascii	"EE_resource_locked\000"
 2076      65736F75 
 2076      7263655F 
 2076      6C6F636B 
 2076      656400
 2077              	.LASF13:
 2078 0822 45455F41 		.ascii	"EE_ADDR\000"
 2078      44445200 
 2079              	.LASF98:
 2080 082a 45455F74 		.ascii	"EE_th_is_extended\000"
 2080      685F6973 
 2080      5F657874 
 2080      656E6465 
 2080      6400
 2081              	.LASF18:
 2082 083c 45455F46 		.ascii	"EE_FREG\000"
 2082      52454700 
 2083              	.LASF99:
 2084 0844 45455F72 		.ascii	"EE_resource_ceiling\000"
 2084      65736F75 
 2084      7263655F 
 2084      6365696C 
 2084      696E6700 
 2085              		.ident	"GCC: (GNU Tools for ARM Embedded Processors) 5.4.1 20160609 (release) [ARM/embedded-5-bran
