ARM GAS  C:\Users\vboxuser\AppData\Local\Temp\ccJrmsHF.s 			page 1


   1              		.syntax unified
   2              		.cpu cortex-m3
   3              		.fpu softvfp
   4              		.eabi_attribute 20, 1
   5              		.eabi_attribute 21, 1
   6              		.eabi_attribute 23, 3
   7              		.eabi_attribute 24, 1
   8              		.eabi_attribute 25, 1
   9              		.eabi_attribute 26, 1
  10              		.eabi_attribute 30, 1
  11              		.eabi_attribute 34, 1
  12              		.eabi_attribute 18, 4
  13              		.thumb
  14              		.syntax unified
  15              		.file	"tsk_io.c"
  16              		.text
  17              	.Ltext0:
  18              		.cfi_sections	.debug_frame
  19              		.section	.text.Functsk_io,"ax",%progbits
  20              		.align	2
  21              		.global	Functsk_io
  22              		.thumb
  23              		.thumb_func
  24              		.type	Functsk_io, %function
  25              	Functsk_io:
  26              	.LFB133:
  27              		.file 1 "asw\\tsk_io.c"
   1:asw/tsk_io.c  **** /*
   2:asw/tsk_io.c  ****  * Filename: tsk_io.c
   3:asw/tsk_io.c  ****  *
   4:asw/tsk_io.c  ****  * Author: Autogenerated by H-DA RTE Generator, (c) Prof. Fromm
   5:asw/tsk_io.c  ****  *
   6:asw/tsk_io.c  ****  * description: Task handling button event
   7:asw/tsk_io.c  ****  * events: 
   8:asw/tsk_io.c  ****  * mode: Cyclic
   9:asw/tsk_io.c  ****  * name: tsk_io
  10:asw/tsk_io.c  ****  * shortname: io
  11:asw/tsk_io.c  ****  * signalpoolsRO: sp_common
  12:asw/tsk_io.c  ****  * signalpoolsRW: sp_common
  13:asw/tsk_io.c  ****  * tickEvent: 0
  14:asw/tsk_io.c  ****  * timertickperiod: 10
  15:asw/tsk_io.c  ****  *
  16:asw/tsk_io.c  ****  */
  17:asw/tsk_io.c  **** 
  18:asw/tsk_io.c  **** #include "project.h"
  19:asw/tsk_io.c  **** #include "global.h"
  20:asw/tsk_io.c  **** #include "rte.h"
  21:asw/tsk_io.c  **** #include "rte_types.h"
  22:asw/tsk_io.c  **** #include "tsk_io.h"
  23:asw/tsk_io.c  **** 
  24:asw/tsk_io.c  **** 
  25:asw/tsk_io.c  **** 
  26:asw/tsk_io.c  **** /* USER CODE START TSK_IO_INCLUDE */
  27:asw/tsk_io.c  **** 
  28:asw/tsk_io.c  **** /* USER CODE END TSK_IO_INCLUDE */
  29:asw/tsk_io.c  **** 
  30:asw/tsk_io.c  **** #include "swc_clock.h"
ARM GAS  C:\Users\vboxuser\AppData\Local\Temp\ccJrmsHF.s 			page 2


  31:asw/tsk_io.c  **** 
  32:asw/tsk_io.c  **** 
  33:asw/tsk_io.c  **** 
  34:asw/tsk_io.c  **** /* USER CODE START TSK_IO_USERDEFINITIONS */
  35:asw/tsk_io.c  **** 
  36:asw/tsk_io.c  **** /* USER CODE END TSK_IO_USERDEFINITIONS */
  37:asw/tsk_io.c  **** 
  38:asw/tsk_io.c  **** /*******************************************************************************
  39:asw/tsk_io.c  ****  * Runnable Tables from Activation Engine
  40:asw/tsk_io.c  ****  *******************************************************************************/
  41:asw/tsk_io.c  **** 
  42:asw/tsk_io.c  **** /* Cyclic Table */
  43:asw/tsk_io.c  **** 
  44:asw/tsk_io.c  **** const RTE_cyclicTable_t RTE_cyclicActivationTable_tsk_io[] = {
  45:asw/tsk_io.c  **** 	{ CLOCK_input_run, 50 },	//Runnable handle button timer 
  46:asw/tsk_io.c  **** };
  47:asw/tsk_io.c  **** const uint16_t RTE_cyclicActivation_tsk_io_size = sizeof (RTE_cyclicActivationTable_tsk_io) / sizeo
  48:asw/tsk_io.c  **** 
  49:asw/tsk_io.c  **** 
  50:asw/tsk_io.c  **** /*******************************************************************************
  51:asw/tsk_io.c  ****  * Task Body
  52:asw/tsk_io.c  ****  *******************************************************************************/
  53:asw/tsk_io.c  **** 
  54:asw/tsk_io.c  **** 
  55:asw/tsk_io.c  **** /*
  56:asw/tsk_io.c  ****  * description: Task handling button event
  57:asw/tsk_io.c  ****  * events: 
  58:asw/tsk_io.c  ****  * mode: Cyclic
  59:asw/tsk_io.c  ****  * name: tsk_io
  60:asw/tsk_io.c  ****  * shortname: io
  61:asw/tsk_io.c  ****  * signalpoolsRO: sp_common
  62:asw/tsk_io.c  ****  * signalpoolsRW: sp_common
  63:asw/tsk_io.c  ****  * tickEvent: 0
  64:asw/tsk_io.c  ****  * timertickperiod: 10
  65:asw/tsk_io.c  ****  */
  66:asw/tsk_io.c  **** TASK(tsk_io)
  67:asw/tsk_io.c  **** {
  28              		.loc 1 67 0
  29              		.cfi_startproc
  30              		@ args = 0, pretend = 0, frame = 0
  31              		@ frame_needed = 0, uses_anonymous_args = 0
  32 0000 10B5     		push	{r4, lr}
  33              		.cfi_def_cfa_offset 8
  34              		.cfi_offset 4, -8
  35              		.cfi_offset 14, -4
  68:asw/tsk_io.c  **** 	/* ticktime of the task */
  69:asw/tsk_io.c  **** 	static uint32_t ticktime = 0;
  70:asw/tsk_io.c  **** 
  71:asw/tsk_io.c  **** 	/* USER CODE START TSK_IO_TASKBOBY_PRE */
  72:asw/tsk_io.c  **** 
  73:asw/tsk_io.c  **** 	/* USER CODE END TSK_IO_TASKBODY_PRE */
  74:asw/tsk_io.c  ****     
  75:asw/tsk_io.c  ****     //Process all cyclic runnables which are due
  76:asw/tsk_io.c  ****     RTE_ProcessCyclicTable(RTE_cyclicActivationTable_tsk_io, RTE_cyclicActivation_tsk_io_size, tick
  36              		.loc 1 76 0
  37 0002 084C     		ldr	r4, .L4
  38 0004 2268     		ldr	r2, [r4]
ARM GAS  C:\Users\vboxuser\AppData\Local\Temp\ccJrmsHF.s 			page 3


  39 0006 0121     		movs	r1, #1
  40 0008 0748     		ldr	r0, .L4+4
  41 000a FFF7FEFF 		bl	RTE_ProcessCyclicTable
  42              	.LVL0:
  77:asw/tsk_io.c  **** 	
  78:asw/tsk_io.c  **** 	/* USER CODE START TSK_IO_TASKBODY_POST */
  79:asw/tsk_io.c  ****     
  80:asw/tsk_io.c  **** 	/* USER CODE END TSK_IO_TASKBODY_POST */
  81:asw/tsk_io.c  **** 
  82:asw/tsk_io.c  **** 	ticktime += 10;
  43              		.loc 1 82 0
  44 000e 2368     		ldr	r3, [r4]
  45 0010 0A33     		adds	r3, r3, #10
  46 0012 2360     		str	r3, [r4]
  83:asw/tsk_io.c  **** 	if (ticktime > 0xFFFFFF00) ticktime = 0;
  47              		.loc 1 83 0
  48 0014 13F5807F 		cmn	r3, #256
  49 0018 01D9     		bls	.L2
  50              		.loc 1 83 0 is_stmt 0 discriminator 1
  51 001a 0022     		movs	r2, #0
  52 001c 2260     		str	r2, [r4]
  53              	.L2:
  84:asw/tsk_io.c  **** 	
  85:asw/tsk_io.c  **** 	TerminateTask();
  54              		.loc 1 85 0 is_stmt 1
  55 001e FFF7FEFF 		bl	EE_oo_TerminateTask
  56              	.LVL1:
  57 0022 10BD     		pop	{r4, pc}
  58              	.L5:
  59              		.align	2
  60              	.L4:
  61 0024 00000000 		.word	.LANCHOR0
  62 0028 00000000 		.word	.LANCHOR1
  63              		.cfi_endproc
  64              	.LFE133:
  65              		.size	Functsk_io, .-Functsk_io
  66              		.global	RTE_cyclicActivation_tsk_io_size
  67              		.global	RTE_cyclicActivationTable_tsk_io
  68              		.section	.rodata
  69              		.align	2
  70              		.set	.LANCHOR1,. + 0
  71              		.type	RTE_cyclicActivationTable_tsk_io, %object
  72              		.size	RTE_cyclicActivationTable_tsk_io, 8
  73              	RTE_cyclicActivationTable_tsk_io:
  74 0000 00000000 		.word	CLOCK_input_run
  75 0004 3200     		.short	50
  76 0006 0000     		.space	2
  77              		.type	RTE_cyclicActivation_tsk_io_size, %object
  78              		.size	RTE_cyclicActivation_tsk_io_size, 2
  79              	RTE_cyclicActivation_tsk_io_size:
  80 0008 0100     		.short	1
  81              		.bss
  82              		.align	2
  83              		.set	.LANCHOR0,. + 0
  84              		.type	ticktime.8244, %object
  85              		.size	ticktime.8244, 4
  86              	ticktime.8244:
ARM GAS  C:\Users\vboxuser\AppData\Local\Temp\ccJrmsHF.s 			page 4


  87 0000 00000000 		.space	4
  88              		.text
  89              	.Letext0:
  90              		.file 2 "c:\\program files (x86)\\cypress\\psoc creator\\4.4\\psoc creator\\import\\gnu\\arm\\5.4.
  91              		.file 3 "c:\\program files (x86)\\cypress\\psoc creator\\4.4\\psoc creator\\import\\gnu\\arm\\5.4.
  92              		.file 4 "Generated_Source\\PSoC5/ErikaOS_1_common_ee_types.inc"
  93              		.file 5 "Generated_Source\\PSoC5/ErikaOS_1_cortex_mx_ee_cpu.inc"
  94              		.file 6 "Generated_Source\\PSoC5/ErikaOS_1_ee_oo_common.inc"
  95              		.file 7 ".\\bsw\\rte/rte_types.h"
  96              		.file 8 ".\\bsw\\rte/rte.h"
  97              		.file 9 "Generated_Source\\PSoC5/ErikaOS_1_ee_oo_intfunc.inc"
  98              		.file 10 "Generated_Source\\PSoC5/ErikaOS_1_cortex_mx_ee_context.inc"
  99              		.file 11 "Generated_Source\\PSoC5/ErikaOS_1_common_ee_primitives.inc"
 100              		.file 12 "Generated_Source\\PSoC5/core_cm3.h"
 101              		.file 13 "Generated_Source\\PSoC5/ErikaOS_1_ee_oo_kernel.inc"
 102              		.section	.debug_info,"",%progbits
 103              	.Ldebug_info0:
 104 0000 4E020000 		.4byte	0x24e
 105 0004 0400     		.2byte	0x4
 106 0006 00000000 		.4byte	.Ldebug_abbrev0
 107 000a 04       		.byte	0x4
 108 000b 01       		.uleb128 0x1
 109 000c A4000000 		.4byte	.LASF40
 110 0010 0C       		.byte	0xc
 111 0011 04030000 		.4byte	.LASF41
 112 0015 85010000 		.4byte	.LASF42
 113 0019 00000000 		.4byte	.Ldebug_ranges0+0
 114 001d 00000000 		.4byte	0
 115 0021 00000000 		.4byte	.Ldebug_line0
 116 0025 02       		.uleb128 0x2
 117 0026 01       		.byte	0x1
 118 0027 06       		.byte	0x6
 119 0028 D6020000 		.4byte	.LASF0
 120 002c 02       		.uleb128 0x2
 121 002d 01       		.byte	0x1
 122 002e 08       		.byte	0x8
 123 002f 96000000 		.4byte	.LASF1
 124 0033 02       		.uleb128 0x2
 125 0034 02       		.byte	0x2
 126 0035 05       		.byte	0x5
 127 0036 A5020000 		.4byte	.LASF2
 128 003a 03       		.uleb128 0x3
 129 003b CB010000 		.4byte	.LASF4
 130 003f 02       		.byte	0x2
 131 0040 2B       		.byte	0x2b
 132 0041 45000000 		.4byte	0x45
 133 0045 02       		.uleb128 0x2
 134 0046 02       		.byte	0x2
 135 0047 07       		.byte	0x7
 136 0048 4D010000 		.4byte	.LASF3
 137 004c 03       		.uleb128 0x3
 138 004d 06000000 		.4byte	.LASF5
 139 0051 02       		.byte	0x2
 140 0052 3F       		.byte	0x3f
 141 0053 57000000 		.4byte	0x57
 142 0057 02       		.uleb128 0x2
 143 0058 04       		.byte	0x4
ARM GAS  C:\Users\vboxuser\AppData\Local\Temp\ccJrmsHF.s 			page 5


 144 0059 05       		.byte	0x5
 145 005a C1020000 		.4byte	.LASF6
 146 005e 03       		.uleb128 0x3
 147 005f E0010000 		.4byte	.LASF7
 148 0063 02       		.byte	0x2
 149 0064 41       		.byte	0x41
 150 0065 69000000 		.4byte	0x69
 151 0069 02       		.uleb128 0x2
 152 006a 04       		.byte	0x4
 153 006b 07       		.byte	0x7
 154 006c 3B010000 		.4byte	.LASF8
 155 0070 02       		.uleb128 0x2
 156 0071 08       		.byte	0x8
 157 0072 05       		.byte	0x5
 158 0073 6F020000 		.4byte	.LASF9
 159 0077 02       		.uleb128 0x2
 160 0078 08       		.byte	0x8
 161 0079 07       		.byte	0x7
 162 007a 75000000 		.4byte	.LASF10
 163 007e 04       		.uleb128 0x4
 164 007f 04       		.byte	0x4
 165 0080 05       		.byte	0x5
 166 0081 696E7400 		.ascii	"int\000"
 167 0085 02       		.uleb128 0x2
 168 0086 04       		.byte	0x4
 169 0087 07       		.byte	0x7
 170 0088 FD010000 		.4byte	.LASF11
 171 008c 03       		.uleb128 0x3
 172 008d AF020000 		.4byte	.LASF12
 173 0091 03       		.byte	0x3
 174 0092 24       		.byte	0x24
 175 0093 3A000000 		.4byte	0x3a
 176 0097 03       		.uleb128 0x3
 177 0098 5E020000 		.4byte	.LASF13
 178 009c 03       		.byte	0x3
 179 009d 2C       		.byte	0x2c
 180 009e 4C000000 		.4byte	0x4c
 181 00a2 03       		.uleb128 0x3
 182 00a3 B8020000 		.4byte	.LASF14
 183 00a7 03       		.byte	0x3
 184 00a8 30       		.byte	0x30
 185 00a9 5E000000 		.4byte	0x5e
 186 00ad 02       		.uleb128 0x2
 187 00ae 04       		.byte	0x4
 188 00af 04       		.byte	0x4
 189 00b0 00000000 		.4byte	.LASF15
 190 00b4 02       		.uleb128 0x2
 191 00b5 08       		.byte	0x8
 192 00b6 04       		.byte	0x4
 193 00b7 1E000000 		.4byte	.LASF16
 194 00bb 02       		.uleb128 0x2
 195 00bc 01       		.byte	0x1
 196 00bd 08       		.byte	0x8
 197 00be 25020000 		.4byte	.LASF17
 198 00c2 02       		.uleb128 0x2
 199 00c3 08       		.byte	0x8
 200 00c4 04       		.byte	0x4
ARM GAS  C:\Users\vboxuser\AppData\Local\Temp\ccJrmsHF.s 			page 6


 201 00c5 CA020000 		.4byte	.LASF18
 202 00c9 03       		.uleb128 0x3
 203 00ca 32010000 		.4byte	.LASF19
 204 00ce 04       		.byte	0x4
 205 00cf 53       		.byte	0x53
 206 00d0 7E000000 		.4byte	0x7e
 207 00d4 03       		.uleb128 0x3
 208 00d5 12020000 		.4byte	.LASF20
 209 00d9 04       		.byte	0x4
 210 00da 54       		.byte	0x54
 211 00db 85000000 		.4byte	0x85
 212 00df 03       		.uleb128 0x3
 213 00e0 7D020000 		.4byte	.LASF21
 214 00e4 05       		.byte	0x5
 215 00e5 4D       		.byte	0x4d
 216 00e6 D4000000 		.4byte	0xd4
 217 00ea 03       		.uleb128 0x3
 218 00eb 0A020000 		.4byte	.LASF22
 219 00ef 05       		.byte	0x5
 220 00f0 4F       		.byte	0x4f
 221 00f1 D4000000 		.4byte	0xd4
 222 00f5 03       		.uleb128 0x3
 223 00f6 3E000000 		.4byte	.LASF23
 224 00fa 05       		.byte	0x5
 225 00fb 78       		.byte	0x78
 226 00fc C9000000 		.4byte	0xc9
 227 0100 05       		.uleb128 0x5
 228 0101 10000000 		.4byte	.LASF24
 229 0105 06       		.byte	0x6
 230 0106 2C02     		.2byte	0x22c
 231 0108 DF000000 		.4byte	0xdf
 232 010c 02       		.uleb128 0x2
 233 010d 04       		.byte	0x4
 234 010e 07       		.byte	0x7
 235 010f 66020000 		.4byte	.LASF25
 236 0113 03       		.uleb128 0x3
 237 0114 D6010000 		.4byte	.LASF26
 238 0118 07       		.byte	0x7
 239 0119 21       		.byte	0x21
 240 011a 00010000 		.4byte	0x100
 241 011e 03       		.uleb128 0x3
 242 011f E2020000 		.4byte	.LASF27
 243 0123 08       		.byte	0x8
 244 0124 66       		.byte	0x66
 245 0125 29010000 		.4byte	0x129
 246 0129 06       		.uleb128 0x6
 247 012a 04       		.byte	0x4
 248 012b 2F010000 		.4byte	0x12f
 249 012f 07       		.uleb128 0x7
 250 0130 3A010000 		.4byte	0x13a
 251 0134 08       		.uleb128 0x8
 252 0135 13010000 		.4byte	0x113
 253 0139 00       		.byte	0
 254 013a 09       		.uleb128 0x9
 255 013b 08       		.byte	0x8
 256 013c 08       		.byte	0x8
 257 013d 6B       		.byte	0x6b
ARM GAS  C:\Users\vboxuser\AppData\Local\Temp\ccJrmsHF.s 			page 7


 258 013e 5B010000 		.4byte	0x15b
 259 0142 0A       		.uleb128 0xa
 260 0143 72756E00 		.ascii	"run\000"
 261 0147 08       		.byte	0x8
 262 0148 6D       		.byte	0x6d
 263 0149 1E010000 		.4byte	0x11e
 264 014d 00       		.byte	0
 265 014e 0B       		.uleb128 0xb
 266 014f 8C000000 		.4byte	.LASF28
 267 0153 08       		.byte	0x8
 268 0154 6E       		.byte	0x6e
 269 0155 8C000000 		.4byte	0x8c
 270 0159 04       		.byte	0x4
 271 015a 00       		.byte	0
 272 015b 03       		.uleb128 0x3
 273 015c EB010000 		.4byte	.LASF29
 274 0160 08       		.byte	0x8
 275 0161 6F       		.byte	0x6f
 276 0162 3A010000 		.4byte	0x13a
 277 0166 0C       		.uleb128 0xc
 278 0167 8C000000 		.4byte	0x8c
 279 016b 0D       		.uleb128 0xd
 280 016c 9A020000 		.4byte	.LASF43
 281 0170 01       		.byte	0x1
 282 0171 42       		.byte	0x42
 283 0172 00000000 		.4byte	.LFB133
 284 0176 2C000000 		.4byte	.LFE133-.LFB133
 285 017a 01       		.uleb128 0x1
 286 017b 9C       		.byte	0x9c
 287 017c B7010000 		.4byte	0x1b7
 288 0180 0E       		.uleb128 0xe
 289 0181 1C020000 		.4byte	.LASF44
 290 0185 01       		.byte	0x1
 291 0186 45       		.byte	0x45
 292 0187 A2000000 		.4byte	0xa2
 293 018b 05       		.uleb128 0x5
 294 018c 03       		.byte	0x3
 295 018d 00000000 		.4byte	ticktime.8244
 296 0191 0F       		.uleb128 0xf
 297 0192 0E000000 		.4byte	.LVL0
 298 0196 3B020000 		.4byte	0x23b
 299 019a AD010000 		.4byte	0x1ad
 300 019e 10       		.uleb128 0x10
 301 019f 01       		.uleb128 0x1
 302 01a0 50       		.byte	0x50
 303 01a1 05       		.uleb128 0x5
 304 01a2 03       		.byte	0x3
 305 01a3 00000000 		.4byte	.LANCHOR1
 306 01a7 10       		.uleb128 0x10
 307 01a8 01       		.uleb128 0x1
 308 01a9 51       		.byte	0x51
 309 01aa 01       		.uleb128 0x1
 310 01ab 31       		.byte	0x31
 311 01ac 00       		.byte	0
 312 01ad 11       		.uleb128 0x11
 313 01ae 22000000 		.4byte	.LVL1
 314 01b2 46020000 		.4byte	0x246
ARM GAS  C:\Users\vboxuser\AppData\Local\Temp\ccJrmsHF.s 			page 8


 315 01b6 00       		.byte	0
 316 01b7 12       		.uleb128 0x12
 317 01b8 60010000 		.4byte	.LASF30
 318 01bc 09       		.byte	0x9
 319 01bd 40       		.byte	0x40
 320 01be DF000000 		.4byte	0xdf
 321 01c2 12       		.uleb128 0x12
 322 01c3 25000000 		.4byte	.LASF31
 323 01c7 09       		.byte	0x9
 324 01c8 47       		.byte	0x47
 325 01c9 EA000000 		.4byte	0xea
 326 01cd 12       		.uleb128 0x12
 327 01ce 2A020000 		.4byte	.LASF32
 328 01d2 09       		.byte	0x9
 329 01d3 4A       		.byte	0x4a
 330 01d4 DF000000 		.4byte	0xdf
 331 01d8 12       		.uleb128 0x12
 332 01d9 5C000000 		.4byte	.LASF33
 333 01dd 0A       		.byte	0xa
 334 01de 48       		.byte	0x48
 335 01df F5000000 		.4byte	0xf5
 336 01e3 12       		.uleb128 0x12
 337 01e4 85020000 		.4byte	.LASF34
 338 01e8 0B       		.byte	0xb
 339 01e9 44       		.byte	0x44
 340 01ea DF000000 		.4byte	0xdf
 341 01ee 13       		.uleb128 0x13
 342 01ef 78010000 		.4byte	.LASF35
 343 01f3 0C       		.byte	0xc
 344 01f4 1207     		.2byte	0x712
 345 01f6 FA010000 		.4byte	0x1fa
 346 01fa 14       		.uleb128 0x14
 347 01fb 97000000 		.4byte	0x97
 348 01ff 15       		.uleb128 0x15
 349 0200 0F020000 		.4byte	0x20f
 350 0204 0F020000 		.4byte	0x20f
 351 0208 16       		.uleb128 0x16
 352 0209 0C010000 		.4byte	0x10c
 353 020d 00       		.byte	0
 354 020e 00       		.byte	0
 355 020f 0C       		.uleb128 0xc
 356 0210 5B010000 		.4byte	0x15b
 357 0214 17       		.uleb128 0x17
 358 0215 11030000 		.4byte	.LASF36
 359 0219 01       		.byte	0x1
 360 021a 2C       		.byte	0x2c
 361 021b 25020000 		.4byte	0x225
 362 021f 05       		.uleb128 0x5
 363 0220 03       		.byte	0x3
 364 0221 00000000 		.4byte	RTE_cyclicActivationTable_tsk_io
 365 0225 0C       		.uleb128 0xc
 366 0226 FF010000 		.4byte	0x1ff
 367 022a 17       		.uleb128 0x17
 368 022b 3D020000 		.4byte	.LASF37
 369 022f 01       		.byte	0x1
 370 0230 2F       		.byte	0x2f
 371 0231 66010000 		.4byte	0x166
ARM GAS  C:\Users\vboxuser\AppData\Local\Temp\ccJrmsHF.s 			page 9


 372 0235 05       		.uleb128 0x5
 373 0236 03       		.byte	0x3
 374 0237 00000000 		.4byte	RTE_cyclicActivation_tsk_io_size
 375 023b 18       		.uleb128 0x18
 376 023c 45000000 		.4byte	.LASF38
 377 0240 45000000 		.4byte	.LASF38
 378 0244 08       		.byte	0x8
 379 0245 8E       		.byte	0x8e
 380 0246 18       		.uleb128 0x18
 381 0247 F0020000 		.4byte	.LASF39
 382 024b F0020000 		.4byte	.LASF39
 383 024f 0D       		.byte	0xd
 384 0250 9F       		.byte	0x9f
 385 0251 00       		.byte	0
 386              		.section	.debug_abbrev,"",%progbits
 387              	.Ldebug_abbrev0:
 388 0000 01       		.uleb128 0x1
 389 0001 11       		.uleb128 0x11
 390 0002 01       		.byte	0x1
 391 0003 25       		.uleb128 0x25
 392 0004 0E       		.uleb128 0xe
 393 0005 13       		.uleb128 0x13
 394 0006 0B       		.uleb128 0xb
 395 0007 03       		.uleb128 0x3
 396 0008 0E       		.uleb128 0xe
 397 0009 1B       		.uleb128 0x1b
 398 000a 0E       		.uleb128 0xe
 399 000b 55       		.uleb128 0x55
 400 000c 17       		.uleb128 0x17
 401 000d 11       		.uleb128 0x11
 402 000e 01       		.uleb128 0x1
 403 000f 10       		.uleb128 0x10
 404 0010 17       		.uleb128 0x17
 405 0011 00       		.byte	0
 406 0012 00       		.byte	0
 407 0013 02       		.uleb128 0x2
 408 0014 24       		.uleb128 0x24
 409 0015 00       		.byte	0
 410 0016 0B       		.uleb128 0xb
 411 0017 0B       		.uleb128 0xb
 412 0018 3E       		.uleb128 0x3e
 413 0019 0B       		.uleb128 0xb
 414 001a 03       		.uleb128 0x3
 415 001b 0E       		.uleb128 0xe
 416 001c 00       		.byte	0
 417 001d 00       		.byte	0
 418 001e 03       		.uleb128 0x3
 419 001f 16       		.uleb128 0x16
 420 0020 00       		.byte	0
 421 0021 03       		.uleb128 0x3
 422 0022 0E       		.uleb128 0xe
 423 0023 3A       		.uleb128 0x3a
 424 0024 0B       		.uleb128 0xb
 425 0025 3B       		.uleb128 0x3b
 426 0026 0B       		.uleb128 0xb
 427 0027 49       		.uleb128 0x49
 428 0028 13       		.uleb128 0x13
ARM GAS  C:\Users\vboxuser\AppData\Local\Temp\ccJrmsHF.s 			page 10


 429 0029 00       		.byte	0
 430 002a 00       		.byte	0
 431 002b 04       		.uleb128 0x4
 432 002c 24       		.uleb128 0x24
 433 002d 00       		.byte	0
 434 002e 0B       		.uleb128 0xb
 435 002f 0B       		.uleb128 0xb
 436 0030 3E       		.uleb128 0x3e
 437 0031 0B       		.uleb128 0xb
 438 0032 03       		.uleb128 0x3
 439 0033 08       		.uleb128 0x8
 440 0034 00       		.byte	0
 441 0035 00       		.byte	0
 442 0036 05       		.uleb128 0x5
 443 0037 16       		.uleb128 0x16
 444 0038 00       		.byte	0
 445 0039 03       		.uleb128 0x3
 446 003a 0E       		.uleb128 0xe
 447 003b 3A       		.uleb128 0x3a
 448 003c 0B       		.uleb128 0xb
 449 003d 3B       		.uleb128 0x3b
 450 003e 05       		.uleb128 0x5
 451 003f 49       		.uleb128 0x49
 452 0040 13       		.uleb128 0x13
 453 0041 00       		.byte	0
 454 0042 00       		.byte	0
 455 0043 06       		.uleb128 0x6
 456 0044 0F       		.uleb128 0xf
 457 0045 00       		.byte	0
 458 0046 0B       		.uleb128 0xb
 459 0047 0B       		.uleb128 0xb
 460 0048 49       		.uleb128 0x49
 461 0049 13       		.uleb128 0x13
 462 004a 00       		.byte	0
 463 004b 00       		.byte	0
 464 004c 07       		.uleb128 0x7
 465 004d 15       		.uleb128 0x15
 466 004e 01       		.byte	0x1
 467 004f 27       		.uleb128 0x27
 468 0050 19       		.uleb128 0x19
 469 0051 01       		.uleb128 0x1
 470 0052 13       		.uleb128 0x13
 471 0053 00       		.byte	0
 472 0054 00       		.byte	0
 473 0055 08       		.uleb128 0x8
 474 0056 05       		.uleb128 0x5
 475 0057 00       		.byte	0
 476 0058 49       		.uleb128 0x49
 477 0059 13       		.uleb128 0x13
 478 005a 00       		.byte	0
 479 005b 00       		.byte	0
 480 005c 09       		.uleb128 0x9
 481 005d 13       		.uleb128 0x13
 482 005e 01       		.byte	0x1
 483 005f 0B       		.uleb128 0xb
 484 0060 0B       		.uleb128 0xb
 485 0061 3A       		.uleb128 0x3a
ARM GAS  C:\Users\vboxuser\AppData\Local\Temp\ccJrmsHF.s 			page 11


 486 0062 0B       		.uleb128 0xb
 487 0063 3B       		.uleb128 0x3b
 488 0064 0B       		.uleb128 0xb
 489 0065 01       		.uleb128 0x1
 490 0066 13       		.uleb128 0x13
 491 0067 00       		.byte	0
 492 0068 00       		.byte	0
 493 0069 0A       		.uleb128 0xa
 494 006a 0D       		.uleb128 0xd
 495 006b 00       		.byte	0
 496 006c 03       		.uleb128 0x3
 497 006d 08       		.uleb128 0x8
 498 006e 3A       		.uleb128 0x3a
 499 006f 0B       		.uleb128 0xb
 500 0070 3B       		.uleb128 0x3b
 501 0071 0B       		.uleb128 0xb
 502 0072 49       		.uleb128 0x49
 503 0073 13       		.uleb128 0x13
 504 0074 38       		.uleb128 0x38
 505 0075 0B       		.uleb128 0xb
 506 0076 00       		.byte	0
 507 0077 00       		.byte	0
 508 0078 0B       		.uleb128 0xb
 509 0079 0D       		.uleb128 0xd
 510 007a 00       		.byte	0
 511 007b 03       		.uleb128 0x3
 512 007c 0E       		.uleb128 0xe
 513 007d 3A       		.uleb128 0x3a
 514 007e 0B       		.uleb128 0xb
 515 007f 3B       		.uleb128 0x3b
 516 0080 0B       		.uleb128 0xb
 517 0081 49       		.uleb128 0x49
 518 0082 13       		.uleb128 0x13
 519 0083 38       		.uleb128 0x38
 520 0084 0B       		.uleb128 0xb
 521 0085 00       		.byte	0
 522 0086 00       		.byte	0
 523 0087 0C       		.uleb128 0xc
 524 0088 26       		.uleb128 0x26
 525 0089 00       		.byte	0
 526 008a 49       		.uleb128 0x49
 527 008b 13       		.uleb128 0x13
 528 008c 00       		.byte	0
 529 008d 00       		.byte	0
 530 008e 0D       		.uleb128 0xd
 531 008f 2E       		.uleb128 0x2e
 532 0090 01       		.byte	0x1
 533 0091 3F       		.uleb128 0x3f
 534 0092 19       		.uleb128 0x19
 535 0093 03       		.uleb128 0x3
 536 0094 0E       		.uleb128 0xe
 537 0095 3A       		.uleb128 0x3a
 538 0096 0B       		.uleb128 0xb
 539 0097 3B       		.uleb128 0x3b
 540 0098 0B       		.uleb128 0xb
 541 0099 27       		.uleb128 0x27
 542 009a 19       		.uleb128 0x19
ARM GAS  C:\Users\vboxuser\AppData\Local\Temp\ccJrmsHF.s 			page 12


 543 009b 11       		.uleb128 0x11
 544 009c 01       		.uleb128 0x1
 545 009d 12       		.uleb128 0x12
 546 009e 06       		.uleb128 0x6
 547 009f 40       		.uleb128 0x40
 548 00a0 18       		.uleb128 0x18
 549 00a1 9742     		.uleb128 0x2117
 550 00a3 19       		.uleb128 0x19
 551 00a4 01       		.uleb128 0x1
 552 00a5 13       		.uleb128 0x13
 553 00a6 00       		.byte	0
 554 00a7 00       		.byte	0
 555 00a8 0E       		.uleb128 0xe
 556 00a9 34       		.uleb128 0x34
 557 00aa 00       		.byte	0
 558 00ab 03       		.uleb128 0x3
 559 00ac 0E       		.uleb128 0xe
 560 00ad 3A       		.uleb128 0x3a
 561 00ae 0B       		.uleb128 0xb
 562 00af 3B       		.uleb128 0x3b
 563 00b0 0B       		.uleb128 0xb
 564 00b1 49       		.uleb128 0x49
 565 00b2 13       		.uleb128 0x13
 566 00b3 02       		.uleb128 0x2
 567 00b4 18       		.uleb128 0x18
 568 00b5 00       		.byte	0
 569 00b6 00       		.byte	0
 570 00b7 0F       		.uleb128 0xf
 571 00b8 898201   		.uleb128 0x4109
 572 00bb 01       		.byte	0x1
 573 00bc 11       		.uleb128 0x11
 574 00bd 01       		.uleb128 0x1
 575 00be 31       		.uleb128 0x31
 576 00bf 13       		.uleb128 0x13
 577 00c0 01       		.uleb128 0x1
 578 00c1 13       		.uleb128 0x13
 579 00c2 00       		.byte	0
 580 00c3 00       		.byte	0
 581 00c4 10       		.uleb128 0x10
 582 00c5 8A8201   		.uleb128 0x410a
 583 00c8 00       		.byte	0
 584 00c9 02       		.uleb128 0x2
 585 00ca 18       		.uleb128 0x18
 586 00cb 9142     		.uleb128 0x2111
 587 00cd 18       		.uleb128 0x18
 588 00ce 00       		.byte	0
 589 00cf 00       		.byte	0
 590 00d0 11       		.uleb128 0x11
 591 00d1 898201   		.uleb128 0x4109
 592 00d4 00       		.byte	0
 593 00d5 11       		.uleb128 0x11
 594 00d6 01       		.uleb128 0x1
 595 00d7 31       		.uleb128 0x31
 596 00d8 13       		.uleb128 0x13
 597 00d9 00       		.byte	0
 598 00da 00       		.byte	0
 599 00db 12       		.uleb128 0x12
ARM GAS  C:\Users\vboxuser\AppData\Local\Temp\ccJrmsHF.s 			page 13


 600 00dc 34       		.uleb128 0x34
 601 00dd 00       		.byte	0
 602 00de 03       		.uleb128 0x3
 603 00df 0E       		.uleb128 0xe
 604 00e0 3A       		.uleb128 0x3a
 605 00e1 0B       		.uleb128 0xb
 606 00e2 3B       		.uleb128 0x3b
 607 00e3 0B       		.uleb128 0xb
 608 00e4 49       		.uleb128 0x49
 609 00e5 13       		.uleb128 0x13
 610 00e6 3F       		.uleb128 0x3f
 611 00e7 19       		.uleb128 0x19
 612 00e8 3C       		.uleb128 0x3c
 613 00e9 19       		.uleb128 0x19
 614 00ea 00       		.byte	0
 615 00eb 00       		.byte	0
 616 00ec 13       		.uleb128 0x13
 617 00ed 34       		.uleb128 0x34
 618 00ee 00       		.byte	0
 619 00ef 03       		.uleb128 0x3
 620 00f0 0E       		.uleb128 0xe
 621 00f1 3A       		.uleb128 0x3a
 622 00f2 0B       		.uleb128 0xb
 623 00f3 3B       		.uleb128 0x3b
 624 00f4 05       		.uleb128 0x5
 625 00f5 49       		.uleb128 0x49
 626 00f6 13       		.uleb128 0x13
 627 00f7 3F       		.uleb128 0x3f
 628 00f8 19       		.uleb128 0x19
 629 00f9 3C       		.uleb128 0x3c
 630 00fa 19       		.uleb128 0x19
 631 00fb 00       		.byte	0
 632 00fc 00       		.byte	0
 633 00fd 14       		.uleb128 0x14
 634 00fe 35       		.uleb128 0x35
 635 00ff 00       		.byte	0
 636 0100 49       		.uleb128 0x49
 637 0101 13       		.uleb128 0x13
 638 0102 00       		.byte	0
 639 0103 00       		.byte	0
 640 0104 15       		.uleb128 0x15
 641 0105 01       		.uleb128 0x1
 642 0106 01       		.byte	0x1
 643 0107 49       		.uleb128 0x49
 644 0108 13       		.uleb128 0x13
 645 0109 01       		.uleb128 0x1
 646 010a 13       		.uleb128 0x13
 647 010b 00       		.byte	0
 648 010c 00       		.byte	0
 649 010d 16       		.uleb128 0x16
 650 010e 21       		.uleb128 0x21
 651 010f 00       		.byte	0
 652 0110 49       		.uleb128 0x49
 653 0111 13       		.uleb128 0x13
 654 0112 2F       		.uleb128 0x2f
 655 0113 0B       		.uleb128 0xb
 656 0114 00       		.byte	0
ARM GAS  C:\Users\vboxuser\AppData\Local\Temp\ccJrmsHF.s 			page 14


 657 0115 00       		.byte	0
 658 0116 17       		.uleb128 0x17
 659 0117 34       		.uleb128 0x34
 660 0118 00       		.byte	0
 661 0119 03       		.uleb128 0x3
 662 011a 0E       		.uleb128 0xe
 663 011b 3A       		.uleb128 0x3a
 664 011c 0B       		.uleb128 0xb
 665 011d 3B       		.uleb128 0x3b
 666 011e 0B       		.uleb128 0xb
 667 011f 49       		.uleb128 0x49
 668 0120 13       		.uleb128 0x13
 669 0121 3F       		.uleb128 0x3f
 670 0122 19       		.uleb128 0x19
 671 0123 02       		.uleb128 0x2
 672 0124 18       		.uleb128 0x18
 673 0125 00       		.byte	0
 674 0126 00       		.byte	0
 675 0127 18       		.uleb128 0x18
 676 0128 2E       		.uleb128 0x2e
 677 0129 00       		.byte	0
 678 012a 3F       		.uleb128 0x3f
 679 012b 19       		.uleb128 0x19
 680 012c 3C       		.uleb128 0x3c
 681 012d 19       		.uleb128 0x19
 682 012e 6E       		.uleb128 0x6e
 683 012f 0E       		.uleb128 0xe
 684 0130 03       		.uleb128 0x3
 685 0131 0E       		.uleb128 0xe
 686 0132 3A       		.uleb128 0x3a
 687 0133 0B       		.uleb128 0xb
 688 0134 3B       		.uleb128 0x3b
 689 0135 0B       		.uleb128 0xb
 690 0136 00       		.byte	0
 691 0137 00       		.byte	0
 692 0138 00       		.byte	0
 693              		.section	.debug_aranges,"",%progbits
 694 0000 1C000000 		.4byte	0x1c
 695 0004 0200     		.2byte	0x2
 696 0006 00000000 		.4byte	.Ldebug_info0
 697 000a 04       		.byte	0x4
 698 000b 00       		.byte	0
 699 000c 0000     		.2byte	0
 700 000e 0000     		.2byte	0
 701 0010 00000000 		.4byte	.LFB133
 702 0014 2C000000 		.4byte	.LFE133-.LFB133
 703 0018 00000000 		.4byte	0
 704 001c 00000000 		.4byte	0
 705              		.section	.debug_ranges,"",%progbits
 706              	.Ldebug_ranges0:
 707 0000 00000000 		.4byte	.LFB133
 708 0004 2C000000 		.4byte	.LFE133
 709 0008 00000000 		.4byte	0
 710 000c 00000000 		.4byte	0
 711              		.section	.debug_line,"",%progbits
 712              	.Ldebug_line0:
 713 0000 74020000 		.section	.debug_str,"MS",%progbits,1
ARM GAS  C:\Users\vboxuser\AppData\Local\Temp\ccJrmsHF.s 			page 15


 713      02005102 
 713      00000201 
 713      FB0E0D00 
 713      01010101 
 714              	.LASF15:
 715 0000 666C6F61 		.ascii	"float\000"
 715      7400
 716              	.LASF5:
 717 0006 5F5F696E 		.ascii	"__int32_t\000"
 717      7433325F 
 717      7400
 718              	.LASF24:
 719 0010 4576656E 		.ascii	"EventMaskType\000"
 719      744D6173 
 719      6B547970 
 719      6500
 720              	.LASF16:
 721 001e 646F7562 		.ascii	"double\000"
 721      6C6500
 722              	.LASF31:
 723 0025 45455F6F 		.ascii	"EE_oo_IRQ_suspend_status\000"
 723      6F5F4952 
 723      515F7375 
 723      7370656E 
 723      645F7374 
 724              	.LASF23:
 725 003e 45455F54 		.ascii	"EE_TID\000"
 725      494400
 726              	.LASF38:
 727 0045 5254455F 		.ascii	"RTE_ProcessCyclicTable\000"
 727      50726F63 
 727      65737343 
 727      79636C69 
 727      63546162 
 728              	.LASF33:
 729 005c 45455F73 		.ascii	"EE_std_endcycle_next_tid\000"
 729      74645F65 
 729      6E646379 
 729      636C655F 
 729      6E657874 
 730              	.LASF10:
 731 0075 6C6F6E67 		.ascii	"long long unsigned int\000"
 731      206C6F6E 
 731      6720756E 
 731      7369676E 
 731      65642069 
 732              	.LASF28:
 733 008c 6379636C 		.ascii	"cycleTime\000"
 733      6554696D 
 733      6500
 734              	.LASF1:
 735 0096 756E7369 		.ascii	"unsigned char\000"
 735      676E6564 
 735      20636861 
 735      7200
 736              	.LASF40:
 737 00a4 474E5520 		.ascii	"GNU C11 5.4.1 20160609 (release) [ARM/embedded-5-br"
ARM GAS  C:\Users\vboxuser\AppData\Local\Temp\ccJrmsHF.s 			page 16


 737      43313120 
 737      352E342E 
 737      31203230 
 737      31363036 
 738 00d7 616E6368 		.ascii	"anch revision 237715] -mcpu=cortex-m3 -mthumb -g -O"
 738      20726576 
 738      6973696F 
 738      6E203233 
 738      37373135 
 739 010a 67202D66 		.ascii	"g -ffunction-sections -ffat-lto-objects\000"
 739      66756E63 
 739      74696F6E 
 739      2D736563 
 739      74696F6E 
 740              	.LASF19:
 741 0132 45455F49 		.ascii	"EE_INT32\000"
 741      4E543332 
 741      00
 742              	.LASF8:
 743 013b 6C6F6E67 		.ascii	"long unsigned int\000"
 743      20756E73 
 743      69676E65 
 743      6420696E 
 743      7400
 744              	.LASF3:
 745 014d 73686F72 		.ascii	"short unsigned int\000"
 745      7420756E 
 745      7369676E 
 745      65642069 
 745      6E7400
 746              	.LASF30:
 747 0160 45455F6F 		.ascii	"EE_oo_IRQ_disable_count\000"
 747      6F5F4952 
 747      515F6469 
 747      7361626C 
 747      655F636F 
 748              	.LASF35:
 749 0178 49544D5F 		.ascii	"ITM_RxBuffer\000"
 749      52784275 
 749      66666572 
 749      00
 750              	.LASF42:
 751 0185 433A5C55 		.ascii	"C:\\Users\\vboxuser\\Documents\\GitHub\\EAA_GasPeda"
 751      73657273 
 751      5C76626F 
 751      78757365 
 751      725C446F 
 752 01b3 6C5C456C 		.ascii	"l\\ElectronicClock.cydsn\000"
 752      65637472 
 752      6F6E6963 
 752      436C6F63 
 752      6B2E6379 
 753              	.LASF4:
 754 01cb 5F5F7569 		.ascii	"__uint16_t\000"
 754      6E743136 
 754      5F7400
 755              	.LASF26:
ARM GAS  C:\Users\vboxuser\AppData\Local\Temp\ccJrmsHF.s 			page 17


 756 01d6 5254455F 		.ascii	"RTE_event\000"
 756      6576656E 
 756      7400
 757              	.LASF7:
 758 01e0 5F5F7569 		.ascii	"__uint32_t\000"
 758      6E743332 
 758      5F7400
 759              	.LASF29:
 760 01eb 5254455F 		.ascii	"RTE_cyclicTable_t\000"
 760      6379636C 
 760      69635461 
 760      626C655F 
 760      7400
 761              	.LASF11:
 762 01fd 756E7369 		.ascii	"unsigned int\000"
 762      676E6564 
 762      20696E74 
 762      00
 763              	.LASF22:
 764 020a 45455F46 		.ascii	"EE_FREG\000"
 764      52454700 
 765              	.LASF20:
 766 0212 45455F55 		.ascii	"EE_UINT32\000"
 766      494E5433 
 766      3200
 767              	.LASF44:
 768 021c 7469636B 		.ascii	"ticktime\000"
 768      74696D65 
 768      00
 769              	.LASF17:
 770 0225 63686172 		.ascii	"char\000"
 770      00
 771              	.LASF32:
 772 022a 45455F41 		.ascii	"EE_ApplicationMode\000"
 772      70706C69 
 772      63617469 
 772      6F6E4D6F 
 772      646500
 773              	.LASF37:
 774 023d 5254455F 		.ascii	"RTE_cyclicActivation_tsk_io_size\000"
 774      6379636C 
 774      69634163 
 774      74697661 
 774      74696F6E 
 775              	.LASF13:
 776 025e 696E7433 		.ascii	"int32_t\000"
 776      325F7400 
 777              	.LASF25:
 778 0266 73697A65 		.ascii	"sizetype\000"
 778      74797065 
 778      00
 779              	.LASF9:
 780 026f 6C6F6E67 		.ascii	"long long int\000"
 780      206C6F6E 
 780      6720696E 
 780      7400
 781              	.LASF21:
ARM GAS  C:\Users\vboxuser\AppData\Local\Temp\ccJrmsHF.s 			page 18


 782 027d 45455F55 		.ascii	"EE_UREG\000"
 782      52454700 
 783              	.LASF34:
 784 0285 45455F49 		.ascii	"EE_IRQ_nesting_level\000"
 784      52515F6E 
 784      65737469 
 784      6E675F6C 
 784      6576656C 
 785              	.LASF43:
 786 029a 46756E63 		.ascii	"Functsk_io\000"
 786      74736B5F 
 786      696F00
 787              	.LASF2:
 788 02a5 73686F72 		.ascii	"short int\000"
 788      7420696E 
 788      7400
 789              	.LASF12:
 790 02af 75696E74 		.ascii	"uint16_t\000"
 790      31365F74 
 790      00
 791              	.LASF14:
 792 02b8 75696E74 		.ascii	"uint32_t\000"
 792      33325F74 
 792      00
 793              	.LASF6:
 794 02c1 6C6F6E67 		.ascii	"long int\000"
 794      20696E74 
 794      00
 795              	.LASF18:
 796 02ca 6C6F6E67 		.ascii	"long double\000"
 796      20646F75 
 796      626C6500 
 797              	.LASF0:
 798 02d6 7369676E 		.ascii	"signed char\000"
 798      65642063 
 798      68617200 
 799              	.LASF27:
 800 02e2 5254455F 		.ascii	"RTE_pRunnable\000"
 800      7052756E 
 800      6E61626C 
 800      6500
 801              	.LASF39:
 802 02f0 45455F6F 		.ascii	"EE_oo_TerminateTask\000"
 802      6F5F5465 
 802      726D696E 
 802      61746554 
 802      61736B00 
 803              	.LASF41:
 804 0304 6173775C 		.ascii	"asw\\tsk_io.c\000"
 804      74736B5F 
 804      696F2E63 
 804      00
 805              	.LASF36:
 806 0311 5254455F 		.ascii	"RTE_cyclicActivationTable_tsk_io\000"
 806      6379636C 
 806      69634163 
 806      74697661 
ARM GAS  C:\Users\vboxuser\AppData\Local\Temp\ccJrmsHF.s 			page 19


 806      74696F6E 
 807              		.ident	"GCC: (GNU Tools for ARM Embedded Processors) 5.4.1 20160609 (release) [ARM/embedded-5-bran
