ARM GAS  C:\Users\vboxuser\AppData\Local\Temp\cc4jgDzz.s 			page 1


   1              		.syntax unified
   2              		.cpu cortex-m3
   3              		.fpu softvfp
   4              		.eabi_attribute 20, 1
   5              		.eabi_attribute 21, 1
   6              		.eabi_attribute 23, 3
   7              		.eabi_attribute 24, 1
   8              		.eabi_attribute 25, 1
   9              		.eabi_attribute 26, 1
  10              		.eabi_attribute 30, 1
  11              		.eabi_attribute 34, 1
  12              		.eabi_attribute 18, 4
  13              		.thumb
  14              		.syntax unified
  15              		.file	"ArcadianLight.c"
  16              		.text
  17              	.Ltext0:
  18              		.cfi_sections	.debug_frame
  19              		.section	.text.FADER__IsCurrentLedFullyFaded,"ax",%progbits
  20              		.align	2
  21              		.thumb
  22              		.thumb_func
  23              		.type	FADER__IsCurrentLedFullyFaded, %function
  24              	FADER__IsCurrentLedFullyFaded:
  25              	.LFB115:
  26              		.file 1 "asw\\ArcadianLight.c"
   1:asw/ArcadianLight.c **** /**
   2:asw/ArcadianLight.c **** * \file ArcadianLight.c
   3:asw/ArcadianLight.c **** * \author tienanh
   4:asw/ArcadianLight.c **** * \date 30.11.2023
   5:asw/ArcadianLight.c **** *
   6:asw/ArcadianLight.c **** * \brief <Symbolic File name>
   7:asw/ArcadianLight.c **** *
   8:asw/ArcadianLight.c **** * \copyright Copyright ©2016
   9:asw/ArcadianLight.c **** * Department of electrical engineering and information technology, Hochschule Darmstadt - Universit
  10:asw/ArcadianLight.c **** * Permission to use, copy, modify, and distribute this software and its documentation for education
  11:asw/ArcadianLight.c **** * (unless permitted by h_da) and official h_da projects, is hereby granted for enrolled students of
  12:asw/ArcadianLight.c **** * this paragraph and the following paragraph appear in all copies, modifications, and distributions
  13:asw/ArcadianLight.c **** * Contact Prof.Dr.-Ing. Peter Fromm, peter.fromm@h-da.de, Birkenweg 8 64295 Darmstadt - GERMANY for
  14:asw/ArcadianLight.c **** *
  15:asw/ArcadianLight.c **** * \warning This software is a PROTOTYPE version and is not designed or intended for use in producti
  16:asw/ArcadianLight.c **** * The user represents and warrants that it will NOT use or redistribute the Software for such purpo
  17:asw/ArcadianLight.c **** * This prototype is for research purposes only. This software is provided "AS IS," without a warran
  18:asw/ArcadianLight.c **** */
  19:asw/ArcadianLight.c **** 
  20:asw/ArcadianLight.c **** /*****************************************************************************/
  21:asw/ArcadianLight.c **** /* Include files                                                             */
  22:asw/ArcadianLight.c **** /*****************************************************************************/
  23:asw/ArcadianLight.c **** 
  24:asw/ArcadianLight.c **** #include "ArcadianLight.h"
  25:asw/ArcadianLight.c **** #include "project.h"
  26:asw/ArcadianLight.c **** #include "led.h"
  27:asw/ArcadianLight.c **** #include "logging.h"
  28:asw/ArcadianLight.c **** /*****************************************************************************/
  29:asw/ArcadianLight.c **** /* Local pre-processor symbols/macros ('#define')                            */
  30:asw/ArcadianLight.c **** /*****************************************************************************/
  31:asw/ArcadianLight.c **** #define MIN_BRIGHTNESS 0
ARM GAS  C:\Users\vboxuser\AppData\Local\Temp\cc4jgDzz.s 			page 2


  32:asw/ArcadianLight.c **** #define MAX_BRIGHTNESS 255
  33:asw/ArcadianLight.c **** // FADE_STEP can be set only to values like 1, 3, 5, 15, 17, 51, 85, and 255, which are divisible b
  34:asw/ArcadianLight.c **** #define FADE_STEP 3
  35:asw/ArcadianLight.c **** 
  36:asw/ArcadianLight.c **** #define NUM_LEDS (sizeof(leds) / sizeof(leds[0]))
  37:asw/ArcadianLight.c **** /*****************************************************************************/
  38:asw/ArcadianLight.c **** /* Global variable definitions (declared in header file with 'extern')       */
  39:asw/ArcadianLight.c **** /*****************************************************************************/
  40:asw/ArcadianLight.c **** 
  41:asw/ArcadianLight.c **** /*****************************************************************************/
  42:asw/ArcadianLight.c **** /* Local type definitions ('typedef')                                        */
  43:asw/ArcadianLight.c **** /*****************************************************************************/
  44:asw/ArcadianLight.c **** 
  45:asw/ArcadianLight.c **** typedef struct sGlowRGB {
  46:asw/ArcadianLight.c ****     uint8_t redValue;
  47:asw/ArcadianLight.c ****     uint8_t greenValue;
  48:asw/ArcadianLight.c ****     uint8_t blueValue;
  49:asw/ArcadianLight.c ****     uint16_t timeInMS;
  50:asw/ArcadianLight.c **** } RG__Glow_t;
  51:asw/ArcadianLight.c **** 
  52:asw/ArcadianLight.c **** 
  53:asw/ArcadianLight.c **** const RG__Glow_t RG__glowtable_1[] = {
  54:asw/ArcadianLight.c **** //Red Green Blue TimeInMS
  55:asw/ArcadianLight.c ****     {255,0,0,500},
  56:asw/ArcadianLight.c ****     {0,255, 0,500},
  57:asw/ArcadianLight.c ****     {0,0,255, 500},
  58:asw/ArcadianLight.c ****     {0,0,0,100},
  59:asw/ArcadianLight.c ****     {255,255, 255, 100},
  60:asw/ArcadianLight.c ****     {0,0,0,100},
  61:asw/ArcadianLight.c ****     {255,255, 255, 100},
  62:asw/ArcadianLight.c ****     {0,0,0,100},
  63:asw/ArcadianLight.c ****     {255,255, 255, 100}
  64:asw/ArcadianLight.c **** };
  65:asw/ArcadianLight.c **** 
  66:asw/ArcadianLight.c **** typedef enum {
  67:asw/ArcadianLight.c ****     LED_STATE_FADE_IN,
  68:asw/ArcadianLight.c ****     LED_STATE_FADE_OUT
  69:asw/ArcadianLight.c **** } FADER_State_t;
  70:asw/ArcadianLight.c **** 
  71:asw/ArcadianLight.c **** 
  72:asw/ArcadianLight.c **** typedef struct {
  73:asw/ArcadianLight.c ****     LED_id_t ledId;
  74:asw/ArcadianLight.c ****     uint8_t brightness;
  75:asw/ArcadianLight.c ****     FADER_State_t state;
  76:asw/ArcadianLight.c **** } RG_FADER_Control_t;
  77:asw/ArcadianLight.c **** 
  78:asw/ArcadianLight.c **** typedef enum {
  79:asw/ArcadianLight.c ****     DIRECTION_ASCENDING,
  80:asw/ArcadianLight.c ****     DIRECTION_DESCENDING
  81:asw/ArcadianLight.c **** } FADER_Direction_t;
  82:asw/ArcadianLight.c **** 
  83:asw/ArcadianLight.c **** 
  84:asw/ArcadianLight.c **** 
  85:asw/ArcadianLight.c **** /*****************************************************************************/
  86:asw/ArcadianLight.c **** /* Local variable definitions ('static')                                     */
  87:asw/ArcadianLight.c **** /*****************************************************************************/
  88:asw/ArcadianLight.c **** 
ARM GAS  C:\Users\vboxuser\AppData\Local\Temp\cc4jgDzz.s 			page 3


  89:asw/ArcadianLight.c **** static RG_FADER_Control_t leds[] = {
  90:asw/ArcadianLight.c ****     { LED_GREEN, MIN_BRIGHTNESS, LED_STATE_FADE_IN},
  91:asw/ArcadianLight.c ****     { LED_YELLOW, MIN_BRIGHTNESS, LED_STATE_FADE_OUT},
  92:asw/ArcadianLight.c ****     { LED_RED, MIN_BRIGHTNESS, LED_STATE_FADE_OUT}
  93:asw/ArcadianLight.c **** };
  94:asw/ArcadianLight.c **** 
  95:asw/ArcadianLight.c **** 
  96:asw/ArcadianLight.c **** /*****************************************************************************/
  97:asw/ArcadianLight.c **** /* Local function prototypes ('static')                                      */
  98:asw/ArcadianLight.c **** /*****************************************************************************/
  99:asw/ArcadianLight.c **** 
 100:asw/ArcadianLight.c **** /**
 101:asw/ArcadianLight.c ****  * @brief Checks if the current LED has fully faded.
 102:asw/ArcadianLight.c ****  *
 103:asw/ArcadianLight.c ****  * @return boolean_t Returns TRUE if the current LED has fully faded, otherwise FALSE.
 104:asw/ArcadianLight.c ****  */
 105:asw/ArcadianLight.c **** static boolean_t FADER__IsCurrentLedFullyFaded();
 106:asw/ArcadianLight.c **** 
 107:asw/ArcadianLight.c **** /**
 108:asw/ArcadianLight.c ****  * @brief Updates the brightness of the specified LED.
 109:asw/ArcadianLight.c ****  * 
 110:asw/ArcadianLight.c ****  * If the LED is in the LED_STATE_FADE_IN state, its brightness will be increased. 
 111:asw/ArcadianLight.c ****  * Conversely, if it's in the LED_STATE_FADE_OUT state, the brightness will be decreased.
 112:asw/ArcadianLight.c ****  * @param led Pointer to the RG_FADER_Control_t structure representing the LED to update.
 113:asw/ArcadianLight.c ****  */
 114:asw/ArcadianLight.c **** static RC_t FADER__UpdateLED(RG_FADER_Control_t *led);
 115:asw/ArcadianLight.c **** 
 116:asw/ArcadianLight.c **** /**
 117:asw/ArcadianLight.c ****  * @brief Moves to the next LED index in the sequence.
 118:asw/ArcadianLight.c ****  * The function determines the direction of the sequence and updates the next LED index accordingly
 119:asw/ArcadianLight.c ****  * @return RC_t Returns RC_SUCCESS if the index was successfully updated
 120:asw/ArcadianLight.c ****  */
 121:asw/ArcadianLight.c **** static RC_t FADER__MoveToNextLedIndex();
 122:asw/ArcadianLight.c **** 
 123:asw/ArcadianLight.c **** 
 124:asw/ArcadianLight.c **** /*****************************************************************************/
 125:asw/ArcadianLight.c **** /* Function implementation - global ('extern') and local ('static')          */
 126:asw/ArcadianLight.c **** /*****************************************************************************/
 127:asw/ArcadianLight.c **** 
 128:asw/ArcadianLight.c **** /**
 129:asw/ArcadianLight.c ****  * <Description>
 130:asw/ArcadianLight.c ****  * \param <first para>
 131:asw/ArcadianLight.c ****  * \return <return value>
 132:asw/ArcadianLight.c ****  */
 133:asw/ArcadianLight.c **** 
 134:asw/ArcadianLight.c **** static RC_t FADER__UpdateLED(RG_FADER_Control_t *led) 
 135:asw/ArcadianLight.c **** {
 136:asw/ArcadianLight.c ****     switch(led->state)
 137:asw/ArcadianLight.c ****     {
 138:asw/ArcadianLight.c ****     case LED_STATE_FADE_IN:
 139:asw/ArcadianLight.c ****         if (led->brightness < MAX_BRIGHTNESS) 
 140:asw/ArcadianLight.c ****         {
 141:asw/ArcadianLight.c ****             led->brightness += FADE_STEP;
 142:asw/ArcadianLight.c ****         } 
 143:asw/ArcadianLight.c ****         else 
 144:asw/ArcadianLight.c ****         {
 145:asw/ArcadianLight.c ****             led->state = LED_STATE_FADE_OUT; // set to other state after reaching maximum brightnes
ARM GAS  C:\Users\vboxuser\AppData\Local\Temp\cc4jgDzz.s 			page 4


 146:asw/ArcadianLight.c ****         }
 147:asw/ArcadianLight.c ****         break;
 148:asw/ArcadianLight.c ****     case LED_STATE_FADE_OUT:
 149:asw/ArcadianLight.c ****         if (led->brightness > MIN_BRIGHTNESS) 
 150:asw/ArcadianLight.c ****         {
 151:asw/ArcadianLight.c ****             led->brightness -= FADE_STEP;
 152:asw/ArcadianLight.c ****         } 
 153:asw/ArcadianLight.c ****         else 
 154:asw/ArcadianLight.c ****         {
 155:asw/ArcadianLight.c ****             led->state = LED_STATE_FADE_IN; // Ready to fade in next cycle    
 156:asw/ArcadianLight.c ****         }
 157:asw/ArcadianLight.c ****         break;
 158:asw/ArcadianLight.c ****     }
 159:asw/ArcadianLight.c ****     LED_Brightness_Set(led->ledId, led->brightness);
 160:asw/ArcadianLight.c ****     return RC_SUCCESS;
 161:asw/ArcadianLight.c **** }
 162:asw/ArcadianLight.c **** 
 163:asw/ArcadianLight.c **** 
 164:asw/ArcadianLight.c **** static uint8_t currentLedIndex = 0;    // Index of the current LED
 165:asw/ArcadianLight.c **** static FADER_Direction_t currentDirection = 1;          // Direction of cycling: 1 for ascending, 0
 166:asw/ArcadianLight.c **** 
 167:asw/ArcadianLight.c **** 
 168:asw/ArcadianLight.c **** static boolean_t FADER__IsCurrentLedFullyFaded() {
  27              		.loc 1 168 0
  28              		.cfi_startproc
  29              		@ args = 0, pretend = 0, frame = 0
  30              		@ frame_needed = 0, uses_anonymous_args = 0
  31              		@ link register save eliminated.
 169:asw/ArcadianLight.c ****     return (leds[currentLedIndex].state == LED_STATE_FADE_OUT && leds[currentLedIndex].brightness =
  32              		.loc 1 169 0
  33 0000 094B     		ldr	r3, .L5
  34 0002 1B78     		ldrb	r3, [r3]	@ zero_extendqisi2
  35 0004 03EB4302 		add	r2, r3, r3, lsl #1
  36 0008 0849     		ldr	r1, .L5+4
  37 000a 0A44     		add	r2, r2, r1
  38 000c 9278     		ldrb	r2, [r2, #2]	@ zero_extendqisi2
  39 000e 012A     		cmp	r2, #1
  40 0010 06D1     		bne	.L3
  41              		.loc 1 169 0 is_stmt 0 discriminator 1
  42 0012 03EB4303 		add	r3, r3, r3, lsl #1
  43 0016 0B44     		add	r3, r3, r1
  44 0018 5B78     		ldrb	r3, [r3, #1]	@ zero_extendqisi2
  45 001a 1BB1     		cbz	r3, .L4
  46              		.loc 1 169 0
  47 001c 0020     		movs	r0, #0
  48 001e 7047     		bx	lr
  49              	.L3:
  50 0020 0020     		movs	r0, #0
  51 0022 7047     		bx	lr
  52              	.L4:
  53 0024 0120     		movs	r0, #1
 170:asw/ArcadianLight.c **** }
  54              		.loc 1 170 0 is_stmt 1
  55 0026 7047     		bx	lr
  56              	.L6:
  57              		.align	2
  58              	.L5:
ARM GAS  C:\Users\vboxuser\AppData\Local\Temp\cc4jgDzz.s 			page 5


  59 0028 00000000 		.word	.LANCHOR0
  60 002c 00000000 		.word	.LANCHOR1
  61              		.cfi_endproc
  62              	.LFE115:
  63              		.size	FADER__IsCurrentLedFullyFaded, .-FADER__IsCurrentLedFullyFaded
  64              		.section	.text.FADER__MoveToNextLedIndex,"ax",%progbits
  65              		.align	2
  66              		.thumb
  67              		.thumb_func
  68              		.type	FADER__MoveToNextLedIndex, %function
  69              	FADER__MoveToNextLedIndex:
  70              	.LFB116:
 171:asw/ArcadianLight.c **** 
 172:asw/ArcadianLight.c **** 
 173:asw/ArcadianLight.c **** static RC_t FADER__MoveToNextLedIndex() {
  71              		.loc 1 173 0
  72              		.cfi_startproc
  73              		@ args = 0, pretend = 0, frame = 0
  74              		@ frame_needed = 0, uses_anonymous_args = 0
  75              		@ link register save eliminated.
 174:asw/ArcadianLight.c ****     switch(currentDirection)
  76              		.loc 1 174 0
  77 0000 114B     		ldr	r3, .L13
  78 0002 5B7A     		ldrb	r3, [r3, #9]	@ zero_extendqisi2
  79 0004 13B1     		cbz	r3, .L9
  80 0006 012B     		cmp	r3, #1
  81 0008 0FD0     		beq	.L10
  82 000a 1BE0     		b	.L8
  83              	.L9:
 175:asw/ArcadianLight.c ****     {
 176:asw/ArcadianLight.c ****     case DIRECTION_ASCENDING:
 177:asw/ArcadianLight.c ****         if (currentLedIndex >= NUM_LEDS - 1) 
  84              		.loc 1 177 0
  85 000c 0F4B     		ldr	r3, .L13+4
  86 000e 1B78     		ldrb	r3, [r3]	@ zero_extendqisi2
  87 0010 012B     		cmp	r3, #1
  88 0012 06D9     		bls	.L11
 178:asw/ArcadianLight.c ****         {
 179:asw/ArcadianLight.c ****             currentDirection = DIRECTION_DESCENDING;
  89              		.loc 1 179 0
  90 0014 0121     		movs	r1, #1
  91 0016 0C4A     		ldr	r2, .L13
  92 0018 5172     		strb	r1, [r2, #9]
 180:asw/ArcadianLight.c ****             currentLedIndex--; // Change direction and update index
  93              		.loc 1 180 0
  94 001a 013B     		subs	r3, r3, #1
  95 001c 0B4A     		ldr	r2, .L13+4
  96 001e 1370     		strb	r3, [r2]
  97 0020 10E0     		b	.L8
  98              	.L11:
 181:asw/ArcadianLight.c ****         } 
 182:asw/ArcadianLight.c ****         else 
 183:asw/ArcadianLight.c ****         {
 184:asw/ArcadianLight.c ****             currentLedIndex++; // Continue in the same direction
  99              		.loc 1 184 0
 100 0022 0133     		adds	r3, r3, #1
 101 0024 094A     		ldr	r2, .L13+4
ARM GAS  C:\Users\vboxuser\AppData\Local\Temp\cc4jgDzz.s 			page 6


 102 0026 1370     		strb	r3, [r2]
 103 0028 0CE0     		b	.L8
 104              	.L10:
 185:asw/ArcadianLight.c ****         }
 186:asw/ArcadianLight.c ****         break;
 187:asw/ArcadianLight.c ****     case DIRECTION_DESCENDING:
 188:asw/ArcadianLight.c ****         if (currentLedIndex == 0)
 105              		.loc 1 188 0
 106 002a 084B     		ldr	r3, .L13+4
 107 002c 1B78     		ldrb	r3, [r3]	@ zero_extendqisi2
 108 002e 33B9     		cbnz	r3, .L12
 189:asw/ArcadianLight.c ****         {
 190:asw/ArcadianLight.c ****             currentDirection = DIRECTION_ASCENDING;
 109              		.loc 1 190 0
 110 0030 0021     		movs	r1, #0
 111 0032 054A     		ldr	r2, .L13
 112 0034 5172     		strb	r1, [r2, #9]
 191:asw/ArcadianLight.c ****             currentLedIndex++; // Change direction and update index
 113              		.loc 1 191 0
 114 0036 0133     		adds	r3, r3, #1
 115 0038 044A     		ldr	r2, .L13+4
 116 003a 1370     		strb	r3, [r2]
 117 003c 02E0     		b	.L8
 118              	.L12:
 192:asw/ArcadianLight.c ****         } 
 193:asw/ArcadianLight.c ****         else
 194:asw/ArcadianLight.c ****         {
 195:asw/ArcadianLight.c ****             currentLedIndex--; // Continue in the same direction
 119              		.loc 1 195 0
 120 003e 013B     		subs	r3, r3, #1
 121 0040 024A     		ldr	r2, .L13+4
 122 0042 1370     		strb	r3, [r2]
 123              	.L8:
 196:asw/ArcadianLight.c ****         }
 197:asw/ArcadianLight.c ****         break;
 198:asw/ArcadianLight.c ****     }
 199:asw/ArcadianLight.c ****     return RC_SUCCESS;
 200:asw/ArcadianLight.c ****         
 201:asw/ArcadianLight.c **** 
 202:asw/ArcadianLight.c **** 
 203:asw/ArcadianLight.c **** }
 124              		.loc 1 203 0
 125 0044 0020     		movs	r0, #0
 126 0046 7047     		bx	lr
 127              	.L14:
 128              		.align	2
 129              	.L13:
 130 0048 00000000 		.word	.LANCHOR1
 131 004c 00000000 		.word	.LANCHOR0
 132              		.cfi_endproc
 133              	.LFE116:
 134              		.size	FADER__MoveToNextLedIndex, .-FADER__MoveToNextLedIndex
 135              		.section	.text.FADER__UpdateLED,"ax",%progbits
 136              		.align	2
 137              		.thumb
 138              		.thumb_func
 139              		.type	FADER__UpdateLED, %function
ARM GAS  C:\Users\vboxuser\AppData\Local\Temp\cc4jgDzz.s 			page 7


 140              	FADER__UpdateLED:
 141              	.LFB114:
 135:asw/ArcadianLight.c ****     switch(led->state)
 142              		.loc 1 135 0
 143              		.cfi_startproc
 144              		@ args = 0, pretend = 0, frame = 0
 145              		@ frame_needed = 0, uses_anonymous_args = 0
 146              	.LVL0:
 147 0000 08B5     		push	{r3, lr}
 148              		.cfi_def_cfa_offset 8
 149              		.cfi_offset 3, -8
 150              		.cfi_offset 14, -4
 136:asw/ArcadianLight.c ****     {
 151              		.loc 1 136 0
 152 0002 8378     		ldrb	r3, [r0, #2]	@ zero_extendqisi2
 153 0004 13B1     		cbz	r3, .L17
 154 0006 012B     		cmp	r3, #1
 155 0008 09D0     		beq	.L18
 156 000a 0FE0     		b	.L16
 157              	.L17:
 139:asw/ArcadianLight.c ****         {
 158              		.loc 1 139 0
 159 000c 4378     		ldrb	r3, [r0, #1]	@ zero_extendqisi2
 160 000e FF2B     		cmp	r3, #255
 161 0010 02D0     		beq	.L19
 141:asw/ArcadianLight.c ****         } 
 162              		.loc 1 141 0
 163 0012 0333     		adds	r3, r3, #3
 164 0014 4370     		strb	r3, [r0, #1]
 165 0016 09E0     		b	.L16
 166              	.L19:
 145:asw/ArcadianLight.c ****         }
 167              		.loc 1 145 0
 168 0018 0123     		movs	r3, #1
 169 001a 8370     		strb	r3, [r0, #2]
 170 001c 06E0     		b	.L16
 171              	.L18:
 149:asw/ArcadianLight.c ****         {
 172              		.loc 1 149 0
 173 001e 4378     		ldrb	r3, [r0, #1]	@ zero_extendqisi2
 174 0020 13B1     		cbz	r3, .L20
 151:asw/ArcadianLight.c ****         } 
 175              		.loc 1 151 0
 176 0022 033B     		subs	r3, r3, #3
 177 0024 4370     		strb	r3, [r0, #1]
 178 0026 01E0     		b	.L16
 179              	.L20:
 155:asw/ArcadianLight.c ****         }
 180              		.loc 1 155 0
 181 0028 0023     		movs	r3, #0
 182 002a 8370     		strb	r3, [r0, #2]
 183              	.L16:
 159:asw/ArcadianLight.c ****     return RC_SUCCESS;
 184              		.loc 1 159 0
 185 002c 4178     		ldrb	r1, [r0, #1]	@ zero_extendqisi2
 186 002e 0078     		ldrb	r0, [r0]	@ zero_extendqisi2
 187              	.LVL1:
ARM GAS  C:\Users\vboxuser\AppData\Local\Temp\cc4jgDzz.s 			page 8


 188 0030 FFF7FEFF 		bl	LED_Brightness_Set
 189              	.LVL2:
 161:asw/ArcadianLight.c **** 
 190              		.loc 1 161 0
 191 0034 0020     		movs	r0, #0
 192 0036 08BD     		pop	{r3, pc}
 193              		.cfi_endproc
 194              	.LFE114:
 195              		.size	FADER__UpdateLED, .-FADER__UpdateLED
 196              		.section	.text.RG_Fader_run,"ax",%progbits
 197              		.align	2
 198              		.global	RG_Fader_run
 199              		.thumb
 200              		.thumb_func
 201              		.type	RG_Fader_run, %function
 202              	RG_Fader_run:
 203              	.LFB117:
 204:asw/ArcadianLight.c **** /**
 205:asw/ArcadianLight.c ****  * @brief Run the knight rider LED effect on a set of three LEDs.
 206:asw/ArcadianLight.c ****  *
 207:asw/ArcadianLight.c ****  * This function controls each LED's brightness and creates a back-and-forth scanning
 208:asw/ArcadianLight.c ****  * effect reminiscent of the "Knight Rider" car
 209:asw/ArcadianLight.c ****  *
 210:asw/ArcadianLight.c ****  * @return RC_SUCCESS if running without error
 211:asw/ArcadianLight.c ****  */
 212:asw/ArcadianLight.c **** RC_t RG_Fader_run() {
 204              		.loc 1 212 0
 205              		.cfi_startproc
 206              		@ args = 0, pretend = 0, frame = 0
 207              		@ frame_needed = 0, uses_anonymous_args = 0
 208 0000 08B5     		push	{r3, lr}
 209              		.cfi_def_cfa_offset 8
 210              		.cfi_offset 3, -8
 211              		.cfi_offset 14, -4
 213:asw/ArcadianLight.c **** 
 214:asw/ArcadianLight.c **** 
 215:asw/ArcadianLight.c ****     // Update brightness value of the current LED
 216:asw/ArcadianLight.c ****     FADER__UpdateLED(&leds[currentLedIndex]);
 212              		.loc 1 216 0
 213 0002 074B     		ldr	r3, .L25
 214 0004 1878     		ldrb	r0, [r3]	@ zero_extendqisi2
 215 0006 00EB4000 		add	r0, r0, r0, lsl #1
 216 000a 064B     		ldr	r3, .L25+4
 217 000c 1844     		add	r0, r0, r3
 218 000e FFF7FEFF 		bl	FADER__UpdateLED
 219              	.LVL3:
 217:asw/ArcadianLight.c ****     // check if it's fully faded, then move to next led based on current direction
 218:asw/ArcadianLight.c ****     if (FADER__IsCurrentLedFullyFaded())
 220              		.loc 1 218 0
 221 0012 FFF7FEFF 		bl	FADER__IsCurrentLedFullyFaded
 222              	.LVL4:
 223 0016 08B1     		cbz	r0, .L23
 219:asw/ArcadianLight.c ****     {
 220:asw/ArcadianLight.c ****         FADER__MoveToNextLedIndex();
 224              		.loc 1 220 0
 225 0018 FFF7FEFF 		bl	FADER__MoveToNextLedIndex
 226              	.LVL5:
ARM GAS  C:\Users\vboxuser\AppData\Local\Temp\cc4jgDzz.s 			page 9


 227              	.L23:
 221:asw/ArcadianLight.c ****     }
 222:asw/ArcadianLight.c ****     
 223:asw/ArcadianLight.c ****     return RC_SUCCESS;
 224:asw/ArcadianLight.c **** }
 228              		.loc 1 224 0
 229 001c 0020     		movs	r0, #0
 230 001e 08BD     		pop	{r3, pc}
 231              	.L26:
 232              		.align	2
 233              	.L25:
 234 0020 00000000 		.word	.LANCHOR0
 235 0024 00000000 		.word	.LANCHOR1
 236              		.cfi_endproc
 237              	.LFE117:
 238              		.size	RG_Fader_run, .-RG_Fader_run
 239              		.section	.text.RG_Glower_Init,"ax",%progbits
 240              		.align	2
 241              		.global	RG_Glower_Init
 242              		.thumb
 243              		.thumb_func
 244              		.type	RG_Glower_Init, %function
 245              	RG_Glower_Init:
 246              	.LFB118:
 225:asw/ArcadianLight.c **** /**
 226:asw/ArcadianLight.c ****  * @brief Initialize the RGB LED.
 227:asw/ArcadianLight.c ****  *
 228:asw/ArcadianLight.c ****  * This function initializes the RGB LED system
 229:asw/ArcadianLight.c ****  *
 230:asw/ArcadianLight.c ****  * @return RC_SUCCESS if running without error
 231:asw/ArcadianLight.c ****  */
 232:asw/ArcadianLight.c **** RC_t RG_Glower_Init()
 233:asw/ArcadianLight.c **** {
 247              		.loc 1 233 0
 248              		.cfi_startproc
 249              		@ args = 0, pretend = 0, frame = 0
 250              		@ frame_needed = 0, uses_anonymous_args = 0
 251 0000 08B5     		push	{r3, lr}
 252              		.cfi_def_cfa_offset 8
 253              		.cfi_offset 3, -8
 254              		.cfi_offset 14, -4
 234:asw/ArcadianLight.c ****     LED_RGB_Set(RG__glowtable_1[0].redValue, RG__glowtable_1[0].greenValue, RG__glowtable_1[0].blue
 255              		.loc 1 234 0
 256 0002 0022     		movs	r2, #0
 257 0004 1146     		mov	r1, r2
 258 0006 FF20     		movs	r0, #255
 259 0008 FFF7FEFF 		bl	LED_RGB_Set
 260              	.LVL6:
 235:asw/ArcadianLight.c ****     SetRelAlarm(alrm_waitingTick, RG__glowtable_1[0].timeInMS, 0);
 261              		.loc 1 235 0
 262 000c 0022     		movs	r2, #0
 263 000e 4FF4FA71 		mov	r1, #500
 264 0012 0120     		movs	r0, #1
 265 0014 FFF7FEFF 		bl	EE_oo_SetRelAlarm
 266              	.LVL7:
 236:asw/ArcadianLight.c ****     return RC_SUCCESS;
 237:asw/ArcadianLight.c **** }
ARM GAS  C:\Users\vboxuser\AppData\Local\Temp\cc4jgDzz.s 			page 10


 267              		.loc 1 237 0
 268 0018 0020     		movs	r0, #0
 269 001a 08BD     		pop	{r3, pc}
 270              		.cfi_endproc
 271              	.LFE118:
 272              		.size	RG_Glower_Init, .-RG_Glower_Init
 273              		.section	.text.RG_Glower_run,"ax",%progbits
 274              		.align	2
 275              		.global	RG_Glower_run
 276              		.thumb
 277              		.thumb_func
 278              		.type	RG_Glower_run, %function
 279              	RG_Glower_run:
 280              	.LFB119:
 238:asw/ArcadianLight.c **** 
 239:asw/ArcadianLight.c **** /**
 240:asw/ArcadianLight.c ****  * @brief Run the RGB LED based on a predefined glow table.
 241:asw/ArcadianLight.c ****  *
 242:asw/ArcadianLight.c ****  *
 243:asw/ArcadianLight.c ****  * @return RC_SUCCESS if running without error
 244:asw/ArcadianLight.c ****  */
 245:asw/ArcadianLight.c **** RC_t RG_Glower_run()
 246:asw/ArcadianLight.c **** {
 281              		.loc 1 246 0
 282              		.cfi_startproc
 283              		@ args = 0, pretend = 0, frame = 0
 284              		@ frame_needed = 0, uses_anonymous_args = 0
 285 0000 38B5     		push	{r3, r4, r5, lr}
 286              		.cfi_def_cfa_offset 16
 287              		.cfi_offset 3, -16
 288              		.cfi_offset 4, -12
 289              		.cfi_offset 5, -8
 290              		.cfi_offset 14, -4
 247:asw/ArcadianLight.c ****     static uint8_t currentIndex =0;
 248:asw/ArcadianLight.c ****     // increase to next index on glow table
 249:asw/ArcadianLight.c ****     currentIndex = (currentIndex + 1) % (sizeof(RG__glowtable_1) / sizeof(RG__Glow_t));
 291              		.loc 1 249 0
 292 0002 114C     		ldr	r4, .L31
 293 0004 6278     		ldrb	r2, [r4, #1]	@ zero_extendqisi2
 294 0006 0132     		adds	r2, r2, #1
 295 0008 104B     		ldr	r3, .L31+4
 296 000a A3FB0213 		umull	r1, r3, r3, r2
 297 000e 5B08     		lsrs	r3, r3, #1
 298 0010 03EBC303 		add	r3, r3, r3, lsl #3
 299 0014 D31A     		subs	r3, r2, r3
 300 0016 DBB2     		uxtb	r3, r3
 301 0018 6370     		strb	r3, [r4, #1]
 250:asw/ArcadianLight.c ****     LED_RGB_Set(RG__glowtable_1[currentIndex].redValue,RG__glowtable_1[currentIndex].greenValue, RG
 302              		.loc 1 250 0
 303 001a 0D4D     		ldr	r5, .L31+8
 304 001c 5A00     		lsls	r2, r3, #1
 305 001e D018     		adds	r0, r2, r3
 306 0020 4100     		lsls	r1, r0, #1
 307 0022 0846     		mov	r0, r1
 308 0024 2944     		add	r1, r1, r5
 309 0026 8A78     		ldrb	r2, [r1, #2]	@ zero_extendqisi2
 310 0028 4978     		ldrb	r1, [r1, #1]	@ zero_extendqisi2
ARM GAS  C:\Users\vboxuser\AppData\Local\Temp\cc4jgDzz.s 			page 11


 311 002a 285C     		ldrb	r0, [r5, r0]	@ zero_extendqisi2
 312 002c FFF7FEFF 		bl	LED_RGB_Set
 313              	.LVL8:
 251:asw/ArcadianLight.c ****     // set an alarm that will activate this basic task again after defined time
 252:asw/ArcadianLight.c ****     SetRelAlarm(alrm_waitingTick, RG__glowtable_1[currentIndex].timeInMS, 0);
 314              		.loc 1 252 0
 315 0030 6378     		ldrb	r3, [r4, #1]	@ zero_extendqisi2
 316 0032 03EB4303 		add	r3, r3, r3, lsl #1
 317 0036 5A00     		lsls	r2, r3, #1
 318 0038 1544     		add	r5, r5, r2
 319 003a 0022     		movs	r2, #0
 320 003c A988     		ldrh	r1, [r5, #4]
 321 003e 0120     		movs	r0, #1
 322 0040 FFF7FEFF 		bl	EE_oo_SetRelAlarm
 323              	.LVL9:
 253:asw/ArcadianLight.c **** 
 254:asw/ArcadianLight.c ****     return RC_SUCCESS;
 255:asw/ArcadianLight.c **** }
 324              		.loc 1 255 0
 325 0044 0020     		movs	r0, #0
 326 0046 38BD     		pop	{r3, r4, r5, pc}
 327              	.L32:
 328              		.align	2
 329              	.L31:
 330 0048 00000000 		.word	.LANCHOR0
 331 004c 398EE338 		.word	954437177
 332 0050 00000000 		.word	.LANCHOR2
 333              		.cfi_endproc
 334              	.LFE119:
 335              		.size	RG_Glower_run, .-RG_Glower_run
 336              		.global	RG__glowtable_1
 337              		.section	.rodata
 338              		.align	2
 339              		.set	.LANCHOR2,. + 0
 340              		.type	RG__glowtable_1, %object
 341              		.size	RG__glowtable_1, 54
 342              	RG__glowtable_1:
 343 0000 FF       		.byte	-1
 344 0001 00       		.byte	0
 345 0002 00       		.byte	0
 346 0003 00       		.space	1
 347 0004 F401     		.short	500
 348 0006 00       		.byte	0
 349 0007 FF       		.byte	-1
 350 0008 00       		.byte	0
 351 0009 00       		.space	1
 352 000a F401     		.short	500
 353 000c 00       		.byte	0
 354 000d 00       		.byte	0
 355 000e FF       		.byte	-1
 356 000f 00       		.space	1
 357 0010 F401     		.short	500
 358 0012 00       		.byte	0
 359 0013 00       		.byte	0
 360 0014 00       		.byte	0
 361 0015 00       		.space	1
 362 0016 6400     		.short	100
ARM GAS  C:\Users\vboxuser\AppData\Local\Temp\cc4jgDzz.s 			page 12


 363 0018 FF       		.byte	-1
 364 0019 FF       		.byte	-1
 365 001a FF       		.byte	-1
 366 001b 00       		.space	1
 367 001c 6400     		.short	100
 368 001e 00       		.byte	0
 369 001f 00       		.byte	0
 370 0020 00       		.byte	0
 371 0021 00       		.space	1
 372 0022 6400     		.short	100
 373 0024 FF       		.byte	-1
 374 0025 FF       		.byte	-1
 375 0026 FF       		.byte	-1
 376 0027 00       		.space	1
 377 0028 6400     		.short	100
 378 002a 00       		.byte	0
 379 002b 00       		.byte	0
 380 002c 00       		.byte	0
 381 002d 00       		.space	1
 382 002e 6400     		.short	100
 383 0030 FF       		.byte	-1
 384 0031 FF       		.byte	-1
 385 0032 FF       		.byte	-1
 386 0033 00       		.space	1
 387 0034 6400     		.short	100
 388              		.data
 389              		.align	2
 390              		.set	.LANCHOR1,. + 0
 391              		.type	leds, %object
 392              		.size	leds, 9
 393              	leds:
 394 0000 02       		.byte	2
 395 0001 00       		.byte	0
 396 0002 00       		.byte	0
 397 0003 01       		.byte	1
 398 0004 00       		.byte	0
 399 0005 01       		.byte	1
 400 0006 00       		.byte	0
 401 0007 00       		.byte	0
 402 0008 01       		.byte	1
 403              		.type	currentDirection, %object
 404              		.size	currentDirection, 1
 405              	currentDirection:
 406 0009 01       		.byte	1
 407              		.bss
 408              		.set	.LANCHOR0,. + 0
 409              		.type	currentLedIndex, %object
 410              		.size	currentLedIndex, 1
 411              	currentLedIndex:
 412 0000 00       		.space	1
 413              		.type	currentIndex.7913, %object
 414              		.size	currentIndex.7913, 1
 415              	currentIndex.7913:
 416 0001 00       		.space	1
 417              		.text
 418              	.Letext0:
 419              		.file 2 ".\\bsw/global.h"
ARM GAS  C:\Users\vboxuser\AppData\Local\Temp\cc4jgDzz.s 			page 13


 420              		.file 3 "c:\\program files (x86)\\cypress\\psoc creator\\4.4\\psoc creator\\import\\gnu\\arm\\5.4.
 421              		.file 4 "c:\\program files (x86)\\cypress\\psoc creator\\4.4\\psoc creator\\import\\gnu\\arm\\5.4.
 422              		.file 5 "Generated_Source\\PSoC5/ErikaOS_1_common_ee_types.inc"
 423              		.file 6 "Generated_Source\\PSoC5/ErikaOS_1_cortex_mx_ee_cpu.inc"
 424              		.file 7 ".\\bsw\\LabBoard/led.h"
 425              		.file 8 "Generated_Source\\PSoC5/ErikaOS_1_ee_oo_intfunc.inc"
 426              		.file 9 "Generated_Source\\PSoC5/ErikaOS_1_cortex_mx_ee_context.inc"
 427              		.file 10 "Generated_Source\\PSoC5/ErikaOS_1_common_ee_primitives.inc"
 428              		.file 11 "Generated_Source\\PSoC5/core_cm3.h"
 429              		.file 12 "Generated_Source\\PSoC5/ErikaOS_1_ee_oo_kernel.inc"
 430              		.section	.debug_info,"",%progbits
 431              	.Ldebug_info0:
 432 0000 BF040000 		.4byte	0x4bf
 433 0004 0400     		.2byte	0x4
 434 0006 00000000 		.4byte	.Ldebug_abbrev0
 435 000a 04       		.byte	0x4
 436 000b 01       		.uleb128 0x1
 437 000c C5030000 		.4byte	.LASF90
 438 0010 0C       		.byte	0xc
 439 0011 53040000 		.4byte	.LASF91
 440 0015 6A020000 		.4byte	.LASF92
 441 0019 00000000 		.4byte	.Ldebug_ranges0+0
 442 001d 00000000 		.4byte	0
 443 0021 00000000 		.4byte	.Ldebug_line0
 444 0025 02       		.uleb128 0x2
 445 0026 01       		.byte	0x1
 446 0027 06       		.byte	0x6
 447 0028 05030000 		.4byte	.LASF0
 448 002c 03       		.uleb128 0x3
 449 002d 08010000 		.4byte	.LASF3
 450 0031 02       		.byte	0x2
 451 0032 91       		.byte	0x91
 452 0033 37000000 		.4byte	0x37
 453 0037 02       		.uleb128 0x2
 454 0038 01       		.byte	0x1
 455 0039 08       		.byte	0x8
 456 003a DA020000 		.4byte	.LASF1
 457 003e 02       		.uleb128 0x2
 458 003f 02       		.byte	0x2
 459 0040 05       		.byte	0x5
 460 0041 72000000 		.4byte	.LASF2
 461 0045 03       		.uleb128 0x3
 462 0046 54030000 		.4byte	.LASF4
 463 004a 02       		.byte	0x2
 464 004b 93       		.byte	0x93
 465 004c 50000000 		.4byte	0x50
 466 0050 02       		.uleb128 0x2
 467 0051 02       		.byte	0x2
 468 0052 07       		.byte	0x7
 469 0053 B2030000 		.4byte	.LASF5
 470 0057 02       		.uleb128 0x2
 471 0058 04       		.byte	0x4
 472 0059 05       		.byte	0x5
 473 005a E9010000 		.4byte	.LASF6
 474 005e 02       		.uleb128 0x2
 475 005f 04       		.byte	0x4
 476 0060 07       		.byte	0x7
ARM GAS  C:\Users\vboxuser\AppData\Local\Temp\cc4jgDzz.s 			page 14


 477 0061 CF040000 		.4byte	.LASF7
 478 0065 02       		.uleb128 0x2
 479 0066 04       		.byte	0x4
 480 0067 04       		.byte	0x4
 481 0068 83010000 		.4byte	.LASF8
 482 006c 02       		.uleb128 0x2
 483 006d 08       		.byte	0x8
 484 006e 04       		.byte	0x4
 485 006f 7D050000 		.4byte	.LASF9
 486 0073 02       		.uleb128 0x2
 487 0074 08       		.byte	0x8
 488 0075 05       		.byte	0x5
 489 0076 96010000 		.4byte	.LASF10
 490 007a 02       		.uleb128 0x2
 491 007b 08       		.byte	0x8
 492 007c 07       		.byte	0x7
 493 007d 19030000 		.4byte	.LASF11
 494 0081 03       		.uleb128 0x3
 495 0082 5A020000 		.4byte	.LASF12
 496 0086 02       		.byte	0x2
 497 0087 9C       		.byte	0x9c
 498 0088 37000000 		.4byte	0x37
 499 008c 02       		.uleb128 0x2
 500 008d 01       		.byte	0x1
 501 008e 08       		.byte	0x8
 502 008f 67040000 		.4byte	.LASF13
 503 0093 04       		.uleb128 0x4
 504 0094 01       		.byte	0x1
 505 0095 25000000 		.4byte	0x25
 506 0099 02       		.byte	0x2
 507 009a CF       		.byte	0xcf
 508 009b 3C010000 		.4byte	0x13c
 509 009f 05       		.uleb128 0x5
 510 00a0 39000000 		.4byte	.LASF14
 511 00a4 00       		.byte	0
 512 00a5 06       		.uleb128 0x6
 513 00a6 9A050000 		.4byte	.LASF15
 514 00aa 7F       		.sleb128 -1
 515 00ab 06       		.uleb128 0x6
 516 00ac 7A030000 		.4byte	.LASF16
 517 00b0 7E       		.sleb128 -2
 518 00b1 06       		.uleb128 0x6
 519 00b2 B9000000 		.4byte	.LASF17
 520 00b6 7D       		.sleb128 -3
 521 00b7 06       		.uleb128 0x6
 522 00b8 AB050000 		.4byte	.LASF18
 523 00bc 7C       		.sleb128 -4
 524 00bd 06       		.uleb128 0x6
 525 00be 74010000 		.4byte	.LASF19
 526 00c2 7B       		.sleb128 -5
 527 00c3 06       		.uleb128 0x6
 528 00c4 D3050000 		.4byte	.LASF20
 529 00c8 7A       		.sleb128 -6
 530 00c9 06       		.uleb128 0x6
 531 00ca F2010000 		.4byte	.LASF21
 532 00ce 79       		.sleb128 -7
 533 00cf 06       		.uleb128 0x6
ARM GAS  C:\Users\vboxuser\AppData\Local\Temp\cc4jgDzz.s 			page 15


 534 00d0 6C040000 		.4byte	.LASF22
 535 00d4 78       		.sleb128 -8
 536 00d5 06       		.uleb128 0x6
 537 00d6 88030000 		.4byte	.LASF23
 538 00da 77       		.sleb128 -9
 539 00db 06       		.uleb128 0x6
 540 00dc CF000000 		.4byte	.LASF24
 541 00e0 76       		.sleb128 -10
 542 00e1 06       		.uleb128 0x6
 543 00e2 0C060000 		.4byte	.LASF25
 544 00e6 75       		.sleb128 -11
 545 00e7 06       		.uleb128 0x6
 546 00e8 46030000 		.4byte	.LASF26
 547 00ec 74       		.sleb128 -12
 548 00ed 06       		.uleb128 0x6
 549 00ee 06050000 		.4byte	.LASF27
 550 00f2 73       		.sleb128 -13
 551 00f3 06       		.uleb128 0x6
 552 00f4 26000000 		.4byte	.LASF28
 553 00f8 72       		.sleb128 -14
 554 00f9 06       		.uleb128 0x6
 555 00fa 44000000 		.4byte	.LASF29
 556 00fe 71       		.sleb128 -15
 557 00ff 06       		.uleb128 0x6
 558 0100 22020000 		.4byte	.LASF30
 559 0104 70       		.sleb128 -16
 560 0105 06       		.uleb128 0x6
 561 0106 92040000 		.4byte	.LASF31
 562 010a 6F       		.sleb128 -17
 563 010b 06       		.uleb128 0x6
 564 010c 96000000 		.4byte	.LASF32
 565 0110 6E       		.sleb128 -18
 566 0111 06       		.uleb128 0x6
 567 0112 C5010000 		.4byte	.LASF33
 568 0116 6D       		.sleb128 -19
 569 0117 06       		.uleb128 0x6
 570 0118 E8020000 		.4byte	.LASF34
 571 011c 6C       		.sleb128 -20
 572 011d 06       		.uleb128 0x6
 573 011e 48020000 		.4byte	.LASF35
 574 0122 6B       		.sleb128 -21
 575 0123 06       		.uleb128 0x6
 576 0124 6B050000 		.4byte	.LASF36
 577 0128 6A       		.sleb128 -22
 578 0129 06       		.uleb128 0x6
 579 012a 10010000 		.4byte	.LASF37
 580 012e 69       		.sleb128 -23
 581 012f 06       		.uleb128 0x6
 582 0130 D8010000 		.4byte	.LASF38
 583 0134 68       		.sleb128 -24
 584 0135 06       		.uleb128 0x6
 585 0136 E8000000 		.4byte	.LASF39
 586 013a 67       		.sleb128 -25
 587 013b 00       		.byte	0
 588 013c 03       		.uleb128 0x3
 589 013d 07060000 		.4byte	.LASF40
 590 0141 02       		.byte	0x2
ARM GAS  C:\Users\vboxuser\AppData\Local\Temp\cc4jgDzz.s 			page 16


 591 0142 EA       		.byte	0xea
 592 0143 93000000 		.4byte	0x93
 593 0147 03       		.uleb128 0x3
 594 0148 3C050000 		.4byte	.LASF41
 595 014c 03       		.byte	0x3
 596 014d 3F       		.byte	0x3f
 597 014e 57000000 		.4byte	0x57
 598 0152 07       		.uleb128 0x7
 599 0153 04       		.byte	0x4
 600 0154 05       		.byte	0x5
 601 0155 696E7400 		.ascii	"int\000"
 602 0159 02       		.uleb128 0x2
 603 015a 04       		.byte	0x4
 604 015b 07       		.byte	0x7
 605 015c 39030000 		.4byte	.LASF42
 606 0160 03       		.uleb128 0x3
 607 0161 11030000 		.4byte	.LASF43
 608 0165 04       		.byte	0x4
 609 0166 2C       		.byte	0x2c
 610 0167 47010000 		.4byte	0x147
 611 016b 02       		.uleb128 0x2
 612 016c 08       		.byte	0x8
 613 016d 04       		.byte	0x4
 614 016e A7020000 		.4byte	.LASF44
 615 0172 03       		.uleb128 0x3
 616 0173 9E030000 		.4byte	.LASF45
 617 0177 05       		.byte	0x5
 618 0178 53       		.byte	0x53
 619 0179 52010000 		.4byte	0x152
 620 017d 03       		.uleb128 0x3
 621 017e FB020000 		.4byte	.LASF46
 622 0182 05       		.byte	0x5
 623 0183 54       		.byte	0x54
 624 0184 59010000 		.4byte	0x159
 625 0188 03       		.uleb128 0x3
 626 0189 18050000 		.4byte	.LASF47
 627 018d 06       		.byte	0x6
 628 018e 4D       		.byte	0x4d
 629 018f 7D010000 		.4byte	0x17d
 630 0193 03       		.uleb128 0x3
 631 0194 C7000000 		.4byte	.LASF48
 632 0198 06       		.byte	0x6
 633 0199 4F       		.byte	0x4f
 634 019a 7D010000 		.4byte	0x17d
 635 019e 03       		.uleb128 0x3
 636 019f 01010000 		.4byte	.LASF49
 637 01a3 06       		.byte	0x6
 638 01a4 78       		.byte	0x78
 639 01a5 72010000 		.4byte	0x172
 640 01a9 02       		.uleb128 0x2
 641 01aa 04       		.byte	0x4
 642 01ab 07       		.byte	0x7
 643 01ac AB000000 		.4byte	.LASF50
 644 01b0 08       		.uleb128 0x8
 645 01b1 A4010000 		.4byte	.LASF93
 646 01b5 01       		.byte	0x1
 647 01b6 37000000 		.4byte	0x37
ARM GAS  C:\Users\vboxuser\AppData\Local\Temp\cc4jgDzz.s 			page 17


 648 01ba 07       		.byte	0x7
 649 01bb 5A       		.byte	0x5a
 650 01bc D9010000 		.4byte	0x1d9
 651 01c0 05       		.uleb128 0x5
 652 01c1 A3050000 		.4byte	.LASF51
 653 01c5 00       		.byte	0
 654 01c6 05       		.uleb128 0x5
 655 01c7 6F030000 		.4byte	.LASF52
 656 01cb 01       		.byte	0x1
 657 01cc 05       		.uleb128 0x5
 658 01cd B2040000 		.4byte	.LASF53
 659 01d1 02       		.byte	0x2
 660 01d2 05       		.uleb128 0x5
 661 01d3 34050000 		.4byte	.LASF54
 662 01d7 03       		.byte	0x3
 663 01d8 00       		.byte	0
 664 01d9 03       		.uleb128 0x3
 665 01da 30030000 		.4byte	.LASF55
 666 01de 07       		.byte	0x7
 667 01df 60       		.byte	0x60
 668 01e0 B0010000 		.4byte	0x1b0
 669 01e4 09       		.uleb128 0x9
 670 01e5 B3020000 		.4byte	.LASF94
 671 01e9 06       		.byte	0x6
 672 01ea 01       		.byte	0x1
 673 01eb 2D       		.byte	0x2d
 674 01ec 21020000 		.4byte	0x221
 675 01f0 0A       		.uleb128 0xa
 676 01f1 84050000 		.4byte	.LASF56
 677 01f5 01       		.byte	0x1
 678 01f6 2E       		.byte	0x2e
 679 01f7 2C000000 		.4byte	0x2c
 680 01fb 00       		.byte	0
 681 01fc 0A       		.uleb128 0xa
 682 01fd 04020000 		.4byte	.LASF57
 683 0201 01       		.byte	0x1
 684 0202 2F       		.byte	0x2f
 685 0203 2C000000 		.4byte	0x2c
 686 0207 01       		.byte	0x1
 687 0208 0A       		.uleb128 0xa
 688 0209 68000000 		.4byte	.LASF58
 689 020d 01       		.byte	0x1
 690 020e 30       		.byte	0x30
 691 020f 2C000000 		.4byte	0x2c
 692 0213 02       		.byte	0x2
 693 0214 0A       		.uleb128 0xa
 694 0215 EF040000 		.4byte	.LASF59
 695 0219 01       		.byte	0x1
 696 021a 31       		.byte	0x31
 697 021b 45000000 		.4byte	0x45
 698 021f 04       		.byte	0x4
 699 0220 00       		.byte	0
 700 0221 03       		.uleb128 0x3
 701 0222 DD000000 		.4byte	.LASF60
 702 0226 01       		.byte	0x1
 703 0227 32       		.byte	0x32
 704 0228 E4010000 		.4byte	0x1e4
ARM GAS  C:\Users\vboxuser\AppData\Local\Temp\cc4jgDzz.s 			page 18


 705 022c 04       		.uleb128 0x4
 706 022d 01       		.byte	0x1
 707 022e 37000000 		.4byte	0x37
 708 0232 01       		.byte	0x1
 709 0233 42       		.byte	0x42
 710 0234 45020000 		.4byte	0x245
 711 0238 05       		.uleb128 0x5
 712 0239 5D030000 		.4byte	.LASF61
 713 023d 00       		.byte	0
 714 023e 05       		.uleb128 0x5
 715 023f 00000000 		.4byte	.LASF62
 716 0243 01       		.byte	0x1
 717 0244 00       		.byte	0
 718 0245 03       		.uleb128 0x3
 719 0246 E1040000 		.4byte	.LASF63
 720 024a 01       		.byte	0x1
 721 024b 45       		.byte	0x45
 722 024c 2C020000 		.4byte	0x22c
 723 0250 0B       		.uleb128 0xb
 724 0251 03       		.byte	0x3
 725 0252 01       		.byte	0x1
 726 0253 48       		.byte	0x48
 727 0254 7D020000 		.4byte	0x27d
 728 0258 0A       		.uleb128 0xa
 729 0259 1C020000 		.4byte	.LASF64
 730 025d 01       		.byte	0x1
 731 025e 49       		.byte	0x49
 732 025f D9010000 		.4byte	0x1d9
 733 0263 00       		.byte	0
 734 0264 0A       		.uleb128 0xa
 735 0265 A7030000 		.4byte	.LASF65
 736 0269 01       		.byte	0x1
 737 026a 4A       		.byte	0x4a
 738 026b 2C000000 		.4byte	0x2c
 739 026f 01       		.byte	0x1
 740 0270 0A       		.uleb128 0xa
 741 0271 64020000 		.4byte	.LASF66
 742 0275 01       		.byte	0x1
 743 0276 4B       		.byte	0x4b
 744 0277 45020000 		.4byte	0x245
 745 027b 02       		.byte	0x2
 746 027c 00       		.byte	0
 747 027d 03       		.uleb128 0x3
 748 027e 13000000 		.4byte	.LASF67
 749 0282 01       		.byte	0x1
 750 0283 4C       		.byte	0x4c
 751 0284 50020000 		.4byte	0x250
 752 0288 04       		.uleb128 0x4
 753 0289 01       		.byte	0x1
 754 028a 37000000 		.4byte	0x37
 755 028e 01       		.byte	0x1
 756 028f 4E       		.byte	0x4e
 757 0290 A1020000 		.4byte	0x2a1
 758 0294 05       		.uleb128 0x5
 759 0295 20050000 		.4byte	.LASF68
 760 0299 00       		.byte	0
 761 029a 05       		.uleb128 0x5
ARM GAS  C:\Users\vboxuser\AppData\Local\Temp\cc4jgDzz.s 			page 19


 762 029b 33020000 		.4byte	.LASF69
 763 029f 01       		.byte	0x1
 764 02a0 00       		.byte	0
 765 02a1 03       		.uleb128 0x3
 766 02a2 F5050000 		.4byte	.LASF70
 767 02a6 01       		.byte	0x1
 768 02a7 51       		.byte	0x51
 769 02a8 88020000 		.4byte	0x288
 770 02ac 0C       		.uleb128 0xc
 771 02ad BC020000 		.4byte	.LASF71
 772 02b1 01       		.byte	0x1
 773 02b2 A8       		.byte	0xa8
 774 02b3 81000000 		.4byte	0x81
 775 02b7 00000000 		.4byte	.LFB115
 776 02bb 30000000 		.4byte	.LFE115-.LFB115
 777 02bf 01       		.uleb128 0x1
 778 02c0 9C       		.byte	0x9c
 779 02c1 0C       		.uleb128 0xc
 780 02c2 7C000000 		.4byte	.LASF72
 781 02c6 01       		.byte	0x1
 782 02c7 AD       		.byte	0xad
 783 02c8 3C010000 		.4byte	0x13c
 784 02cc 00000000 		.4byte	.LFB116
 785 02d0 50000000 		.4byte	.LFE116-.LFB116
 786 02d4 01       		.uleb128 0x1
 787 02d5 9C       		.byte	0x9c
 788 02d6 0D       		.uleb128 0xd
 789 02d7 81040000 		.4byte	.LASF95
 790 02db 01       		.byte	0x1
 791 02dc 86       		.byte	0x86
 792 02dd 3C010000 		.4byte	0x13c
 793 02e1 00000000 		.4byte	.LFB114
 794 02e5 38000000 		.4byte	.LFE114-.LFB114
 795 02e9 01       		.uleb128 0x1
 796 02ea 9C       		.byte	0x9c
 797 02eb 08030000 		.4byte	0x308
 798 02ef 0E       		.uleb128 0xe
 799 02f0 6C656400 		.ascii	"led\000"
 800 02f4 01       		.byte	0x1
 801 02f5 86       		.byte	0x86
 802 02f6 08030000 		.4byte	0x308
 803 02fa 00000000 		.4byte	.LLST0
 804 02fe 0F       		.uleb128 0xf
 805 02ff 34000000 		.4byte	.LVL2
 806 0303 A0040000 		.4byte	0x4a0
 807 0307 00       		.byte	0
 808 0308 10       		.uleb128 0x10
 809 0309 04       		.byte	0x4
 810 030a 7D020000 		.4byte	0x27d
 811 030e 11       		.uleb128 0x11
 812 030f 0F020000 		.4byte	.LASF73
 813 0313 01       		.byte	0x1
 814 0314 D4       		.byte	0xd4
 815 0315 3C010000 		.4byte	0x13c
 816 0319 00000000 		.4byte	.LFB117
 817 031d 28000000 		.4byte	.LFE117-.LFB117
 818 0321 01       		.uleb128 0x1
ARM GAS  C:\Users\vboxuser\AppData\Local\Temp\cc4jgDzz.s 			page 20


 819 0322 9C       		.byte	0x9c
 820 0323 43030000 		.4byte	0x343
 821 0327 0F       		.uleb128 0xf
 822 0328 12000000 		.4byte	.LVL3
 823 032c D6020000 		.4byte	0x2d6
 824 0330 0F       		.uleb128 0xf
 825 0331 16000000 		.4byte	.LVL4
 826 0335 AC020000 		.4byte	0x2ac
 827 0339 0F       		.uleb128 0xf
 828 033a 1C000000 		.4byte	.LVL5
 829 033e C1020000 		.4byte	0x2c1
 830 0342 00       		.byte	0
 831 0343 11       		.uleb128 0x11
 832 0344 4C010000 		.4byte	.LASF74
 833 0348 01       		.byte	0x1
 834 0349 E8       		.byte	0xe8
 835 034a 3C010000 		.4byte	0x13c
 836 034e 00000000 		.4byte	.LFB118
 837 0352 1C000000 		.4byte	.LFE118-.LFB118
 838 0356 01       		.uleb128 0x1
 839 0357 9C       		.byte	0x9c
 840 0358 96030000 		.4byte	0x396
 841 035c 12       		.uleb128 0x12
 842 035d 0C000000 		.4byte	.LVL6
 843 0361 AB040000 		.4byte	0x4ab
 844 0365 7A030000 		.4byte	0x37a
 845 0369 13       		.uleb128 0x13
 846 036a 01       		.uleb128 0x1
 847 036b 50       		.byte	0x50
 848 036c 02       		.uleb128 0x2
 849 036d 09       		.byte	0x9
 850 036e FF       		.byte	0xff
 851 036f 13       		.uleb128 0x13
 852 0370 01       		.uleb128 0x1
 853 0371 51       		.byte	0x51
 854 0372 01       		.uleb128 0x1
 855 0373 30       		.byte	0x30
 856 0374 13       		.uleb128 0x13
 857 0375 01       		.uleb128 0x1
 858 0376 52       		.byte	0x52
 859 0377 01       		.uleb128 0x1
 860 0378 30       		.byte	0x30
 861 0379 00       		.byte	0
 862 037a 14       		.uleb128 0x14
 863 037b 18000000 		.4byte	.LVL7
 864 037f B6040000 		.4byte	0x4b6
 865 0383 13       		.uleb128 0x13
 866 0384 01       		.uleb128 0x1
 867 0385 50       		.byte	0x50
 868 0386 01       		.uleb128 0x1
 869 0387 31       		.byte	0x31
 870 0388 13       		.uleb128 0x13
 871 0389 01       		.uleb128 0x1
 872 038a 51       		.byte	0x51
 873 038b 03       		.uleb128 0x3
 874 038c 0A       		.byte	0xa
 875 038d F401     		.2byte	0x1f4
ARM GAS  C:\Users\vboxuser\AppData\Local\Temp\cc4jgDzz.s 			page 21


 876 038f 13       		.uleb128 0x13
 877 0390 01       		.uleb128 0x1
 878 0391 52       		.byte	0x52
 879 0392 01       		.uleb128 0x1
 880 0393 30       		.byte	0x30
 881 0394 00       		.byte	0
 882 0395 00       		.byte	0
 883 0396 11       		.uleb128 0x11
 884 0397 F8040000 		.4byte	.LASF75
 885 039b 01       		.byte	0x1
 886 039c F5       		.byte	0xf5
 887 039d 3C010000 		.4byte	0x13c
 888 03a1 00000000 		.4byte	.LFB119
 889 03a5 54000000 		.4byte	.LFE119-.LFB119
 890 03a9 01       		.uleb128 0x1
 891 03aa 9C       		.byte	0x9c
 892 03ab EA030000 		.4byte	0x3ea
 893 03af 15       		.uleb128 0x15
 894 03b0 89010000 		.4byte	.LASF76
 895 03b4 01       		.byte	0x1
 896 03b5 F7       		.byte	0xf7
 897 03b6 2C000000 		.4byte	0x2c
 898 03ba 05       		.uleb128 0x5
 899 03bb 03       		.byte	0x3
 900 03bc 01000000 		.4byte	currentIndex.7913
 901 03c0 0F       		.uleb128 0xf
 902 03c1 30000000 		.4byte	.LVL8
 903 03c5 AB040000 		.4byte	0x4ab
 904 03c9 14       		.uleb128 0x14
 905 03ca 44000000 		.4byte	.LVL9
 906 03ce B6040000 		.4byte	0x4b6
 907 03d2 13       		.uleb128 0x13
 908 03d3 01       		.uleb128 0x1
 909 03d4 50       		.byte	0x50
 910 03d5 01       		.uleb128 0x1
 911 03d6 31       		.byte	0x31
 912 03d7 13       		.uleb128 0x13
 913 03d8 01       		.uleb128 0x1
 914 03d9 51       		.byte	0x51
 915 03da 08       		.uleb128 0x8
 916 03db 75       		.byte	0x75
 917 03dc 04       		.sleb128 4
 918 03dd 94       		.byte	0x94
 919 03de 02       		.byte	0x2
 920 03df 0A       		.byte	0xa
 921 03e0 FFFF     		.2byte	0xffff
 922 03e2 1A       		.byte	0x1a
 923 03e3 13       		.uleb128 0x13
 924 03e4 01       		.uleb128 0x1
 925 03e5 52       		.byte	0x52
 926 03e6 01       		.uleb128 0x1
 927 03e7 30       		.byte	0x30
 928 03e8 00       		.byte	0
 929 03e9 00       		.byte	0
 930 03ea 16       		.uleb128 0x16
 931 03eb 7D020000 		.4byte	0x27d
 932 03ef FA030000 		.4byte	0x3fa
ARM GAS  C:\Users\vboxuser\AppData\Local\Temp\cc4jgDzz.s 			page 22


 933 03f3 17       		.uleb128 0x17
 934 03f4 A9010000 		.4byte	0x1a9
 935 03f8 02       		.byte	0x2
 936 03f9 00       		.byte	0
 937 03fa 15       		.uleb128 0x15
 938 03fb B4000000 		.4byte	.LASF77
 939 03ff 01       		.byte	0x1
 940 0400 59       		.byte	0x59
 941 0401 EA030000 		.4byte	0x3ea
 942 0405 05       		.uleb128 0x5
 943 0406 03       		.byte	0x3
 944 0407 00000000 		.4byte	leds
 945 040b 15       		.uleb128 0x15
 946 040c 58000000 		.4byte	.LASF78
 947 0410 01       		.byte	0x1
 948 0411 A4       		.byte	0xa4
 949 0412 2C000000 		.4byte	0x2c
 950 0416 05       		.uleb128 0x5
 951 0417 03       		.byte	0x3
 952 0418 00000000 		.4byte	currentLedIndex
 953 041c 15       		.uleb128 0x15
 954 041d E4050000 		.4byte	.LASF79
 955 0421 01       		.byte	0x1
 956 0422 A5       		.byte	0xa5
 957 0423 A1020000 		.4byte	0x2a1
 958 0427 05       		.uleb128 0x5
 959 0428 03       		.byte	0x3
 960 0429 09000000 		.4byte	currentDirection
 961 042d 18       		.uleb128 0x18
 962 042e BB050000 		.4byte	.LASF80
 963 0432 08       		.byte	0x8
 964 0433 40       		.byte	0x40
 965 0434 88010000 		.4byte	0x188
 966 0438 18       		.uleb128 0x18
 967 0439 AC010000 		.4byte	.LASF81
 968 043d 08       		.byte	0x8
 969 043e 47       		.byte	0x47
 970 043f 93010000 		.4byte	0x193
 971 0443 18       		.uleb128 0x18
 972 0444 BC040000 		.4byte	.LASF82
 973 0448 08       		.byte	0x8
 974 0449 4A       		.byte	0x4a
 975 044a 88010000 		.4byte	0x188
 976 044e 18       		.uleb128 0x18
 977 044f 5B010000 		.4byte	.LASF83
 978 0453 09       		.byte	0x9
 979 0454 48       		.byte	0x48
 980 0455 9E010000 		.4byte	0x19e
 981 0459 18       		.uleb128 0x18
 982 045a 37010000 		.4byte	.LASF84
 983 045e 0A       		.byte	0xa
 984 045f 44       		.byte	0x44
 985 0460 88010000 		.4byte	0x188
 986 0464 19       		.uleb128 0x19
 987 0465 8D050000 		.4byte	.LASF85
 988 0469 0B       		.byte	0xb
 989 046a 1207     		.2byte	0x712
ARM GAS  C:\Users\vboxuser\AppData\Local\Temp\cc4jgDzz.s 			page 23


 990 046c 70040000 		.4byte	0x470
 991 0470 1A       		.uleb128 0x1a
 992 0471 60010000 		.4byte	0x160
 993 0475 16       		.uleb128 0x16
 994 0476 85040000 		.4byte	0x485
 995 047a 85040000 		.4byte	0x485
 996 047e 17       		.uleb128 0x17
 997 047f A9010000 		.4byte	0x1a9
 998 0483 08       		.byte	0x8
 999 0484 00       		.byte	0
 1000 0485 1B       		.uleb128 0x1b
 1001 0486 21020000 		.4byte	0x221
 1002 048a 1C       		.uleb128 0x1c
 1003 048b 27010000 		.4byte	.LASF86
 1004 048f 01       		.byte	0x1
 1005 0490 35       		.byte	0x35
 1006 0491 9B040000 		.4byte	0x49b
 1007 0495 05       		.uleb128 0x5
 1008 0496 03       		.byte	0x3
 1009 0497 00000000 		.4byte	RG__glowtable_1
 1010 049b 1B       		.uleb128 0x1b
 1011 049c 75040000 		.4byte	0x475
 1012 04a0 1D       		.uleb128 0x1d
 1013 04a1 46050000 		.4byte	.LASF87
 1014 04a5 46050000 		.4byte	.LASF87
 1015 04a9 07       		.byte	0x7
 1016 04aa AD       		.byte	0xad
 1017 04ab 1D       		.uleb128 0x1d
 1018 04ac A6040000 		.4byte	.LASF88
 1019 04b0 A6040000 		.4byte	.LASF88
 1020 04b4 07       		.byte	0x7
 1021 04b5 A5       		.byte	0xa5
 1022 04b6 1E       		.uleb128 0x1e
 1023 04b7 59050000 		.4byte	.LASF89
 1024 04bb 59050000 		.4byte	.LASF89
 1025 04bf 0C       		.byte	0xc
 1026 04c0 EF01     		.2byte	0x1ef
 1027 04c2 00       		.byte	0
 1028              		.section	.debug_abbrev,"",%progbits
 1029              	.Ldebug_abbrev0:
 1030 0000 01       		.uleb128 0x1
 1031 0001 11       		.uleb128 0x11
 1032 0002 01       		.byte	0x1
 1033 0003 25       		.uleb128 0x25
 1034 0004 0E       		.uleb128 0xe
 1035 0005 13       		.uleb128 0x13
 1036 0006 0B       		.uleb128 0xb
 1037 0007 03       		.uleb128 0x3
 1038 0008 0E       		.uleb128 0xe
 1039 0009 1B       		.uleb128 0x1b
 1040 000a 0E       		.uleb128 0xe
 1041 000b 55       		.uleb128 0x55
 1042 000c 17       		.uleb128 0x17
 1043 000d 11       		.uleb128 0x11
 1044 000e 01       		.uleb128 0x1
 1045 000f 10       		.uleb128 0x10
 1046 0010 17       		.uleb128 0x17
ARM GAS  C:\Users\vboxuser\AppData\Local\Temp\cc4jgDzz.s 			page 24


 1047 0011 00       		.byte	0
 1048 0012 00       		.byte	0
 1049 0013 02       		.uleb128 0x2
 1050 0014 24       		.uleb128 0x24
 1051 0015 00       		.byte	0
 1052 0016 0B       		.uleb128 0xb
 1053 0017 0B       		.uleb128 0xb
 1054 0018 3E       		.uleb128 0x3e
 1055 0019 0B       		.uleb128 0xb
 1056 001a 03       		.uleb128 0x3
 1057 001b 0E       		.uleb128 0xe
 1058 001c 00       		.byte	0
 1059 001d 00       		.byte	0
 1060 001e 03       		.uleb128 0x3
 1061 001f 16       		.uleb128 0x16
 1062 0020 00       		.byte	0
 1063 0021 03       		.uleb128 0x3
 1064 0022 0E       		.uleb128 0xe
 1065 0023 3A       		.uleb128 0x3a
 1066 0024 0B       		.uleb128 0xb
 1067 0025 3B       		.uleb128 0x3b
 1068 0026 0B       		.uleb128 0xb
 1069 0027 49       		.uleb128 0x49
 1070 0028 13       		.uleb128 0x13
 1071 0029 00       		.byte	0
 1072 002a 00       		.byte	0
 1073 002b 04       		.uleb128 0x4
 1074 002c 04       		.uleb128 0x4
 1075 002d 01       		.byte	0x1
 1076 002e 0B       		.uleb128 0xb
 1077 002f 0B       		.uleb128 0xb
 1078 0030 49       		.uleb128 0x49
 1079 0031 13       		.uleb128 0x13
 1080 0032 3A       		.uleb128 0x3a
 1081 0033 0B       		.uleb128 0xb
 1082 0034 3B       		.uleb128 0x3b
 1083 0035 0B       		.uleb128 0xb
 1084 0036 01       		.uleb128 0x1
 1085 0037 13       		.uleb128 0x13
 1086 0038 00       		.byte	0
 1087 0039 00       		.byte	0
 1088 003a 05       		.uleb128 0x5
 1089 003b 28       		.uleb128 0x28
 1090 003c 00       		.byte	0
 1091 003d 03       		.uleb128 0x3
 1092 003e 0E       		.uleb128 0xe
 1093 003f 1C       		.uleb128 0x1c
 1094 0040 0B       		.uleb128 0xb
 1095 0041 00       		.byte	0
 1096 0042 00       		.byte	0
 1097 0043 06       		.uleb128 0x6
 1098 0044 28       		.uleb128 0x28
 1099 0045 00       		.byte	0
 1100 0046 03       		.uleb128 0x3
 1101 0047 0E       		.uleb128 0xe
 1102 0048 1C       		.uleb128 0x1c
 1103 0049 0D       		.uleb128 0xd
ARM GAS  C:\Users\vboxuser\AppData\Local\Temp\cc4jgDzz.s 			page 25


 1104 004a 00       		.byte	0
 1105 004b 00       		.byte	0
 1106 004c 07       		.uleb128 0x7
 1107 004d 24       		.uleb128 0x24
 1108 004e 00       		.byte	0
 1109 004f 0B       		.uleb128 0xb
 1110 0050 0B       		.uleb128 0xb
 1111 0051 3E       		.uleb128 0x3e
 1112 0052 0B       		.uleb128 0xb
 1113 0053 03       		.uleb128 0x3
 1114 0054 08       		.uleb128 0x8
 1115 0055 00       		.byte	0
 1116 0056 00       		.byte	0
 1117 0057 08       		.uleb128 0x8
 1118 0058 04       		.uleb128 0x4
 1119 0059 01       		.byte	0x1
 1120 005a 03       		.uleb128 0x3
 1121 005b 0E       		.uleb128 0xe
 1122 005c 0B       		.uleb128 0xb
 1123 005d 0B       		.uleb128 0xb
 1124 005e 49       		.uleb128 0x49
 1125 005f 13       		.uleb128 0x13
 1126 0060 3A       		.uleb128 0x3a
 1127 0061 0B       		.uleb128 0xb
 1128 0062 3B       		.uleb128 0x3b
 1129 0063 0B       		.uleb128 0xb
 1130 0064 01       		.uleb128 0x1
 1131 0065 13       		.uleb128 0x13
 1132 0066 00       		.byte	0
 1133 0067 00       		.byte	0
 1134 0068 09       		.uleb128 0x9
 1135 0069 13       		.uleb128 0x13
 1136 006a 01       		.byte	0x1
 1137 006b 03       		.uleb128 0x3
 1138 006c 0E       		.uleb128 0xe
 1139 006d 0B       		.uleb128 0xb
 1140 006e 0B       		.uleb128 0xb
 1141 006f 3A       		.uleb128 0x3a
 1142 0070 0B       		.uleb128 0xb
 1143 0071 3B       		.uleb128 0x3b
 1144 0072 0B       		.uleb128 0xb
 1145 0073 01       		.uleb128 0x1
 1146 0074 13       		.uleb128 0x13
 1147 0075 00       		.byte	0
 1148 0076 00       		.byte	0
 1149 0077 0A       		.uleb128 0xa
 1150 0078 0D       		.uleb128 0xd
 1151 0079 00       		.byte	0
 1152 007a 03       		.uleb128 0x3
 1153 007b 0E       		.uleb128 0xe
 1154 007c 3A       		.uleb128 0x3a
 1155 007d 0B       		.uleb128 0xb
 1156 007e 3B       		.uleb128 0x3b
 1157 007f 0B       		.uleb128 0xb
 1158 0080 49       		.uleb128 0x49
 1159 0081 13       		.uleb128 0x13
 1160 0082 38       		.uleb128 0x38
ARM GAS  C:\Users\vboxuser\AppData\Local\Temp\cc4jgDzz.s 			page 26


 1161 0083 0B       		.uleb128 0xb
 1162 0084 00       		.byte	0
 1163 0085 00       		.byte	0
 1164 0086 0B       		.uleb128 0xb
 1165 0087 13       		.uleb128 0x13
 1166 0088 01       		.byte	0x1
 1167 0089 0B       		.uleb128 0xb
 1168 008a 0B       		.uleb128 0xb
 1169 008b 3A       		.uleb128 0x3a
 1170 008c 0B       		.uleb128 0xb
 1171 008d 3B       		.uleb128 0x3b
 1172 008e 0B       		.uleb128 0xb
 1173 008f 01       		.uleb128 0x1
 1174 0090 13       		.uleb128 0x13
 1175 0091 00       		.byte	0
 1176 0092 00       		.byte	0
 1177 0093 0C       		.uleb128 0xc
 1178 0094 2E       		.uleb128 0x2e
 1179 0095 00       		.byte	0
 1180 0096 03       		.uleb128 0x3
 1181 0097 0E       		.uleb128 0xe
 1182 0098 3A       		.uleb128 0x3a
 1183 0099 0B       		.uleb128 0xb
 1184 009a 3B       		.uleb128 0x3b
 1185 009b 0B       		.uleb128 0xb
 1186 009c 49       		.uleb128 0x49
 1187 009d 13       		.uleb128 0x13
 1188 009e 11       		.uleb128 0x11
 1189 009f 01       		.uleb128 0x1
 1190 00a0 12       		.uleb128 0x12
 1191 00a1 06       		.uleb128 0x6
 1192 00a2 40       		.uleb128 0x40
 1193 00a3 18       		.uleb128 0x18
 1194 00a4 9742     		.uleb128 0x2117
 1195 00a6 19       		.uleb128 0x19
 1196 00a7 00       		.byte	0
 1197 00a8 00       		.byte	0
 1198 00a9 0D       		.uleb128 0xd
 1199 00aa 2E       		.uleb128 0x2e
 1200 00ab 01       		.byte	0x1
 1201 00ac 03       		.uleb128 0x3
 1202 00ad 0E       		.uleb128 0xe
 1203 00ae 3A       		.uleb128 0x3a
 1204 00af 0B       		.uleb128 0xb
 1205 00b0 3B       		.uleb128 0x3b
 1206 00b1 0B       		.uleb128 0xb
 1207 00b2 27       		.uleb128 0x27
 1208 00b3 19       		.uleb128 0x19
 1209 00b4 49       		.uleb128 0x49
 1210 00b5 13       		.uleb128 0x13
 1211 00b6 11       		.uleb128 0x11
 1212 00b7 01       		.uleb128 0x1
 1213 00b8 12       		.uleb128 0x12
 1214 00b9 06       		.uleb128 0x6
 1215 00ba 40       		.uleb128 0x40
 1216 00bb 18       		.uleb128 0x18
 1217 00bc 9742     		.uleb128 0x2117
ARM GAS  C:\Users\vboxuser\AppData\Local\Temp\cc4jgDzz.s 			page 27


 1218 00be 19       		.uleb128 0x19
 1219 00bf 01       		.uleb128 0x1
 1220 00c0 13       		.uleb128 0x13
 1221 00c1 00       		.byte	0
 1222 00c2 00       		.byte	0
 1223 00c3 0E       		.uleb128 0xe
 1224 00c4 05       		.uleb128 0x5
 1225 00c5 00       		.byte	0
 1226 00c6 03       		.uleb128 0x3
 1227 00c7 08       		.uleb128 0x8
 1228 00c8 3A       		.uleb128 0x3a
 1229 00c9 0B       		.uleb128 0xb
 1230 00ca 3B       		.uleb128 0x3b
 1231 00cb 0B       		.uleb128 0xb
 1232 00cc 49       		.uleb128 0x49
 1233 00cd 13       		.uleb128 0x13
 1234 00ce 02       		.uleb128 0x2
 1235 00cf 17       		.uleb128 0x17
 1236 00d0 00       		.byte	0
 1237 00d1 00       		.byte	0
 1238 00d2 0F       		.uleb128 0xf
 1239 00d3 898201   		.uleb128 0x4109
 1240 00d6 00       		.byte	0
 1241 00d7 11       		.uleb128 0x11
 1242 00d8 01       		.uleb128 0x1
 1243 00d9 31       		.uleb128 0x31
 1244 00da 13       		.uleb128 0x13
 1245 00db 00       		.byte	0
 1246 00dc 00       		.byte	0
 1247 00dd 10       		.uleb128 0x10
 1248 00de 0F       		.uleb128 0xf
 1249 00df 00       		.byte	0
 1250 00e0 0B       		.uleb128 0xb
 1251 00e1 0B       		.uleb128 0xb
 1252 00e2 49       		.uleb128 0x49
 1253 00e3 13       		.uleb128 0x13
 1254 00e4 00       		.byte	0
 1255 00e5 00       		.byte	0
 1256 00e6 11       		.uleb128 0x11
 1257 00e7 2E       		.uleb128 0x2e
 1258 00e8 01       		.byte	0x1
 1259 00e9 3F       		.uleb128 0x3f
 1260 00ea 19       		.uleb128 0x19
 1261 00eb 03       		.uleb128 0x3
 1262 00ec 0E       		.uleb128 0xe
 1263 00ed 3A       		.uleb128 0x3a
 1264 00ee 0B       		.uleb128 0xb
 1265 00ef 3B       		.uleb128 0x3b
 1266 00f0 0B       		.uleb128 0xb
 1267 00f1 49       		.uleb128 0x49
 1268 00f2 13       		.uleb128 0x13
 1269 00f3 11       		.uleb128 0x11
 1270 00f4 01       		.uleb128 0x1
 1271 00f5 12       		.uleb128 0x12
 1272 00f6 06       		.uleb128 0x6
 1273 00f7 40       		.uleb128 0x40
 1274 00f8 18       		.uleb128 0x18
ARM GAS  C:\Users\vboxuser\AppData\Local\Temp\cc4jgDzz.s 			page 28


 1275 00f9 9742     		.uleb128 0x2117
 1276 00fb 19       		.uleb128 0x19
 1277 00fc 01       		.uleb128 0x1
 1278 00fd 13       		.uleb128 0x13
 1279 00fe 00       		.byte	0
 1280 00ff 00       		.byte	0
 1281 0100 12       		.uleb128 0x12
 1282 0101 898201   		.uleb128 0x4109
 1283 0104 01       		.byte	0x1
 1284 0105 11       		.uleb128 0x11
 1285 0106 01       		.uleb128 0x1
 1286 0107 31       		.uleb128 0x31
 1287 0108 13       		.uleb128 0x13
 1288 0109 01       		.uleb128 0x1
 1289 010a 13       		.uleb128 0x13
 1290 010b 00       		.byte	0
 1291 010c 00       		.byte	0
 1292 010d 13       		.uleb128 0x13
 1293 010e 8A8201   		.uleb128 0x410a
 1294 0111 00       		.byte	0
 1295 0112 02       		.uleb128 0x2
 1296 0113 18       		.uleb128 0x18
 1297 0114 9142     		.uleb128 0x2111
 1298 0116 18       		.uleb128 0x18
 1299 0117 00       		.byte	0
 1300 0118 00       		.byte	0
 1301 0119 14       		.uleb128 0x14
 1302 011a 898201   		.uleb128 0x4109
 1303 011d 01       		.byte	0x1
 1304 011e 11       		.uleb128 0x11
 1305 011f 01       		.uleb128 0x1
 1306 0120 31       		.uleb128 0x31
 1307 0121 13       		.uleb128 0x13
 1308 0122 00       		.byte	0
 1309 0123 00       		.byte	0
 1310 0124 15       		.uleb128 0x15
 1311 0125 34       		.uleb128 0x34
 1312 0126 00       		.byte	0
 1313 0127 03       		.uleb128 0x3
 1314 0128 0E       		.uleb128 0xe
 1315 0129 3A       		.uleb128 0x3a
 1316 012a 0B       		.uleb128 0xb
 1317 012b 3B       		.uleb128 0x3b
 1318 012c 0B       		.uleb128 0xb
 1319 012d 49       		.uleb128 0x49
 1320 012e 13       		.uleb128 0x13
 1321 012f 02       		.uleb128 0x2
 1322 0130 18       		.uleb128 0x18
 1323 0131 00       		.byte	0
 1324 0132 00       		.byte	0
 1325 0133 16       		.uleb128 0x16
 1326 0134 01       		.uleb128 0x1
 1327 0135 01       		.byte	0x1
 1328 0136 49       		.uleb128 0x49
 1329 0137 13       		.uleb128 0x13
 1330 0138 01       		.uleb128 0x1
 1331 0139 13       		.uleb128 0x13
ARM GAS  C:\Users\vboxuser\AppData\Local\Temp\cc4jgDzz.s 			page 29


 1332 013a 00       		.byte	0
 1333 013b 00       		.byte	0
 1334 013c 17       		.uleb128 0x17
 1335 013d 21       		.uleb128 0x21
 1336 013e 00       		.byte	0
 1337 013f 49       		.uleb128 0x49
 1338 0140 13       		.uleb128 0x13
 1339 0141 2F       		.uleb128 0x2f
 1340 0142 0B       		.uleb128 0xb
 1341 0143 00       		.byte	0
 1342 0144 00       		.byte	0
 1343 0145 18       		.uleb128 0x18
 1344 0146 34       		.uleb128 0x34
 1345 0147 00       		.byte	0
 1346 0148 03       		.uleb128 0x3
 1347 0149 0E       		.uleb128 0xe
 1348 014a 3A       		.uleb128 0x3a
 1349 014b 0B       		.uleb128 0xb
 1350 014c 3B       		.uleb128 0x3b
 1351 014d 0B       		.uleb128 0xb
 1352 014e 49       		.uleb128 0x49
 1353 014f 13       		.uleb128 0x13
 1354 0150 3F       		.uleb128 0x3f
 1355 0151 19       		.uleb128 0x19
 1356 0152 3C       		.uleb128 0x3c
 1357 0153 19       		.uleb128 0x19
 1358 0154 00       		.byte	0
 1359 0155 00       		.byte	0
 1360 0156 19       		.uleb128 0x19
 1361 0157 34       		.uleb128 0x34
 1362 0158 00       		.byte	0
 1363 0159 03       		.uleb128 0x3
 1364 015a 0E       		.uleb128 0xe
 1365 015b 3A       		.uleb128 0x3a
 1366 015c 0B       		.uleb128 0xb
 1367 015d 3B       		.uleb128 0x3b
 1368 015e 05       		.uleb128 0x5
 1369 015f 49       		.uleb128 0x49
 1370 0160 13       		.uleb128 0x13
 1371 0161 3F       		.uleb128 0x3f
 1372 0162 19       		.uleb128 0x19
 1373 0163 3C       		.uleb128 0x3c
 1374 0164 19       		.uleb128 0x19
 1375 0165 00       		.byte	0
 1376 0166 00       		.byte	0
 1377 0167 1A       		.uleb128 0x1a
 1378 0168 35       		.uleb128 0x35
 1379 0169 00       		.byte	0
 1380 016a 49       		.uleb128 0x49
 1381 016b 13       		.uleb128 0x13
 1382 016c 00       		.byte	0
 1383 016d 00       		.byte	0
 1384 016e 1B       		.uleb128 0x1b
 1385 016f 26       		.uleb128 0x26
 1386 0170 00       		.byte	0
 1387 0171 49       		.uleb128 0x49
 1388 0172 13       		.uleb128 0x13
ARM GAS  C:\Users\vboxuser\AppData\Local\Temp\cc4jgDzz.s 			page 30


 1389 0173 00       		.byte	0
 1390 0174 00       		.byte	0
 1391 0175 1C       		.uleb128 0x1c
 1392 0176 34       		.uleb128 0x34
 1393 0177 00       		.byte	0
 1394 0178 03       		.uleb128 0x3
 1395 0179 0E       		.uleb128 0xe
 1396 017a 3A       		.uleb128 0x3a
 1397 017b 0B       		.uleb128 0xb
 1398 017c 3B       		.uleb128 0x3b
 1399 017d 0B       		.uleb128 0xb
 1400 017e 49       		.uleb128 0x49
 1401 017f 13       		.uleb128 0x13
 1402 0180 3F       		.uleb128 0x3f
 1403 0181 19       		.uleb128 0x19
 1404 0182 02       		.uleb128 0x2
 1405 0183 18       		.uleb128 0x18
 1406 0184 00       		.byte	0
 1407 0185 00       		.byte	0
 1408 0186 1D       		.uleb128 0x1d
 1409 0187 2E       		.uleb128 0x2e
 1410 0188 00       		.byte	0
 1411 0189 3F       		.uleb128 0x3f
 1412 018a 19       		.uleb128 0x19
 1413 018b 3C       		.uleb128 0x3c
 1414 018c 19       		.uleb128 0x19
 1415 018d 6E       		.uleb128 0x6e
 1416 018e 0E       		.uleb128 0xe
 1417 018f 03       		.uleb128 0x3
 1418 0190 0E       		.uleb128 0xe
 1419 0191 3A       		.uleb128 0x3a
 1420 0192 0B       		.uleb128 0xb
 1421 0193 3B       		.uleb128 0x3b
 1422 0194 0B       		.uleb128 0xb
 1423 0195 00       		.byte	0
 1424 0196 00       		.byte	0
 1425 0197 1E       		.uleb128 0x1e
 1426 0198 2E       		.uleb128 0x2e
 1427 0199 00       		.byte	0
 1428 019a 3F       		.uleb128 0x3f
 1429 019b 19       		.uleb128 0x19
 1430 019c 3C       		.uleb128 0x3c
 1431 019d 19       		.uleb128 0x19
 1432 019e 6E       		.uleb128 0x6e
 1433 019f 0E       		.uleb128 0xe
 1434 01a0 03       		.uleb128 0x3
 1435 01a1 0E       		.uleb128 0xe
 1436 01a2 3A       		.uleb128 0x3a
 1437 01a3 0B       		.uleb128 0xb
 1438 01a4 3B       		.uleb128 0x3b
 1439 01a5 05       		.uleb128 0x5
 1440 01a6 00       		.byte	0
 1441 01a7 00       		.byte	0
 1442 01a8 00       		.byte	0
 1443              		.section	.debug_loc,"",%progbits
 1444              	.Ldebug_loc0:
 1445              	.LLST0:
ARM GAS  C:\Users\vboxuser\AppData\Local\Temp\cc4jgDzz.s 			page 31


 1446 0000 00000000 		.4byte	.LVL0
 1447 0004 30000000 		.4byte	.LVL1
 1448 0008 0100     		.2byte	0x1
 1449 000a 50       		.byte	0x50
 1450 000b 30000000 		.4byte	.LVL1
 1451 000f 38000000 		.4byte	.LFE114
 1452 0013 0400     		.2byte	0x4
 1453 0015 F3       		.byte	0xf3
 1454 0016 01       		.uleb128 0x1
 1455 0017 50       		.byte	0x50
 1456 0018 9F       		.byte	0x9f
 1457 0019 00000000 		.4byte	0
 1458 001d 00000000 		.4byte	0
 1459              		.section	.debug_aranges,"",%progbits
 1460 0000 44000000 		.4byte	0x44
 1461 0004 0200     		.2byte	0x2
 1462 0006 00000000 		.4byte	.Ldebug_info0
 1463 000a 04       		.byte	0x4
 1464 000b 00       		.byte	0
 1465 000c 0000     		.2byte	0
 1466 000e 0000     		.2byte	0
 1467 0010 00000000 		.4byte	.LFB115
 1468 0014 30000000 		.4byte	.LFE115-.LFB115
 1469 0018 00000000 		.4byte	.LFB116
 1470 001c 50000000 		.4byte	.LFE116-.LFB116
 1471 0020 00000000 		.4byte	.LFB114
 1472 0024 38000000 		.4byte	.LFE114-.LFB114
 1473 0028 00000000 		.4byte	.LFB117
 1474 002c 28000000 		.4byte	.LFE117-.LFB117
 1475 0030 00000000 		.4byte	.LFB118
 1476 0034 1C000000 		.4byte	.LFE118-.LFB118
 1477 0038 00000000 		.4byte	.LFB119
 1478 003c 54000000 		.4byte	.LFE119-.LFB119
 1479 0040 00000000 		.4byte	0
 1480 0044 00000000 		.4byte	0
 1481              		.section	.debug_ranges,"",%progbits
 1482              	.Ldebug_ranges0:
 1483 0000 00000000 		.4byte	.LFB115
 1484 0004 30000000 		.4byte	.LFE115
 1485 0008 00000000 		.4byte	.LFB116
 1486 000c 50000000 		.4byte	.LFE116
 1487 0010 00000000 		.4byte	.LFB114
 1488 0014 38000000 		.4byte	.LFE114
 1489 0018 00000000 		.4byte	.LFB117
 1490 001c 28000000 		.4byte	.LFE117
 1491 0020 00000000 		.4byte	.LFB118
 1492 0024 1C000000 		.4byte	.LFE118
 1493 0028 00000000 		.4byte	.LFB119
 1494 002c 54000000 		.4byte	.LFE119
 1495 0030 00000000 		.4byte	0
 1496 0034 00000000 		.4byte	0
 1497              		.section	.debug_line,"",%progbits
 1498              	.Ldebug_line0:
 1499 0000 D0020000 		.section	.debug_str,"MS",%progbits,1
 1499      02004202 
 1499      00000201 
 1499      FB0E0D00 
ARM GAS  C:\Users\vboxuser\AppData\Local\Temp\cc4jgDzz.s 			page 32


 1499      01010101 
 1500              	.LASF62:
 1501 0000 4C45445F 		.ascii	"LED_STATE_FADE_OUT\000"
 1501      53544154 
 1501      455F4641 
 1501      44455F4F 
 1501      555400
 1502              	.LASF67:
 1503 0013 52475F46 		.ascii	"RG_FADER_Control_t\000"
 1503      41444552 
 1503      5F436F6E 
 1503      74726F6C 
 1503      5F7400
 1504              	.LASF28:
 1505 0026 52435F45 		.ascii	"RC_ERROR_READ_ONLY\000"
 1505      52524F52 
 1505      5F524541 
 1505      445F4F4E 
 1505      4C5900
 1506              	.LASF14:
 1507 0039 52435F53 		.ascii	"RC_SUCCESS\000"
 1507      55434345 
 1507      535300
 1508              	.LASF29:
 1509 0044 52435F45 		.ascii	"RC_ERROR_WRITE_ONLY\000"
 1509      52524F52 
 1509      5F575249 
 1509      54455F4F 
 1509      4E4C5900 
 1510              	.LASF78:
 1511 0058 63757272 		.ascii	"currentLedIndex\000"
 1511      656E744C 
 1511      6564496E 
 1511      64657800 
 1512              	.LASF58:
 1513 0068 626C7565 		.ascii	"blueValue\000"
 1513      56616C75 
 1513      6500
 1514              	.LASF2:
 1515 0072 73686F72 		.ascii	"short int\000"
 1515      7420696E 
 1515      7400
 1516              	.LASF72:
 1517 007c 46414445 		.ascii	"FADER__MoveToNextLedIndex\000"
 1517      525F5F4D 
 1517      6F766554 
 1517      6F4E6578 
 1517      744C6564 
 1518              	.LASF32:
 1519 0096 52435F45 		.ascii	"RC_ERROR_WRITE_FAILS\000"
 1519      52524F52 
 1519      5F575249 
 1519      54455F46 
 1519      41494C53 
 1520              	.LASF50:
 1521 00ab 73697A65 		.ascii	"sizetype\000"
 1521      74797065 
ARM GAS  C:\Users\vboxuser\AppData\Local\Temp\cc4jgDzz.s 			page 33


 1521      00
 1522              	.LASF77:
 1523 00b4 6C656473 		.ascii	"leds\000"
 1523      00
 1524              	.LASF17:
 1525 00b9 52435F45 		.ascii	"RC_ERROR_ZERO\000"
 1525      52524F52 
 1525      5F5A4552 
 1525      4F00
 1526              	.LASF48:
 1527 00c7 45455F46 		.ascii	"EE_FREG\000"
 1527      52454700 
 1528              	.LASF24:
 1529 00cf 52435F45 		.ascii	"RC_ERROR_BUSY\000"
 1529      52524F52 
 1529      5F425553 
 1529      5900
 1530              	.LASF60:
 1531 00dd 52475F5F 		.ascii	"RG__Glow_t\000"
 1531      476C6F77 
 1531      5F7400
 1532              	.LASF39:
 1533 00e8 52435F45 		.ascii	"RC_ERROR_NOT_IMPLEMENTED\000"
 1533      52524F52 
 1533      5F4E4F54 
 1533      5F494D50 
 1533      4C454D45 
 1534              	.LASF49:
 1535 0101 45455F54 		.ascii	"EE_TID\000"
 1535      494400
 1536              	.LASF3:
 1537 0108 75696E74 		.ascii	"uint8_t\000"
 1537      385F7400 
 1538              	.LASF37:
 1539 0110 52435F45 		.ascii	"RC_ERROR_INVALID_STATE\000"
 1539      52524F52 
 1539      5F494E56 
 1539      414C4944 
 1539      5F535441 
 1540              	.LASF86:
 1541 0127 52475F5F 		.ascii	"RG__glowtable_1\000"
 1541      676C6F77 
 1541      7461626C 
 1541      655F3100 
 1542              	.LASF84:
 1543 0137 45455F49 		.ascii	"EE_IRQ_nesting_level\000"
 1543      52515F6E 
 1543      65737469 
 1543      6E675F6C 
 1543      6576656C 
 1544              	.LASF74:
 1545 014c 52475F47 		.ascii	"RG_Glower_Init\000"
 1545      6C6F7765 
 1545      725F496E 
 1545      697400
 1546              	.LASF83:
 1547 015b 45455F73 		.ascii	"EE_std_endcycle_next_tid\000"
ARM GAS  C:\Users\vboxuser\AppData\Local\Temp\cc4jgDzz.s 			page 34


 1547      74645F65 
 1547      6E646379 
 1547      636C655F 
 1547      6E657874 
 1548              	.LASF19:
 1549 0174 52435F45 		.ascii	"RC_ERROR_RANGE\000"
 1549      52524F52 
 1549      5F52414E 
 1549      474500
 1550              	.LASF8:
 1551 0183 666C6F61 		.ascii	"float\000"
 1551      7400
 1552              	.LASF76:
 1553 0189 63757272 		.ascii	"currentIndex\000"
 1553      656E7449 
 1553      6E646578 
 1553      00
 1554              	.LASF10:
 1555 0196 6C6F6E67 		.ascii	"long long int\000"
 1555      206C6F6E 
 1555      6720696E 
 1555      7400
 1556              	.LASF93:
 1557 01a4 654C4544 		.ascii	"eLED_id\000"
 1557      5F696400 
 1558              	.LASF81:
 1559 01ac 45455F6F 		.ascii	"EE_oo_IRQ_suspend_status\000"
 1559      6F5F4952 
 1559      515F7375 
 1559      7370656E 
 1559      645F7374 
 1560              	.LASF33:
 1561 01c5 52435F45 		.ascii	"RC_ERROR_NOT_MATCH\000"
 1561      52524F52 
 1561      5F4E4F54 
 1561      5F4D4154 
 1561      434800
 1562              	.LASF38:
 1563 01d8 52435F45 		.ascii	"RC_ERROR_UNKNOWN\000"
 1563      52524F52 
 1563      5F554E4B 
 1563      4E4F574E 
 1563      00
 1564              	.LASF6:
 1565 01e9 6C6F6E67 		.ascii	"long int\000"
 1565      20696E74 
 1565      00
 1566              	.LASF21:
 1567 01f2 52435F45 		.ascii	"RC_ERROR_UNDERRUN\000"
 1567      52524F52 
 1567      5F554E44 
 1567      45525255 
 1567      4E00
 1568              	.LASF57:
 1569 0204 67726565 		.ascii	"greenValue\000"
 1569      6E56616C 
 1569      756500
ARM GAS  C:\Users\vboxuser\AppData\Local\Temp\cc4jgDzz.s 			page 35


 1570              	.LASF73:
 1571 020f 52475F46 		.ascii	"RG_Fader_run\000"
 1571      61646572 
 1571      5F72756E 
 1571      00
 1572              	.LASF64:
 1573 021c 6C656449 		.ascii	"ledId\000"
 1573      6400
 1574              	.LASF30:
 1575 0222 52435F45 		.ascii	"RC_ERROR_INVALID\000"
 1575      52524F52 
 1575      5F494E56 
 1575      414C4944 
 1575      00
 1576              	.LASF69:
 1577 0233 44495245 		.ascii	"DIRECTION_DESCENDING\000"
 1577      4354494F 
 1577      4E5F4445 
 1577      5343454E 
 1577      44494E47 
 1578              	.LASF35:
 1579 0248 52435F45 		.ascii	"RC_ERROR_BAD_DATA\000"
 1579      52524F52 
 1579      5F424144 
 1579      5F444154 
 1579      4100
 1580              	.LASF12:
 1581 025a 626F6F6C 		.ascii	"boolean_t\000"
 1581      65616E5F 
 1581      7400
 1582              	.LASF66:
 1583 0264 73746174 		.ascii	"state\000"
 1583      6500
 1584              	.LASF92:
 1585 026a 5A3A5C53 		.ascii	"Z:\\SS24_Lab\\EAA_Folder\\TFTJson.cyprj.Archive01\\"
 1585      5332345F 
 1585      4C61625C 
 1585      4541415F 
 1585      466F6C64 
 1586 0299 5446544A 		.ascii	"TFTJson.cydsn\000"
 1586      736F6E2E 
 1586      63796473 
 1586      6E00
 1587              	.LASF44:
 1588 02a7 6C6F6E67 		.ascii	"long double\000"
 1588      20646F75 
 1588      626C6500 
 1589              	.LASF94:
 1590 02b3 73476C6F 		.ascii	"sGlowRGB\000"
 1590      77524742 
 1590      00
 1591              	.LASF71:
 1592 02bc 46414445 		.ascii	"FADER__IsCurrentLedFullyFaded\000"
 1592      525F5F49 
 1592      73437572 
 1592      72656E74 
 1592      4C656446 
ARM GAS  C:\Users\vboxuser\AppData\Local\Temp\cc4jgDzz.s 			page 36


 1593              	.LASF1:
 1594 02da 756E7369 		.ascii	"unsigned char\000"
 1594      676E6564 
 1594      20636861 
 1594      7200
 1595              	.LASF34:
 1596 02e8 52435F45 		.ascii	"RC_ERROR_BAD_PARAM\000"
 1596      52524F52 
 1596      5F424144 
 1596      5F504152 
 1596      414D00
 1597              	.LASF46:
 1598 02fb 45455F55 		.ascii	"EE_UINT32\000"
 1598      494E5433 
 1598      3200
 1599              	.LASF0:
 1600 0305 7369676E 		.ascii	"signed char\000"
 1600      65642063 
 1600      68617200 
 1601              	.LASF43:
 1602 0311 696E7433 		.ascii	"int32_t\000"
 1602      325F7400 
 1603              	.LASF11:
 1604 0319 6C6F6E67 		.ascii	"long long unsigned int\000"
 1604      206C6F6E 
 1604      6720756E 
 1604      7369676E 
 1604      65642069 
 1605              	.LASF55:
 1606 0330 4C45445F 		.ascii	"LED_id_t\000"
 1606      69645F74 
 1606      00
 1607              	.LASF42:
 1608 0339 756E7369 		.ascii	"unsigned int\000"
 1608      676E6564 
 1608      20696E74 
 1608      00
 1609              	.LASF26:
 1610 0346 52435F45 		.ascii	"RC_ERROR_OPEN\000"
 1610      52524F52 
 1610      5F4F5045 
 1610      4E00
 1611              	.LASF4:
 1612 0354 75696E74 		.ascii	"uint16_t\000"
 1612      31365F74 
 1612      00
 1613              	.LASF61:
 1614 035d 4C45445F 		.ascii	"LED_STATE_FADE_IN\000"
 1614      53544154 
 1614      455F4641 
 1614      44455F49 
 1614      4E00
 1615              	.LASF52:
 1616 036f 4C45445F 		.ascii	"LED_YELLOW\000"
 1616      59454C4C 
 1616      4F5700
 1617              	.LASF16:
ARM GAS  C:\Users\vboxuser\AppData\Local\Temp\cc4jgDzz.s 			page 37


 1618 037a 52435F45 		.ascii	"RC_ERROR_NULL\000"
 1618      52524F52 
 1618      5F4E554C 
 1618      4C00
 1619              	.LASF23:
 1620 0388 52435F45 		.ascii	"RC_ERROR_BUFFER_EMTPY\000"
 1620      52524F52 
 1620      5F425546 
 1620      4645525F 
 1620      454D5450 
 1621              	.LASF45:
 1622 039e 45455F49 		.ascii	"EE_INT32\000"
 1622      4E543332 
 1622      00
 1623              	.LASF65:
 1624 03a7 62726967 		.ascii	"brightness\000"
 1624      68746E65 
 1624      737300
 1625              	.LASF5:
 1626 03b2 73686F72 		.ascii	"short unsigned int\000"
 1626      7420756E 
 1626      7369676E 
 1626      65642069 
 1626      6E7400
 1627              	.LASF90:
 1628 03c5 474E5520 		.ascii	"GNU C11 5.4.1 20160609 (release) [ARM/embedded-5-br"
 1628      43313120 
 1628      352E342E 
 1628      31203230 
 1628      31363036 
 1629 03f8 616E6368 		.ascii	"anch revision 237715] -mcpu=cortex-m3 -mthumb -g -O"
 1629      20726576 
 1629      6973696F 
 1629      6E203233 
 1629      37373135 
 1630 042b 67202D66 		.ascii	"g -ffunction-sections -ffat-lto-objects\000"
 1630      66756E63 
 1630      74696F6E 
 1630      2D736563 
 1630      74696F6E 
 1631              	.LASF91:
 1632 0453 6173775C 		.ascii	"asw\\ArcadianLight.c\000"
 1632      41726361 
 1632      6469616E 
 1632      4C696768 
 1632      742E6300 
 1633              	.LASF13:
 1634 0467 63686172 		.ascii	"char\000"
 1634      00
 1635              	.LASF22:
 1636 046c 52435F45 		.ascii	"RC_ERROR_BUFFER_FULL\000"
 1636      52524F52 
 1636      5F425546 
 1636      4645525F 
 1636      46554C4C 
 1637              	.LASF95:
 1638 0481 46414445 		.ascii	"FADER__UpdateLED\000"
ARM GAS  C:\Users\vboxuser\AppData\Local\Temp\cc4jgDzz.s 			page 38


 1638      525F5F55 
 1638      70646174 
 1638      654C4544 
 1638      00
 1639              	.LASF31:
 1640 0492 52435F45 		.ascii	"RC_ERROR_READ_FAILS\000"
 1640      52524F52 
 1640      5F524541 
 1640      445F4641 
 1640      494C5300 
 1641              	.LASF88:
 1642 04a6 4C45445F 		.ascii	"LED_RGB_Set\000"
 1642      5247425F 
 1642      53657400 
 1643              	.LASF53:
 1644 04b2 4C45445F 		.ascii	"LED_GREEN\000"
 1644      47524545 
 1644      4E00
 1645              	.LASF82:
 1646 04bc 45455F41 		.ascii	"EE_ApplicationMode\000"
 1646      70706C69 
 1646      63617469 
 1646      6F6E4D6F 
 1646      646500
 1647              	.LASF7:
 1648 04cf 6C6F6E67 		.ascii	"long unsigned int\000"
 1648      20756E73 
 1648      69676E65 
 1648      6420696E 
 1648      7400
 1649              	.LASF63:
 1650 04e1 46414445 		.ascii	"FADER_State_t\000"
 1650      525F5374 
 1650      6174655F 
 1650      7400
 1651              	.LASF59:
 1652 04ef 74696D65 		.ascii	"timeInMS\000"
 1652      496E4D53 
 1652      00
 1653              	.LASF75:
 1654 04f8 52475F47 		.ascii	"RG_Glower_run\000"
 1654      6C6F7765 
 1654      725F7275 
 1654      6E00
 1655              	.LASF27:
 1656 0506 52435F45 		.ascii	"RC_ERROR_CHECKSUM\000"
 1656      52524F52 
 1656      5F434845 
 1656      434B5355 
 1656      4D00
 1657              	.LASF47:
 1658 0518 45455F55 		.ascii	"EE_UREG\000"
 1658      52454700 
 1659              	.LASF68:
 1660 0520 44495245 		.ascii	"DIRECTION_ASCENDING\000"
 1660      4354494F 
 1660      4E5F4153 
ARM GAS  C:\Users\vboxuser\AppData\Local\Temp\cc4jgDzz.s 			page 39


 1660      43454E44 
 1660      494E4700 
 1661              	.LASF54:
 1662 0534 4C45445F 		.ascii	"LED_ALL\000"
 1662      414C4C00 
 1663              	.LASF41:
 1664 053c 5F5F696E 		.ascii	"__int32_t\000"
 1664      7433325F 
 1664      7400
 1665              	.LASF87:
 1666 0546 4C45445F 		.ascii	"LED_Brightness_Set\000"
 1666      42726967 
 1666      68746E65 
 1666      73735F53 
 1666      657400
 1667              	.LASF89:
 1668 0559 45455F6F 		.ascii	"EE_oo_SetRelAlarm\000"
 1668      6F5F5365 
 1668      7452656C 
 1668      416C6172 
 1668      6D00
 1669              	.LASF36:
 1670 056b 52435F45 		.ascii	"RC_ERROR_CANCELED\000"
 1670      52524F52 
 1670      5F43414E 
 1670      43454C45 
 1670      4400
 1671              	.LASF9:
 1672 057d 646F7562 		.ascii	"double\000"
 1672      6C6500
 1673              	.LASF56:
 1674 0584 72656456 		.ascii	"redValue\000"
 1674      616C7565 
 1674      00
 1675              	.LASF85:
 1676 058d 49544D5F 		.ascii	"ITM_RxBuffer\000"
 1676      52784275 
 1676      66666572 
 1676      00
 1677              	.LASF15:
 1678 059a 52435F45 		.ascii	"RC_ERROR\000"
 1678      52524F52 
 1678      00
 1679              	.LASF51:
 1680 05a3 4C45445F 		.ascii	"LED_RED\000"
 1680      52454400 
 1681              	.LASF18:
 1682 05ab 52435F45 		.ascii	"RC_ERROR_MEMORY\000"
 1682      52524F52 
 1682      5F4D454D 
 1682      4F525900 
 1683              	.LASF80:
 1684 05bb 45455F6F 		.ascii	"EE_oo_IRQ_disable_count\000"
 1684      6F5F4952 
 1684      515F6469 
 1684      7361626C 
 1684      655F636F 
ARM GAS  C:\Users\vboxuser\AppData\Local\Temp\cc4jgDzz.s 			page 40


 1685              	.LASF20:
 1686 05d3 52435F45 		.ascii	"RC_ERROR_OVERRUN\000"
 1686      52524F52 
 1686      5F4F5645 
 1686      5252554E 
 1686      00
 1687              	.LASF79:
 1688 05e4 63757272 		.ascii	"currentDirection\000"
 1688      656E7444 
 1688      69726563 
 1688      74696F6E 
 1688      00
 1689              	.LASF70:
 1690 05f5 46414445 		.ascii	"FADER_Direction_t\000"
 1690      525F4469 
 1690      72656374 
 1690      696F6E5F 
 1690      7400
 1691              	.LASF40:
 1692 0607 52435F74 		.ascii	"RC_t\000"
 1692      00
 1693              	.LASF25:
 1694 060c 52435F45 		.ascii	"RC_ERROR_TIME_OUT\000"
 1694      52524F52 
 1694      5F54494D 
 1694      455F4F55 
 1694      5400
 1695              		.ident	"GCC: (GNU Tools for ARM Embedded Processors) 5.4.1 20160609 (release) [ARM/embedded-5-bran
