ARM GAS  C:\Users\vboxuser\AppData\Local\Temp\ccyPjSIc.s 			page 1


   1              		.syntax unified
   2              		.cpu cortex-m3
   3              		.fpu softvfp
   4              		.eabi_attribute 20, 1
   5              		.eabi_attribute 21, 1
   6              		.eabi_attribute 23, 3
   7              		.eabi_attribute 24, 1
   8              		.eabi_attribute 25, 1
   9              		.eabi_attribute 26, 1
  10              		.eabi_attribute 30, 1
  11              		.eabi_attribute 34, 1
  12              		.eabi_attribute 18, 4
  13              		.thumb
  14              		.syntax unified
  15              		.file	"ErikaOS_1_eecfg.c"
  16              		.text
  17              	.Ltext0:
  18              		.cfi_sections	.debug_frame
  19              		.global	EE_oo_autostart_task_data
  20              		.comm	EE_ApplicationMode,4,4
  21              		.global	EE_oo_action_ROM
  22              		.comm	EE_oo_counter_object_RAM,48,4
  23              		.global	EE_oo_counter_object_ROM
  24              		.global	EE_ALARM_ID
  25              		.global	EE_ALARM_NAME
  26              		.global	EE_alarm_ROM
  27              		.global	EE_counter_RAM
  28              		.global	EE_counter_ROM
  29              		.global	EE_th_is_extended
  30              		.global	EE_th_waswaiting
  31              		.global	EE_th_event_waitmask
  32              		.global	EE_th_event_active
  33              		.global	EE_th_terminate_nextask
  34              		.global	EE_rq_free
  35              		.comm	EE_rq_pairs_tid,16,4
  36              		.global	EE_rq_pairs_next
  37              		.global	EE_rq_link
  38              		.global	EE_th_rnact_max
  39              		.global	EE_th_rnact
  40              		.global	EE_rq_bitmask
  41              		.global	EE_rq_queues_tail
  42              		.global	EE_rq_queues_head
  43              		.global	EE_sys_ceiling
  44              		.global	EE_stkfirst
  45              		.global	EE_th_next
  46              		.global	EE_th_status
  47              		.global	EE_th_dispatch_prio
  48              		.global	EE_EVENT_ID
  49              		.global	EE_EVENT_NAME
  50              		.global	EE_TASK_NAME
  51              		.global	EE_th_ready_prio
  52              		.global	EE_terminate_real_th_body
  53              		.comm	EE_terminate_data,16,4
  54              		.global	EE_hal_thread_body
  55              		.global	EE_cortex_mx_IRQ_tos
  56              		.global	EE_cortex_mx_active_tos
  57              		.global	EE_cortex_mx_system_tos
ARM GAS  C:\Users\vboxuser\AppData\Local\Temp\ccyPjSIc.s 			page 2


  58              		.global	EE_std_thread_tos
  59              		.comm	EE_cortex_mx_stack_9,512,4
  60              		.comm	EE_cortex_mx_stack_3,5000,4
  61              		.section	.rodata
  62              		.align	2
  63              		.type	EE_oo_autostart_task_data, %object
  64              		.size	EE_oo_autostart_task_data, 8
  65              	EE_oo_autostart_task_data:
  66 0000 01000000 		.word	1
  67 0004 08000000 		.word	EE_oo_autostart_task_mode_OSDEFAULTAPPMODE
  68              		.type	EE_oo_autostart_task_mode_OSDEFAULTAPPMODE, %object
  69              		.size	EE_oo_autostart_task_mode_OSDEFAULTAPPMODE, 4
  70              	EE_oo_autostart_task_mode_OSDEFAULTAPPMODE:
  71 0008 00000000 		.space	4
  72              		.type	EE_oo_action_ROM, %object
  73              		.size	EE_oo_action_ROM, 60
  74              	EE_oo_action_ROM:
  75 000c 03       		.byte	3
  76 000d 000000   		.space	3
  77 0010 00000000 		.word	0
  78 0014 00000000 		.word	0
  79 0018 00000000 		.word	timeout
  80 001c FFFFFFFF 		.word	-1
  81 0020 00       		.byte	0
  82 0021 000000   		.space	3
  83 0024 01000000 		.word	1
  84 0028 00000000 		.word	0
  85 002c 00000000 		.word	0
  86 0030 FFFFFFFF 		.word	-1
  87 0034 00       		.byte	0
  88 0035 000000   		.space	3
  89 0038 03000000 		.word	3
  90 003c 00000000 		.word	0
  91 0040 00000000 		.word	0
  92 0044 FFFFFFFF 		.word	-1
  93              		.type	EE_oo_counter_object_ROM, %object
  94              		.size	EE_oo_counter_object_ROM, 36
  95              	EE_oo_counter_object_ROM:
  96 0048 00000000 		.word	0
  97 004c 00000000 		.word	0
  98 0050 00       		.byte	0
  99 0051 000000   		.space	3
 100 0054 00000000 		.word	0
 101 0058 01000000 		.word	1
 102 005c 00       		.byte	0
 103 005d 000000   		.space	3
 104 0060 00000000 		.word	0
 105 0064 02000000 		.word	2
 106 0068 00       		.byte	0
 107 0069 000000   		.space	3
 108              		.type	EE_ALARM_ID, %object
 109              		.size	EE_ALARM_ID, 12
 110              	EE_ALARM_ID:
 111 006c 00000000 		.word	0
 112 0070 01000000 		.word	1
 113 0074 02000000 		.word	2
 114              		.type	EE_alarm_ROM, %object
ARM GAS  C:\Users\vboxuser\AppData\Local\Temp\ccyPjSIc.s 			page 3


 115              		.size	EE_alarm_ROM, 12
 116              	EE_alarm_ROM:
 117 0078 00000000 		.word	0
 118 007c 01000000 		.word	1
 119 0080 02000000 		.word	2
 120              		.type	EE_counter_ROM, %object
 121              		.size	EE_counter_ROM, 12
 122              	EE_counter_ROM:
 123 0084 10270000 		.word	10000
 124 0088 00000000 		.word	0
 125 008c 00000000 		.word	0
 126              		.type	EE_th_is_extended, %object
 127              		.size	EE_th_is_extended, 16
 128              	EE_th_is_extended:
 129 0090 00000000 		.word	0
 130 0094 00000000 		.word	0
 131 0098 01000000 		.word	1
 132 009c 00000000 		.word	0
 133              		.type	EE_th_rnact_max, %object
 134              		.size	EE_th_rnact_max, 16
 135              	EE_th_rnact_max:
 136 00a0 01000000 		.word	1
 137 00a4 01000000 		.word	1
 138 00a8 01000000 		.word	1
 139 00ac 01000000 		.word	1
 140              		.type	EE_th_dispatch_prio, %object
 141              		.size	EE_th_dispatch_prio, 16
 142              	EE_th_dispatch_prio:
 143 00b0 80000000 		.word	128
 144 00b4 02000000 		.word	2
 145 00b8 04000000 		.word	4
 146 00bc 02000000 		.word	2
 147              		.type	EE_EVENT_ID, %object
 148              		.size	EE_EVENT_ID, 16
 149              	EE_EVENT_ID:
 150 00c0 01000000 		.word	1
 151 00c4 02000000 		.word	2
 152 00c8 04000000 		.word	4
 153 00cc 08000000 		.word	8
 154              		.type	EE_th_ready_prio, %object
 155              		.size	EE_th_ready_prio, 16
 156              	EE_th_ready_prio:
 157 00d0 80000000 		.word	128
 158 00d4 02000000 		.word	2
 159 00d8 04000000 		.word	4
 160 00dc 02000000 		.word	2
 161              		.type	EE_terminate_real_th_body, %object
 162              		.size	EE_terminate_real_th_body, 16
 163              	EE_terminate_real_th_body:
 164 00e0 00000000 		.word	Functsk_init
 165 00e4 00000000 		.word	Functsk_Glower
 166 00e8 00000000 		.word	Functsk_reactionGame
 167 00ec 00000000 		.word	Functsk_Fader
 168              		.type	EE_hal_thread_body, %object
 169              		.size	EE_hal_thread_body, 16
 170              	EE_hal_thread_body:
 171 00f0 00000000 		.word	EE_oo_thread_stub
ARM GAS  C:\Users\vboxuser\AppData\Local\Temp\ccyPjSIc.s 			page 4


 172 00f4 00000000 		.word	EE_oo_thread_stub
 173 00f8 00000000 		.word	EE_oo_thread_stub
 174 00fc 00000000 		.word	EE_oo_thread_stub
 175              		.type	EE_std_thread_tos, %object
 176              		.size	EE_std_thread_tos, 20
 177              	EE_std_thread_tos:
 178 0100 00000000 		.word	0
 179 0104 00000000 		.word	0
 180 0108 00000000 		.word	0
 181 010c 01000000 		.word	1
 182 0110 00000000 		.word	0
 183              		.data
 184              		.align	2
 185              		.type	EE_ALARM_NAME, %object
 186              		.size	EE_ALARM_NAME, 12
 187              	EE_ALARM_NAME:
 188 0000 00000000 		.word	.LC0
 189 0004 10000000 		.word	.LC1
 190 0008 24000000 		.word	.LC2
 191              		.type	EE_counter_RAM, %object
 192              		.size	EE_counter_RAM, 8
 193              	EE_counter_RAM:
 194 000c 00000000 		.word	0
 195 0010 FFFFFFFF 		.word	-1
 196              		.type	EE_th_terminate_nextask, %object
 197              		.size	EE_th_terminate_nextask, 16
 198              	EE_th_terminate_nextask:
 199 0014 FFFFFFFF 		.word	-1
 200 0018 FFFFFFFF 		.word	-1
 201 001c FFFFFFFF 		.word	-1
 202 0020 FFFFFFFF 		.word	-1
 203              		.type	EE_rq_pairs_next, %object
 204              		.size	EE_rq_pairs_next, 16
 205              	EE_rq_pairs_next:
 206 0024 01000000 		.word	1
 207 0028 02000000 		.word	2
 208 002c 03000000 		.word	3
 209 0030 FFFFFFFF 		.word	-1
 210              		.type	EE_rq_link, %object
 211              		.size	EE_rq_link, 16
 212              	EE_rq_link:
 213 0034 07000000 		.word	7
 214 0038 01000000 		.word	1
 215 003c 02000000 		.word	2
 216 0040 01000000 		.word	1
 217              		.type	EE_th_rnact, %object
 218              		.size	EE_th_rnact, 16
 219              	EE_th_rnact:
 220 0044 01000000 		.word	1
 221 0048 01000000 		.word	1
 222 004c 01000000 		.word	1
 223 0050 01000000 		.word	1
 224              		.type	EE_rq_queues_tail, %object
 225              		.size	EE_rq_queues_tail, 64
 226              	EE_rq_queues_tail:
 227 0054 FFFFFFFF 		.word	-1
 228 0058 FFFFFFFF 		.word	-1
ARM GAS  C:\Users\vboxuser\AppData\Local\Temp\ccyPjSIc.s 			page 5


 229 005c FFFFFFFF 		.word	-1
 230 0060 FFFFFFFF 		.word	-1
 231 0064 FFFFFFFF 		.word	-1
 232 0068 FFFFFFFF 		.word	-1
 233 006c FFFFFFFF 		.word	-1
 234 0070 FFFFFFFF 		.word	-1
 235 0074 FFFFFFFF 		.word	-1
 236 0078 FFFFFFFF 		.word	-1
 237 007c FFFFFFFF 		.word	-1
 238 0080 FFFFFFFF 		.word	-1
 239 0084 FFFFFFFF 		.word	-1
 240 0088 FFFFFFFF 		.word	-1
 241 008c FFFFFFFF 		.word	-1
 242 0090 FFFFFFFF 		.word	-1
 243              		.type	EE_rq_queues_head, %object
 244              		.size	EE_rq_queues_head, 64
 245              	EE_rq_queues_head:
 246 0094 FFFFFFFF 		.word	-1
 247 0098 FFFFFFFF 		.word	-1
 248 009c FFFFFFFF 		.word	-1
 249 00a0 FFFFFFFF 		.word	-1
 250 00a4 FFFFFFFF 		.word	-1
 251 00a8 FFFFFFFF 		.word	-1
 252 00ac FFFFFFFF 		.word	-1
 253 00b0 FFFFFFFF 		.word	-1
 254 00b4 FFFFFFFF 		.word	-1
 255 00b8 FFFFFFFF 		.word	-1
 256 00bc FFFFFFFF 		.word	-1
 257 00c0 FFFFFFFF 		.word	-1
 258 00c4 FFFFFFFF 		.word	-1
 259 00c8 FFFFFFFF 		.word	-1
 260 00cc FFFFFFFF 		.word	-1
 261 00d0 FFFFFFFF 		.word	-1
 262              		.type	EE_stkfirst, %object
 263              		.size	EE_stkfirst, 4
 264              	EE_stkfirst:
 265 00d4 FFFFFFFF 		.word	-1
 266              		.type	EE_th_next, %object
 267              		.size	EE_th_next, 16
 268              	EE_th_next:
 269 00d8 FFFFFFFF 		.word	-1
 270 00dc FFFFFFFF 		.word	-1
 271 00e0 FFFFFFFF 		.word	-1
 272 00e4 FFFFFFFF 		.word	-1
 273              		.type	EE_th_status, %object
 274              		.size	EE_th_status, 16
 275              	EE_th_status:
 276 00e8 03000000 		.word	3
 277 00ec 03000000 		.word	3
 278 00f0 03000000 		.word	3
 279 00f4 03000000 		.word	3
 280              		.type	EE_EVENT_NAME, %object
 281              		.size	EE_EVENT_NAME, 16
 282              	EE_EVENT_NAME:
 283 00f8 30000000 		.word	.LC3
 284 00fc 3C000000 		.word	.LC4
 285 0100 48000000 		.word	.LC5
ARM GAS  C:\Users\vboxuser\AppData\Local\Temp\ccyPjSIc.s 			page 6


 286 0104 54000000 		.word	.LC6
 287              		.type	EE_TASK_NAME, %object
 288              		.size	EE_TASK_NAME, 16
 289              	EE_TASK_NAME:
 290 0108 5C000000 		.word	.LC7
 291 010c 68000000 		.word	.LC8
 292 0110 74000000 		.word	.LC9
 293 0114 88000000 		.word	.LC10
 294              		.type	EE_cortex_mx_IRQ_tos, %object
 295              		.size	EE_cortex_mx_IRQ_tos, 4
 296              	EE_cortex_mx_IRQ_tos:
 297 0118 00020000 		.word	EE_cortex_mx_stack_9+512
 298              		.type	EE_cortex_mx_system_tos, %object
 299              		.size	EE_cortex_mx_system_tos, 8
 300              	EE_cortex_mx_system_tos:
 301 011c 00000000 		.word	0
 302 0120 60130000 		.word	EE_cortex_mx_stack_3+4960
 303              		.section	.rodata.str1.4,"aMS",%progbits,1
 304              		.align	2
 305              	.LC0:
 306 0000 616C726D 		.ascii	"alrm_Tick1ms\000"
 306      5F546963 
 306      6B316D73 
 306      00
 307 000d 000000   		.space	3
 308              	.LC1:
 309 0010 616C726D 		.ascii	"alrm_waitingTick\000"
 309      5F776169 
 309      74696E67 
 309      5469636B 
 309      00
 310 0021 000000   		.space	3
 311              	.LC2:
 312 0024 616C726D 		.ascii	"alrm_Fader\000"
 312      5F466164 
 312      657200
 313 002f 00       		.space	1
 314              	.LC3:
 315 0030 65765F62 		.ascii	"ev_button1\000"
 315      7574746F 
 315      6E3100
 316 003b 00       		.space	1
 317              	.LC4:
 318 003c 65765F62 		.ascii	"ev_button2\000"
 318      7574746F 
 318      6E3200
 319 0047 00       		.space	1
 320              	.LC5:
 321 0048 65765F74 		.ascii	"ev_timeout\000"
 321      696D656F 
 321      757400
 322 0053 00       		.space	1
 323              	.LC6:
 324 0054 65765F31 		.ascii	"ev_1ms\000"
 324      6D7300
 325 005b 00       		.space	1
 326              	.LC7:
ARM GAS  C:\Users\vboxuser\AppData\Local\Temp\ccyPjSIc.s 			page 7


 327 005c 74736B5F 		.ascii	"tsk_init\000"
 327      696E6974 
 327      00
 328 0065 000000   		.space	3
 329              	.LC8:
 330 0068 74736B5F 		.ascii	"tsk_Glower\000"
 330      476C6F77 
 330      657200
 331 0073 00       		.space	1
 332              	.LC9:
 333 0074 74736B5F 		.ascii	"tsk_reactionGame\000"
 333      72656163 
 333      74696F6E 
 333      47616D65 
 333      00
 334 0085 000000   		.space	3
 335              	.LC10:
 336 0088 74736B5F 		.ascii	"tsk_Fader\000"
 336      46616465 
 336      7200
 337              		.bss
 338              		.align	2
 339              		.type	EE_th_waswaiting, %object
 340              		.size	EE_th_waswaiting, 16
 341              	EE_th_waswaiting:
 342 0000 00000000 		.space	16
 342      00000000 
 342      00000000 
 342      00000000 
 343              		.type	EE_th_event_waitmask, %object
 344              		.size	EE_th_event_waitmask, 16
 345              	EE_th_event_waitmask:
 346 0010 00000000 		.space	16
 346      00000000 
 346      00000000 
 346      00000000 
 347              		.type	EE_th_event_active, %object
 348              		.size	EE_th_event_active, 16
 349              	EE_th_event_active:
 350 0020 00000000 		.space	16
 350      00000000 
 350      00000000 
 350      00000000 
 351              		.type	EE_rq_free, %object
 352              		.size	EE_rq_free, 4
 353              	EE_rq_free:
 354 0030 00000000 		.space	4
 355              		.type	EE_rq_bitmask, %object
 356              		.size	EE_rq_bitmask, 2
 357              	EE_rq_bitmask:
 358 0034 0000     		.space	2
 359 0036 0000     		.space	2
 360              		.type	EE_sys_ceiling, %object
 361              		.size	EE_sys_ceiling, 4
 362              	EE_sys_ceiling:
 363 0038 00000000 		.space	4
 364              		.type	EE_cortex_mx_active_tos, %object
ARM GAS  C:\Users\vboxuser\AppData\Local\Temp\ccyPjSIc.s 			page 8


 365              		.size	EE_cortex_mx_active_tos, 4
 366              	EE_cortex_mx_active_tos:
 367 003c 00000000 		.space	4
 368              		.text
 369              	.Letext0:
 370              		.file 1 "Generated_Source\\PSoC5\\ErikaOS_1_common_ee_types.inc"
 371              		.file 2 "Generated_Source\\PSoC5\\ErikaOS_1_cortex_mx_ee_cpu.inc"
 372              		.file 3 "Generated_Source\\PSoC5\\ErikaOS_1_ee_oo_common.inc"
 373              		.file 4 "Generated_Source\\PSoC5\\ErikaOS_1_common_ee_hal_structs.inc"
 374              		.file 5 "Generated_Source\\PSoC5\\ErikaOS_1_eecfg.c"
 375              		.file 6 "Generated_Source\\PSoC5\\ErikaOS_1_ee_oo_intfunc.inc"
 376              		.file 7 "Generated_Source\\PSoC5\\ErikaOS_1_cortex_mx_ee_context.inc"
 377              		.file 8 "Generated_Source\\PSoC5\\ErikaOS_1_common_ee_primitives.inc"
 378              		.section	.debug_info,"",%progbits
 379              	.Ldebug_info0:
 380 0000 A3080000 		.4byte	0x8a3
 381 0004 0400     		.2byte	0x4
 382 0006 00000000 		.4byte	.Ldebug_abbrev0
 383 000a 04       		.byte	0x4
 384 000b 01       		.uleb128 0x1
 385 000c D5040000 		.4byte	.LASF112
 386 0010 0C       		.byte	0xc
 387 0011 36070000 		.4byte	.LASF113
 388 0015 6A060000 		.4byte	.LASF114
 389 0019 00000000 		.4byte	.Ldebug_line0
 390 001d 02       		.uleb128 0x2
 391 001e 01       		.byte	0x1
 392 001f 06       		.byte	0x6
 393 0020 0F010000 		.4byte	.LASF0
 394 0024 02       		.uleb128 0x2
 395 0025 01       		.byte	0x1
 396 0026 08       		.byte	0x8
 397 0027 38040000 		.4byte	.LASF1
 398 002b 02       		.uleb128 0x2
 399 002c 02       		.byte	0x2
 400 002d 05       		.byte	0x5
 401 002e 7D040000 		.4byte	.LASF2
 402 0032 02       		.uleb128 0x2
 403 0033 02       		.byte	0x2
 404 0034 07       		.byte	0x7
 405 0035 73020000 		.4byte	.LASF3
 406 0039 02       		.uleb128 0x2
 407 003a 04       		.byte	0x4
 408 003b 05       		.byte	0x5
 409 003c 96010000 		.4byte	.LASF4
 410 0040 02       		.uleb128 0x2
 411 0041 04       		.byte	0x4
 412 0042 07       		.byte	0x7
 413 0043 31020000 		.4byte	.LASF5
 414 0047 02       		.uleb128 0x2
 415 0048 08       		.byte	0x8
 416 0049 05       		.byte	0x5
 417 004a 01010000 		.4byte	.LASF6
 418 004e 02       		.uleb128 0x2
 419 004f 08       		.byte	0x8
 420 0050 07       		.byte	0x7
 421 0051 5E000000 		.4byte	.LASF7
ARM GAS  C:\Users\vboxuser\AppData\Local\Temp\ccyPjSIc.s 			page 9


 422 0055 03       		.uleb128 0x3
 423 0056 04       		.byte	0x4
 424 0057 05       		.byte	0x5
 425 0058 696E7400 		.ascii	"int\000"
 426 005c 02       		.uleb128 0x2
 427 005d 04       		.byte	0x4
 428 005e 07       		.byte	0x7
 429 005f F9010000 		.4byte	.LASF8
 430 0063 02       		.uleb128 0x2
 431 0064 08       		.byte	0x8
 432 0065 04       		.byte	0x4
 433 0066 86030000 		.4byte	.LASF9
 434 006a 04       		.uleb128 0x4
 435 006b 05040000 		.4byte	.LASF10
 436 006f 01       		.byte	0x1
 437 0070 52       		.byte	0x52
 438 0071 32000000 		.4byte	0x32
 439 0075 04       		.uleb128 0x4
 440 0076 1B070000 		.4byte	.LASF11
 441 007a 01       		.byte	0x1
 442 007b 53       		.byte	0x53
 443 007c 55000000 		.4byte	0x55
 444 0080 04       		.uleb128 0x4
 445 0081 11070000 		.4byte	.LASF12
 446 0085 01       		.byte	0x1
 447 0086 54       		.byte	0x54
 448 0087 5C000000 		.4byte	0x5c
 449 008b 04       		.uleb128 0x4
 450 008c 8F070000 		.4byte	.LASF13
 451 0090 01       		.byte	0x1
 452 0091 64       		.byte	0x64
 453 0092 96000000 		.4byte	0x96
 454 0096 05       		.uleb128 0x5
 455 0097 04       		.byte	0x4
 456 0098 06       		.uleb128 0x6
 457 0099 04       		.byte	0x4
 458 009a 9E000000 		.4byte	0x9e
 459 009e 07       		.uleb128 0x7
 460 009f 04       		.uleb128 0x4
 461 00a0 09030000 		.4byte	.LASF14
 462 00a4 01       		.byte	0x1
 463 00a5 70       		.byte	0x70
 464 00a6 98000000 		.4byte	0x98
 465 00aa 04       		.uleb128 0x4
 466 00ab 6F050000 		.4byte	.LASF15
 467 00af 01       		.byte	0x1
 468 00b0 73       		.byte	0x73
 469 00b1 98000000 		.4byte	0x98
 470 00b5 04       		.uleb128 0x4
 471 00b6 06020000 		.4byte	.LASF16
 472 00ba 02       		.byte	0x2
 473 00bb 4D       		.byte	0x4d
 474 00bc 80000000 		.4byte	0x80
 475 00c0 04       		.uleb128 0x4
 476 00c1 A8030000 		.4byte	.LASF17
 477 00c5 02       		.byte	0x2
 478 00c6 4E       		.byte	0x4e
ARM GAS  C:\Users\vboxuser\AppData\Local\Temp\ccyPjSIc.s 			page 10


 479 00c7 75000000 		.4byte	0x75
 480 00cb 04       		.uleb128 0x4
 481 00cc A9070000 		.4byte	.LASF18
 482 00d0 02       		.byte	0x2
 483 00d1 4F       		.byte	0x4f
 484 00d2 80000000 		.4byte	0x80
 485 00d6 04       		.uleb128 0x4
 486 00d7 3D000000 		.4byte	.LASF19
 487 00db 02       		.byte	0x2
 488 00dc 54       		.byte	0x54
 489 00dd B5000000 		.4byte	0xb5
 490 00e1 04       		.uleb128 0x4
 491 00e2 EC010000 		.4byte	.LASF20
 492 00e6 02       		.byte	0x2
 493 00e7 78       		.byte	0x78
 494 00e8 75000000 		.4byte	0x75
 495 00ec 08       		.uleb128 0x8
 496 00ed B3000000 		.4byte	.LASF61
 497 00f1 04       		.byte	0x4
 498 00f2 04       		.byte	0x4
 499 00f3 4D       		.byte	0x4d
 500 00f4 05010000 		.4byte	0x105
 501 00f8 09       		.uleb128 0x9
 502 00f9 7B070000 		.4byte	.LASF28
 503 00fd 04       		.byte	0x4
 504 00fe 4E       		.byte	0x4e
 505 00ff 8B000000 		.4byte	0x8b
 506 0103 00       		.byte	0
 507 0104 00       		.byte	0
 508 0105 0A       		.uleb128 0xa
 509 0106 6D030000 		.4byte	.LASF21
 510 010a 03       		.byte	0x3
 511 010b 1101     		.2byte	0x111
 512 010d 6A000000 		.4byte	0x6a
 513 0111 0A       		.uleb128 0xa
 514 0112 AA000000 		.4byte	.LASF22
 515 0116 03       		.byte	0x3
 516 0117 F701     		.2byte	0x1f7
 517 0119 E1000000 		.4byte	0xe1
 518 011d 0A       		.uleb128 0xa
 519 011e 32010000 		.4byte	.LASF23
 520 0122 03       		.byte	0x3
 521 0123 2C02     		.2byte	0x22c
 522 0125 B5000000 		.4byte	0xb5
 523 0129 0A       		.uleb128 0xa
 524 012a 1D000000 		.4byte	.LASF24
 525 012e 03       		.byte	0x3
 526 012f 3502     		.2byte	0x235
 527 0131 B5000000 		.4byte	0xb5
 528 0135 0A       		.uleb128 0xa
 529 0136 C8050000 		.4byte	.LASF25
 530 013a 03       		.byte	0x3
 531 013b 5D02     		.2byte	0x25d
 532 013d B5000000 		.4byte	0xb5
 533 0141 0A       		.uleb128 0xa
 534 0142 32000000 		.4byte	.LASF26
 535 0146 03       		.byte	0x3
ARM GAS  C:\Users\vboxuser\AppData\Local\Temp\ccyPjSIc.s 			page 11


 536 0147 6302     		.2byte	0x263
 537 0149 B5000000 		.4byte	0xb5
 538 014d 0A       		.uleb128 0xa
 539 014e 1A030000 		.4byte	.LASF27
 540 0152 03       		.byte	0x3
 541 0153 6C02     		.2byte	0x26c
 542 0155 B5000000 		.4byte	0xb5
 543 0159 0B       		.uleb128 0xb
 544 015a 0C       		.byte	0xc
 545 015b 03       		.byte	0x3
 546 015c 7202     		.2byte	0x272
 547 015e 8A010000 		.4byte	0x18a
 548 0162 0C       		.uleb128 0xc
 549 0163 BA000000 		.4byte	.LASF29
 550 0167 03       		.byte	0x3
 551 0168 7302     		.2byte	0x273
 552 016a 29010000 		.4byte	0x129
 553 016e 00       		.byte	0
 554 016f 0C       		.uleb128 0xc
 555 0170 B0030000 		.4byte	.LASF30
 556 0174 03       		.byte	0x3
 557 0175 7402     		.2byte	0x274
 558 0177 29010000 		.4byte	0x129
 559 017b 04       		.byte	0x4
 560 017c 0C       		.uleb128 0xc
 561 017d E3010000 		.4byte	.LASF31
 562 0181 03       		.byte	0x3
 563 0182 7502     		.2byte	0x275
 564 0184 29010000 		.4byte	0x129
 565 0188 08       		.byte	0x8
 566 0189 00       		.byte	0
 567 018a 0A       		.uleb128 0xa
 568 018b BE040000 		.4byte	.LASF32
 569 018f 03       		.byte	0x3
 570 0190 7A02     		.2byte	0x27a
 571 0192 59010000 		.4byte	0x159
 572 0196 0B       		.uleb128 0xb
 573 0197 08       		.byte	0x8
 574 0198 03       		.byte	0x3
 575 0199 7D02     		.2byte	0x27d
 576 019b BA010000 		.4byte	0x1ba
 577 019f 0C       		.uleb128 0xc
 578 01a0 F3010000 		.4byte	.LASF33
 579 01a4 03       		.byte	0x3
 580 01a5 7E02     		.2byte	0x27e
 581 01a7 29010000 		.4byte	0x129
 582 01ab 00       		.byte	0
 583 01ac 0C       		.uleb128 0xc
 584 01ad C2050000 		.4byte	.LASF34
 585 01b1 03       		.byte	0x3
 586 01b2 7F02     		.2byte	0x27f
 587 01b4 35010000 		.4byte	0x135
 588 01b8 04       		.byte	0x4
 589 01b9 00       		.byte	0
 590 01ba 0A       		.uleb128 0xa
 591 01bb 73010000 		.4byte	.LASF35
 592 01bf 03       		.byte	0x3
ARM GAS  C:\Users\vboxuser\AppData\Local\Temp\ccyPjSIc.s 			page 12


 593 01c0 8002     		.2byte	0x280
 594 01c2 96010000 		.4byte	0x196
 595 01c6 0D       		.uleb128 0xd
 596 01c7 01       		.byte	0x1
 597 01c8 24000000 		.4byte	0x24
 598 01cc 03       		.byte	0x3
 599 01cd 8A02     		.2byte	0x28a
 600 01cf E0010000 		.4byte	0x1e0
 601 01d3 0E       		.uleb128 0xe
 602 01d4 46040000 		.4byte	.LASF36
 603 01d8 00       		.byte	0
 604 01d9 0E       		.uleb128 0xe
 605 01da 0F040000 		.4byte	.LASF37
 606 01de 01       		.byte	0x1
 607 01df 00       		.byte	0
 608 01e0 0A       		.uleb128 0xa
 609 01e1 9E020000 		.4byte	.LASF38
 610 01e5 03       		.byte	0x3
 611 01e6 8D02     		.2byte	0x28d
 612 01e8 C6010000 		.4byte	0x1c6
 613 01ec 0A       		.uleb128 0xa
 614 01ed CA020000 		.4byte	.LASF39
 615 01f1 03       		.byte	0x3
 616 01f2 9002     		.2byte	0x290
 617 01f4 E0010000 		.4byte	0x1e0
 618 01f8 0B       		.uleb128 0xb
 619 01f9 0C       		.byte	0xc
 620 01fa 03       		.byte	0x3
 621 01fb 9402     		.2byte	0x294
 622 01fd 27020000 		.4byte	0x227
 623 0201 0F       		.uleb128 0xf
 624 0202 6300     		.ascii	"c\000"
 625 0204 03       		.byte	0x3
 626 0205 9602     		.2byte	0x296
 627 0207 4D010000 		.4byte	0x14d
 628 020b 00       		.byte	0
 629 020c 0C       		.uleb128 0xc
 630 020d 1F060000 		.4byte	.LASF40
 631 0211 03       		.byte	0x3
 632 0212 9802     		.2byte	0x298
 633 0214 35010000 		.4byte	0x135
 634 0218 04       		.byte	0x4
 635 0219 0C       		.uleb128 0xc
 636 021a 6E020000 		.4byte	.LASF41
 637 021e 03       		.byte	0x3
 638 021f 9A02     		.2byte	0x29a
 639 0221 EC010000 		.4byte	0x1ec
 640 0225 08       		.byte	0x8
 641 0226 00       		.byte	0
 642 0227 0A       		.uleb128 0xa
 643 0228 7B000000 		.4byte	.LASF42
 644 022c 03       		.byte	0x3
 645 022d 9B02     		.2byte	0x29b
 646 022f F8010000 		.4byte	0x1f8
 647 0233 0B       		.uleb128 0xb
 648 0234 10       		.byte	0x10
 649 0235 03       		.byte	0x3
ARM GAS  C:\Users\vboxuser\AppData\Local\Temp\ccyPjSIc.s 			page 13


 650 0236 9F02     		.2byte	0x29f
 651 0238 71020000 		.4byte	0x271
 652 023c 0C       		.uleb128 0xc
 653 023d BD030000 		.4byte	.LASF43
 654 0241 03       		.byte	0x3
 655 0242 A002     		.2byte	0x2a0
 656 0244 D6000000 		.4byte	0xd6
 657 0248 00       		.byte	0
 658 0249 0C       		.uleb128 0xc
 659 024a 72070000 		.4byte	.LASF44
 660 024e 03       		.byte	0x3
 661 024f A102     		.2byte	0x2a1
 662 0251 29010000 		.4byte	0x129
 663 0255 04       		.byte	0x4
 664 0256 0C       		.uleb128 0xc
 665 0257 75000000 		.4byte	.LASF45
 666 025b 03       		.byte	0x3
 667 025c A202     		.2byte	0x2a2
 668 025e 29010000 		.4byte	0x129
 669 0262 08       		.byte	0x8
 670 0263 0C       		.uleb128 0xc
 671 0264 00000000 		.4byte	.LASF46
 672 0268 03       		.byte	0x3
 673 0269 A302     		.2byte	0x2a3
 674 026b 35010000 		.4byte	0x135
 675 026f 0C       		.byte	0xc
 676 0270 00       		.byte	0
 677 0271 0A       		.uleb128 0xa
 678 0272 C2030000 		.4byte	.LASF47
 679 0276 03       		.byte	0x3
 680 0277 A402     		.2byte	0x2a4
 681 0279 33020000 		.4byte	0x233
 682 027d 0D       		.uleb128 0xd
 683 027e 01       		.byte	0x1
 684 027f 24000000 		.4byte	0x24
 685 0283 03       		.byte	0x3
 686 0284 A702     		.2byte	0x2a7
 687 0286 A3020000 		.4byte	0x2a3
 688 028a 0E       		.uleb128 0xe
 689 028b DF050000 		.4byte	.LASF48
 690 028f 00       		.byte	0
 691 0290 0E       		.uleb128 0xe
 692 0291 27060000 		.4byte	.LASF49
 693 0295 01       		.byte	0x1
 694 0296 0E       		.uleb128 0xe
 695 0297 FE050000 		.4byte	.LASF50
 696 029b 02       		.byte	0x2
 697 029c 0E       		.uleb128 0xe
 698 029d A1050000 		.4byte	.LASF51
 699 02a1 03       		.byte	0x3
 700 02a2 00       		.byte	0
 701 02a3 0A       		.uleb128 0xa
 702 02a4 1B010000 		.4byte	.LASF52
 703 02a8 03       		.byte	0x3
 704 02a9 AC02     		.2byte	0x2ac
 705 02ab 7D020000 		.4byte	0x27d
 706 02af 0A       		.uleb128 0xa
ARM GAS  C:\Users\vboxuser\AppData\Local\Temp\ccyPjSIc.s 			page 14


 707 02b0 C0060000 		.4byte	.LASF53
 708 02b4 03       		.byte	0x3
 709 02b5 AF02     		.2byte	0x2af
 710 02b7 A3020000 		.4byte	0x2a3
 711 02bb 0B       		.uleb128 0xb
 712 02bc 14       		.byte	0x14
 713 02bd 03       		.byte	0x3
 714 02be B202     		.2byte	0x2b2
 715 02c0 04030000 		.4byte	0x304
 716 02c4 0C       		.uleb128 0xc
 717 02c5 59060000 		.4byte	.LASF54
 718 02c9 03       		.byte	0x3
 719 02ca B302     		.2byte	0x2b3
 720 02cc AF020000 		.4byte	0x2af
 721 02d0 00       		.byte	0
 722 02d1 0C       		.uleb128 0xc
 723 02d2 83070000 		.4byte	.LASF55
 724 02d6 03       		.byte	0x3
 725 02d7 B402     		.2byte	0x2b4
 726 02d9 11010000 		.4byte	0x111
 727 02dd 04       		.byte	0x4
 728 02de 0C       		.uleb128 0xc
 729 02df 63050000 		.4byte	.LASF56
 730 02e3 03       		.byte	0x3
 731 02e4 B602     		.2byte	0x2b6
 732 02e6 1D010000 		.4byte	0x11d
 733 02ea 08       		.byte	0x8
 734 02eb 0F       		.uleb128 0xf
 735 02ec 6600     		.ascii	"f\000"
 736 02ee 03       		.byte	0x3
 737 02ef B802     		.2byte	0x2b8
 738 02f1 9F000000 		.4byte	0x9f
 739 02f5 0C       		.byte	0xc
 740 02f6 0C       		.uleb128 0xc
 741 02f7 74040000 		.4byte	.LASF57
 742 02fb 03       		.byte	0x3
 743 02fc BA02     		.2byte	0x2ba
 744 02fe 4D010000 		.4byte	0x14d
 745 0302 10       		.byte	0x10
 746 0303 00       		.byte	0
 747 0304 0A       		.uleb128 0xa
 748 0305 EF030000 		.4byte	.LASF58
 749 0309 03       		.byte	0x3
 750 030a BB02     		.2byte	0x2bb
 751 030c BB020000 		.4byte	0x2bb
 752 0310 0B       		.uleb128 0xb
 753 0311 04       		.byte	0x4
 754 0312 03       		.byte	0x3
 755 0313 BD02     		.2byte	0x2bd
 756 0315 27030000 		.4byte	0x327
 757 0319 0C       		.uleb128 0xc
 758 031a 3F030000 		.4byte	.LASF59
 759 031e 03       		.byte	0x3
 760 031f BF02     		.2byte	0x2bf
 761 0321 41010000 		.4byte	0x141
 762 0325 00       		.byte	0
 763 0326 00       		.byte	0
ARM GAS  C:\Users\vboxuser\AppData\Local\Temp\ccyPjSIc.s 			page 15


 764 0327 0A       		.uleb128 0xa
 765 0328 0E020000 		.4byte	.LASF60
 766 032c 03       		.byte	0x3
 767 032d C402     		.2byte	0x2c4
 768 032f 10030000 		.4byte	0x310
 769 0333 10       		.uleb128 0x10
 770 0334 54020000 		.4byte	.LASF62
 771 0338 08       		.byte	0x8
 772 0339 03       		.byte	0x3
 773 033a 0E04     		.2byte	0x40e
 774 033c 5A030000 		.4byte	0x35a
 775 0340 0F       		.uleb128 0xf
 776 0341 6E7400   		.ascii	"nt\000"
 777 0344 03       		.byte	0x3
 778 0345 0F04     		.2byte	0x40f
 779 0347 B5000000 		.4byte	0xb5
 780 034b 00       		.byte	0
 781 034c 0C       		.uleb128 0xc
 782 034d 65060000 		.4byte	.LASF63
 783 0351 03       		.byte	0x3
 784 0352 1004     		.2byte	0x410
 785 0354 6A030000 		.4byte	0x36a
 786 0358 04       		.byte	0x4
 787 0359 00       		.byte	0
 788 035a 11       		.uleb128 0x11
 789 035b 65030000 		.4byte	0x365
 790 035f 65030000 		.4byte	0x365
 791 0363 12       		.uleb128 0x12
 792 0364 00       		.byte	0
 793 0365 13       		.uleb128 0x13
 794 0366 E1000000 		.4byte	0xe1
 795 036a 06       		.uleb128 0x6
 796 036b 04       		.byte	0x4
 797 036c 5A030000 		.4byte	0x35a
 798 0370 11       		.uleb128 0x11
 799 0371 65030000 		.4byte	0x365
 800 0375 80030000 		.4byte	0x380
 801 0379 14       		.uleb128 0x14
 802 037a 80030000 		.4byte	0x380
 803 037e 00       		.byte	0
 804 037f 00       		.byte	0
 805 0380 02       		.uleb128 0x2
 806 0381 04       		.byte	0x4
 807 0382 07       		.byte	0x7
 808 0383 7D030000 		.4byte	.LASF64
 809 0387 15       		.uleb128 0x15
 810 0388 CA000000 		.4byte	.LASF115
 811 038c 05       		.byte	0x5
 812 038d 6507     		.2byte	0x765
 813 038f 99030000 		.4byte	0x399
 814 0393 05       		.uleb128 0x5
 815 0394 03       		.byte	0x3
 816 0395 08000000 		.4byte	EE_oo_autostart_task_mode_OSDEFAULTAPPMODE
 817 0399 13       		.uleb128 0x13
 818 039a 70030000 		.4byte	0x370
 819 039e 11       		.uleb128 0x11
 820 039f AE030000 		.4byte	0x3ae
ARM GAS  C:\Users\vboxuser\AppData\Local\Temp\ccyPjSIc.s 			page 16


 821 03a3 AE030000 		.4byte	0x3ae
 822 03a7 14       		.uleb128 0x14
 823 03a8 80030000 		.4byte	0x380
 824 03ac 03       		.byte	0x3
 825 03ad 00       		.byte	0
 826 03ae 13       		.uleb128 0x13
 827 03af AA000000 		.4byte	0xaa
 828 03b3 16       		.uleb128 0x16
 829 03b4 37060000 		.4byte	.LASF65
 830 03b8 05       		.byte	0x5
 831 03b9 D2       		.byte	0xd2
 832 03ba C4030000 		.4byte	0x3c4
 833 03be 05       		.uleb128 0x5
 834 03bf 03       		.byte	0x3
 835 03c0 00000000 		.4byte	EE_hal_thread_body
 836 03c4 13       		.uleb128 0x13
 837 03c5 9E030000 		.4byte	0x39e
 838 03c9 11       		.uleb128 0x11
 839 03ca D9030000 		.4byte	0x3d9
 840 03ce D9030000 		.4byte	0x3d9
 841 03d2 14       		.uleb128 0x14
 842 03d3 80030000 		.4byte	0x380
 843 03d7 04       		.byte	0x4
 844 03d8 00       		.byte	0
 845 03d9 13       		.uleb128 0x13
 846 03da B5000000 		.4byte	0xb5
 847 03de 16       		.uleb128 0x16
 848 03df 8F050000 		.4byte	.LASF66
 849 03e3 05       		.byte	0x5
 850 03e4 71       		.byte	0x71
 851 03e5 EF030000 		.4byte	0x3ef
 852 03e9 05       		.uleb128 0x5
 853 03ea 03       		.byte	0x3
 854 03eb 00000000 		.4byte	EE_std_thread_tos
 855 03ef 13       		.uleb128 0x13
 856 03f0 C9030000 		.4byte	0x3c9
 857 03f4 11       		.uleb128 0x11
 858 03f5 80000000 		.4byte	0x80
 859 03f9 04040000 		.4byte	0x404
 860 03fd 14       		.uleb128 0x14
 861 03fe 80030000 		.4byte	0x380
 862 0402 03       		.byte	0x3
 863 0403 00       		.byte	0
 864 0404 16       		.uleb128 0x16
 865 0405 24070000 		.4byte	.LASF67
 866 0409 05       		.byte	0x5
 867 040a ED       		.byte	0xed
 868 040b F4030000 		.4byte	0x3f4
 869 040f 05       		.uleb128 0x5
 870 0410 03       		.byte	0x3
 871 0411 00000000 		.4byte	EE_terminate_data
 872 0415 16       		.uleb128 0x16
 873 0416 5A040000 		.4byte	.LASF68
 874 041a 05       		.byte	0x5
 875 041b F0       		.byte	0xf0
 876 041c 26040000 		.4byte	0x426
 877 0420 05       		.uleb128 0x5
ARM GAS  C:\Users\vboxuser\AppData\Local\Temp\ccyPjSIc.s 			page 17


 878 0421 03       		.byte	0x3
 879 0422 00000000 		.4byte	EE_terminate_real_th_body
 880 0426 13       		.uleb128 0x13
 881 0427 9E030000 		.4byte	0x39e
 882 042b 11       		.uleb128 0x11
 883 042c EC000000 		.4byte	0xec
 884 0430 3B040000 		.4byte	0x43b
 885 0434 14       		.uleb128 0x14
 886 0435 80030000 		.4byte	0x380
 887 0439 01       		.byte	0x1
 888 043a 00       		.byte	0
 889 043b 16       		.uleb128 0x16
 890 043c 20040000 		.4byte	.LASF69
 891 0440 05       		.byte	0x5
 892 0441 8D       		.byte	0x8d
 893 0442 2B040000 		.4byte	0x42b
 894 0446 05       		.uleb128 0x5
 895 0447 03       		.byte	0x3
 896 0448 00000000 		.4byte	EE_cortex_mx_system_tos
 897 044c 16       		.uleb128 0x16
 898 044d 5B010000 		.4byte	.LASF70
 899 0451 05       		.byte	0x5
 900 0452 A9       		.byte	0xa9
 901 0453 B5000000 		.4byte	0xb5
 902 0457 05       		.uleb128 0x5
 903 0458 03       		.byte	0x3
 904 0459 00000000 		.4byte	EE_cortex_mx_active_tos
 905 045d 11       		.uleb128 0x11
 906 045e D9030000 		.4byte	0x3d9
 907 0462 6D040000 		.4byte	0x46d
 908 0466 14       		.uleb128 0x14
 909 0467 80030000 		.4byte	0x380
 910 046b 03       		.byte	0x3
 911 046c 00       		.byte	0
 912 046d 17       		.uleb128 0x17
 913 046e EE050000 		.4byte	.LASF71
 914 0472 05       		.byte	0x5
 915 0473 E202     		.2byte	0x2e2
 916 0475 7F040000 		.4byte	0x47f
 917 0479 05       		.uleb128 0x5
 918 047a 03       		.byte	0x3
 919 047b 00000000 		.4byte	EE_th_rnact_max
 920 047f 13       		.uleb128 0x13
 921 0480 5D040000 		.4byte	0x45d
 922 0484 17       		.uleb128 0x17
 923 0485 CF060000 		.4byte	.LASF72
 924 0489 05       		.byte	0x5
 925 048a 0C01     		.2byte	0x10c
 926 048c 96040000 		.4byte	0x496
 927 0490 05       		.uleb128 0x5
 928 0491 03       		.byte	0x3
 929 0492 00000000 		.4byte	EE_th_ready_prio
 930 0496 13       		.uleb128 0x13
 931 0497 5D040000 		.4byte	0x45d
 932 049b 17       		.uleb128 0x17
 933 049c E0020000 		.4byte	.LASF73
 934 04a0 05       		.byte	0x5
ARM GAS  C:\Users\vboxuser\AppData\Local\Temp\ccyPjSIc.s 			page 18


 935 04a1 4502     		.2byte	0x245
 936 04a3 AD040000 		.4byte	0x4ad
 937 04a7 05       		.uleb128 0x5
 938 04a8 03       		.byte	0x3
 939 04a9 00000000 		.4byte	EE_th_dispatch_prio
 940 04ad 13       		.uleb128 0x13
 941 04ae 5D040000 		.4byte	0x45d
 942 04b2 11       		.uleb128 0x11
 943 04b3 C2040000 		.4byte	0x4c2
 944 04b7 C2040000 		.4byte	0x4c2
 945 04bb 14       		.uleb128 0x14
 946 04bc 80030000 		.4byte	0x380
 947 04c0 03       		.byte	0x3
 948 04c1 00       		.byte	0
 949 04c2 06       		.uleb128 0x6
 950 04c3 04       		.byte	0x4
 951 04c4 CF040000 		.4byte	0x4cf
 952 04c8 02       		.uleb128 0x2
 953 04c9 01       		.byte	0x1
 954 04ca 08       		.byte	0x8
 955 04cb DA050000 		.4byte	.LASF74
 956 04cf 13       		.uleb128 0x13
 957 04d0 C8040000 		.4byte	0x4c8
 958 04d4 17       		.uleb128 0x17
 959 04d5 B1040000 		.4byte	.LASF75
 960 04d9 05       		.byte	0x5
 961 04da 2801     		.2byte	0x128
 962 04dc B2040000 		.4byte	0x4b2
 963 04e0 05       		.uleb128 0x5
 964 04e1 03       		.byte	0x3
 965 04e2 00000000 		.4byte	EE_TASK_NAME
 966 04e6 17       		.uleb128 0x17
 967 04e7 40010000 		.4byte	.LASF76
 968 04eb 05       		.byte	0x5
 969 04ec 8101     		.2byte	0x181
 970 04ee B2040000 		.4byte	0x4b2
 971 04f2 05       		.uleb128 0x5
 972 04f3 03       		.byte	0x3
 973 04f4 00000000 		.4byte	EE_EVENT_NAME
 974 04f8 11       		.uleb128 0x11
 975 04f9 C2040000 		.4byte	0x4c2
 976 04fd 08050000 		.4byte	0x508
 977 0501 14       		.uleb128 0x14
 978 0502 80030000 		.4byte	0x380
 979 0506 02       		.byte	0x2
 980 0507 00       		.byte	0
 981 0508 17       		.uleb128 0x17
 982 0509 23020000 		.4byte	.LASF77
 983 050d 05       		.byte	0x5
 984 050e 3D06     		.2byte	0x63d
 985 0510 F8040000 		.4byte	0x4f8
 986 0514 05       		.uleb128 0x5
 987 0515 03       		.byte	0x3
 988 0516 00000000 		.4byte	EE_ALARM_NAME
 989 051a 11       		.uleb128 0x11
 990 051b 2A050000 		.4byte	0x52a
 991 051f 2A050000 		.4byte	0x52a
ARM GAS  C:\Users\vboxuser\AppData\Local\Temp\ccyPjSIc.s 			page 19


 992 0523 14       		.uleb128 0x14
 993 0524 80030000 		.4byte	0x380
 994 0528 03       		.byte	0x3
 995 0529 00       		.byte	0
 996 052a 13       		.uleb128 0x13
 997 052b 40000000 		.4byte	0x40
 998 052f 17       		.uleb128 0x17
 999 0530 8A010000 		.4byte	.LASF78
 1000 0534 05       		.byte	0x5
 1001 0535 E201     		.2byte	0x1e2
 1002 0537 41050000 		.4byte	0x541
 1003 053b 05       		.uleb128 0x5
 1004 053c 03       		.byte	0x3
 1005 053d 00000000 		.4byte	EE_EVENT_ID
 1006 0541 13       		.uleb128 0x13
 1007 0542 1A050000 		.4byte	0x51a
 1008 0546 11       		.uleb128 0x11
 1009 0547 2A050000 		.4byte	0x52a
 1010 054b 56050000 		.4byte	0x556
 1011 054f 14       		.uleb128 0x14
 1012 0550 80030000 		.4byte	0x380
 1013 0554 02       		.byte	0x2
 1014 0555 00       		.byte	0
 1015 0556 17       		.uleb128 0x17
 1016 0557 F5000000 		.4byte	.LASF79
 1017 055b 05       		.byte	0x5
 1018 055c 5906     		.2byte	0x659
 1019 055e 68050000 		.4byte	0x568
 1020 0562 05       		.uleb128 0x5
 1021 0563 03       		.byte	0x3
 1022 0564 00000000 		.4byte	EE_ALARM_ID
 1023 0568 13       		.uleb128 0x13
 1024 0569 46050000 		.4byte	0x546
 1025 056d 11       		.uleb128 0x11
 1026 056e B5000000 		.4byte	0xb5
 1027 0572 7D050000 		.4byte	0x57d
 1028 0576 14       		.uleb128 0x14
 1029 0577 80030000 		.4byte	0x380
 1030 057b 03       		.byte	0x3
 1031 057c 00       		.byte	0
 1032 057d 17       		.uleb128 0x17
 1033 057e BD020000 		.4byte	.LASF80
 1034 0582 05       		.byte	0x5
 1035 0583 8102     		.2byte	0x281
 1036 0585 6D050000 		.4byte	0x56d
 1037 0589 05       		.uleb128 0x5
 1038 058a 03       		.byte	0x3
 1039 058b 00000000 		.4byte	EE_th_status
 1040 058f 11       		.uleb128 0x11
 1041 0590 E1000000 		.4byte	0xe1
 1042 0594 9F050000 		.4byte	0x59f
 1043 0598 14       		.uleb128 0x14
 1044 0599 80030000 		.4byte	0x380
 1045 059d 03       		.byte	0x3
 1046 059e 00       		.byte	0
 1047 059f 17       		.uleb128 0x17
 1048 05a0 4F040000 		.4byte	.LASF81
ARM GAS  C:\Users\vboxuser\AppData\Local\Temp\ccyPjSIc.s 			page 20


 1049 05a4 05       		.byte	0x5
 1050 05a5 9D02     		.2byte	0x29d
 1051 05a7 8F050000 		.4byte	0x58f
 1052 05ab 05       		.uleb128 0x5
 1053 05ac 03       		.byte	0x3
 1054 05ad 00000000 		.4byte	EE_th_next
 1055 05b1 17       		.uleb128 0x17
 1056 05b2 E0060000 		.4byte	.LASF82
 1057 05b6 05       		.byte	0x5
 1058 05b7 C702     		.2byte	0x2c7
 1059 05b9 6D050000 		.4byte	0x56d
 1060 05bd 05       		.uleb128 0x5
 1061 05be 03       		.byte	0x3
 1062 05bf 00000000 		.4byte	EE_th_rnact
 1063 05c3 17       		.uleb128 0x17
 1064 05c4 05000000 		.4byte	.LASF83
 1065 05c8 05       		.byte	0x5
 1066 05c9 7703     		.2byte	0x377
 1067 05cb 8F050000 		.4byte	0x58f
 1068 05cf 05       		.uleb128 0x5
 1069 05d0 03       		.byte	0x3
 1070 05d1 00000000 		.4byte	EE_th_terminate_nextask
 1071 05d5 17       		.uleb128 0x17
 1072 05d6 26000000 		.4byte	.LASF84
 1073 05da 05       		.byte	0x5
 1074 05db B902     		.2byte	0x2b9
 1075 05dd E1000000 		.4byte	0xe1
 1076 05e1 05       		.uleb128 0x5
 1077 05e2 03       		.byte	0x3
 1078 05e3 00000000 		.4byte	EE_stkfirst
 1079 05e7 17       		.uleb128 0x17
 1080 05e8 4A060000 		.4byte	.LASF85
 1081 05ec 05       		.byte	0x5
 1082 05ed BC02     		.2byte	0x2bc
 1083 05ef B5000000 		.4byte	0xb5
 1084 05f3 05       		.uleb128 0x5
 1085 05f4 03       		.byte	0x3
 1086 05f5 00000000 		.4byte	EE_sys_ceiling
 1087 05f9 17       		.uleb128 0x17
 1088 05fa 9D030000 		.4byte	.LASF86
 1089 05fe 05       		.byte	0x5
 1090 05ff FD02     		.2byte	0x2fd
 1091 0601 6D050000 		.4byte	0x56d
 1092 0605 05       		.uleb128 0x5
 1093 0606 03       		.byte	0x3
 1094 0607 00000000 		.4byte	EE_rq_link
 1095 060b 11       		.uleb128 0x11
 1096 060c C0000000 		.4byte	0xc0
 1097 0610 1B060000 		.4byte	0x61b
 1098 0614 14       		.uleb128 0x14
 1099 0615 80030000 		.4byte	0x380
 1100 0619 0F       		.byte	0xf
 1101 061a 00       		.byte	0
 1102 061b 17       		.uleb128 0x17
 1103 061c 9F010000 		.4byte	.LASF87
 1104 0620 05       		.byte	0x5
 1105 0621 BF02     		.2byte	0x2bf
ARM GAS  C:\Users\vboxuser\AppData\Local\Temp\ccyPjSIc.s 			page 21


 1106 0623 0B060000 		.4byte	0x60b
 1107 0627 05       		.uleb128 0x5
 1108 0628 03       		.byte	0x3
 1109 0629 00000000 		.4byte	EE_rq_queues_head
 1110 062d 17       		.uleb128 0x17
 1111 062e 7D050000 		.4byte	.LASF88
 1112 0632 05       		.byte	0x5
 1113 0633 C102     		.2byte	0x2c1
 1114 0635 0B060000 		.4byte	0x60b
 1115 0639 05       		.uleb128 0x5
 1116 063a 03       		.byte	0x3
 1117 063b 00000000 		.4byte	EE_rq_queues_tail
 1118 063f 11       		.uleb128 0x11
 1119 0640 C0000000 		.4byte	0xc0
 1120 0644 4F060000 		.4byte	0x64f
 1121 0648 14       		.uleb128 0x14
 1122 0649 80030000 		.4byte	0x380
 1123 064d 03       		.byte	0x3
 1124 064e 00       		.byte	0
 1125 064f 17       		.uleb128 0x17
 1126 0650 99000000 		.4byte	.LASF89
 1127 0654 05       		.byte	0x5
 1128 0655 1B03     		.2byte	0x31b
 1129 0657 3F060000 		.4byte	0x63f
 1130 065b 05       		.uleb128 0x5
 1131 065c 03       		.byte	0x3
 1132 065d 00000000 		.4byte	EE_rq_pairs_next
 1133 0661 17       		.uleb128 0x17
 1134 0662 EC060000 		.4byte	.LASF90
 1135 0666 05       		.byte	0x5
 1136 0667 7003     		.2byte	0x370
 1137 0669 8F050000 		.4byte	0x58f
 1138 066d 05       		.uleb128 0x5
 1139 066e 03       		.byte	0x3
 1140 066f 00000000 		.4byte	EE_rq_pairs_tid
 1141 0673 17       		.uleb128 0x17
 1142 0674 B4050000 		.4byte	.LASF91
 1143 0678 05       		.byte	0x5
 1144 0679 C402     		.2byte	0x2c4
 1145 067b 05010000 		.4byte	0x105
 1146 067f 05       		.uleb128 0x5
 1147 0680 03       		.byte	0x3
 1148 0681 00000000 		.4byte	EE_rq_bitmask
 1149 0685 17       		.uleb128 0x17
 1150 0686 92030000 		.4byte	.LASF92
 1151 068a 05       		.byte	0x5
 1152 068b 7303     		.2byte	0x373
 1153 068d C0000000 		.4byte	0xc0
 1154 0691 05       		.uleb128 0x5
 1155 0692 03       		.byte	0x3
 1156 0693 00000000 		.4byte	EE_rq_free
 1157 0697 17       		.uleb128 0x17
 1158 0698 5F070000 		.4byte	.LASF93
 1159 069c 05       		.byte	0x5
 1160 069d 9A03     		.2byte	0x39a
 1161 069f 6D050000 		.4byte	0x56d
 1162 06a3 05       		.uleb128 0x5
ARM GAS  C:\Users\vboxuser\AppData\Local\Temp\ccyPjSIc.s 			page 22


 1163 06a4 03       		.byte	0x3
 1164 06a5 00000000 		.4byte	EE_th_event_active
 1165 06a9 17       		.uleb128 0x17
 1166 06aa 87040000 		.4byte	.LASF94
 1167 06ae 05       		.byte	0x5
 1168 06af B603     		.2byte	0x3b6
 1169 06b1 6D050000 		.4byte	0x56d
 1170 06b5 05       		.uleb128 0x5
 1171 06b6 03       		.byte	0x3
 1172 06b7 00000000 		.4byte	EE_th_event_waitmask
 1173 06bb 11       		.uleb128 0x11
 1174 06bc D6000000 		.4byte	0xd6
 1175 06c0 CB060000 		.4byte	0x6cb
 1176 06c4 14       		.uleb128 0x14
 1177 06c5 80030000 		.4byte	0x380
 1178 06c9 03       		.byte	0x3
 1179 06ca 00       		.byte	0
 1180 06cb 17       		.uleb128 0x17
 1181 06cc 43020000 		.4byte	.LASF95
 1182 06d0 05       		.byte	0x5
 1183 06d1 D203     		.2byte	0x3d2
 1184 06d3 BB060000 		.4byte	0x6bb
 1185 06d7 05       		.uleb128 0x5
 1186 06d8 03       		.byte	0x3
 1187 06d9 00000000 		.4byte	EE_th_waswaiting
 1188 06dd 17       		.uleb128 0x17
 1189 06de 97070000 		.4byte	.LASF96
 1190 06e2 05       		.byte	0x5
 1191 06e3 EE03     		.2byte	0x3ee
 1192 06e5 EF060000 		.4byte	0x6ef
 1193 06e9 05       		.uleb128 0x5
 1194 06ea 03       		.byte	0x3
 1195 06eb 00000000 		.4byte	EE_th_is_extended
 1196 06ef 13       		.uleb128 0x13
 1197 06f0 5D040000 		.4byte	0x45d
 1198 06f4 11       		.uleb128 0x11
 1199 06f5 04070000 		.4byte	0x704
 1200 06f9 04070000 		.4byte	0x704
 1201 06fd 14       		.uleb128 0x14
 1202 06fe 80030000 		.4byte	0x380
 1203 0702 00       		.byte	0
 1204 0703 00       		.byte	0
 1205 0704 13       		.uleb128 0x13
 1206 0705 8A010000 		.4byte	0x18a
 1207 0709 17       		.uleb128 0x17
 1208 070a E0030000 		.4byte	.LASF97
 1209 070e 05       		.byte	0x5
 1210 070f FF05     		.2byte	0x5ff
 1211 0711 1B070000 		.4byte	0x71b
 1212 0715 05       		.uleb128 0x5
 1213 0716 03       		.byte	0x3
 1214 0717 00000000 		.4byte	EE_counter_ROM
 1215 071b 13       		.uleb128 0x13
 1216 071c F4060000 		.4byte	0x6f4
 1217 0720 11       		.uleb128 0x11
 1218 0721 30070000 		.4byte	0x730
 1219 0725 30070000 		.4byte	0x730
ARM GAS  C:\Users\vboxuser\AppData\Local\Temp\ccyPjSIc.s 			page 23


 1220 0729 14       		.uleb128 0x14
 1221 072a 80030000 		.4byte	0x380
 1222 072e 02       		.byte	0x2
 1223 072f 00       		.byte	0
 1224 0730 13       		.uleb128 0x13
 1225 0731 27020000 		.4byte	0x227
 1226 0735 17       		.uleb128 0x17
 1227 0736 26030000 		.4byte	.LASF98
 1228 073a 05       		.byte	0x5
 1229 073b 9606     		.2byte	0x696
 1230 073d 47070000 		.4byte	0x747
 1231 0741 05       		.uleb128 0x5
 1232 0742 03       		.byte	0x3
 1233 0743 00000000 		.4byte	EE_oo_counter_object_ROM
 1234 0747 13       		.uleb128 0x13
 1235 0748 20070000 		.4byte	0x720
 1236 074c 11       		.uleb128 0x11
 1237 074d 5C070000 		.4byte	0x75c
 1238 0751 5C070000 		.4byte	0x75c
 1239 0755 14       		.uleb128 0x14
 1240 0756 80030000 		.4byte	0x380
 1241 075a 02       		.byte	0x2
 1242 075b 00       		.byte	0
 1243 075c 13       		.uleb128 0x13
 1244 075d 04030000 		.4byte	0x304
 1245 0761 17       		.uleb128 0x17
 1246 0762 5C030000 		.4byte	.LASF99
 1247 0766 05       		.byte	0x5
 1248 0767 BA06     		.2byte	0x6ba
 1249 0769 73070000 		.4byte	0x773
 1250 076d 05       		.uleb128 0x5
 1251 076e 03       		.byte	0x3
 1252 076f 00000000 		.4byte	EE_oo_action_ROM
 1253 0773 13       		.uleb128 0x13
 1254 0774 4C070000 		.4byte	0x74c
 1255 0778 11       		.uleb128 0x11
 1256 0779 88070000 		.4byte	0x788
 1257 077d 88070000 		.4byte	0x788
 1258 0781 14       		.uleb128 0x14
 1259 0782 80030000 		.4byte	0x380
 1260 0786 02       		.byte	0x2
 1261 0787 00       		.byte	0
 1262 0788 13       		.uleb128 0x13
 1263 0789 27030000 		.4byte	0x327
 1264 078d 17       		.uleb128 0x17
 1265 078e 4E010000 		.4byte	.LASF100
 1266 0792 05       		.byte	0x5
 1267 0793 2006     		.2byte	0x620
 1268 0795 9F070000 		.4byte	0x79f
 1269 0799 05       		.uleb128 0x5
 1270 079a 03       		.byte	0x3
 1271 079b 00000000 		.4byte	EE_alarm_ROM
 1272 079f 13       		.uleb128 0x13
 1273 07a0 78070000 		.4byte	0x778
 1274 07a4 11       		.uleb128 0x11
 1275 07a5 BA010000 		.4byte	0x1ba
 1276 07a9 B4070000 		.4byte	0x7b4
ARM GAS  C:\Users\vboxuser\AppData\Local\Temp\ccyPjSIc.s 			page 24


 1277 07ad 14       		.uleb128 0x14
 1278 07ae 80030000 		.4byte	0x380
 1279 07b2 00       		.byte	0
 1280 07b3 00       		.byte	0
 1281 07b4 17       		.uleb128 0x17
 1282 07b5 10060000 		.4byte	.LASF101
 1283 07b9 05       		.byte	0x5
 1284 07ba 0C06     		.2byte	0x60c
 1285 07bc A4070000 		.4byte	0x7a4
 1286 07c0 05       		.uleb128 0x5
 1287 07c1 03       		.byte	0x3
 1288 07c2 00000000 		.4byte	EE_counter_RAM
 1289 07c6 11       		.uleb128 0x11
 1290 07c7 71020000 		.4byte	0x271
 1291 07cb D6070000 		.4byte	0x7d6
 1292 07cf 14       		.uleb128 0x14
 1293 07d0 80030000 		.4byte	0x380
 1294 07d4 02       		.byte	0x2
 1295 07d5 00       		.byte	0
 1296 07d6 17       		.uleb128 0x17
 1297 07d7 A7060000 		.4byte	.LASF102
 1298 07db 05       		.byte	0x5
 1299 07dc B106     		.2byte	0x6b1
 1300 07de C6070000 		.4byte	0x7c6
 1301 07e2 05       		.uleb128 0x5
 1302 07e3 03       		.byte	0x3
 1303 07e4 00000000 		.4byte	EE_oo_counter_object_RAM
 1304 07e8 11       		.uleb128 0x11
 1305 07e9 F8070000 		.4byte	0x7f8
 1306 07ed F8070000 		.4byte	0x7f8
 1307 07f1 14       		.uleb128 0x14
 1308 07f2 80030000 		.4byte	0x380
 1309 07f6 00       		.byte	0
 1310 07f7 00       		.byte	0
 1311 07f8 13       		.uleb128 0x13
 1312 07f9 33030000 		.4byte	0x333
 1313 07fd 17       		.uleb128 0x17
 1314 07fe B1070000 		.4byte	.LASF103
 1315 0802 05       		.byte	0x5
 1316 0803 9607     		.2byte	0x796
 1317 0805 0F080000 		.4byte	0x80f
 1318 0809 05       		.uleb128 0x5
 1319 080a 03       		.byte	0x3
 1320 080b 00000000 		.4byte	EE_oo_autostart_task_data
 1321 080f 13       		.uleb128 0x13
 1322 0810 E8070000 		.4byte	0x7e8
 1323 0814 18       		.uleb128 0x18
 1324 0815 86020000 		.4byte	.LASF104
 1325 0819 06       		.byte	0x6
 1326 081a 40       		.byte	0x40
 1327 081b B5000000 		.4byte	0xb5
 1328 081f 18       		.uleb128 0x18
 1329 0820 B1010000 		.4byte	.LASF105
 1330 0824 06       		.byte	0x6
 1331 0825 47       		.byte	0x47
 1332 0826 CB000000 		.4byte	0xcb
 1333 082a 17       		.uleb128 0x17
ARM GAS  C:\Users\vboxuser\AppData\Local\Temp\ccyPjSIc.s 			page 25


 1334 082b 49030000 		.4byte	.LASF106
 1335 082f 05       		.byte	0x5
 1336 0830 5C07     		.2byte	0x75c
 1337 0832 B5000000 		.4byte	0xb5
 1338 0836 05       		.uleb128 0x5
 1339 0837 03       		.byte	0x3
 1340 0838 00000000 		.4byte	EE_ApplicationMode
 1341 083c 18       		.uleb128 0x18
 1342 083d CA010000 		.4byte	.LASF107
 1343 0841 07       		.byte	0x7
 1344 0842 48       		.byte	0x48
 1345 0843 E1000000 		.4byte	0xe1
 1346 0847 18       		.uleb128 0x18
 1347 0848 FC060000 		.4byte	.LASF108
 1348 084c 08       		.byte	0x8
 1349 084d 44       		.byte	0x44
 1350 084e B5000000 		.4byte	0xb5
 1351 0852 16       		.uleb128 0x16
 1352 0853 49000000 		.4byte	.LASF109
 1353 0857 05       		.byte	0x5
 1354 0858 AD       		.byte	0xad
 1355 0859 EC000000 		.4byte	0xec
 1356 085d 05       		.uleb128 0x5
 1357 085e 03       		.byte	0x3
 1358 085f 00000000 		.4byte	EE_cortex_mx_IRQ_tos
 1359 0863 11       		.uleb128 0x11
 1360 0864 55000000 		.4byte	0x55
 1361 0868 74080000 		.4byte	0x874
 1362 086c 19       		.uleb128 0x19
 1363 086d 80030000 		.4byte	0x380
 1364 0871 E104     		.2byte	0x4e1
 1365 0873 00       		.byte	0
 1366 0874 16       		.uleb128 0x16
 1367 0875 9C040000 		.4byte	.LASF110
 1368 0879 05       		.byte	0x5
 1369 087a 19       		.byte	0x19
 1370 087b 63080000 		.4byte	0x863
 1371 087f 05       		.uleb128 0x5
 1372 0880 03       		.byte	0x3
 1373 0881 00000000 		.4byte	EE_cortex_mx_stack_3
 1374 0885 11       		.uleb128 0x11
 1375 0886 55000000 		.4byte	0x55
 1376 088a 95080000 		.4byte	0x895
 1377 088e 14       		.uleb128 0x14
 1378 088f 80030000 		.4byte	0x380
 1379 0893 7F       		.byte	0x7f
 1380 0894 00       		.byte	0
 1381 0895 16       		.uleb128 0x16
 1382 0896 F4020000 		.4byte	.LASF111
 1383 089a 05       		.byte	0x5
 1384 089b 32       		.byte	0x32
 1385 089c 85080000 		.4byte	0x885
 1386 08a0 05       		.uleb128 0x5
 1387 08a1 03       		.byte	0x3
 1388 08a2 00000000 		.4byte	EE_cortex_mx_stack_9
 1389 08a6 00       		.byte	0
 1390              		.section	.debug_abbrev,"",%progbits
ARM GAS  C:\Users\vboxuser\AppData\Local\Temp\ccyPjSIc.s 			page 26


 1391              	.Ldebug_abbrev0:
 1392 0000 01       		.uleb128 0x1
 1393 0001 11       		.uleb128 0x11
 1394 0002 01       		.byte	0x1
 1395 0003 25       		.uleb128 0x25
 1396 0004 0E       		.uleb128 0xe
 1397 0005 13       		.uleb128 0x13
 1398 0006 0B       		.uleb128 0xb
 1399 0007 03       		.uleb128 0x3
 1400 0008 0E       		.uleb128 0xe
 1401 0009 1B       		.uleb128 0x1b
 1402 000a 0E       		.uleb128 0xe
 1403 000b 10       		.uleb128 0x10
 1404 000c 17       		.uleb128 0x17
 1405 000d 00       		.byte	0
 1406 000e 00       		.byte	0
 1407 000f 02       		.uleb128 0x2
 1408 0010 24       		.uleb128 0x24
 1409 0011 00       		.byte	0
 1410 0012 0B       		.uleb128 0xb
 1411 0013 0B       		.uleb128 0xb
 1412 0014 3E       		.uleb128 0x3e
 1413 0015 0B       		.uleb128 0xb
 1414 0016 03       		.uleb128 0x3
 1415 0017 0E       		.uleb128 0xe
 1416 0018 00       		.byte	0
 1417 0019 00       		.byte	0
 1418 001a 03       		.uleb128 0x3
 1419 001b 24       		.uleb128 0x24
 1420 001c 00       		.byte	0
 1421 001d 0B       		.uleb128 0xb
 1422 001e 0B       		.uleb128 0xb
 1423 001f 3E       		.uleb128 0x3e
 1424 0020 0B       		.uleb128 0xb
 1425 0021 03       		.uleb128 0x3
 1426 0022 08       		.uleb128 0x8
 1427 0023 00       		.byte	0
 1428 0024 00       		.byte	0
 1429 0025 04       		.uleb128 0x4
 1430 0026 16       		.uleb128 0x16
 1431 0027 00       		.byte	0
 1432 0028 03       		.uleb128 0x3
 1433 0029 0E       		.uleb128 0xe
 1434 002a 3A       		.uleb128 0x3a
 1435 002b 0B       		.uleb128 0xb
 1436 002c 3B       		.uleb128 0x3b
 1437 002d 0B       		.uleb128 0xb
 1438 002e 49       		.uleb128 0x49
 1439 002f 13       		.uleb128 0x13
 1440 0030 00       		.byte	0
 1441 0031 00       		.byte	0
 1442 0032 05       		.uleb128 0x5
 1443 0033 0F       		.uleb128 0xf
 1444 0034 00       		.byte	0
 1445 0035 0B       		.uleb128 0xb
 1446 0036 0B       		.uleb128 0xb
 1447 0037 00       		.byte	0
ARM GAS  C:\Users\vboxuser\AppData\Local\Temp\ccyPjSIc.s 			page 27


 1448 0038 00       		.byte	0
 1449 0039 06       		.uleb128 0x6
 1450 003a 0F       		.uleb128 0xf
 1451 003b 00       		.byte	0
 1452 003c 0B       		.uleb128 0xb
 1453 003d 0B       		.uleb128 0xb
 1454 003e 49       		.uleb128 0x49
 1455 003f 13       		.uleb128 0x13
 1456 0040 00       		.byte	0
 1457 0041 00       		.byte	0
 1458 0042 07       		.uleb128 0x7
 1459 0043 15       		.uleb128 0x15
 1460 0044 00       		.byte	0
 1461 0045 27       		.uleb128 0x27
 1462 0046 19       		.uleb128 0x19
 1463 0047 00       		.byte	0
 1464 0048 00       		.byte	0
 1465 0049 08       		.uleb128 0x8
 1466 004a 13       		.uleb128 0x13
 1467 004b 01       		.byte	0x1
 1468 004c 03       		.uleb128 0x3
 1469 004d 0E       		.uleb128 0xe
 1470 004e 0B       		.uleb128 0xb
 1471 004f 0B       		.uleb128 0xb
 1472 0050 3A       		.uleb128 0x3a
 1473 0051 0B       		.uleb128 0xb
 1474 0052 3B       		.uleb128 0x3b
 1475 0053 0B       		.uleb128 0xb
 1476 0054 01       		.uleb128 0x1
 1477 0055 13       		.uleb128 0x13
 1478 0056 00       		.byte	0
 1479 0057 00       		.byte	0
 1480 0058 09       		.uleb128 0x9
 1481 0059 0D       		.uleb128 0xd
 1482 005a 00       		.byte	0
 1483 005b 03       		.uleb128 0x3
 1484 005c 0E       		.uleb128 0xe
 1485 005d 3A       		.uleb128 0x3a
 1486 005e 0B       		.uleb128 0xb
 1487 005f 3B       		.uleb128 0x3b
 1488 0060 0B       		.uleb128 0xb
 1489 0061 49       		.uleb128 0x49
 1490 0062 13       		.uleb128 0x13
 1491 0063 38       		.uleb128 0x38
 1492 0064 0B       		.uleb128 0xb
 1493 0065 00       		.byte	0
 1494 0066 00       		.byte	0
 1495 0067 0A       		.uleb128 0xa
 1496 0068 16       		.uleb128 0x16
 1497 0069 00       		.byte	0
 1498 006a 03       		.uleb128 0x3
 1499 006b 0E       		.uleb128 0xe
 1500 006c 3A       		.uleb128 0x3a
 1501 006d 0B       		.uleb128 0xb
 1502 006e 3B       		.uleb128 0x3b
 1503 006f 05       		.uleb128 0x5
 1504 0070 49       		.uleb128 0x49
ARM GAS  C:\Users\vboxuser\AppData\Local\Temp\ccyPjSIc.s 			page 28


 1505 0071 13       		.uleb128 0x13
 1506 0072 00       		.byte	0
 1507 0073 00       		.byte	0
 1508 0074 0B       		.uleb128 0xb
 1509 0075 13       		.uleb128 0x13
 1510 0076 01       		.byte	0x1
 1511 0077 0B       		.uleb128 0xb
 1512 0078 0B       		.uleb128 0xb
 1513 0079 3A       		.uleb128 0x3a
 1514 007a 0B       		.uleb128 0xb
 1515 007b 3B       		.uleb128 0x3b
 1516 007c 05       		.uleb128 0x5
 1517 007d 01       		.uleb128 0x1
 1518 007e 13       		.uleb128 0x13
 1519 007f 00       		.byte	0
 1520 0080 00       		.byte	0
 1521 0081 0C       		.uleb128 0xc
 1522 0082 0D       		.uleb128 0xd
 1523 0083 00       		.byte	0
 1524 0084 03       		.uleb128 0x3
 1525 0085 0E       		.uleb128 0xe
 1526 0086 3A       		.uleb128 0x3a
 1527 0087 0B       		.uleb128 0xb
 1528 0088 3B       		.uleb128 0x3b
 1529 0089 05       		.uleb128 0x5
 1530 008a 49       		.uleb128 0x49
 1531 008b 13       		.uleb128 0x13
 1532 008c 38       		.uleb128 0x38
 1533 008d 0B       		.uleb128 0xb
 1534 008e 00       		.byte	0
 1535 008f 00       		.byte	0
 1536 0090 0D       		.uleb128 0xd
 1537 0091 04       		.uleb128 0x4
 1538 0092 01       		.byte	0x1
 1539 0093 0B       		.uleb128 0xb
 1540 0094 0B       		.uleb128 0xb
 1541 0095 49       		.uleb128 0x49
 1542 0096 13       		.uleb128 0x13
 1543 0097 3A       		.uleb128 0x3a
 1544 0098 0B       		.uleb128 0xb
 1545 0099 3B       		.uleb128 0x3b
 1546 009a 05       		.uleb128 0x5
 1547 009b 01       		.uleb128 0x1
 1548 009c 13       		.uleb128 0x13
 1549 009d 00       		.byte	0
 1550 009e 00       		.byte	0
 1551 009f 0E       		.uleb128 0xe
 1552 00a0 28       		.uleb128 0x28
 1553 00a1 00       		.byte	0
 1554 00a2 03       		.uleb128 0x3
 1555 00a3 0E       		.uleb128 0xe
 1556 00a4 1C       		.uleb128 0x1c
 1557 00a5 0B       		.uleb128 0xb
 1558 00a6 00       		.byte	0
 1559 00a7 00       		.byte	0
 1560 00a8 0F       		.uleb128 0xf
 1561 00a9 0D       		.uleb128 0xd
ARM GAS  C:\Users\vboxuser\AppData\Local\Temp\ccyPjSIc.s 			page 29


 1562 00aa 00       		.byte	0
 1563 00ab 03       		.uleb128 0x3
 1564 00ac 08       		.uleb128 0x8
 1565 00ad 3A       		.uleb128 0x3a
 1566 00ae 0B       		.uleb128 0xb
 1567 00af 3B       		.uleb128 0x3b
 1568 00b0 05       		.uleb128 0x5
 1569 00b1 49       		.uleb128 0x49
 1570 00b2 13       		.uleb128 0x13
 1571 00b3 38       		.uleb128 0x38
 1572 00b4 0B       		.uleb128 0xb
 1573 00b5 00       		.byte	0
 1574 00b6 00       		.byte	0
 1575 00b7 10       		.uleb128 0x10
 1576 00b8 13       		.uleb128 0x13
 1577 00b9 01       		.byte	0x1
 1578 00ba 03       		.uleb128 0x3
 1579 00bb 0E       		.uleb128 0xe
 1580 00bc 0B       		.uleb128 0xb
 1581 00bd 0B       		.uleb128 0xb
 1582 00be 3A       		.uleb128 0x3a
 1583 00bf 0B       		.uleb128 0xb
 1584 00c0 3B       		.uleb128 0x3b
 1585 00c1 05       		.uleb128 0x5
 1586 00c2 01       		.uleb128 0x1
 1587 00c3 13       		.uleb128 0x13
 1588 00c4 00       		.byte	0
 1589 00c5 00       		.byte	0
 1590 00c6 11       		.uleb128 0x11
 1591 00c7 01       		.uleb128 0x1
 1592 00c8 01       		.byte	0x1
 1593 00c9 49       		.uleb128 0x49
 1594 00ca 13       		.uleb128 0x13
 1595 00cb 01       		.uleb128 0x1
 1596 00cc 13       		.uleb128 0x13
 1597 00cd 00       		.byte	0
 1598 00ce 00       		.byte	0
 1599 00cf 12       		.uleb128 0x12
 1600 00d0 21       		.uleb128 0x21
 1601 00d1 00       		.byte	0
 1602 00d2 00       		.byte	0
 1603 00d3 00       		.byte	0
 1604 00d4 13       		.uleb128 0x13
 1605 00d5 26       		.uleb128 0x26
 1606 00d6 00       		.byte	0
 1607 00d7 49       		.uleb128 0x49
 1608 00d8 13       		.uleb128 0x13
 1609 00d9 00       		.byte	0
 1610 00da 00       		.byte	0
 1611 00db 14       		.uleb128 0x14
 1612 00dc 21       		.uleb128 0x21
 1613 00dd 00       		.byte	0
 1614 00de 49       		.uleb128 0x49
 1615 00df 13       		.uleb128 0x13
 1616 00e0 2F       		.uleb128 0x2f
 1617 00e1 0B       		.uleb128 0xb
 1618 00e2 00       		.byte	0
ARM GAS  C:\Users\vboxuser\AppData\Local\Temp\ccyPjSIc.s 			page 30


 1619 00e3 00       		.byte	0
 1620 00e4 15       		.uleb128 0x15
 1621 00e5 34       		.uleb128 0x34
 1622 00e6 00       		.byte	0
 1623 00e7 03       		.uleb128 0x3
 1624 00e8 0E       		.uleb128 0xe
 1625 00e9 3A       		.uleb128 0x3a
 1626 00ea 0B       		.uleb128 0xb
 1627 00eb 3B       		.uleb128 0x3b
 1628 00ec 05       		.uleb128 0x5
 1629 00ed 49       		.uleb128 0x49
 1630 00ee 13       		.uleb128 0x13
 1631 00ef 02       		.uleb128 0x2
 1632 00f0 18       		.uleb128 0x18
 1633 00f1 00       		.byte	0
 1634 00f2 00       		.byte	0
 1635 00f3 16       		.uleb128 0x16
 1636 00f4 34       		.uleb128 0x34
 1637 00f5 00       		.byte	0
 1638 00f6 03       		.uleb128 0x3
 1639 00f7 0E       		.uleb128 0xe
 1640 00f8 3A       		.uleb128 0x3a
 1641 00f9 0B       		.uleb128 0xb
 1642 00fa 3B       		.uleb128 0x3b
 1643 00fb 0B       		.uleb128 0xb
 1644 00fc 49       		.uleb128 0x49
 1645 00fd 13       		.uleb128 0x13
 1646 00fe 3F       		.uleb128 0x3f
 1647 00ff 19       		.uleb128 0x19
 1648 0100 02       		.uleb128 0x2
 1649 0101 18       		.uleb128 0x18
 1650 0102 00       		.byte	0
 1651 0103 00       		.byte	0
 1652 0104 17       		.uleb128 0x17
 1653 0105 34       		.uleb128 0x34
 1654 0106 00       		.byte	0
 1655 0107 03       		.uleb128 0x3
 1656 0108 0E       		.uleb128 0xe
 1657 0109 3A       		.uleb128 0x3a
 1658 010a 0B       		.uleb128 0xb
 1659 010b 3B       		.uleb128 0x3b
 1660 010c 05       		.uleb128 0x5
 1661 010d 49       		.uleb128 0x49
 1662 010e 13       		.uleb128 0x13
 1663 010f 3F       		.uleb128 0x3f
 1664 0110 19       		.uleb128 0x19
 1665 0111 02       		.uleb128 0x2
 1666 0112 18       		.uleb128 0x18
 1667 0113 00       		.byte	0
 1668 0114 00       		.byte	0
 1669 0115 18       		.uleb128 0x18
 1670 0116 34       		.uleb128 0x34
 1671 0117 00       		.byte	0
 1672 0118 03       		.uleb128 0x3
 1673 0119 0E       		.uleb128 0xe
 1674 011a 3A       		.uleb128 0x3a
 1675 011b 0B       		.uleb128 0xb
ARM GAS  C:\Users\vboxuser\AppData\Local\Temp\ccyPjSIc.s 			page 31


 1676 011c 3B       		.uleb128 0x3b
 1677 011d 0B       		.uleb128 0xb
 1678 011e 49       		.uleb128 0x49
 1679 011f 13       		.uleb128 0x13
 1680 0120 3F       		.uleb128 0x3f
 1681 0121 19       		.uleb128 0x19
 1682 0122 3C       		.uleb128 0x3c
 1683 0123 19       		.uleb128 0x19
 1684 0124 00       		.byte	0
 1685 0125 00       		.byte	0
 1686 0126 19       		.uleb128 0x19
 1687 0127 21       		.uleb128 0x21
 1688 0128 00       		.byte	0
 1689 0129 49       		.uleb128 0x49
 1690 012a 13       		.uleb128 0x13
 1691 012b 2F       		.uleb128 0x2f
 1692 012c 05       		.uleb128 0x5
 1693 012d 00       		.byte	0
 1694 012e 00       		.byte	0
 1695 012f 00       		.byte	0
 1696              		.section	.debug_aranges,"",%progbits
 1697 0000 14000000 		.4byte	0x14
 1698 0004 0200     		.2byte	0x2
 1699 0006 00000000 		.4byte	.Ldebug_info0
 1700 000a 04       		.byte	0x4
 1701 000b 00       		.byte	0
 1702 000c 0000     		.2byte	0
 1703 000e 0000     		.2byte	0
 1704 0010 00000000 		.4byte	0
 1705 0014 00000000 		.4byte	0
 1706              		.section	.debug_line,"",%progbits
 1707              	.Ldebug_line0:
 1708 0000 38010000 		.section	.debug_str,"MS",%progbits,1
 1708      02003201 
 1708      00000201 
 1708      FB0E0D00 
 1708      01010101 
 1709              	.LASF46:
 1710 0000 6E657874 		.ascii	"next\000"
 1710      00
 1711              	.LASF83:
 1712 0005 45455F74 		.ascii	"EE_th_terminate_nextask\000"
 1712      685F7465 
 1712      726D696E 
 1712      6174655F 
 1712      6E657874 
 1713              	.LASF24:
 1714 001d 5469636B 		.ascii	"TickType\000"
 1714      54797065 
 1714      00
 1715              	.LASF84:
 1716 0026 45455F73 		.ascii	"EE_stkfirst\000"
 1716      746B6669 
 1716      72737400 
 1717              	.LASF26:
 1718 0032 41637469 		.ascii	"ActionType\000"
 1718      6F6E5479 
ARM GAS  C:\Users\vboxuser\AppData\Local\Temp\ccyPjSIc.s 			page 32


 1718      706500
 1719              	.LASF19:
 1720 003d 45455F54 		.ascii	"EE_TYPEBOOL\000"
 1720      59504542 
 1720      4F4F4C00 
 1721              	.LASF109:
 1722 0049 45455F63 		.ascii	"EE_cortex_mx_IRQ_tos\000"
 1722      6F727465 
 1722      785F6D78 
 1722      5F495251 
 1722      5F746F73 
 1723              	.LASF7:
 1724 005e 6C6F6E67 		.ascii	"long long unsigned int\000"
 1724      206C6F6E 
 1724      6720756E 
 1724      7369676E 
 1724      65642069 
 1725              	.LASF45:
 1726 0075 64656C74 		.ascii	"delta\000"
 1726      6100
 1727              	.LASF42:
 1728 007b 45455F6F 		.ascii	"EE_oo_counter_object_ROM_type\000"
 1728      6F5F636F 
 1728      756E7465 
 1728      725F6F62 
 1728      6A656374 
 1729              	.LASF89:
 1730 0099 45455F72 		.ascii	"EE_rq_pairs_next\000"
 1730      715F7061 
 1730      6972735F 
 1730      6E657874 
 1730      00
 1731              	.LASF22:
 1732 00aa 5461736B 		.ascii	"TaskType\000"
 1732      54797065 
 1732      00
 1733              	.LASF61:
 1734 00b3 45455F54 		.ascii	"EE_TOS\000"
 1734      4F5300
 1735              	.LASF29:
 1736 00ba 6D617861 		.ascii	"maxallowedvalue\000"
 1736      6C6C6F77 
 1736      65647661 
 1736      6C756500 
 1737              	.LASF115:
 1738 00ca 45455F6F 		.ascii	"EE_oo_autostart_task_mode_OSDEFAULTAPPMODE\000"
 1738      6F5F6175 
 1738      746F7374 
 1738      6172745F 
 1738      7461736B 
 1739              	.LASF79:
 1740 00f5 45455F41 		.ascii	"EE_ALARM_ID\000"
 1740      4C41524D 
 1740      5F494400 
 1741              	.LASF6:
 1742 0101 6C6F6E67 		.ascii	"long long int\000"
 1742      206C6F6E 
ARM GAS  C:\Users\vboxuser\AppData\Local\Temp\ccyPjSIc.s 			page 33


 1742      6720696E 
 1742      7400
 1743              	.LASF0:
 1744 010f 7369676E 		.ascii	"signed char\000"
 1744      65642063 
 1744      68617200 
 1745              	.LASF52:
 1746 011b 45455F6F 		.ascii	"EE_oo_action_kind_type\000"
 1746      6F5F6163 
 1746      74696F6E 
 1746      5F6B696E 
 1746      645F7479 
 1747              	.LASF23:
 1748 0132 4576656E 		.ascii	"EventMaskType\000"
 1748      744D6173 
 1748      6B547970 
 1748      6500
 1749              	.LASF76:
 1750 0140 45455F45 		.ascii	"EE_EVENT_NAME\000"
 1750      56454E54 
 1750      5F4E414D 
 1750      4500
 1751              	.LASF100:
 1752 014e 45455F61 		.ascii	"EE_alarm_ROM\000"
 1752      6C61726D 
 1752      5F524F4D 
 1752      00
 1753              	.LASF70:
 1754 015b 45455F63 		.ascii	"EE_cortex_mx_active_tos\000"
 1754      6F727465 
 1754      785F6D78 
 1754      5F616374 
 1754      6976655F 
 1755              	.LASF35:
 1756 0173 45455F6F 		.ascii	"EE_oo_counter_RAM_type\000"
 1756      6F5F636F 
 1756      756E7465 
 1756      725F5241 
 1756      4D5F7479 
 1757              	.LASF78:
 1758 018a 45455F45 		.ascii	"EE_EVENT_ID\000"
 1758      56454E54 
 1758      5F494400 
 1759              	.LASF4:
 1760 0196 6C6F6E67 		.ascii	"long int\000"
 1760      20696E74 
 1760      00
 1761              	.LASF87:
 1762 019f 45455F72 		.ascii	"EE_rq_queues_head\000"
 1762      715F7175 
 1762      65756573 
 1762      5F686561 
 1762      6400
 1763              	.LASF105:
 1764 01b1 45455F6F 		.ascii	"EE_oo_IRQ_suspend_status\000"
 1764      6F5F4952 
 1764      515F7375 
ARM GAS  C:\Users\vboxuser\AppData\Local\Temp\ccyPjSIc.s 			page 34


 1764      7370656E 
 1764      645F7374 
 1765              	.LASF107:
 1766 01ca 45455F73 		.ascii	"EE_std_endcycle_next_tid\000"
 1766      74645F65 
 1766      6E646379 
 1766      636C655F 
 1766      6E657874 
 1767              	.LASF31:
 1768 01e3 6D696E63 		.ascii	"mincycle\000"
 1768      79636C65 
 1768      00
 1769              	.LASF20:
 1770 01ec 45455F54 		.ascii	"EE_TID\000"
 1770      494400
 1771              	.LASF33:
 1772 01f3 76616C75 		.ascii	"value\000"
 1772      6500
 1773              	.LASF8:
 1774 01f9 756E7369 		.ascii	"unsigned int\000"
 1774      676E6564 
 1774      20696E74 
 1774      00
 1775              	.LASF16:
 1776 0206 45455F55 		.ascii	"EE_UREG\000"
 1776      52454700 
 1777              	.LASF60:
 1778 020e 45455F6F 		.ascii	"EE_oo_alarm_ROM_type\000"
 1778      6F5F616C 
 1778      61726D5F 
 1778      524F4D5F 
 1778      74797065 
 1779              	.LASF77:
 1780 0223 45455F41 		.ascii	"EE_ALARM_NAME\000"
 1780      4C41524D 
 1780      5F4E414D 
 1780      4500
 1781              	.LASF5:
 1782 0231 6C6F6E67 		.ascii	"long unsigned int\000"
 1782      20756E73 
 1782      69676E65 
 1782      6420696E 
 1782      7400
 1783              	.LASF95:
 1784 0243 45455F74 		.ascii	"EE_th_waswaiting\000"
 1784      685F7761 
 1784      73776169 
 1784      74696E67 
 1784      00
 1785              	.LASF62:
 1786 0254 45455F6F 		.ascii	"EE_oo_autostart_task_type\000"
 1786      6F5F6175 
 1786      746F7374 
 1786      6172745F 
 1786      7461736B 
 1787              	.LASF41:
 1788 026e 6B696E64 		.ascii	"kind\000"
ARM GAS  C:\Users\vboxuser\AppData\Local\Temp\ccyPjSIc.s 			page 35


 1788      00
 1789              	.LASF3:
 1790 0273 73686F72 		.ascii	"short unsigned int\000"
 1790      7420756E 
 1790      7369676E 
 1790      65642069 
 1790      6E7400
 1791              	.LASF104:
 1792 0286 45455F6F 		.ascii	"EE_oo_IRQ_disable_count\000"
 1792      6F5F4952 
 1792      515F6469 
 1792      7361626C 
 1792      655F636F 
 1793              	.LASF38:
 1794 029e 45455F6F 		.ascii	"EE_oo_counter_object_kind_type\000"
 1794      6F5F636F 
 1794      756E7465 
 1794      725F6F62 
 1794      6A656374 
 1795              	.LASF80:
 1796 02bd 45455F74 		.ascii	"EE_th_status\000"
 1796      685F7374 
 1796      61747573 
 1796      00
 1797              	.LASF39:
 1798 02ca 436F756E 		.ascii	"CounterObjectKindType\000"
 1798      7465724F 
 1798      626A6563 
 1798      744B696E 
 1798      64547970 
 1799              	.LASF73:
 1800 02e0 45455F74 		.ascii	"EE_th_dispatch_prio\000"
 1800      685F6469 
 1800      73706174 
 1800      63685F70 
 1800      72696F00 
 1801              	.LASF111:
 1802 02f4 45455F63 		.ascii	"EE_cortex_mx_stack_9\000"
 1802      6F727465 
 1802      785F6D78 
 1802      5F737461 
 1802      636B5F39 
 1803              	.LASF14:
 1804 0309 45455F56 		.ascii	"EE_VOID_CALLBACK\000"
 1804      4F49445F 
 1804      43414C4C 
 1804      4241434B 
 1804      00
 1805              	.LASF27:
 1806 031a 436F756E 		.ascii	"CounterType\000"
 1806      74657254 
 1806      79706500 
 1807              	.LASF98:
 1808 0326 45455F6F 		.ascii	"EE_oo_counter_object_ROM\000"
 1808      6F5F636F 
 1808      756E7465 
 1808      725F6F62 
ARM GAS  C:\Users\vboxuser\AppData\Local\Temp\ccyPjSIc.s 			page 36


 1808      6A656374 
 1809              	.LASF59:
 1810 033f 61637469 		.ascii	"action_id\000"
 1810      6F6E5F69 
 1810      6400
 1811              	.LASF106:
 1812 0349 45455F41 		.ascii	"EE_ApplicationMode\000"
 1812      70706C69 
 1812      63617469 
 1812      6F6E4D6F 
 1812      646500
 1813              	.LASF99:
 1814 035c 45455F6F 		.ascii	"EE_oo_action_ROM\000"
 1814      6F5F6163 
 1814      74696F6E 
 1814      5F524F4D 
 1814      00
 1815              	.LASF21:
 1816 036d 45455F54 		.ascii	"EE_TYPE_RQ_MASK\000"
 1816      5950455F 
 1816      52515F4D 
 1816      41534B00 
 1817              	.LASF64:
 1818 037d 73697A65 		.ascii	"sizetype\000"
 1818      74797065 
 1818      00
 1819              	.LASF9:
 1820 0386 6C6F6E67 		.ascii	"long double\000"
 1820      20646F75 
 1820      626C6500 
 1821              	.LASF92:
 1822 0392 45455F72 		.ascii	"EE_rq_free\000"
 1822      715F6672 
 1822      656500
 1823              	.LASF86:
 1824 039d 45455F72 		.ascii	"EE_rq_link\000"
 1824      715F6C69 
 1824      6E6B00
 1825              	.LASF17:
 1826 03a8 45455F53 		.ascii	"EE_SREG\000"
 1826      52454700 
 1827              	.LASF30:
 1828 03b0 7469636B 		.ascii	"ticksperbase\000"
 1828      73706572 
 1828      62617365 
 1828      00
 1829              	.LASF43:
 1830 03bd 75736564 		.ascii	"used\000"
 1830      00
 1831              	.LASF47:
 1832 03c2 45455F6F 		.ascii	"EE_oo_counter_object_RAM_type\000"
 1832      6F5F636F 
 1832      756E7465 
 1832      725F6F62 
 1832      6A656374 
 1833              	.LASF97:
 1834 03e0 45455F63 		.ascii	"EE_counter_ROM\000"
ARM GAS  C:\Users\vboxuser\AppData\Local\Temp\ccyPjSIc.s 			page 37


 1834      6F756E74 
 1834      65725F52 
 1834      4F4D00
 1835              	.LASF58:
 1836 03ef 45455F6F 		.ascii	"EE_oo_action_ROM_type\000"
 1836      6F5F6163 
 1836      74696F6E 
 1836      5F524F4D 
 1836      5F747970 
 1837              	.LASF10:
 1838 0405 45455F55 		.ascii	"EE_UINT16\000"
 1838      494E5431 
 1838      3600
 1839              	.LASF37:
 1840 040f 45455F53 		.ascii	"EE_SCHEDULETABLE\000"
 1840      43484544 
 1840      554C4554 
 1840      41424C45 
 1840      00
 1841              	.LASF69:
 1842 0420 45455F63 		.ascii	"EE_cortex_mx_system_tos\000"
 1842      6F727465 
 1842      785F6D78 
 1842      5F737973 
 1842      74656D5F 
 1843              	.LASF1:
 1844 0438 756E7369 		.ascii	"unsigned char\000"
 1844      676E6564 
 1844      20636861 
 1844      7200
 1845              	.LASF36:
 1846 0446 45455F41 		.ascii	"EE_ALARM\000"
 1846      4C41524D 
 1846      00
 1847              	.LASF81:
 1848 044f 45455F74 		.ascii	"EE_th_next\000"
 1848      685F6E65 
 1848      787400
 1849              	.LASF68:
 1850 045a 45455F74 		.ascii	"EE_terminate_real_th_body\000"
 1850      65726D69 
 1850      6E617465 
 1850      5F726561 
 1850      6C5F7468 
 1851              	.LASF57:
 1852 0474 696E6363 		.ascii	"inccount\000"
 1852      6F756E74 
 1852      00
 1853              	.LASF2:
 1854 047d 73686F72 		.ascii	"short int\000"
 1854      7420696E 
 1854      7400
 1855              	.LASF94:
 1856 0487 45455F74 		.ascii	"EE_th_event_waitmask\000"
 1856      685F6576 
 1856      656E745F 
 1856      77616974 
ARM GAS  C:\Users\vboxuser\AppData\Local\Temp\ccyPjSIc.s 			page 38


 1856      6D61736B 
 1857              	.LASF110:
 1858 049c 45455F63 		.ascii	"EE_cortex_mx_stack_3\000"
 1858      6F727465 
 1858      785F6D78 
 1858      5F737461 
 1858      636B5F33 
 1859              	.LASF75:
 1860 04b1 45455F54 		.ascii	"EE_TASK_NAME\000"
 1860      41534B5F 
 1860      4E414D45 
 1860      00
 1861              	.LASF32:
 1862 04be 45455F6F 		.ascii	"EE_oo_counter_ROM_type\000"
 1862      6F5F636F 
 1862      756E7465 
 1862      725F524F 
 1862      4D5F7479 
 1863              	.LASF112:
 1864 04d5 474E5520 		.ascii	"GNU C11 5.4.1 20160609 (release) [ARM/embedded-5-br"
 1864      43313120 
 1864      352E342E 
 1864      31203230 
 1864      31363036 
 1865 0508 616E6368 		.ascii	"anch revision 237715] -mcpu=cortex-m3 -mthumb -g -O"
 1865      20726576 
 1865      6973696F 
 1865      6E203233 
 1865      37373135 
 1866 053b 67202D66 		.ascii	"g -ffunction-sections -ffat-lto-objects\000"
 1866      66756E63 
 1866      74696F6E 
 1866      2D736563 
 1866      74696F6E 
 1867              	.LASF56:
 1868 0563 61637469 		.ascii	"action_mask\000"
 1868      6F6E5F6D 
 1868      61736B00 
 1869              	.LASF15:
 1870 056f 45455F54 		.ascii	"EE_THREAD_PTR\000"
 1870      48524541 
 1870      445F5054 
 1870      5200
 1871              	.LASF88:
 1872 057d 45455F72 		.ascii	"EE_rq_queues_tail\000"
 1872      715F7175 
 1872      65756573 
 1872      5F746169 
 1872      6C00
 1873              	.LASF66:
 1874 058f 45455F73 		.ascii	"EE_std_thread_tos\000"
 1874      74645F74 
 1874      68726561 
 1874      645F746F 
 1874      7300
 1875              	.LASF51:
 1876 05a1 45455F41 		.ascii	"EE_ACTION_CALLBACK\000"
ARM GAS  C:\Users\vboxuser\AppData\Local\Temp\ccyPjSIc.s 			page 39


 1876      4354494F 
 1876      4E5F4341 
 1876      4C4C4241 
 1876      434B00
 1877              	.LASF91:
 1878 05b4 45455F72 		.ascii	"EE_rq_bitmask\000"
 1878      715F6269 
 1878      746D6173 
 1878      6B00
 1879              	.LASF34:
 1880 05c2 66697273 		.ascii	"first\000"
 1880      7400
 1881              	.LASF25:
 1882 05c8 436F756E 		.ascii	"CounterObjectType\000"
 1882      7465724F 
 1882      626A6563 
 1882      74547970 
 1882      6500
 1883              	.LASF74:
 1884 05da 63686172 		.ascii	"char\000"
 1884      00
 1885              	.LASF48:
 1886 05df 45455F41 		.ascii	"EE_ACTION_TASK\000"
 1886      4354494F 
 1886      4E5F5441 
 1886      534B00
 1887              	.LASF71:
 1888 05ee 45455F74 		.ascii	"EE_th_rnact_max\000"
 1888      685F726E 
 1888      6163745F 
 1888      6D617800 
 1889              	.LASF50:
 1890 05fe 45455F41 		.ascii	"EE_ACTION_COUNTER\000"
 1890      4354494F 
 1890      4E5F434F 
 1890      554E5445 
 1890      5200
 1891              	.LASF101:
 1892 0610 45455F63 		.ascii	"EE_counter_RAM\000"
 1892      6F756E74 
 1892      65725F52 
 1892      414D00
 1893              	.LASF40:
 1894 061f 73706563 		.ascii	"spec_id\000"
 1894      5F696400 
 1895              	.LASF49:
 1896 0627 45455F41 		.ascii	"EE_ACTION_EVENT\000"
 1896      4354494F 
 1896      4E5F4556 
 1896      454E5400 
 1897              	.LASF65:
 1898 0637 45455F68 		.ascii	"EE_hal_thread_body\000"
 1898      616C5F74 
 1898      68726561 
 1898      645F626F 
 1898      647900
 1899              	.LASF85:
ARM GAS  C:\Users\vboxuser\AppData\Local\Temp\ccyPjSIc.s 			page 40


 1900 064a 45455F73 		.ascii	"EE_sys_ceiling\000"
 1900      79735F63 
 1900      65696C69 
 1900      6E6700
 1901              	.LASF54:
 1902 0659 61637469 		.ascii	"action_kind\000"
 1902      6F6E5F6B 
 1902      696E6400 
 1903              	.LASF63:
 1904 0665 7461736B 		.ascii	"task\000"
 1904      00
 1905              	.LASF114:
 1906 066a 5A3A5C53 		.ascii	"Z:\\SS24_Lab\\EAA_Folder\\TFTJson.cyprj.Archive01\\"
 1906      5332345F 
 1906      4C61625C 
 1906      4541415F 
 1906      466F6C64 
 1907 0699 5446544A 		.ascii	"TFTJson.cydsn\000"
 1907      736F6E2E 
 1907      63796473 
 1907      6E00
 1908              	.LASF102:
 1909 06a7 45455F6F 		.ascii	"EE_oo_counter_object_RAM\000"
 1909      6F5F636F 
 1909      756E7465 
 1909      725F6F62 
 1909      6A656374 
 1910              	.LASF53:
 1911 06c0 41637469 		.ascii	"ActionKindType\000"
 1911      6F6E4B69 
 1911      6E645479 
 1911      706500
 1912              	.LASF72:
 1913 06cf 45455F74 		.ascii	"EE_th_ready_prio\000"
 1913      685F7265 
 1913      6164795F 
 1913      7072696F 
 1913      00
 1914              	.LASF82:
 1915 06e0 45455F74 		.ascii	"EE_th_rnact\000"
 1915      685F726E 
 1915      61637400 
 1916              	.LASF90:
 1917 06ec 45455F72 		.ascii	"EE_rq_pairs_tid\000"
 1917      715F7061 
 1917      6972735F 
 1917      74696400 
 1918              	.LASF108:
 1919 06fc 45455F49 		.ascii	"EE_IRQ_nesting_level\000"
 1919      52515F6E 
 1919      65737469 
 1919      6E675F6C 
 1919      6576656C 
 1920              	.LASF12:
 1921 0711 45455F55 		.ascii	"EE_UINT32\000"
 1921      494E5433 
 1921      3200
ARM GAS  C:\Users\vboxuser\AppData\Local\Temp\ccyPjSIc.s 			page 41


 1922              	.LASF11:
 1923 071b 45455F49 		.ascii	"EE_INT32\000"
 1923      4E543332 
 1923      00
 1924              	.LASF67:
 1925 0724 45455F74 		.ascii	"EE_terminate_data\000"
 1925      65726D69 
 1925      6E617465 
 1925      5F646174 
 1925      6100
 1926              	.LASF113:
 1927 0736 47656E65 		.ascii	"Generated_Source\\PSoC5\\ErikaOS_1_eecfg.c\000"
 1927      72617465 
 1927      645F536F 
 1927      75726365 
 1927      5C50536F 
 1928              	.LASF93:
 1929 075f 45455F74 		.ascii	"EE_th_event_active\000"
 1929      685F6576 
 1929      656E745F 
 1929      61637469 
 1929      766500
 1930              	.LASF44:
 1931 0772 636E7463 		.ascii	"cntcycle\000"
 1931      79636C65 
 1931      00
 1932              	.LASF28:
 1933 077b 5359535F 		.ascii	"SYS_tos\000"
 1933      746F7300 
 1934              	.LASF55:
 1935 0783 61637469 		.ascii	"action_task\000"
 1935      6F6E5F74 
 1935      61736B00 
 1936              	.LASF13:
 1937 078f 45455F41 		.ascii	"EE_ADDR\000"
 1937      44445200 
 1938              	.LASF96:
 1939 0797 45455F74 		.ascii	"EE_th_is_extended\000"
 1939      685F6973 
 1939      5F657874 
 1939      656E6465 
 1939      6400
 1940              	.LASF18:
 1941 07a9 45455F46 		.ascii	"EE_FREG\000"
 1941      52454700 
 1942              	.LASF103:
 1943 07b1 45455F6F 		.ascii	"EE_oo_autostart_task_data\000"
 1943      6F5F6175 
 1943      746F7374 
 1943      6172745F 
 1943      7461736B 
 1944              		.ident	"GCC: (GNU Tools for ARM Embedded Processors) 5.4.1 20160609 (release) [ARM/embedded-5-bran
