ARM GAS  C:\Users\vboxuser\AppData\Local\Temp\ccmIAfKR.s 			page 1


   1              		.syntax unified
   2              		.cpu cortex-m3
   3              		.fpu softvfp
   4              		.eabi_attribute 20, 1
   5              		.eabi_attribute 21, 1
   6              		.eabi_attribute 23, 3
   7              		.eabi_attribute 24, 1
   8              		.eabi_attribute 25, 1
   9              		.eabi_attribute 26, 1
  10              		.eabi_attribute 30, 1
  11              		.eabi_attribute 34, 1
  12              		.eabi_attribute 18, 4
  13              		.thumb
  14              		.syntax unified
  15              		.file	"ErikaOS_1_eecfg.c"
  16              		.text
  17              	.Ltext0:
  18              		.cfi_sections	.debug_frame
  19              		.global	EE_oo_autostart_task_data
  20              		.comm	EE_ApplicationMode,4,4
  21              		.global	EE_oo_action_ROM
  22              		.comm	EE_oo_counter_object_RAM,16,4
  23              		.global	EE_oo_counter_object_ROM
  24              		.global	EE_ALARM_ID
  25              		.global	EE_ALARM_NAME
  26              		.global	EE_alarm_ROM
  27              		.global	EE_counter_RAM
  28              		.global	EE_counter_ROM
  29              		.global	EE_th_is_extended
  30              		.global	EE_th_waswaiting
  31              		.global	EE_th_event_waitmask
  32              		.global	EE_th_event_active
  33              		.global	EE_th_terminate_nextask
  34              		.global	EE_rq_free
  35              		.comm	EE_rq_pairs_tid,24,4
  36              		.global	EE_rq_pairs_next
  37              		.global	EE_rq_link
  38              		.global	EE_th_rnact_max
  39              		.global	EE_th_rnact
  40              		.global	EE_rq_bitmask
  41              		.global	EE_rq_queues_tail
  42              		.global	EE_rq_queues_head
  43              		.global	EE_sys_ceiling
  44              		.global	EE_stkfirst
  45              		.global	EE_th_next
  46              		.global	EE_th_status
  47              		.global	EE_th_dispatch_prio
  48              		.global	EE_EVENT_ID
  49              		.global	EE_EVENT_NAME
  50              		.global	EE_TASK_NAME
  51              		.global	EE_th_ready_prio
  52              		.global	EE_terminate_real_th_body
  53              		.comm	EE_terminate_data,24,4
  54              		.global	EE_hal_thread_body
  55              		.global	EE_cortex_mx_IRQ_tos
  56              		.global	EE_cortex_mx_active_tos
  57              		.global	EE_cortex_mx_system_tos
ARM GAS  C:\Users\vboxuser\AppData\Local\Temp\ccmIAfKR.s 			page 2


  58              		.global	EE_std_thread_tos
  59              		.comm	EE_cortex_mx_stack_9,512,4
  60              		.comm	EE_cortex_mx_stack_6,2000,4
  61              		.comm	EE_cortex_mx_stack_4,3000,4
  62              		.comm	EE_cortex_mx_stack_3,4000,4
  63              		.section	.rodata
  64              		.align	2
  65              		.type	EE_oo_autostart_task_data, %object
  66              		.size	EE_oo_autostart_task_data, 8
  67              	EE_oo_autostart_task_data:
  68 0000 01000000 		.word	1
  69 0004 08000000 		.word	EE_oo_autostart_task_mode_OSDEFAULTAPPMODE
  70              		.type	EE_oo_autostart_task_mode_OSDEFAULTAPPMODE, %object
  71              		.size	EE_oo_autostart_task_mode_OSDEFAULTAPPMODE, 4
  72              	EE_oo_autostart_task_mode_OSDEFAULTAPPMODE:
  73 0008 01000000 		.word	1
  74              		.type	EE_oo_action_ROM, %object
  75              		.size	EE_oo_action_ROM, 20
  76              	EE_oo_action_ROM:
  77 000c 01       		.byte	1
  78 000d 000000   		.space	3
  79 0010 02000000 		.word	2
  80 0014 01000000 		.word	1
  81 0018 00000000 		.word	0
  82 001c FFFFFFFF 		.word	-1
  83              		.type	EE_oo_counter_object_ROM, %object
  84              		.size	EE_oo_counter_object_ROM, 12
  85              	EE_oo_counter_object_ROM:
  86 0020 00000000 		.space	12
  86      00000000 
  86      00000000 
  87              		.type	EE_ALARM_ID, %object
  88              		.size	EE_ALARM_ID, 4
  89              	EE_ALARM_ID:
  90 002c 00000000 		.space	4
  91              		.type	EE_alarm_ROM, %object
  92              		.size	EE_alarm_ROM, 4
  93              	EE_alarm_ROM:
  94 0030 00000000 		.space	4
  95              		.type	EE_counter_ROM, %object
  96              		.size	EE_counter_ROM, 12
  97              	EE_counter_ROM:
  98 0034 10270000 		.word	10000
  99 0038 01000000 		.word	1
 100 003c 00000000 		.word	0
 101              		.type	EE_th_is_extended, %object
 102              		.size	EE_th_is_extended, 24
 103              	EE_th_is_extended:
 104 0040 00000000 		.word	0
 105 0044 00000000 		.word	0
 106 0048 01000000 		.word	1
 107 004c 01000000 		.word	1
 108 0050 00000000 		.word	0
 109 0054 01000000 		.word	1
 110              		.type	EE_th_rnact_max, %object
 111              		.size	EE_th_rnact_max, 24
 112              	EE_th_rnact_max:
ARM GAS  C:\Users\vboxuser\AppData\Local\Temp\ccmIAfKR.s 			page 3


 113 0058 01000000 		.word	1
 114 005c 01000000 		.word	1
 115 0060 01000000 		.word	1
 116 0064 01000000 		.word	1
 117 0068 01000000 		.word	1
 118 006c 01000000 		.word	1
 119              		.type	EE_th_dispatch_prio, %object
 120              		.size	EE_th_dispatch_prio, 24
 121              	EE_th_dispatch_prio:
 122 0070 04000000 		.word	4
 123 0074 02000000 		.word	2
 124 0078 10000000 		.word	16
 125 007c 20000000 		.word	32
 126 0080 02000000 		.word	2
 127 0084 04000000 		.word	4
 128              		.type	EE_EVENT_ID, %object
 129              		.size	EE_EVENT_ID, 20
 130              	EE_EVENT_ID:
 131 0088 01000000 		.word	1
 132 008c 02000000 		.word	2
 133 0090 04000000 		.word	4
 134 0094 08000000 		.word	8
 135 0098 10000000 		.word	16
 136              		.type	EE_th_ready_prio, %object
 137              		.size	EE_th_ready_prio, 24
 138              	EE_th_ready_prio:
 139 009c 04000000 		.word	4
 140 00a0 02000000 		.word	2
 141 00a4 10000000 		.word	16
 142 00a8 20000000 		.word	32
 143 00ac 02000000 		.word	2
 144 00b0 04000000 		.word	4
 145              		.type	EE_terminate_real_th_body, %object
 146              		.size	EE_terminate_real_th_body, 24
 147              	EE_terminate_real_th_body:
 148 00b4 00000000 		.word	Functsk_background
 149 00b8 00000000 		.word	Functsk_init
 150 00bc 00000000 		.word	Functsk_io
 151 00c0 00000000 		.word	Functsk_control
 152 00c4 00000000 		.word	Functsk_system
 153 00c8 00000000 		.word	Functsk_tft
 154              		.type	EE_hal_thread_body, %object
 155              		.size	EE_hal_thread_body, 24
 156              	EE_hal_thread_body:
 157 00cc 00000000 		.word	EE_oo_thread_stub
 158 00d0 00000000 		.word	EE_oo_thread_stub
 159 00d4 00000000 		.word	EE_oo_thread_stub
 160 00d8 00000000 		.word	EE_oo_thread_stub
 161 00dc 00000000 		.word	EE_oo_thread_stub
 162 00e0 00000000 		.word	EE_oo_thread_stub
 163              		.type	EE_std_thread_tos, %object
 164              		.size	EE_std_thread_tos, 28
 165              	EE_std_thread_tos:
 166 00e4 00000000 		.word	0
 167 00e8 00000000 		.word	0
 168 00ec 00000000 		.word	0
 169 00f0 01000000 		.word	1
ARM GAS  C:\Users\vboxuser\AppData\Local\Temp\ccmIAfKR.s 			page 4


 170 00f4 02000000 		.word	2
 171 00f8 00000000 		.word	0
 172 00fc 03000000 		.word	3
 173              		.data
 174              		.align	2
 175              		.type	EE_ALARM_NAME, %object
 176              		.size	EE_ALARM_NAME, 4
 177              	EE_ALARM_NAME:
 178 0000 00000000 		.word	.LC0
 179              		.type	EE_counter_RAM, %object
 180              		.size	EE_counter_RAM, 8
 181              	EE_counter_RAM:
 182 0004 00000000 		.word	0
 183 0008 FFFFFFFF 		.word	-1
 184              		.type	EE_th_terminate_nextask, %object
 185              		.size	EE_th_terminate_nextask, 24
 186              	EE_th_terminate_nextask:
 187 000c FFFFFFFF 		.word	-1
 188 0010 FFFFFFFF 		.word	-1
 189 0014 FFFFFFFF 		.word	-1
 190 0018 FFFFFFFF 		.word	-1
 191 001c FFFFFFFF 		.word	-1
 192 0020 FFFFFFFF 		.word	-1
 193              		.type	EE_rq_pairs_next, %object
 194              		.size	EE_rq_pairs_next, 24
 195              	EE_rq_pairs_next:
 196 0024 01000000 		.word	1
 197 0028 02000000 		.word	2
 198 002c 03000000 		.word	3
 199 0030 04000000 		.word	4
 200 0034 05000000 		.word	5
 201 0038 FFFFFFFF 		.word	-1
 202              		.type	EE_rq_link, %object
 203              		.size	EE_rq_link, 24
 204              	EE_rq_link:
 205 003c 02000000 		.word	2
 206 0040 01000000 		.word	1
 207 0044 04000000 		.word	4
 208 0048 05000000 		.word	5
 209 004c 01000000 		.word	1
 210 0050 02000000 		.word	2
 211              		.type	EE_th_rnact, %object
 212              		.size	EE_th_rnact, 24
 213              	EE_th_rnact:
 214 0054 01000000 		.word	1
 215 0058 01000000 		.word	1
 216 005c 01000000 		.word	1
 217 0060 01000000 		.word	1
 218 0064 01000000 		.word	1
 219 0068 01000000 		.word	1
 220              		.type	EE_rq_queues_tail, %object
 221              		.size	EE_rq_queues_tail, 64
 222              	EE_rq_queues_tail:
 223 006c FFFFFFFF 		.word	-1
 224 0070 FFFFFFFF 		.word	-1
 225 0074 FFFFFFFF 		.word	-1
 226 0078 FFFFFFFF 		.word	-1
ARM GAS  C:\Users\vboxuser\AppData\Local\Temp\ccmIAfKR.s 			page 5


 227 007c FFFFFFFF 		.word	-1
 228 0080 FFFFFFFF 		.word	-1
 229 0084 FFFFFFFF 		.word	-1
 230 0088 FFFFFFFF 		.word	-1
 231 008c FFFFFFFF 		.word	-1
 232 0090 FFFFFFFF 		.word	-1
 233 0094 FFFFFFFF 		.word	-1
 234 0098 FFFFFFFF 		.word	-1
 235 009c FFFFFFFF 		.word	-1
 236 00a0 FFFFFFFF 		.word	-1
 237 00a4 FFFFFFFF 		.word	-1
 238 00a8 FFFFFFFF 		.word	-1
 239              		.type	EE_rq_queues_head, %object
 240              		.size	EE_rq_queues_head, 64
 241              	EE_rq_queues_head:
 242 00ac FFFFFFFF 		.word	-1
 243 00b0 FFFFFFFF 		.word	-1
 244 00b4 FFFFFFFF 		.word	-1
 245 00b8 FFFFFFFF 		.word	-1
 246 00bc FFFFFFFF 		.word	-1
 247 00c0 FFFFFFFF 		.word	-1
 248 00c4 FFFFFFFF 		.word	-1
 249 00c8 FFFFFFFF 		.word	-1
 250 00cc FFFFFFFF 		.word	-1
 251 00d0 FFFFFFFF 		.word	-1
 252 00d4 FFFFFFFF 		.word	-1
 253 00d8 FFFFFFFF 		.word	-1
 254 00dc FFFFFFFF 		.word	-1
 255 00e0 FFFFFFFF 		.word	-1
 256 00e4 FFFFFFFF 		.word	-1
 257 00e8 FFFFFFFF 		.word	-1
 258              		.type	EE_stkfirst, %object
 259              		.size	EE_stkfirst, 4
 260              	EE_stkfirst:
 261 00ec FFFFFFFF 		.word	-1
 262              		.type	EE_th_next, %object
 263              		.size	EE_th_next, 24
 264              	EE_th_next:
 265 00f0 FFFFFFFF 		.word	-1
 266 00f4 FFFFFFFF 		.word	-1
 267 00f8 FFFFFFFF 		.word	-1
 268 00fc FFFFFFFF 		.word	-1
 269 0100 FFFFFFFF 		.word	-1
 270 0104 FFFFFFFF 		.word	-1
 271              		.type	EE_th_status, %object
 272              		.size	EE_th_status, 24
 273              	EE_th_status:
 274 0108 03000000 		.word	3
 275 010c 03000000 		.word	3
 276 0110 03000000 		.word	3
 277 0114 03000000 		.word	3
 278 0118 03000000 		.word	3
 279 011c 03000000 		.word	3
 280              		.type	EE_EVENT_NAME, %object
 281              		.size	EE_EVENT_NAME, 20
 282              	EE_EVENT_NAME:
 283 0120 10000000 		.word	.LC1
ARM GAS  C:\Users\vboxuser\AppData\Local\Temp\ccmIAfKR.s 			page 6


 284 0124 18000000 		.word	.LC2
 285 0128 2C000000 		.word	.LC3
 286 012c 44000000 		.word	.LC4
 287 0130 58000000 		.word	.LC5
 288              		.type	EE_TASK_NAME, %object
 289              		.size	EE_TASK_NAME, 24
 290              	EE_TASK_NAME:
 291 0134 68000000 		.word	.LC6
 292 0138 78000000 		.word	.LC7
 293 013c 84000000 		.word	.LC8
 294 0140 8C000000 		.word	.LC9
 295 0144 98000000 		.word	.LC10
 296 0148 A4000000 		.word	.LC11
 297              		.type	EE_cortex_mx_IRQ_tos, %object
 298              		.size	EE_cortex_mx_IRQ_tos, 4
 299              	EE_cortex_mx_IRQ_tos:
 300 014c 00020000 		.word	EE_cortex_mx_stack_9+512
 301              		.type	EE_cortex_mx_system_tos, %object
 302              		.size	EE_cortex_mx_system_tos, 16
 303              	EE_cortex_mx_system_tos:
 304 0150 00000000 		.word	0
 305 0154 780F0000 		.word	EE_cortex_mx_stack_3+3960
 306 0158 900B0000 		.word	EE_cortex_mx_stack_4+2960
 307 015c A8070000 		.word	EE_cortex_mx_stack_6+1960
 308              		.section	.rodata.str1.4,"aMS",%progbits,1
 309              		.align	2
 310              	.LC0:
 311 0000 616C726D 		.ascii	"alrm_Tick5ms\000"
 311      5F546963 
 311      6B356D73 
 311      00
 312 000d 000000   		.space	3
 313              	.LC1:
 314 0010 65765F35 		.ascii	"ev_5ms\000"
 314      6D7300
 315 0017 00       		.space	1
 316              	.LC2:
 317 0018 65765F6A 		.ascii	"ev_joystick_onData\000"
 317      6F797374 
 317      69636B5F 
 317      6F6E4461 
 317      746100
 318 002b 00       		.space	1
 319              	.LC3:
 320 002c 65765F62 		.ascii	"ev_breakpedal_onData\000"
 320      7265616B 
 320      70656461 
 320      6C5F6F6E 
 320      44617461 
 321 0041 000000   		.space	3
 322              	.LC4:
 323 0044 65765F73 		.ascii	"ev_screen_onData\000"
 323      63726565 
 323      6E5F6F6E 
 323      44617461 
 323      00
 324 0055 000000   		.space	3
ARM GAS  C:\Users\vboxuser\AppData\Local\Temp\ccmIAfKR.s 			page 7


 325              	.LC5:
 326 0058 65765F73 		.ascii	"ev_speed_onData\000"
 326      70656564 
 326      5F6F6E44 
 326      61746100 
 327              	.LC6:
 328 0068 74736B5F 		.ascii	"tsk_background\000"
 328      6261636B 
 328      67726F75 
 328      6E6400
 329 0077 00       		.space	1
 330              	.LC7:
 331 0078 74736B5F 		.ascii	"tsk_init\000"
 331      696E6974 
 331      00
 332 0081 000000   		.space	3
 333              	.LC8:
 334 0084 74736B5F 		.ascii	"tsk_io\000"
 334      696F00
 335 008b 00       		.space	1
 336              	.LC9:
 337 008c 74736B5F 		.ascii	"tsk_control\000"
 337      636F6E74 
 337      726F6C00 
 338              	.LC10:
 339 0098 74736B5F 		.ascii	"tsk_system\000"
 339      73797374 
 339      656D00
 340 00a3 00       		.space	1
 341              	.LC11:
 342 00a4 74736B5F 		.ascii	"tsk_tft\000"
 342      74667400 
 343              		.bss
 344              		.align	2
 345              		.type	EE_th_waswaiting, %object
 346              		.size	EE_th_waswaiting, 24
 347              	EE_th_waswaiting:
 348 0000 00000000 		.space	24
 348      00000000 
 348      00000000 
 348      00000000 
 348      00000000 
 349              		.type	EE_th_event_waitmask, %object
 350              		.size	EE_th_event_waitmask, 24
 351              	EE_th_event_waitmask:
 352 0018 00000000 		.space	24
 352      00000000 
 352      00000000 
 352      00000000 
 352      00000000 
 353              		.type	EE_th_event_active, %object
 354              		.size	EE_th_event_active, 24
 355              	EE_th_event_active:
 356 0030 00000000 		.space	24
 356      00000000 
 356      00000000 
 356      00000000 
ARM GAS  C:\Users\vboxuser\AppData\Local\Temp\ccmIAfKR.s 			page 8


 356      00000000 
 357              		.type	EE_rq_free, %object
 358              		.size	EE_rq_free, 4
 359              	EE_rq_free:
 360 0048 00000000 		.space	4
 361              		.type	EE_rq_bitmask, %object
 362              		.size	EE_rq_bitmask, 2
 363              	EE_rq_bitmask:
 364 004c 0000     		.space	2
 365 004e 0000     		.space	2
 366              		.type	EE_sys_ceiling, %object
 367              		.size	EE_sys_ceiling, 4
 368              	EE_sys_ceiling:
 369 0050 00000000 		.space	4
 370              		.type	EE_cortex_mx_active_tos, %object
 371              		.size	EE_cortex_mx_active_tos, 4
 372              	EE_cortex_mx_active_tos:
 373 0054 00000000 		.space	4
 374              		.text
 375              	.Letext0:
 376              		.file 1 "Generated_Source\\PSoC5\\ErikaOS_1_common_ee_types.inc"
 377              		.file 2 "Generated_Source\\PSoC5\\ErikaOS_1_cortex_mx_ee_cpu.inc"
 378              		.file 3 "Generated_Source\\PSoC5\\ErikaOS_1_ee_oo_common.inc"
 379              		.file 4 "Generated_Source\\PSoC5\\ErikaOS_1_common_ee_hal_structs.inc"
 380              		.file 5 "Generated_Source\\PSoC5\\ErikaOS_1_eecfg.c"
 381              		.file 6 "Generated_Source\\PSoC5\\ErikaOS_1_ee_oo_intfunc.inc"
 382              		.file 7 "Generated_Source\\PSoC5\\ErikaOS_1_cortex_mx_ee_context.inc"
 383              		.file 8 "Generated_Source\\PSoC5\\ErikaOS_1_common_ee_primitives.inc"
 384              		.section	.debug_info,"",%progbits
 385              	.Ldebug_info0:
 386 0000 F7080000 		.4byte	0x8f7
 387 0004 0400     		.2byte	0x4
 388 0006 00000000 		.4byte	.Ldebug_abbrev0
 389 000a 04       		.byte	0x4
 390 000b 01       		.uleb128 0x1
 391 000c 37050000 		.4byte	.LASF114
 392 0010 0C       		.byte	0xc
 393 0011 68070000 		.4byte	.LASF115
 394 0015 DA030000 		.4byte	.LASF116
 395 0019 00000000 		.4byte	.Ldebug_line0
 396 001d 02       		.uleb128 0x2
 397 001e 01       		.byte	0x1
 398 001f 06       		.byte	0x6
 399 0020 0F010000 		.4byte	.LASF0
 400 0024 02       		.uleb128 0x2
 401 0025 01       		.byte	0x1
 402 0026 08       		.byte	0x8
 403 0027 9A040000 		.4byte	.LASF1
 404 002b 02       		.uleb128 0x2
 405 002c 02       		.byte	0x2
 406 002d 05       		.byte	0x5
 407 002e DF040000 		.4byte	.LASF2
 408 0032 02       		.uleb128 0x2
 409 0033 02       		.byte	0x2
 410 0034 07       		.byte	0x7
 411 0035 73020000 		.4byte	.LASF3
 412 0039 02       		.uleb128 0x2
ARM GAS  C:\Users\vboxuser\AppData\Local\Temp\ccmIAfKR.s 			page 9


 413 003a 04       		.byte	0x4
 414 003b 05       		.byte	0x5
 415 003c 96010000 		.4byte	.LASF4
 416 0040 02       		.uleb128 0x2
 417 0041 04       		.byte	0x4
 418 0042 07       		.byte	0x7
 419 0043 31020000 		.4byte	.LASF5
 420 0047 02       		.uleb128 0x2
 421 0048 08       		.byte	0x8
 422 0049 05       		.byte	0x5
 423 004a 01010000 		.4byte	.LASF6
 424 004e 02       		.uleb128 0x2
 425 004f 08       		.byte	0x8
 426 0050 07       		.byte	0x7
 427 0051 5E000000 		.4byte	.LASF7
 428 0055 03       		.uleb128 0x3
 429 0056 04       		.byte	0x4
 430 0057 05       		.byte	0x5
 431 0058 696E7400 		.ascii	"int\000"
 432 005c 02       		.uleb128 0x2
 433 005d 04       		.byte	0x4
 434 005e 07       		.byte	0x7
 435 005f F9010000 		.4byte	.LASF8
 436 0063 02       		.uleb128 0x2
 437 0064 08       		.byte	0x8
 438 0065 04       		.byte	0x4
 439 0066 B0030000 		.4byte	.LASF9
 440 006a 04       		.uleb128 0x4
 441 006b 67040000 		.4byte	.LASF10
 442 006f 01       		.byte	0x1
 443 0070 52       		.byte	0x52
 444 0071 32000000 		.4byte	0x32
 445 0075 04       		.uleb128 0x4
 446 0076 4D070000 		.4byte	.LASF11
 447 007a 01       		.byte	0x1
 448 007b 53       		.byte	0x53
 449 007c 55000000 		.4byte	0x55
 450 0080 04       		.uleb128 0x4
 451 0081 43070000 		.4byte	.LASF12
 452 0085 01       		.byte	0x1
 453 0086 54       		.byte	0x54
 454 0087 5C000000 		.4byte	0x5c
 455 008b 04       		.uleb128 0x4
 456 008c C1070000 		.4byte	.LASF13
 457 0090 01       		.byte	0x1
 458 0091 64       		.byte	0x64
 459 0092 96000000 		.4byte	0x96
 460 0096 05       		.uleb128 0x5
 461 0097 04       		.byte	0x4
 462 0098 06       		.uleb128 0x6
 463 0099 04       		.byte	0x4
 464 009a 9E000000 		.4byte	0x9e
 465 009e 07       		.uleb128 0x7
 466 009f 04       		.uleb128 0x4
 467 00a0 33030000 		.4byte	.LASF14
 468 00a4 01       		.byte	0x1
 469 00a5 70       		.byte	0x70
ARM GAS  C:\Users\vboxuser\AppData\Local\Temp\ccmIAfKR.s 			page 10


 470 00a6 98000000 		.4byte	0x98
 471 00aa 04       		.uleb128 0x4
 472 00ab D1050000 		.4byte	.LASF15
 473 00af 01       		.byte	0x1
 474 00b0 73       		.byte	0x73
 475 00b1 98000000 		.4byte	0x98
 476 00b5 04       		.uleb128 0x4
 477 00b6 06020000 		.4byte	.LASF16
 478 00ba 02       		.byte	0x2
 479 00bb 4D       		.byte	0x4d
 480 00bc 80000000 		.4byte	0x80
 481 00c0 04       		.uleb128 0x4
 482 00c1 D2030000 		.4byte	.LASF17
 483 00c5 02       		.byte	0x2
 484 00c6 4E       		.byte	0x4e
 485 00c7 75000000 		.4byte	0x75
 486 00cb 04       		.uleb128 0x4
 487 00cc DB070000 		.4byte	.LASF18
 488 00d0 02       		.byte	0x2
 489 00d1 4F       		.byte	0x4f
 490 00d2 80000000 		.4byte	0x80
 491 00d6 04       		.uleb128 0x4
 492 00d7 3D000000 		.4byte	.LASF19
 493 00db 02       		.byte	0x2
 494 00dc 54       		.byte	0x54
 495 00dd B5000000 		.4byte	0xb5
 496 00e1 04       		.uleb128 0x4
 497 00e2 EC010000 		.4byte	.LASF20
 498 00e6 02       		.byte	0x2
 499 00e7 78       		.byte	0x78
 500 00e8 75000000 		.4byte	0x75
 501 00ec 08       		.uleb128 0x8
 502 00ed B3000000 		.4byte	.LASF61
 503 00f1 04       		.byte	0x4
 504 00f2 04       		.byte	0x4
 505 00f3 4D       		.byte	0x4d
 506 00f4 05010000 		.4byte	0x105
 507 00f8 09       		.uleb128 0x9
 508 00f9 AD070000 		.4byte	.LASF28
 509 00fd 04       		.byte	0x4
 510 00fe 4E       		.byte	0x4e
 511 00ff 8B000000 		.4byte	0x8b
 512 0103 00       		.byte	0
 513 0104 00       		.byte	0
 514 0105 0A       		.uleb128 0xa
 515 0106 97030000 		.4byte	.LASF21
 516 010a 03       		.byte	0x3
 517 010b 1101     		.2byte	0x111
 518 010d 6A000000 		.4byte	0x6a
 519 0111 0A       		.uleb128 0xa
 520 0112 AA000000 		.4byte	.LASF22
 521 0116 03       		.byte	0x3
 522 0117 F701     		.2byte	0x1f7
 523 0119 E1000000 		.4byte	0xe1
 524 011d 0A       		.uleb128 0xa
 525 011e 32010000 		.4byte	.LASF23
 526 0122 03       		.byte	0x3
ARM GAS  C:\Users\vboxuser\AppData\Local\Temp\ccmIAfKR.s 			page 11


 527 0123 2C02     		.2byte	0x22c
 528 0125 B5000000 		.4byte	0xb5
 529 0129 0A       		.uleb128 0xa
 530 012a 1D000000 		.4byte	.LASF24
 531 012e 03       		.byte	0x3
 532 012f 3502     		.2byte	0x235
 533 0131 B5000000 		.4byte	0xb5
 534 0135 0A       		.uleb128 0xa
 535 0136 2A060000 		.4byte	.LASF25
 536 013a 03       		.byte	0x3
 537 013b 5D02     		.2byte	0x25d
 538 013d B5000000 		.4byte	0xb5
 539 0141 0A       		.uleb128 0xa
 540 0142 32000000 		.4byte	.LASF26
 541 0146 03       		.byte	0x3
 542 0147 6302     		.2byte	0x263
 543 0149 B5000000 		.4byte	0xb5
 544 014d 0A       		.uleb128 0xa
 545 014e 44030000 		.4byte	.LASF27
 546 0152 03       		.byte	0x3
 547 0153 6C02     		.2byte	0x26c
 548 0155 B5000000 		.4byte	0xb5
 549 0159 0B       		.uleb128 0xb
 550 015a 0C       		.byte	0xc
 551 015b 03       		.byte	0x3
 552 015c 7202     		.2byte	0x272
 553 015e 8A010000 		.4byte	0x18a
 554 0162 0C       		.uleb128 0xc
 555 0163 BA000000 		.4byte	.LASF29
 556 0167 03       		.byte	0x3
 557 0168 7302     		.2byte	0x273
 558 016a 29010000 		.4byte	0x129
 559 016e 00       		.byte	0
 560 016f 0C       		.uleb128 0xc
 561 0170 CC060000 		.4byte	.LASF30
 562 0174 03       		.byte	0x3
 563 0175 7402     		.2byte	0x274
 564 0177 29010000 		.4byte	0x129
 565 017b 04       		.byte	0x4
 566 017c 0C       		.uleb128 0xc
 567 017d E3010000 		.4byte	.LASF31
 568 0181 03       		.byte	0x3
 569 0182 7502     		.2byte	0x275
 570 0184 29010000 		.4byte	0x129
 571 0188 08       		.byte	0x8
 572 0189 00       		.byte	0
 573 018a 0A       		.uleb128 0xa
 574 018b 20050000 		.4byte	.LASF32
 575 018f 03       		.byte	0x3
 576 0190 7A02     		.2byte	0x27a
 577 0192 59010000 		.4byte	0x159
 578 0196 0B       		.uleb128 0xb
 579 0197 08       		.byte	0x8
 580 0198 03       		.byte	0x3
 581 0199 7D02     		.2byte	0x27d
 582 019b BA010000 		.4byte	0x1ba
 583 019f 0C       		.uleb128 0xc
ARM GAS  C:\Users\vboxuser\AppData\Local\Temp\ccmIAfKR.s 			page 12


 584 01a0 F3010000 		.4byte	.LASF33
 585 01a4 03       		.byte	0x3
 586 01a5 7E02     		.2byte	0x27e
 587 01a7 29010000 		.4byte	0x129
 588 01ab 00       		.byte	0
 589 01ac 0C       		.uleb128 0xc
 590 01ad 24060000 		.4byte	.LASF34
 591 01b1 03       		.byte	0x3
 592 01b2 7F02     		.2byte	0x27f
 593 01b4 35010000 		.4byte	0x135
 594 01b8 04       		.byte	0x4
 595 01b9 00       		.byte	0
 596 01ba 0A       		.uleb128 0xa
 597 01bb 73010000 		.4byte	.LASF35
 598 01bf 03       		.byte	0x3
 599 01c0 8002     		.2byte	0x280
 600 01c2 96010000 		.4byte	0x196
 601 01c6 0D       		.uleb128 0xd
 602 01c7 01       		.byte	0x1
 603 01c8 24000000 		.4byte	0x24
 604 01cc 03       		.byte	0x3
 605 01cd 8A02     		.2byte	0x28a
 606 01cf E0010000 		.4byte	0x1e0
 607 01d3 0E       		.uleb128 0xe
 608 01d4 A8040000 		.4byte	.LASF36
 609 01d8 00       		.byte	0
 610 01d9 0E       		.uleb128 0xe
 611 01da 71040000 		.4byte	.LASF37
 612 01de 01       		.byte	0x1
 613 01df 00       		.byte	0
 614 01e0 0A       		.uleb128 0xa
 615 01e1 9E020000 		.4byte	.LASF38
 616 01e5 03       		.byte	0x3
 617 01e6 8D02     		.2byte	0x28d
 618 01e8 C6010000 		.4byte	0x1c6
 619 01ec 0A       		.uleb128 0xa
 620 01ed CA020000 		.4byte	.LASF39
 621 01f1 03       		.byte	0x3
 622 01f2 9002     		.2byte	0x290
 623 01f4 E0010000 		.4byte	0x1e0
 624 01f8 0B       		.uleb128 0xb
 625 01f9 0C       		.byte	0xc
 626 01fa 03       		.byte	0x3
 627 01fb 9402     		.2byte	0x294
 628 01fd 27020000 		.4byte	0x227
 629 0201 0F       		.uleb128 0xf
 630 0202 6300     		.ascii	"c\000"
 631 0204 03       		.byte	0x3
 632 0205 9602     		.2byte	0x296
 633 0207 4D010000 		.4byte	0x14d
 634 020b 00       		.byte	0
 635 020c 0C       		.uleb128 0xc
 636 020d 81060000 		.4byte	.LASF40
 637 0211 03       		.byte	0x3
 638 0212 9802     		.2byte	0x298
 639 0214 35010000 		.4byte	0x135
 640 0218 04       		.byte	0x4
ARM GAS  C:\Users\vboxuser\AppData\Local\Temp\ccmIAfKR.s 			page 13


 641 0219 0C       		.uleb128 0xc
 642 021a 6E020000 		.4byte	.LASF41
 643 021e 03       		.byte	0x3
 644 021f 9A02     		.2byte	0x29a
 645 0221 EC010000 		.4byte	0x1ec
 646 0225 08       		.byte	0x8
 647 0226 00       		.byte	0
 648 0227 0A       		.uleb128 0xa
 649 0228 7B000000 		.4byte	.LASF42
 650 022c 03       		.byte	0x3
 651 022d 9B02     		.2byte	0x29b
 652 022f F8010000 		.4byte	0x1f8
 653 0233 0B       		.uleb128 0xb
 654 0234 10       		.byte	0x10
 655 0235 03       		.byte	0x3
 656 0236 9F02     		.2byte	0x29f
 657 0238 71020000 		.4byte	0x271
 658 023c 0C       		.uleb128 0xc
 659 023d 1F040000 		.4byte	.LASF43
 660 0241 03       		.byte	0x3
 661 0242 A002     		.2byte	0x2a0
 662 0244 D6000000 		.4byte	0xd6
 663 0248 00       		.byte	0
 664 0249 0C       		.uleb128 0xc
 665 024a A4070000 		.4byte	.LASF44
 666 024e 03       		.byte	0x3
 667 024f A102     		.2byte	0x2a1
 668 0251 29010000 		.4byte	0x129
 669 0255 04       		.byte	0x4
 670 0256 0C       		.uleb128 0xc
 671 0257 75000000 		.4byte	.LASF45
 672 025b 03       		.byte	0x3
 673 025c A202     		.2byte	0x2a2
 674 025e 29010000 		.4byte	0x129
 675 0262 08       		.byte	0x8
 676 0263 0C       		.uleb128 0xc
 677 0264 00000000 		.4byte	.LASF46
 678 0268 03       		.byte	0x3
 679 0269 A302     		.2byte	0x2a3
 680 026b 35010000 		.4byte	0x135
 681 026f 0C       		.byte	0xc
 682 0270 00       		.byte	0
 683 0271 0A       		.uleb128 0xa
 684 0272 24040000 		.4byte	.LASF47
 685 0276 03       		.byte	0x3
 686 0277 A402     		.2byte	0x2a4
 687 0279 33020000 		.4byte	0x233
 688 027d 0D       		.uleb128 0xd
 689 027e 01       		.byte	0x1
 690 027f 24000000 		.4byte	0x24
 691 0283 03       		.byte	0x3
 692 0284 A702     		.2byte	0x2a7
 693 0286 A3020000 		.4byte	0x2a3
 694 028a 0E       		.uleb128 0xe
 695 028b 41060000 		.4byte	.LASF48
 696 028f 00       		.byte	0
 697 0290 0E       		.uleb128 0xe
ARM GAS  C:\Users\vboxuser\AppData\Local\Temp\ccmIAfKR.s 			page 14


 698 0291 89060000 		.4byte	.LASF49
 699 0295 01       		.byte	0x1
 700 0296 0E       		.uleb128 0xe
 701 0297 60060000 		.4byte	.LASF50
 702 029b 02       		.byte	0x2
 703 029c 0E       		.uleb128 0xe
 704 029d 03060000 		.4byte	.LASF51
 705 02a1 03       		.byte	0x3
 706 02a2 00       		.byte	0
 707 02a3 0A       		.uleb128 0xa
 708 02a4 1B010000 		.4byte	.LASF52
 709 02a8 03       		.byte	0x3
 710 02a9 AC02     		.2byte	0x2ac
 711 02ab 7D020000 		.4byte	0x27d
 712 02af 0A       		.uleb128 0xa
 713 02b0 F2060000 		.4byte	.LASF53
 714 02b4 03       		.byte	0x3
 715 02b5 AF02     		.2byte	0x2af
 716 02b7 A3020000 		.4byte	0x2a3
 717 02bb 0B       		.uleb128 0xb
 718 02bc 14       		.byte	0x14
 719 02bd 03       		.byte	0x3
 720 02be B202     		.2byte	0x2b2
 721 02c0 04030000 		.4byte	0x304
 722 02c4 0C       		.uleb128 0xc
 723 02c5 BB060000 		.4byte	.LASF54
 724 02c9 03       		.byte	0x3
 725 02ca B302     		.2byte	0x2b3
 726 02cc AF020000 		.4byte	0x2af
 727 02d0 00       		.byte	0
 728 02d1 0C       		.uleb128 0xc
 729 02d2 B5070000 		.4byte	.LASF55
 730 02d6 03       		.byte	0x3
 731 02d7 B402     		.2byte	0x2b4
 732 02d9 11010000 		.4byte	0x111
 733 02dd 04       		.byte	0x4
 734 02de 0C       		.uleb128 0xc
 735 02df C5050000 		.4byte	.LASF56
 736 02e3 03       		.byte	0x3
 737 02e4 B602     		.2byte	0x2b6
 738 02e6 1D010000 		.4byte	0x11d
 739 02ea 08       		.byte	0x8
 740 02eb 0F       		.uleb128 0xf
 741 02ec 6600     		.ascii	"f\000"
 742 02ee 03       		.byte	0x3
 743 02ef B802     		.2byte	0x2b8
 744 02f1 9F000000 		.4byte	0x9f
 745 02f5 0C       		.byte	0xc
 746 02f6 0C       		.uleb128 0xc
 747 02f7 D6040000 		.4byte	.LASF57
 748 02fb 03       		.byte	0x3
 749 02fc BA02     		.2byte	0x2ba
 750 02fe 4D010000 		.4byte	0x14d
 751 0302 10       		.byte	0x10
 752 0303 00       		.byte	0
 753 0304 0A       		.uleb128 0xa
 754 0305 51040000 		.4byte	.LASF58
ARM GAS  C:\Users\vboxuser\AppData\Local\Temp\ccmIAfKR.s 			page 15


 755 0309 03       		.byte	0x3
 756 030a BB02     		.2byte	0x2bb
 757 030c BB020000 		.4byte	0x2bb
 758 0310 0B       		.uleb128 0xb
 759 0311 04       		.byte	0x4
 760 0312 03       		.byte	0x3
 761 0313 BD02     		.2byte	0x2bd
 762 0315 27030000 		.4byte	0x327
 763 0319 0C       		.uleb128 0xc
 764 031a 69030000 		.4byte	.LASF59
 765 031e 03       		.byte	0x3
 766 031f BF02     		.2byte	0x2bf
 767 0321 41010000 		.4byte	0x141
 768 0325 00       		.byte	0
 769 0326 00       		.byte	0
 770 0327 0A       		.uleb128 0xa
 771 0328 0E020000 		.4byte	.LASF60
 772 032c 03       		.byte	0x3
 773 032d C402     		.2byte	0x2c4
 774 032f 10030000 		.4byte	0x310
 775 0333 10       		.uleb128 0x10
 776 0334 54020000 		.4byte	.LASF62
 777 0338 08       		.byte	0x8
 778 0339 03       		.byte	0x3
 779 033a 0E04     		.2byte	0x40e
 780 033c 5A030000 		.4byte	0x35a
 781 0340 0F       		.uleb128 0xf
 782 0341 6E7400   		.ascii	"nt\000"
 783 0344 03       		.byte	0x3
 784 0345 0F04     		.2byte	0x40f
 785 0347 B5000000 		.4byte	0xb5
 786 034b 00       		.byte	0
 787 034c 0C       		.uleb128 0xc
 788 034d C7060000 		.4byte	.LASF63
 789 0351 03       		.byte	0x3
 790 0352 1004     		.2byte	0x410
 791 0354 6A030000 		.4byte	0x36a
 792 0358 04       		.byte	0x4
 793 0359 00       		.byte	0
 794 035a 11       		.uleb128 0x11
 795 035b 65030000 		.4byte	0x365
 796 035f 65030000 		.4byte	0x365
 797 0363 12       		.uleb128 0x12
 798 0364 00       		.byte	0
 799 0365 13       		.uleb128 0x13
 800 0366 E1000000 		.4byte	0xe1
 801 036a 06       		.uleb128 0x6
 802 036b 04       		.byte	0x4
 803 036c 5A030000 		.4byte	0x35a
 804 0370 11       		.uleb128 0x11
 805 0371 65030000 		.4byte	0x365
 806 0375 80030000 		.4byte	0x380
 807 0379 14       		.uleb128 0x14
 808 037a 80030000 		.4byte	0x380
 809 037e 00       		.byte	0
 810 037f 00       		.byte	0
 811 0380 02       		.uleb128 0x2
ARM GAS  C:\Users\vboxuser\AppData\Local\Temp\ccmIAfKR.s 			page 16


 812 0381 04       		.byte	0x4
 813 0382 07       		.byte	0x7
 814 0383 A7030000 		.4byte	.LASF64
 815 0387 15       		.uleb128 0x15
 816 0388 CA000000 		.4byte	.LASF117
 817 038c 05       		.byte	0x5
 818 038d 6507     		.2byte	0x765
 819 038f 99030000 		.4byte	0x399
 820 0393 05       		.uleb128 0x5
 821 0394 03       		.byte	0x3
 822 0395 08000000 		.4byte	EE_oo_autostart_task_mode_OSDEFAULTAPPMODE
 823 0399 13       		.uleb128 0x13
 824 039a 70030000 		.4byte	0x370
 825 039e 11       		.uleb128 0x11
 826 039f AE030000 		.4byte	0x3ae
 827 03a3 AE030000 		.4byte	0x3ae
 828 03a7 14       		.uleb128 0x14
 829 03a8 80030000 		.4byte	0x380
 830 03ac 05       		.byte	0x5
 831 03ad 00       		.byte	0
 832 03ae 13       		.uleb128 0x13
 833 03af AA000000 		.4byte	0xaa
 834 03b3 16       		.uleb128 0x16
 835 03b4 99060000 		.4byte	.LASF65
 836 03b8 05       		.byte	0x5
 837 03b9 D2       		.byte	0xd2
 838 03ba C4030000 		.4byte	0x3c4
 839 03be 05       		.uleb128 0x5
 840 03bf 03       		.byte	0x3
 841 03c0 00000000 		.4byte	EE_hal_thread_body
 842 03c4 13       		.uleb128 0x13
 843 03c5 9E030000 		.4byte	0x39e
 844 03c9 11       		.uleb128 0x11
 845 03ca D9030000 		.4byte	0x3d9
 846 03ce D9030000 		.4byte	0x3d9
 847 03d2 14       		.uleb128 0x14
 848 03d3 80030000 		.4byte	0x380
 849 03d7 06       		.byte	0x6
 850 03d8 00       		.byte	0
 851 03d9 13       		.uleb128 0x13
 852 03da B5000000 		.4byte	0xb5
 853 03de 16       		.uleb128 0x16
 854 03df F1050000 		.4byte	.LASF66
 855 03e3 05       		.byte	0x5
 856 03e4 71       		.byte	0x71
 857 03e5 EF030000 		.4byte	0x3ef
 858 03e9 05       		.uleb128 0x5
 859 03ea 03       		.byte	0x3
 860 03eb 00000000 		.4byte	EE_std_thread_tos
 861 03ef 13       		.uleb128 0x13
 862 03f0 C9030000 		.4byte	0x3c9
 863 03f4 11       		.uleb128 0x11
 864 03f5 80000000 		.4byte	0x80
 865 03f9 04040000 		.4byte	0x404
 866 03fd 14       		.uleb128 0x14
 867 03fe 80030000 		.4byte	0x380
 868 0402 05       		.byte	0x5
ARM GAS  C:\Users\vboxuser\AppData\Local\Temp\ccmIAfKR.s 			page 17


 869 0403 00       		.byte	0
 870 0404 16       		.uleb128 0x16
 871 0405 56070000 		.4byte	.LASF67
 872 0409 05       		.byte	0x5
 873 040a ED       		.byte	0xed
 874 040b F4030000 		.4byte	0x3f4
 875 040f 05       		.uleb128 0x5
 876 0410 03       		.byte	0x3
 877 0411 00000000 		.4byte	EE_terminate_data
 878 0415 16       		.uleb128 0x16
 879 0416 BC040000 		.4byte	.LASF68
 880 041a 05       		.byte	0x5
 881 041b F0       		.byte	0xf0
 882 041c 26040000 		.4byte	0x426
 883 0420 05       		.uleb128 0x5
 884 0421 03       		.byte	0x3
 885 0422 00000000 		.4byte	EE_terminate_real_th_body
 886 0426 13       		.uleb128 0x13
 887 0427 9E030000 		.4byte	0x39e
 888 042b 11       		.uleb128 0x11
 889 042c EC000000 		.4byte	0xec
 890 0430 3B040000 		.4byte	0x43b
 891 0434 14       		.uleb128 0x14
 892 0435 80030000 		.4byte	0x380
 893 0439 03       		.byte	0x3
 894 043a 00       		.byte	0
 895 043b 16       		.uleb128 0x16
 896 043c 82040000 		.4byte	.LASF69
 897 0440 05       		.byte	0x5
 898 0441 8D       		.byte	0x8d
 899 0442 2B040000 		.4byte	0x42b
 900 0446 05       		.uleb128 0x5
 901 0447 03       		.byte	0x3
 902 0448 00000000 		.4byte	EE_cortex_mx_system_tos
 903 044c 16       		.uleb128 0x16
 904 044d 5B010000 		.4byte	.LASF70
 905 0451 05       		.byte	0x5
 906 0452 A9       		.byte	0xa9
 907 0453 B5000000 		.4byte	0xb5
 908 0457 05       		.uleb128 0x5
 909 0458 03       		.byte	0x3
 910 0459 00000000 		.4byte	EE_cortex_mx_active_tos
 911 045d 11       		.uleb128 0x11
 912 045e D9030000 		.4byte	0x3d9
 913 0462 6D040000 		.4byte	0x46d
 914 0466 14       		.uleb128 0x14
 915 0467 80030000 		.4byte	0x380
 916 046b 05       		.byte	0x5
 917 046c 00       		.byte	0
 918 046d 17       		.uleb128 0x17
 919 046e 50060000 		.4byte	.LASF71
 920 0472 05       		.byte	0x5
 921 0473 E202     		.2byte	0x2e2
 922 0475 7F040000 		.4byte	0x47f
 923 0479 05       		.uleb128 0x5
 924 047a 03       		.byte	0x3
 925 047b 00000000 		.4byte	EE_th_rnact_max
ARM GAS  C:\Users\vboxuser\AppData\Local\Temp\ccmIAfKR.s 			page 18


 926 047f 13       		.uleb128 0x13
 927 0480 5D040000 		.4byte	0x45d
 928 0484 17       		.uleb128 0x17
 929 0485 01070000 		.4byte	.LASF72
 930 0489 05       		.byte	0x5
 931 048a 0C01     		.2byte	0x10c
 932 048c 96040000 		.4byte	0x496
 933 0490 05       		.uleb128 0x5
 934 0491 03       		.byte	0x3
 935 0492 00000000 		.4byte	EE_th_ready_prio
 936 0496 13       		.uleb128 0x13
 937 0497 5D040000 		.4byte	0x45d
 938 049b 17       		.uleb128 0x17
 939 049c E0020000 		.4byte	.LASF73
 940 04a0 05       		.byte	0x5
 941 04a1 4502     		.2byte	0x245
 942 04a3 AD040000 		.4byte	0x4ad
 943 04a7 05       		.uleb128 0x5
 944 04a8 03       		.byte	0x3
 945 04a9 00000000 		.4byte	EE_th_dispatch_prio
 946 04ad 13       		.uleb128 0x13
 947 04ae 5D040000 		.4byte	0x45d
 948 04b2 11       		.uleb128 0x11
 949 04b3 C2040000 		.4byte	0x4c2
 950 04b7 C2040000 		.4byte	0x4c2
 951 04bb 14       		.uleb128 0x14
 952 04bc 80030000 		.4byte	0x380
 953 04c0 05       		.byte	0x5
 954 04c1 00       		.byte	0
 955 04c2 06       		.uleb128 0x6
 956 04c3 04       		.byte	0x4
 957 04c4 CF040000 		.4byte	0x4cf
 958 04c8 02       		.uleb128 0x2
 959 04c9 01       		.byte	0x1
 960 04ca 08       		.byte	0x8
 961 04cb 3C060000 		.4byte	.LASF74
 962 04cf 13       		.uleb128 0x13
 963 04d0 C8040000 		.4byte	0x4c8
 964 04d4 17       		.uleb128 0x17
 965 04d5 13050000 		.4byte	.LASF75
 966 04d9 05       		.byte	0x5
 967 04da 2801     		.2byte	0x128
 968 04dc B2040000 		.4byte	0x4b2
 969 04e0 05       		.uleb128 0x5
 970 04e1 03       		.byte	0x3
 971 04e2 00000000 		.4byte	EE_TASK_NAME
 972 04e6 11       		.uleb128 0x11
 973 04e7 C2040000 		.4byte	0x4c2
 974 04eb F6040000 		.4byte	0x4f6
 975 04ef 14       		.uleb128 0x14
 976 04f0 80030000 		.4byte	0x380
 977 04f4 04       		.byte	0x4
 978 04f5 00       		.byte	0
 979 04f6 17       		.uleb128 0x17
 980 04f7 40010000 		.4byte	.LASF76
 981 04fb 05       		.byte	0x5
 982 04fc 8101     		.2byte	0x181
ARM GAS  C:\Users\vboxuser\AppData\Local\Temp\ccmIAfKR.s 			page 19


 983 04fe E6040000 		.4byte	0x4e6
 984 0502 05       		.uleb128 0x5
 985 0503 03       		.byte	0x3
 986 0504 00000000 		.4byte	EE_EVENT_NAME
 987 0508 11       		.uleb128 0x11
 988 0509 C2040000 		.4byte	0x4c2
 989 050d 18050000 		.4byte	0x518
 990 0511 14       		.uleb128 0x14
 991 0512 80030000 		.4byte	0x380
 992 0516 00       		.byte	0
 993 0517 00       		.byte	0
 994 0518 17       		.uleb128 0x17
 995 0519 23020000 		.4byte	.LASF77
 996 051d 05       		.byte	0x5
 997 051e 3D06     		.2byte	0x63d
 998 0520 08050000 		.4byte	0x508
 999 0524 05       		.uleb128 0x5
 1000 0525 03       		.byte	0x3
 1001 0526 00000000 		.4byte	EE_ALARM_NAME
 1002 052a 11       		.uleb128 0x11
 1003 052b 3A050000 		.4byte	0x53a
 1004 052f 3A050000 		.4byte	0x53a
 1005 0533 14       		.uleb128 0x14
 1006 0534 80030000 		.4byte	0x380
 1007 0538 04       		.byte	0x4
 1008 0539 00       		.byte	0
 1009 053a 13       		.uleb128 0x13
 1010 053b 40000000 		.4byte	0x40
 1011 053f 17       		.uleb128 0x17
 1012 0540 8A010000 		.4byte	.LASF78
 1013 0544 05       		.byte	0x5
 1014 0545 E201     		.2byte	0x1e2
 1015 0547 51050000 		.4byte	0x551
 1016 054b 05       		.uleb128 0x5
 1017 054c 03       		.byte	0x3
 1018 054d 00000000 		.4byte	EE_EVENT_ID
 1019 0551 13       		.uleb128 0x13
 1020 0552 2A050000 		.4byte	0x52a
 1021 0556 11       		.uleb128 0x11
 1022 0557 3A050000 		.4byte	0x53a
 1023 055b 66050000 		.4byte	0x566
 1024 055f 14       		.uleb128 0x14
 1025 0560 80030000 		.4byte	0x380
 1026 0564 00       		.byte	0
 1027 0565 00       		.byte	0
 1028 0566 17       		.uleb128 0x17
 1029 0567 F5000000 		.4byte	.LASF79
 1030 056b 05       		.byte	0x5
 1031 056c 5906     		.2byte	0x659
 1032 056e 78050000 		.4byte	0x578
 1033 0572 05       		.uleb128 0x5
 1034 0573 03       		.byte	0x3
 1035 0574 00000000 		.4byte	EE_ALARM_ID
 1036 0578 13       		.uleb128 0x13
 1037 0579 56050000 		.4byte	0x556
 1038 057d 11       		.uleb128 0x11
 1039 057e B5000000 		.4byte	0xb5
ARM GAS  C:\Users\vboxuser\AppData\Local\Temp\ccmIAfKR.s 			page 20


 1040 0582 8D050000 		.4byte	0x58d
 1041 0586 14       		.uleb128 0x14
 1042 0587 80030000 		.4byte	0x380
 1043 058b 05       		.byte	0x5
 1044 058c 00       		.byte	0
 1045 058d 17       		.uleb128 0x17
 1046 058e BD020000 		.4byte	.LASF80
 1047 0592 05       		.byte	0x5
 1048 0593 8102     		.2byte	0x281
 1049 0595 7D050000 		.4byte	0x57d
 1050 0599 05       		.uleb128 0x5
 1051 059a 03       		.byte	0x3
 1052 059b 00000000 		.4byte	EE_th_status
 1053 059f 11       		.uleb128 0x11
 1054 05a0 E1000000 		.4byte	0xe1
 1055 05a4 AF050000 		.4byte	0x5af
 1056 05a8 14       		.uleb128 0x14
 1057 05a9 80030000 		.4byte	0x380
 1058 05ad 05       		.byte	0x5
 1059 05ae 00       		.byte	0
 1060 05af 17       		.uleb128 0x17
 1061 05b0 B1040000 		.4byte	.LASF81
 1062 05b4 05       		.byte	0x5
 1063 05b5 9D02     		.2byte	0x29d
 1064 05b7 9F050000 		.4byte	0x59f
 1065 05bb 05       		.uleb128 0x5
 1066 05bc 03       		.byte	0x3
 1067 05bd 00000000 		.4byte	EE_th_next
 1068 05c1 17       		.uleb128 0x17
 1069 05c2 12070000 		.4byte	.LASF82
 1070 05c6 05       		.byte	0x5
 1071 05c7 C702     		.2byte	0x2c7
 1072 05c9 7D050000 		.4byte	0x57d
 1073 05cd 05       		.uleb128 0x5
 1074 05ce 03       		.byte	0x3
 1075 05cf 00000000 		.4byte	EE_th_rnact
 1076 05d3 17       		.uleb128 0x17
 1077 05d4 05000000 		.4byte	.LASF83
 1078 05d8 05       		.byte	0x5
 1079 05d9 7703     		.2byte	0x377
 1080 05db 9F050000 		.4byte	0x59f
 1081 05df 05       		.uleb128 0x5
 1082 05e0 03       		.byte	0x3
 1083 05e1 00000000 		.4byte	EE_th_terminate_nextask
 1084 05e5 17       		.uleb128 0x17
 1085 05e6 26000000 		.4byte	.LASF84
 1086 05ea 05       		.byte	0x5
 1087 05eb B902     		.2byte	0x2b9
 1088 05ed E1000000 		.4byte	0xe1
 1089 05f1 05       		.uleb128 0x5
 1090 05f2 03       		.byte	0x3
 1091 05f3 00000000 		.4byte	EE_stkfirst
 1092 05f7 17       		.uleb128 0x17
 1093 05f8 AC060000 		.4byte	.LASF85
 1094 05fc 05       		.byte	0x5
 1095 05fd BC02     		.2byte	0x2bc
 1096 05ff B5000000 		.4byte	0xb5
ARM GAS  C:\Users\vboxuser\AppData\Local\Temp\ccmIAfKR.s 			page 21


 1097 0603 05       		.uleb128 0x5
 1098 0604 03       		.byte	0x3
 1099 0605 00000000 		.4byte	EE_sys_ceiling
 1100 0609 17       		.uleb128 0x17
 1101 060a C7030000 		.4byte	.LASF86
 1102 060e 05       		.byte	0x5
 1103 060f FD02     		.2byte	0x2fd
 1104 0611 7D050000 		.4byte	0x57d
 1105 0615 05       		.uleb128 0x5
 1106 0616 03       		.byte	0x3
 1107 0617 00000000 		.4byte	EE_rq_link
 1108 061b 11       		.uleb128 0x11
 1109 061c C0000000 		.4byte	0xc0
 1110 0620 2B060000 		.4byte	0x62b
 1111 0624 14       		.uleb128 0x14
 1112 0625 80030000 		.4byte	0x380
 1113 0629 0F       		.byte	0xf
 1114 062a 00       		.byte	0
 1115 062b 17       		.uleb128 0x17
 1116 062c 9F010000 		.4byte	.LASF87
 1117 0630 05       		.byte	0x5
 1118 0631 BF02     		.2byte	0x2bf
 1119 0633 1B060000 		.4byte	0x61b
 1120 0637 05       		.uleb128 0x5
 1121 0638 03       		.byte	0x3
 1122 0639 00000000 		.4byte	EE_rq_queues_head
 1123 063d 17       		.uleb128 0x17
 1124 063e DF050000 		.4byte	.LASF88
 1125 0642 05       		.byte	0x5
 1126 0643 C102     		.2byte	0x2c1
 1127 0645 1B060000 		.4byte	0x61b
 1128 0649 05       		.uleb128 0x5
 1129 064a 03       		.byte	0x3
 1130 064b 00000000 		.4byte	EE_rq_queues_tail
 1131 064f 11       		.uleb128 0x11
 1132 0650 C0000000 		.4byte	0xc0
 1133 0654 5F060000 		.4byte	0x65f
 1134 0658 14       		.uleb128 0x14
 1135 0659 80030000 		.4byte	0x380
 1136 065d 05       		.byte	0x5
 1137 065e 00       		.byte	0
 1138 065f 17       		.uleb128 0x17
 1139 0660 99000000 		.4byte	.LASF89
 1140 0664 05       		.byte	0x5
 1141 0665 1B03     		.2byte	0x31b
 1142 0667 4F060000 		.4byte	0x64f
 1143 066b 05       		.uleb128 0x5
 1144 066c 03       		.byte	0x3
 1145 066d 00000000 		.4byte	EE_rq_pairs_next
 1146 0671 17       		.uleb128 0x17
 1147 0672 1E070000 		.4byte	.LASF90
 1148 0676 05       		.byte	0x5
 1149 0677 7003     		.2byte	0x370
 1150 0679 9F050000 		.4byte	0x59f
 1151 067d 05       		.uleb128 0x5
 1152 067e 03       		.byte	0x3
 1153 067f 00000000 		.4byte	EE_rq_pairs_tid
ARM GAS  C:\Users\vboxuser\AppData\Local\Temp\ccmIAfKR.s 			page 22


 1154 0683 17       		.uleb128 0x17
 1155 0684 16060000 		.4byte	.LASF91
 1156 0688 05       		.byte	0x5
 1157 0689 C402     		.2byte	0x2c4
 1158 068b 05010000 		.4byte	0x105
 1159 068f 05       		.uleb128 0x5
 1160 0690 03       		.byte	0x3
 1161 0691 00000000 		.4byte	EE_rq_bitmask
 1162 0695 17       		.uleb128 0x17
 1163 0696 BC030000 		.4byte	.LASF92
 1164 069a 05       		.byte	0x5
 1165 069b 7303     		.2byte	0x373
 1166 069d C0000000 		.4byte	0xc0
 1167 06a1 05       		.uleb128 0x5
 1168 06a2 03       		.byte	0x3
 1169 06a3 00000000 		.4byte	EE_rq_free
 1170 06a7 17       		.uleb128 0x17
 1171 06a8 91070000 		.4byte	.LASF93
 1172 06ac 05       		.byte	0x5
 1173 06ad 9A03     		.2byte	0x39a
 1174 06af 7D050000 		.4byte	0x57d
 1175 06b3 05       		.uleb128 0x5
 1176 06b4 03       		.byte	0x3
 1177 06b5 00000000 		.4byte	EE_th_event_active
 1178 06b9 17       		.uleb128 0x17
 1179 06ba E9040000 		.4byte	.LASF94
 1180 06be 05       		.byte	0x5
 1181 06bf B603     		.2byte	0x3b6
 1182 06c1 7D050000 		.4byte	0x57d
 1183 06c5 05       		.uleb128 0x5
 1184 06c6 03       		.byte	0x3
 1185 06c7 00000000 		.4byte	EE_th_event_waitmask
 1186 06cb 11       		.uleb128 0x11
 1187 06cc D6000000 		.4byte	0xd6
 1188 06d0 DB060000 		.4byte	0x6db
 1189 06d4 14       		.uleb128 0x14
 1190 06d5 80030000 		.4byte	0x380
 1191 06d9 05       		.byte	0x5
 1192 06da 00       		.byte	0
 1193 06db 17       		.uleb128 0x17
 1194 06dc 43020000 		.4byte	.LASF95
 1195 06e0 05       		.byte	0x5
 1196 06e1 D203     		.2byte	0x3d2
 1197 06e3 CB060000 		.4byte	0x6cb
 1198 06e7 05       		.uleb128 0x5
 1199 06e8 03       		.byte	0x3
 1200 06e9 00000000 		.4byte	EE_th_waswaiting
 1201 06ed 17       		.uleb128 0x17
 1202 06ee C9070000 		.4byte	.LASF96
 1203 06f2 05       		.byte	0x5
 1204 06f3 EE03     		.2byte	0x3ee
 1205 06f5 FF060000 		.4byte	0x6ff
 1206 06f9 05       		.uleb128 0x5
 1207 06fa 03       		.byte	0x3
 1208 06fb 00000000 		.4byte	EE_th_is_extended
 1209 06ff 13       		.uleb128 0x13
 1210 0700 5D040000 		.4byte	0x45d
ARM GAS  C:\Users\vboxuser\AppData\Local\Temp\ccmIAfKR.s 			page 23


 1211 0704 11       		.uleb128 0x11
 1212 0705 14070000 		.4byte	0x714
 1213 0709 14070000 		.4byte	0x714
 1214 070d 14       		.uleb128 0x14
 1215 070e 80030000 		.4byte	0x380
 1216 0712 00       		.byte	0
 1217 0713 00       		.byte	0
 1218 0714 13       		.uleb128 0x13
 1219 0715 8A010000 		.4byte	0x18a
 1220 0719 17       		.uleb128 0x17
 1221 071a 42040000 		.4byte	.LASF97
 1222 071e 05       		.byte	0x5
 1223 071f FF05     		.2byte	0x5ff
 1224 0721 2B070000 		.4byte	0x72b
 1225 0725 05       		.uleb128 0x5
 1226 0726 03       		.byte	0x3
 1227 0727 00000000 		.4byte	EE_counter_ROM
 1228 072b 13       		.uleb128 0x13
 1229 072c 04070000 		.4byte	0x704
 1230 0730 11       		.uleb128 0x11
 1231 0731 40070000 		.4byte	0x740
 1232 0735 40070000 		.4byte	0x740
 1233 0739 14       		.uleb128 0x14
 1234 073a 80030000 		.4byte	0x380
 1235 073e 00       		.byte	0
 1236 073f 00       		.byte	0
 1237 0740 13       		.uleb128 0x13
 1238 0741 27020000 		.4byte	0x227
 1239 0745 17       		.uleb128 0x17
 1240 0746 50030000 		.4byte	.LASF98
 1241 074a 05       		.byte	0x5
 1242 074b 9606     		.2byte	0x696
 1243 074d 57070000 		.4byte	0x757
 1244 0751 05       		.uleb128 0x5
 1245 0752 03       		.byte	0x3
 1246 0753 00000000 		.4byte	EE_oo_counter_object_ROM
 1247 0757 13       		.uleb128 0x13
 1248 0758 30070000 		.4byte	0x730
 1249 075c 11       		.uleb128 0x11
 1250 075d 6C070000 		.4byte	0x76c
 1251 0761 6C070000 		.4byte	0x76c
 1252 0765 14       		.uleb128 0x14
 1253 0766 80030000 		.4byte	0x380
 1254 076a 00       		.byte	0
 1255 076b 00       		.byte	0
 1256 076c 13       		.uleb128 0x13
 1257 076d 04030000 		.4byte	0x304
 1258 0771 17       		.uleb128 0x17
 1259 0772 86030000 		.4byte	.LASF99
 1260 0776 05       		.byte	0x5
 1261 0777 BA06     		.2byte	0x6ba
 1262 0779 83070000 		.4byte	0x783
 1263 077d 05       		.uleb128 0x5
 1264 077e 03       		.byte	0x3
 1265 077f 00000000 		.4byte	EE_oo_action_ROM
 1266 0783 13       		.uleb128 0x13
 1267 0784 5C070000 		.4byte	0x75c
ARM GAS  C:\Users\vboxuser\AppData\Local\Temp\ccmIAfKR.s 			page 24


 1268 0788 11       		.uleb128 0x11
 1269 0789 98070000 		.4byte	0x798
 1270 078d 98070000 		.4byte	0x798
 1271 0791 14       		.uleb128 0x14
 1272 0792 80030000 		.4byte	0x380
 1273 0796 00       		.byte	0
 1274 0797 00       		.byte	0
 1275 0798 13       		.uleb128 0x13
 1276 0799 27030000 		.4byte	0x327
 1277 079d 17       		.uleb128 0x17
 1278 079e 4E010000 		.4byte	.LASF100
 1279 07a2 05       		.byte	0x5
 1280 07a3 2006     		.2byte	0x620
 1281 07a5 AF070000 		.4byte	0x7af
 1282 07a9 05       		.uleb128 0x5
 1283 07aa 03       		.byte	0x3
 1284 07ab 00000000 		.4byte	EE_alarm_ROM
 1285 07af 13       		.uleb128 0x13
 1286 07b0 88070000 		.4byte	0x788
 1287 07b4 11       		.uleb128 0x11
 1288 07b5 BA010000 		.4byte	0x1ba
 1289 07b9 C4070000 		.4byte	0x7c4
 1290 07bd 14       		.uleb128 0x14
 1291 07be 80030000 		.4byte	0x380
 1292 07c2 00       		.byte	0
 1293 07c3 00       		.byte	0
 1294 07c4 17       		.uleb128 0x17
 1295 07c5 72060000 		.4byte	.LASF101
 1296 07c9 05       		.byte	0x5
 1297 07ca 0C06     		.2byte	0x60c
 1298 07cc B4070000 		.4byte	0x7b4
 1299 07d0 05       		.uleb128 0x5
 1300 07d1 03       		.byte	0x3
 1301 07d2 00000000 		.4byte	EE_counter_RAM
 1302 07d6 11       		.uleb128 0x11
 1303 07d7 71020000 		.4byte	0x271
 1304 07db E6070000 		.4byte	0x7e6
 1305 07df 14       		.uleb128 0x14
 1306 07e0 80030000 		.4byte	0x380
 1307 07e4 00       		.byte	0
 1308 07e5 00       		.byte	0
 1309 07e6 17       		.uleb128 0x17
 1310 07e7 D9060000 		.4byte	.LASF102
 1311 07eb 05       		.byte	0x5
 1312 07ec B106     		.2byte	0x6b1
 1313 07ee D6070000 		.4byte	0x7d6
 1314 07f2 05       		.uleb128 0x5
 1315 07f3 03       		.byte	0x3
 1316 07f4 00000000 		.4byte	EE_oo_counter_object_RAM
 1317 07f8 11       		.uleb128 0x11
 1318 07f9 08080000 		.4byte	0x808
 1319 07fd 08080000 		.4byte	0x808
 1320 0801 14       		.uleb128 0x14
 1321 0802 80030000 		.4byte	0x380
 1322 0806 00       		.byte	0
 1323 0807 00       		.byte	0
 1324 0808 13       		.uleb128 0x13
ARM GAS  C:\Users\vboxuser\AppData\Local\Temp\ccmIAfKR.s 			page 25


 1325 0809 33030000 		.4byte	0x333
 1326 080d 17       		.uleb128 0x17
 1327 080e E3070000 		.4byte	.LASF103
 1328 0812 05       		.byte	0x5
 1329 0813 9607     		.2byte	0x796
 1330 0815 1F080000 		.4byte	0x81f
 1331 0819 05       		.uleb128 0x5
 1332 081a 03       		.byte	0x3
 1333 081b 00000000 		.4byte	EE_oo_autostart_task_data
 1334 081f 13       		.uleb128 0x13
 1335 0820 F8070000 		.4byte	0x7f8
 1336 0824 18       		.uleb128 0x18
 1337 0825 86020000 		.4byte	.LASF104
 1338 0829 06       		.byte	0x6
 1339 082a 40       		.byte	0x40
 1340 082b B5000000 		.4byte	0xb5
 1341 082f 18       		.uleb128 0x18
 1342 0830 B1010000 		.4byte	.LASF105
 1343 0834 06       		.byte	0x6
 1344 0835 47       		.byte	0x47
 1345 0836 CB000000 		.4byte	0xcb
 1346 083a 17       		.uleb128 0x17
 1347 083b 73030000 		.4byte	.LASF106
 1348 083f 05       		.byte	0x5
 1349 0840 5C07     		.2byte	0x75c
 1350 0842 B5000000 		.4byte	0xb5
 1351 0846 05       		.uleb128 0x5
 1352 0847 03       		.byte	0x3
 1353 0848 00000000 		.4byte	EE_ApplicationMode
 1354 084c 18       		.uleb128 0x18
 1355 084d CA010000 		.4byte	.LASF107
 1356 0851 07       		.byte	0x7
 1357 0852 48       		.byte	0x48
 1358 0853 E1000000 		.4byte	0xe1
 1359 0857 18       		.uleb128 0x18
 1360 0858 2E070000 		.4byte	.LASF108
 1361 085c 08       		.byte	0x8
 1362 085d 44       		.byte	0x44
 1363 085e B5000000 		.4byte	0xb5
 1364 0862 16       		.uleb128 0x16
 1365 0863 49000000 		.4byte	.LASF109
 1366 0867 05       		.byte	0x5
 1367 0868 AD       		.byte	0xad
 1368 0869 EC000000 		.4byte	0xec
 1369 086d 05       		.uleb128 0x5
 1370 086e 03       		.byte	0x3
 1371 086f 00000000 		.4byte	EE_cortex_mx_IRQ_tos
 1372 0873 11       		.uleb128 0x11
 1373 0874 55000000 		.4byte	0x55
 1374 0878 84080000 		.4byte	0x884
 1375 087c 19       		.uleb128 0x19
 1376 087d 80030000 		.4byte	0x380
 1377 0881 E703     		.2byte	0x3e7
 1378 0883 00       		.byte	0
 1379 0884 16       		.uleb128 0x16
 1380 0885 FE040000 		.4byte	.LASF110
 1381 0889 05       		.byte	0x5
ARM GAS  C:\Users\vboxuser\AppData\Local\Temp\ccmIAfKR.s 			page 26


 1382 088a 19       		.byte	0x19
 1383 088b 73080000 		.4byte	0x873
 1384 088f 05       		.uleb128 0x5
 1385 0890 03       		.byte	0x3
 1386 0891 00000000 		.4byte	EE_cortex_mx_stack_3
 1387 0895 11       		.uleb128 0x11
 1388 0896 55000000 		.4byte	0x55
 1389 089a A6080000 		.4byte	0x8a6
 1390 089e 19       		.uleb128 0x19
 1391 089f 80030000 		.4byte	0x380
 1392 08a3 ED02     		.2byte	0x2ed
 1393 08a5 00       		.byte	0
 1394 08a6 16       		.uleb128 0x16
 1395 08a7 F4020000 		.4byte	.LASF111
 1396 08ab 05       		.byte	0x5
 1397 08ac 1D       		.byte	0x1d
 1398 08ad 95080000 		.4byte	0x895
 1399 08b1 05       		.uleb128 0x5
 1400 08b2 03       		.byte	0x3
 1401 08b3 00000000 		.4byte	EE_cortex_mx_stack_4
 1402 08b7 11       		.uleb128 0x11
 1403 08b8 55000000 		.4byte	0x55
 1404 08bc C8080000 		.4byte	0x8c8
 1405 08c0 19       		.uleb128 0x19
 1406 08c1 80030000 		.4byte	0x380
 1407 08c5 F301     		.2byte	0x1f3
 1408 08c7 00       		.byte	0
 1409 08c8 16       		.uleb128 0x16
 1410 08c9 09030000 		.4byte	.LASF112
 1411 08cd 05       		.byte	0x5
 1412 08ce 25       		.byte	0x25
 1413 08cf B7080000 		.4byte	0x8b7
 1414 08d3 05       		.uleb128 0x5
 1415 08d4 03       		.byte	0x3
 1416 08d5 00000000 		.4byte	EE_cortex_mx_stack_6
 1417 08d9 11       		.uleb128 0x11
 1418 08da 55000000 		.4byte	0x55
 1419 08de E9080000 		.4byte	0x8e9
 1420 08e2 14       		.uleb128 0x14
 1421 08e3 80030000 		.4byte	0x380
 1422 08e7 7F       		.byte	0x7f
 1423 08e8 00       		.byte	0
 1424 08e9 16       		.uleb128 0x16
 1425 08ea 1E030000 		.4byte	.LASF113
 1426 08ee 05       		.byte	0x5
 1427 08ef 32       		.byte	0x32
 1428 08f0 D9080000 		.4byte	0x8d9
 1429 08f4 05       		.uleb128 0x5
 1430 08f5 03       		.byte	0x3
 1431 08f6 00000000 		.4byte	EE_cortex_mx_stack_9
 1432 08fa 00       		.byte	0
 1433              		.section	.debug_abbrev,"",%progbits
 1434              	.Ldebug_abbrev0:
 1435 0000 01       		.uleb128 0x1
 1436 0001 11       		.uleb128 0x11
 1437 0002 01       		.byte	0x1
 1438 0003 25       		.uleb128 0x25
ARM GAS  C:\Users\vboxuser\AppData\Local\Temp\ccmIAfKR.s 			page 27


 1439 0004 0E       		.uleb128 0xe
 1440 0005 13       		.uleb128 0x13
 1441 0006 0B       		.uleb128 0xb
 1442 0007 03       		.uleb128 0x3
 1443 0008 0E       		.uleb128 0xe
 1444 0009 1B       		.uleb128 0x1b
 1445 000a 0E       		.uleb128 0xe
 1446 000b 10       		.uleb128 0x10
 1447 000c 17       		.uleb128 0x17
 1448 000d 00       		.byte	0
 1449 000e 00       		.byte	0
 1450 000f 02       		.uleb128 0x2
 1451 0010 24       		.uleb128 0x24
 1452 0011 00       		.byte	0
 1453 0012 0B       		.uleb128 0xb
 1454 0013 0B       		.uleb128 0xb
 1455 0014 3E       		.uleb128 0x3e
 1456 0015 0B       		.uleb128 0xb
 1457 0016 03       		.uleb128 0x3
 1458 0017 0E       		.uleb128 0xe
 1459 0018 00       		.byte	0
 1460 0019 00       		.byte	0
 1461 001a 03       		.uleb128 0x3
 1462 001b 24       		.uleb128 0x24
 1463 001c 00       		.byte	0
 1464 001d 0B       		.uleb128 0xb
 1465 001e 0B       		.uleb128 0xb
 1466 001f 3E       		.uleb128 0x3e
 1467 0020 0B       		.uleb128 0xb
 1468 0021 03       		.uleb128 0x3
 1469 0022 08       		.uleb128 0x8
 1470 0023 00       		.byte	0
 1471 0024 00       		.byte	0
 1472 0025 04       		.uleb128 0x4
 1473 0026 16       		.uleb128 0x16
 1474 0027 00       		.byte	0
 1475 0028 03       		.uleb128 0x3
 1476 0029 0E       		.uleb128 0xe
 1477 002a 3A       		.uleb128 0x3a
 1478 002b 0B       		.uleb128 0xb
 1479 002c 3B       		.uleb128 0x3b
 1480 002d 0B       		.uleb128 0xb
 1481 002e 49       		.uleb128 0x49
 1482 002f 13       		.uleb128 0x13
 1483 0030 00       		.byte	0
 1484 0031 00       		.byte	0
 1485 0032 05       		.uleb128 0x5
 1486 0033 0F       		.uleb128 0xf
 1487 0034 00       		.byte	0
 1488 0035 0B       		.uleb128 0xb
 1489 0036 0B       		.uleb128 0xb
 1490 0037 00       		.byte	0
 1491 0038 00       		.byte	0
 1492 0039 06       		.uleb128 0x6
 1493 003a 0F       		.uleb128 0xf
 1494 003b 00       		.byte	0
 1495 003c 0B       		.uleb128 0xb
ARM GAS  C:\Users\vboxuser\AppData\Local\Temp\ccmIAfKR.s 			page 28


 1496 003d 0B       		.uleb128 0xb
 1497 003e 49       		.uleb128 0x49
 1498 003f 13       		.uleb128 0x13
 1499 0040 00       		.byte	0
 1500 0041 00       		.byte	0
 1501 0042 07       		.uleb128 0x7
 1502 0043 15       		.uleb128 0x15
 1503 0044 00       		.byte	0
 1504 0045 27       		.uleb128 0x27
 1505 0046 19       		.uleb128 0x19
 1506 0047 00       		.byte	0
 1507 0048 00       		.byte	0
 1508 0049 08       		.uleb128 0x8
 1509 004a 13       		.uleb128 0x13
 1510 004b 01       		.byte	0x1
 1511 004c 03       		.uleb128 0x3
 1512 004d 0E       		.uleb128 0xe
 1513 004e 0B       		.uleb128 0xb
 1514 004f 0B       		.uleb128 0xb
 1515 0050 3A       		.uleb128 0x3a
 1516 0051 0B       		.uleb128 0xb
 1517 0052 3B       		.uleb128 0x3b
 1518 0053 0B       		.uleb128 0xb
 1519 0054 01       		.uleb128 0x1
 1520 0055 13       		.uleb128 0x13
 1521 0056 00       		.byte	0
 1522 0057 00       		.byte	0
 1523 0058 09       		.uleb128 0x9
 1524 0059 0D       		.uleb128 0xd
 1525 005a 00       		.byte	0
 1526 005b 03       		.uleb128 0x3
 1527 005c 0E       		.uleb128 0xe
 1528 005d 3A       		.uleb128 0x3a
 1529 005e 0B       		.uleb128 0xb
 1530 005f 3B       		.uleb128 0x3b
 1531 0060 0B       		.uleb128 0xb
 1532 0061 49       		.uleb128 0x49
 1533 0062 13       		.uleb128 0x13
 1534 0063 38       		.uleb128 0x38
 1535 0064 0B       		.uleb128 0xb
 1536 0065 00       		.byte	0
 1537 0066 00       		.byte	0
 1538 0067 0A       		.uleb128 0xa
 1539 0068 16       		.uleb128 0x16
 1540 0069 00       		.byte	0
 1541 006a 03       		.uleb128 0x3
 1542 006b 0E       		.uleb128 0xe
 1543 006c 3A       		.uleb128 0x3a
 1544 006d 0B       		.uleb128 0xb
 1545 006e 3B       		.uleb128 0x3b
 1546 006f 05       		.uleb128 0x5
 1547 0070 49       		.uleb128 0x49
 1548 0071 13       		.uleb128 0x13
 1549 0072 00       		.byte	0
 1550 0073 00       		.byte	0
 1551 0074 0B       		.uleb128 0xb
 1552 0075 13       		.uleb128 0x13
ARM GAS  C:\Users\vboxuser\AppData\Local\Temp\ccmIAfKR.s 			page 29


 1553 0076 01       		.byte	0x1
 1554 0077 0B       		.uleb128 0xb
 1555 0078 0B       		.uleb128 0xb
 1556 0079 3A       		.uleb128 0x3a
 1557 007a 0B       		.uleb128 0xb
 1558 007b 3B       		.uleb128 0x3b
 1559 007c 05       		.uleb128 0x5
 1560 007d 01       		.uleb128 0x1
 1561 007e 13       		.uleb128 0x13
 1562 007f 00       		.byte	0
 1563 0080 00       		.byte	0
 1564 0081 0C       		.uleb128 0xc
 1565 0082 0D       		.uleb128 0xd
 1566 0083 00       		.byte	0
 1567 0084 03       		.uleb128 0x3
 1568 0085 0E       		.uleb128 0xe
 1569 0086 3A       		.uleb128 0x3a
 1570 0087 0B       		.uleb128 0xb
 1571 0088 3B       		.uleb128 0x3b
 1572 0089 05       		.uleb128 0x5
 1573 008a 49       		.uleb128 0x49
 1574 008b 13       		.uleb128 0x13
 1575 008c 38       		.uleb128 0x38
 1576 008d 0B       		.uleb128 0xb
 1577 008e 00       		.byte	0
 1578 008f 00       		.byte	0
 1579 0090 0D       		.uleb128 0xd
 1580 0091 04       		.uleb128 0x4
 1581 0092 01       		.byte	0x1
 1582 0093 0B       		.uleb128 0xb
 1583 0094 0B       		.uleb128 0xb
 1584 0095 49       		.uleb128 0x49
 1585 0096 13       		.uleb128 0x13
 1586 0097 3A       		.uleb128 0x3a
 1587 0098 0B       		.uleb128 0xb
 1588 0099 3B       		.uleb128 0x3b
 1589 009a 05       		.uleb128 0x5
 1590 009b 01       		.uleb128 0x1
 1591 009c 13       		.uleb128 0x13
 1592 009d 00       		.byte	0
 1593 009e 00       		.byte	0
 1594 009f 0E       		.uleb128 0xe
 1595 00a0 28       		.uleb128 0x28
 1596 00a1 00       		.byte	0
 1597 00a2 03       		.uleb128 0x3
 1598 00a3 0E       		.uleb128 0xe
 1599 00a4 1C       		.uleb128 0x1c
 1600 00a5 0B       		.uleb128 0xb
 1601 00a6 00       		.byte	0
 1602 00a7 00       		.byte	0
 1603 00a8 0F       		.uleb128 0xf
 1604 00a9 0D       		.uleb128 0xd
 1605 00aa 00       		.byte	0
 1606 00ab 03       		.uleb128 0x3
 1607 00ac 08       		.uleb128 0x8
 1608 00ad 3A       		.uleb128 0x3a
 1609 00ae 0B       		.uleb128 0xb
ARM GAS  C:\Users\vboxuser\AppData\Local\Temp\ccmIAfKR.s 			page 30


 1610 00af 3B       		.uleb128 0x3b
 1611 00b0 05       		.uleb128 0x5
 1612 00b1 49       		.uleb128 0x49
 1613 00b2 13       		.uleb128 0x13
 1614 00b3 38       		.uleb128 0x38
 1615 00b4 0B       		.uleb128 0xb
 1616 00b5 00       		.byte	0
 1617 00b6 00       		.byte	0
 1618 00b7 10       		.uleb128 0x10
 1619 00b8 13       		.uleb128 0x13
 1620 00b9 01       		.byte	0x1
 1621 00ba 03       		.uleb128 0x3
 1622 00bb 0E       		.uleb128 0xe
 1623 00bc 0B       		.uleb128 0xb
 1624 00bd 0B       		.uleb128 0xb
 1625 00be 3A       		.uleb128 0x3a
 1626 00bf 0B       		.uleb128 0xb
 1627 00c0 3B       		.uleb128 0x3b
 1628 00c1 05       		.uleb128 0x5
 1629 00c2 01       		.uleb128 0x1
 1630 00c3 13       		.uleb128 0x13
 1631 00c4 00       		.byte	0
 1632 00c5 00       		.byte	0
 1633 00c6 11       		.uleb128 0x11
 1634 00c7 01       		.uleb128 0x1
 1635 00c8 01       		.byte	0x1
 1636 00c9 49       		.uleb128 0x49
 1637 00ca 13       		.uleb128 0x13
 1638 00cb 01       		.uleb128 0x1
 1639 00cc 13       		.uleb128 0x13
 1640 00cd 00       		.byte	0
 1641 00ce 00       		.byte	0
 1642 00cf 12       		.uleb128 0x12
 1643 00d0 21       		.uleb128 0x21
 1644 00d1 00       		.byte	0
 1645 00d2 00       		.byte	0
 1646 00d3 00       		.byte	0
 1647 00d4 13       		.uleb128 0x13
 1648 00d5 26       		.uleb128 0x26
 1649 00d6 00       		.byte	0
 1650 00d7 49       		.uleb128 0x49
 1651 00d8 13       		.uleb128 0x13
 1652 00d9 00       		.byte	0
 1653 00da 00       		.byte	0
 1654 00db 14       		.uleb128 0x14
 1655 00dc 21       		.uleb128 0x21
 1656 00dd 00       		.byte	0
 1657 00de 49       		.uleb128 0x49
 1658 00df 13       		.uleb128 0x13
 1659 00e0 2F       		.uleb128 0x2f
 1660 00e1 0B       		.uleb128 0xb
 1661 00e2 00       		.byte	0
 1662 00e3 00       		.byte	0
 1663 00e4 15       		.uleb128 0x15
 1664 00e5 34       		.uleb128 0x34
 1665 00e6 00       		.byte	0
 1666 00e7 03       		.uleb128 0x3
ARM GAS  C:\Users\vboxuser\AppData\Local\Temp\ccmIAfKR.s 			page 31


 1667 00e8 0E       		.uleb128 0xe
 1668 00e9 3A       		.uleb128 0x3a
 1669 00ea 0B       		.uleb128 0xb
 1670 00eb 3B       		.uleb128 0x3b
 1671 00ec 05       		.uleb128 0x5
 1672 00ed 49       		.uleb128 0x49
 1673 00ee 13       		.uleb128 0x13
 1674 00ef 02       		.uleb128 0x2
 1675 00f0 18       		.uleb128 0x18
 1676 00f1 00       		.byte	0
 1677 00f2 00       		.byte	0
 1678 00f3 16       		.uleb128 0x16
 1679 00f4 34       		.uleb128 0x34
 1680 00f5 00       		.byte	0
 1681 00f6 03       		.uleb128 0x3
 1682 00f7 0E       		.uleb128 0xe
 1683 00f8 3A       		.uleb128 0x3a
 1684 00f9 0B       		.uleb128 0xb
 1685 00fa 3B       		.uleb128 0x3b
 1686 00fb 0B       		.uleb128 0xb
 1687 00fc 49       		.uleb128 0x49
 1688 00fd 13       		.uleb128 0x13
 1689 00fe 3F       		.uleb128 0x3f
 1690 00ff 19       		.uleb128 0x19
 1691 0100 02       		.uleb128 0x2
 1692 0101 18       		.uleb128 0x18
 1693 0102 00       		.byte	0
 1694 0103 00       		.byte	0
 1695 0104 17       		.uleb128 0x17
 1696 0105 34       		.uleb128 0x34
 1697 0106 00       		.byte	0
 1698 0107 03       		.uleb128 0x3
 1699 0108 0E       		.uleb128 0xe
 1700 0109 3A       		.uleb128 0x3a
 1701 010a 0B       		.uleb128 0xb
 1702 010b 3B       		.uleb128 0x3b
 1703 010c 05       		.uleb128 0x5
 1704 010d 49       		.uleb128 0x49
 1705 010e 13       		.uleb128 0x13
 1706 010f 3F       		.uleb128 0x3f
 1707 0110 19       		.uleb128 0x19
 1708 0111 02       		.uleb128 0x2
 1709 0112 18       		.uleb128 0x18
 1710 0113 00       		.byte	0
 1711 0114 00       		.byte	0
 1712 0115 18       		.uleb128 0x18
 1713 0116 34       		.uleb128 0x34
 1714 0117 00       		.byte	0
 1715 0118 03       		.uleb128 0x3
 1716 0119 0E       		.uleb128 0xe
 1717 011a 3A       		.uleb128 0x3a
 1718 011b 0B       		.uleb128 0xb
 1719 011c 3B       		.uleb128 0x3b
 1720 011d 0B       		.uleb128 0xb
 1721 011e 49       		.uleb128 0x49
 1722 011f 13       		.uleb128 0x13
 1723 0120 3F       		.uleb128 0x3f
ARM GAS  C:\Users\vboxuser\AppData\Local\Temp\ccmIAfKR.s 			page 32


 1724 0121 19       		.uleb128 0x19
 1725 0122 3C       		.uleb128 0x3c
 1726 0123 19       		.uleb128 0x19
 1727 0124 00       		.byte	0
 1728 0125 00       		.byte	0
 1729 0126 19       		.uleb128 0x19
 1730 0127 21       		.uleb128 0x21
 1731 0128 00       		.byte	0
 1732 0129 49       		.uleb128 0x49
 1733 012a 13       		.uleb128 0x13
 1734 012b 2F       		.uleb128 0x2f
 1735 012c 05       		.uleb128 0x5
 1736 012d 00       		.byte	0
 1737 012e 00       		.byte	0
 1738 012f 00       		.byte	0
 1739              		.section	.debug_aranges,"",%progbits
 1740 0000 14000000 		.4byte	0x14
 1741 0004 0200     		.2byte	0x2
 1742 0006 00000000 		.4byte	.Ldebug_info0
 1743 000a 04       		.byte	0x4
 1744 000b 00       		.byte	0
 1745 000c 0000     		.2byte	0
 1746 000e 0000     		.2byte	0
 1747 0010 00000000 		.4byte	0
 1748 0014 00000000 		.4byte	0
 1749              		.section	.debug_line,"",%progbits
 1750              	.Ldebug_line0:
 1751 0000 38010000 		.section	.debug_str,"MS",%progbits,1
 1751      02003201 
 1751      00000201 
 1751      FB0E0D00 
 1751      01010101 
 1752              	.LASF46:
 1753 0000 6E657874 		.ascii	"next\000"
 1753      00
 1754              	.LASF83:
 1755 0005 45455F74 		.ascii	"EE_th_terminate_nextask\000"
 1755      685F7465 
 1755      726D696E 
 1755      6174655F 
 1755      6E657874 
 1756              	.LASF24:
 1757 001d 5469636B 		.ascii	"TickType\000"
 1757      54797065 
 1757      00
 1758              	.LASF84:
 1759 0026 45455F73 		.ascii	"EE_stkfirst\000"
 1759      746B6669 
 1759      72737400 
 1760              	.LASF26:
 1761 0032 41637469 		.ascii	"ActionType\000"
 1761      6F6E5479 
 1761      706500
 1762              	.LASF19:
 1763 003d 45455F54 		.ascii	"EE_TYPEBOOL\000"
 1763      59504542 
 1763      4F4F4C00 
ARM GAS  C:\Users\vboxuser\AppData\Local\Temp\ccmIAfKR.s 			page 33


 1764              	.LASF109:
 1765 0049 45455F63 		.ascii	"EE_cortex_mx_IRQ_tos\000"
 1765      6F727465 
 1765      785F6D78 
 1765      5F495251 
 1765      5F746F73 
 1766              	.LASF7:
 1767 005e 6C6F6E67 		.ascii	"long long unsigned int\000"
 1767      206C6F6E 
 1767      6720756E 
 1767      7369676E 
 1767      65642069 
 1768              	.LASF45:
 1769 0075 64656C74 		.ascii	"delta\000"
 1769      6100
 1770              	.LASF42:
 1771 007b 45455F6F 		.ascii	"EE_oo_counter_object_ROM_type\000"
 1771      6F5F636F 
 1771      756E7465 
 1771      725F6F62 
 1771      6A656374 
 1772              	.LASF89:
 1773 0099 45455F72 		.ascii	"EE_rq_pairs_next\000"
 1773      715F7061 
 1773      6972735F 
 1773      6E657874 
 1773      00
 1774              	.LASF22:
 1775 00aa 5461736B 		.ascii	"TaskType\000"
 1775      54797065 
 1775      00
 1776              	.LASF61:
 1777 00b3 45455F54 		.ascii	"EE_TOS\000"
 1777      4F5300
 1778              	.LASF29:
 1779 00ba 6D617861 		.ascii	"maxallowedvalue\000"
 1779      6C6C6F77 
 1779      65647661 
 1779      6C756500 
 1780              	.LASF117:
 1781 00ca 45455F6F 		.ascii	"EE_oo_autostart_task_mode_OSDEFAULTAPPMODE\000"
 1781      6F5F6175 
 1781      746F7374 
 1781      6172745F 
 1781      7461736B 
 1782              	.LASF79:
 1783 00f5 45455F41 		.ascii	"EE_ALARM_ID\000"
 1783      4C41524D 
 1783      5F494400 
 1784              	.LASF6:
 1785 0101 6C6F6E67 		.ascii	"long long int\000"
 1785      206C6F6E 
 1785      6720696E 
 1785      7400
 1786              	.LASF0:
 1787 010f 7369676E 		.ascii	"signed char\000"
 1787      65642063 
ARM GAS  C:\Users\vboxuser\AppData\Local\Temp\ccmIAfKR.s 			page 34


 1787      68617200 
 1788              	.LASF52:
 1789 011b 45455F6F 		.ascii	"EE_oo_action_kind_type\000"
 1789      6F5F6163 
 1789      74696F6E 
 1789      5F6B696E 
 1789      645F7479 
 1790              	.LASF23:
 1791 0132 4576656E 		.ascii	"EventMaskType\000"
 1791      744D6173 
 1791      6B547970 
 1791      6500
 1792              	.LASF76:
 1793 0140 45455F45 		.ascii	"EE_EVENT_NAME\000"
 1793      56454E54 
 1793      5F4E414D 
 1793      4500
 1794              	.LASF100:
 1795 014e 45455F61 		.ascii	"EE_alarm_ROM\000"
 1795      6C61726D 
 1795      5F524F4D 
 1795      00
 1796              	.LASF70:
 1797 015b 45455F63 		.ascii	"EE_cortex_mx_active_tos\000"
 1797      6F727465 
 1797      785F6D78 
 1797      5F616374 
 1797      6976655F 
 1798              	.LASF35:
 1799 0173 45455F6F 		.ascii	"EE_oo_counter_RAM_type\000"
 1799      6F5F636F 
 1799      756E7465 
 1799      725F5241 
 1799      4D5F7479 
 1800              	.LASF78:
 1801 018a 45455F45 		.ascii	"EE_EVENT_ID\000"
 1801      56454E54 
 1801      5F494400 
 1802              	.LASF4:
 1803 0196 6C6F6E67 		.ascii	"long int\000"
 1803      20696E74 
 1803      00
 1804              	.LASF87:
 1805 019f 45455F72 		.ascii	"EE_rq_queues_head\000"
 1805      715F7175 
 1805      65756573 
 1805      5F686561 
 1805      6400
 1806              	.LASF105:
 1807 01b1 45455F6F 		.ascii	"EE_oo_IRQ_suspend_status\000"
 1807      6F5F4952 
 1807      515F7375 
 1807      7370656E 
 1807      645F7374 
 1808              	.LASF107:
 1809 01ca 45455F73 		.ascii	"EE_std_endcycle_next_tid\000"
 1809      74645F65 
ARM GAS  C:\Users\vboxuser\AppData\Local\Temp\ccmIAfKR.s 			page 35


 1809      6E646379 
 1809      636C655F 
 1809      6E657874 
 1810              	.LASF31:
 1811 01e3 6D696E63 		.ascii	"mincycle\000"
 1811      79636C65 
 1811      00
 1812              	.LASF20:
 1813 01ec 45455F54 		.ascii	"EE_TID\000"
 1813      494400
 1814              	.LASF33:
 1815 01f3 76616C75 		.ascii	"value\000"
 1815      6500
 1816              	.LASF8:
 1817 01f9 756E7369 		.ascii	"unsigned int\000"
 1817      676E6564 
 1817      20696E74 
 1817      00
 1818              	.LASF16:
 1819 0206 45455F55 		.ascii	"EE_UREG\000"
 1819      52454700 
 1820              	.LASF60:
 1821 020e 45455F6F 		.ascii	"EE_oo_alarm_ROM_type\000"
 1821      6F5F616C 
 1821      61726D5F 
 1821      524F4D5F 
 1821      74797065 
 1822              	.LASF77:
 1823 0223 45455F41 		.ascii	"EE_ALARM_NAME\000"
 1823      4C41524D 
 1823      5F4E414D 
 1823      4500
 1824              	.LASF5:
 1825 0231 6C6F6E67 		.ascii	"long unsigned int\000"
 1825      20756E73 
 1825      69676E65 
 1825      6420696E 
 1825      7400
 1826              	.LASF95:
 1827 0243 45455F74 		.ascii	"EE_th_waswaiting\000"
 1827      685F7761 
 1827      73776169 
 1827      74696E67 
 1827      00
 1828              	.LASF62:
 1829 0254 45455F6F 		.ascii	"EE_oo_autostart_task_type\000"
 1829      6F5F6175 
 1829      746F7374 
 1829      6172745F 
 1829      7461736B 
 1830              	.LASF41:
 1831 026e 6B696E64 		.ascii	"kind\000"
 1831      00
 1832              	.LASF3:
 1833 0273 73686F72 		.ascii	"short unsigned int\000"
 1833      7420756E 
 1833      7369676E 
ARM GAS  C:\Users\vboxuser\AppData\Local\Temp\ccmIAfKR.s 			page 36


 1833      65642069 
 1833      6E7400
 1834              	.LASF104:
 1835 0286 45455F6F 		.ascii	"EE_oo_IRQ_disable_count\000"
 1835      6F5F4952 
 1835      515F6469 
 1835      7361626C 
 1835      655F636F 
 1836              	.LASF38:
 1837 029e 45455F6F 		.ascii	"EE_oo_counter_object_kind_type\000"
 1837      6F5F636F 
 1837      756E7465 
 1837      725F6F62 
 1837      6A656374 
 1838              	.LASF80:
 1839 02bd 45455F74 		.ascii	"EE_th_status\000"
 1839      685F7374 
 1839      61747573 
 1839      00
 1840              	.LASF39:
 1841 02ca 436F756E 		.ascii	"CounterObjectKindType\000"
 1841      7465724F 
 1841      626A6563 
 1841      744B696E 
 1841      64547970 
 1842              	.LASF73:
 1843 02e0 45455F74 		.ascii	"EE_th_dispatch_prio\000"
 1843      685F6469 
 1843      73706174 
 1843      63685F70 
 1843      72696F00 
 1844              	.LASF111:
 1845 02f4 45455F63 		.ascii	"EE_cortex_mx_stack_4\000"
 1845      6F727465 
 1845      785F6D78 
 1845      5F737461 
 1845      636B5F34 
 1846              	.LASF112:
 1847 0309 45455F63 		.ascii	"EE_cortex_mx_stack_6\000"
 1847      6F727465 
 1847      785F6D78 
 1847      5F737461 
 1847      636B5F36 
 1848              	.LASF113:
 1849 031e 45455F63 		.ascii	"EE_cortex_mx_stack_9\000"
 1849      6F727465 
 1849      785F6D78 
 1849      5F737461 
 1849      636B5F39 
 1850              	.LASF14:
 1851 0333 45455F56 		.ascii	"EE_VOID_CALLBACK\000"
 1851      4F49445F 
 1851      43414C4C 
 1851      4241434B 
 1851      00
 1852              	.LASF27:
 1853 0344 436F756E 		.ascii	"CounterType\000"
ARM GAS  C:\Users\vboxuser\AppData\Local\Temp\ccmIAfKR.s 			page 37


 1853      74657254 
 1853      79706500 
 1854              	.LASF98:
 1855 0350 45455F6F 		.ascii	"EE_oo_counter_object_ROM\000"
 1855      6F5F636F 
 1855      756E7465 
 1855      725F6F62 
 1855      6A656374 
 1856              	.LASF59:
 1857 0369 61637469 		.ascii	"action_id\000"
 1857      6F6E5F69 
 1857      6400
 1858              	.LASF106:
 1859 0373 45455F41 		.ascii	"EE_ApplicationMode\000"
 1859      70706C69 
 1859      63617469 
 1859      6F6E4D6F 
 1859      646500
 1860              	.LASF99:
 1861 0386 45455F6F 		.ascii	"EE_oo_action_ROM\000"
 1861      6F5F6163 
 1861      74696F6E 
 1861      5F524F4D 
 1861      00
 1862              	.LASF21:
 1863 0397 45455F54 		.ascii	"EE_TYPE_RQ_MASK\000"
 1863      5950455F 
 1863      52515F4D 
 1863      41534B00 
 1864              	.LASF64:
 1865 03a7 73697A65 		.ascii	"sizetype\000"
 1865      74797065 
 1865      00
 1866              	.LASF9:
 1867 03b0 6C6F6E67 		.ascii	"long double\000"
 1867      20646F75 
 1867      626C6500 
 1868              	.LASF92:
 1869 03bc 45455F72 		.ascii	"EE_rq_free\000"
 1869      715F6672 
 1869      656500
 1870              	.LASF86:
 1871 03c7 45455F72 		.ascii	"EE_rq_link\000"
 1871      715F6C69 
 1871      6E6B00
 1872              	.LASF17:
 1873 03d2 45455F53 		.ascii	"EE_SREG\000"
 1873      52454700 
 1874              	.LASF116:
 1875 03da 433A5C55 		.ascii	"C:\\Users\\vboxuser\\Documents\\GitHub\\EAA_GasPeda"
 1875      73657273 
 1875      5C76626F 
 1875      78757365 
 1875      725C446F 
 1876 0408 6C5C4C61 		.ascii	"l\\Lab 1\\GasPedal.cydsn\000"
 1876      6220315C 
 1876      47617350 
ARM GAS  C:\Users\vboxuser\AppData\Local\Temp\ccmIAfKR.s 			page 38


 1876      6564616C 
 1876      2E637964 
 1877              	.LASF43:
 1878 041f 75736564 		.ascii	"used\000"
 1878      00
 1879              	.LASF47:
 1880 0424 45455F6F 		.ascii	"EE_oo_counter_object_RAM_type\000"
 1880      6F5F636F 
 1880      756E7465 
 1880      725F6F62 
 1880      6A656374 
 1881              	.LASF97:
 1882 0442 45455F63 		.ascii	"EE_counter_ROM\000"
 1882      6F756E74 
 1882      65725F52 
 1882      4F4D00
 1883              	.LASF58:
 1884 0451 45455F6F 		.ascii	"EE_oo_action_ROM_type\000"
 1884      6F5F6163 
 1884      74696F6E 
 1884      5F524F4D 
 1884      5F747970 
 1885              	.LASF10:
 1886 0467 45455F55 		.ascii	"EE_UINT16\000"
 1886      494E5431 
 1886      3600
 1887              	.LASF37:
 1888 0471 45455F53 		.ascii	"EE_SCHEDULETABLE\000"
 1888      43484544 
 1888      554C4554 
 1888      41424C45 
 1888      00
 1889              	.LASF69:
 1890 0482 45455F63 		.ascii	"EE_cortex_mx_system_tos\000"
 1890      6F727465 
 1890      785F6D78 
 1890      5F737973 
 1890      74656D5F 
 1891              	.LASF1:
 1892 049a 756E7369 		.ascii	"unsigned char\000"
 1892      676E6564 
 1892      20636861 
 1892      7200
 1893              	.LASF36:
 1894 04a8 45455F41 		.ascii	"EE_ALARM\000"
 1894      4C41524D 
 1894      00
 1895              	.LASF81:
 1896 04b1 45455F74 		.ascii	"EE_th_next\000"
 1896      685F6E65 
 1896      787400
 1897              	.LASF68:
 1898 04bc 45455F74 		.ascii	"EE_terminate_real_th_body\000"
 1898      65726D69 
 1898      6E617465 
 1898      5F726561 
 1898      6C5F7468 
ARM GAS  C:\Users\vboxuser\AppData\Local\Temp\ccmIAfKR.s 			page 39


 1899              	.LASF57:
 1900 04d6 696E6363 		.ascii	"inccount\000"
 1900      6F756E74 
 1900      00
 1901              	.LASF2:
 1902 04df 73686F72 		.ascii	"short int\000"
 1902      7420696E 
 1902      7400
 1903              	.LASF94:
 1904 04e9 45455F74 		.ascii	"EE_th_event_waitmask\000"
 1904      685F6576 
 1904      656E745F 
 1904      77616974 
 1904      6D61736B 
 1905              	.LASF110:
 1906 04fe 45455F63 		.ascii	"EE_cortex_mx_stack_3\000"
 1906      6F727465 
 1906      785F6D78 
 1906      5F737461 
 1906      636B5F33 
 1907              	.LASF75:
 1908 0513 45455F54 		.ascii	"EE_TASK_NAME\000"
 1908      41534B5F 
 1908      4E414D45 
 1908      00
 1909              	.LASF32:
 1910 0520 45455F6F 		.ascii	"EE_oo_counter_ROM_type\000"
 1910      6F5F636F 
 1910      756E7465 
 1910      725F524F 
 1910      4D5F7479 
 1911              	.LASF114:
 1912 0537 474E5520 		.ascii	"GNU C11 5.4.1 20160609 (release) [ARM/embedded-5-br"
 1912      43313120 
 1912      352E342E 
 1912      31203230 
 1912      31363036 
 1913 056a 616E6368 		.ascii	"anch revision 237715] -mcpu=cortex-m3 -mthumb -g -O"
 1913      20726576 
 1913      6973696F 
 1913      6E203233 
 1913      37373135 
 1914 059d 67202D66 		.ascii	"g -ffunction-sections -ffat-lto-objects\000"
 1914      66756E63 
 1914      74696F6E 
 1914      2D736563 
 1914      74696F6E 
 1915              	.LASF56:
 1916 05c5 61637469 		.ascii	"action_mask\000"
 1916      6F6E5F6D 
 1916      61736B00 
 1917              	.LASF15:
 1918 05d1 45455F54 		.ascii	"EE_THREAD_PTR\000"
 1918      48524541 
 1918      445F5054 
 1918      5200
 1919              	.LASF88:
ARM GAS  C:\Users\vboxuser\AppData\Local\Temp\ccmIAfKR.s 			page 40


 1920 05df 45455F72 		.ascii	"EE_rq_queues_tail\000"
 1920      715F7175 
 1920      65756573 
 1920      5F746169 
 1920      6C00
 1921              	.LASF66:
 1922 05f1 45455F73 		.ascii	"EE_std_thread_tos\000"
 1922      74645F74 
 1922      68726561 
 1922      645F746F 
 1922      7300
 1923              	.LASF51:
 1924 0603 45455F41 		.ascii	"EE_ACTION_CALLBACK\000"
 1924      4354494F 
 1924      4E5F4341 
 1924      4C4C4241 
 1924      434B00
 1925              	.LASF91:
 1926 0616 45455F72 		.ascii	"EE_rq_bitmask\000"
 1926      715F6269 
 1926      746D6173 
 1926      6B00
 1927              	.LASF34:
 1928 0624 66697273 		.ascii	"first\000"
 1928      7400
 1929              	.LASF25:
 1930 062a 436F756E 		.ascii	"CounterObjectType\000"
 1930      7465724F 
 1930      626A6563 
 1930      74547970 
 1930      6500
 1931              	.LASF74:
 1932 063c 63686172 		.ascii	"char\000"
 1932      00
 1933              	.LASF48:
 1934 0641 45455F41 		.ascii	"EE_ACTION_TASK\000"
 1934      4354494F 
 1934      4E5F5441 
 1934      534B00
 1935              	.LASF71:
 1936 0650 45455F74 		.ascii	"EE_th_rnact_max\000"
 1936      685F726E 
 1936      6163745F 
 1936      6D617800 
 1937              	.LASF50:
 1938 0660 45455F41 		.ascii	"EE_ACTION_COUNTER\000"
 1938      4354494F 
 1938      4E5F434F 
 1938      554E5445 
 1938      5200
 1939              	.LASF101:
 1940 0672 45455F63 		.ascii	"EE_counter_RAM\000"
 1940      6F756E74 
 1940      65725F52 
 1940      414D00
 1941              	.LASF40:
 1942 0681 73706563 		.ascii	"spec_id\000"
ARM GAS  C:\Users\vboxuser\AppData\Local\Temp\ccmIAfKR.s 			page 41


 1942      5F696400 
 1943              	.LASF49:
 1944 0689 45455F41 		.ascii	"EE_ACTION_EVENT\000"
 1944      4354494F 
 1944      4E5F4556 
 1944      454E5400 
 1945              	.LASF65:
 1946 0699 45455F68 		.ascii	"EE_hal_thread_body\000"
 1946      616C5F74 
 1946      68726561 
 1946      645F626F 
 1946      647900
 1947              	.LASF85:
 1948 06ac 45455F73 		.ascii	"EE_sys_ceiling\000"
 1948      79735F63 
 1948      65696C69 
 1948      6E6700
 1949              	.LASF54:
 1950 06bb 61637469 		.ascii	"action_kind\000"
 1950      6F6E5F6B 
 1950      696E6400 
 1951              	.LASF63:
 1952 06c7 7461736B 		.ascii	"task\000"
 1952      00
 1953              	.LASF30:
 1954 06cc 7469636B 		.ascii	"ticksperbase\000"
 1954      73706572 
 1954      62617365 
 1954      00
 1955              	.LASF102:
 1956 06d9 45455F6F 		.ascii	"EE_oo_counter_object_RAM\000"
 1956      6F5F636F 
 1956      756E7465 
 1956      725F6F62 
 1956      6A656374 
 1957              	.LASF53:
 1958 06f2 41637469 		.ascii	"ActionKindType\000"
 1958      6F6E4B69 
 1958      6E645479 
 1958      706500
 1959              	.LASF72:
 1960 0701 45455F74 		.ascii	"EE_th_ready_prio\000"
 1960      685F7265 
 1960      6164795F 
 1960      7072696F 
 1960      00
 1961              	.LASF82:
 1962 0712 45455F74 		.ascii	"EE_th_rnact\000"
 1962      685F726E 
 1962      61637400 
 1963              	.LASF90:
 1964 071e 45455F72 		.ascii	"EE_rq_pairs_tid\000"
 1964      715F7061 
 1964      6972735F 
 1964      74696400 
 1965              	.LASF108:
 1966 072e 45455F49 		.ascii	"EE_IRQ_nesting_level\000"
ARM GAS  C:\Users\vboxuser\AppData\Local\Temp\ccmIAfKR.s 			page 42


 1966      52515F6E 
 1966      65737469 
 1966      6E675F6C 
 1966      6576656C 
 1967              	.LASF12:
 1968 0743 45455F55 		.ascii	"EE_UINT32\000"
 1968      494E5433 
 1968      3200
 1969              	.LASF11:
 1970 074d 45455F49 		.ascii	"EE_INT32\000"
 1970      4E543332 
 1970      00
 1971              	.LASF67:
 1972 0756 45455F74 		.ascii	"EE_terminate_data\000"
 1972      65726D69 
 1972      6E617465 
 1972      5F646174 
 1972      6100
 1973              	.LASF115:
 1974 0768 47656E65 		.ascii	"Generated_Source\\PSoC5\\ErikaOS_1_eecfg.c\000"
 1974      72617465 
 1974      645F536F 
 1974      75726365 
 1974      5C50536F 
 1975              	.LASF93:
 1976 0791 45455F74 		.ascii	"EE_th_event_active\000"
 1976      685F6576 
 1976      656E745F 
 1976      61637469 
 1976      766500
 1977              	.LASF44:
 1978 07a4 636E7463 		.ascii	"cntcycle\000"
 1978      79636C65 
 1978      00
 1979              	.LASF28:
 1980 07ad 5359535F 		.ascii	"SYS_tos\000"
 1980      746F7300 
 1981              	.LASF55:
 1982 07b5 61637469 		.ascii	"action_task\000"
 1982      6F6E5F74 
 1982      61736B00 
 1983              	.LASF13:
 1984 07c1 45455F41 		.ascii	"EE_ADDR\000"
 1984      44445200 
 1985              	.LASF96:
 1986 07c9 45455F74 		.ascii	"EE_th_is_extended\000"
 1986      685F6973 
 1986      5F657874 
 1986      656E6465 
 1986      6400
 1987              	.LASF18:
 1988 07db 45455F46 		.ascii	"EE_FREG\000"
 1988      52454700 
 1989              	.LASF103:
 1990 07e3 45455F6F 		.ascii	"EE_oo_autostart_task_data\000"
 1990      6F5F6175 
 1990      746F7374 
ARM GAS  C:\Users\vboxuser\AppData\Local\Temp\ccmIAfKR.s 			page 43


 1990      6172745F 
 1990      7461736B 
 1991              		.ident	"GCC: (GNU Tools for ARM Embedded Processors) 5.4.1 20160609 (release) [ARM/embedded-5-bran
