ARM GAS  C:\Users\vboxuser\AppData\Local\Temp\ccwOVjY9.s 			page 1


   1              		.syntax unified
   2              		.cpu cortex-m3
   3              		.fpu softvfp
   4              		.eabi_attribute 20, 1
   5              		.eabi_attribute 21, 1
   6              		.eabi_attribute 23, 3
   7              		.eabi_attribute 24, 1
   8              		.eabi_attribute 25, 1
   9              		.eabi_attribute 26, 1
  10              		.eabi_attribute 30, 1
  11              		.eabi_attribute 34, 1
  12              		.eabi_attribute 18, 4
  13              		.thumb
  14              		.syntax unified
  15              		.file	"sc_breakpedal_type.c"
  16              		.text
  17              	.Ltext0:
  18              		.cfi_sections	.debug_frame
  19              		.section	.text.SC_BREAKPEDAL_driverIn,"ax",%progbits
  20              		.align	2
  21              		.global	SC_BREAKPEDAL_driverIn
  22              		.thumb
  23              		.thumb_func
  24              		.type	SC_BREAKPEDAL_driverIn, %function
  25              	SC_BREAKPEDAL_driverIn:
  26              	.LFB110:
  27              		.file 1 "bsw\\rte\\sc_breakpedal_type.c"
   1:bsw\rte/sc_breakpedal_type.c **** /*
   2:bsw\rte/sc_breakpedal_type.c ****  * Filename: sc_breakpedal_type.c
   3:bsw\rte/sc_breakpedal_type.c ****  *
   4:bsw\rte/sc_breakpedal_type.c ****  * Author: Autogenerated by H-DA RTE Generator, (c) Prof. Fromm
   5:bsw\rte/sc_breakpedal_type.c ****  *
   6:bsw\rte/sc_breakpedal_type.c ****  * description: Signalclass for breakPedal(ISR button)
   7:bsw\rte/sc_breakpedal_type.c ****  * name: sc_breakPedal
   8:bsw\rte/sc_breakpedal_type.c ****  * shortname: breakPedal
   9:bsw\rte/sc_breakpedal_type.c ****  *
  10:bsw\rte/sc_breakpedal_type.c ****  */
  11:bsw\rte/sc_breakpedal_type.c **** 
  12:bsw\rte/sc_breakpedal_type.c **** #include "project.h"
  13:bsw\rte/sc_breakpedal_type.c **** #include "global.h"
  14:bsw\rte/sc_breakpedal_type.c **** #include "rte.h"
  15:bsw\rte/sc_breakpedal_type.c **** #include "rte_types.h"
  16:bsw\rte/sc_breakpedal_type.c **** #include "sc_breakpedal_type.h"
  17:bsw\rte/sc_breakpedal_type.c **** 
  18:bsw\rte/sc_breakpedal_type.c **** 
  19:bsw\rte/sc_breakpedal_type.c **** 
  20:bsw\rte/sc_breakpedal_type.c **** /* USER CODE START SC_BREAKPEDAL_INCLUDE */
  21:bsw\rte/sc_breakpedal_type.c **** 
  22:bsw\rte/sc_breakpedal_type.c **** /* USER CODE END SC_BREAKPEDAL_INCLUDE */
  23:bsw\rte/sc_breakpedal_type.c **** 
  24:bsw\rte/sc_breakpedal_type.c **** 
  25:bsw\rte/sc_breakpedal_type.c **** 
  26:bsw\rte/sc_breakpedal_type.c **** 
  27:bsw\rte/sc_breakpedal_type.c **** /* USER CODE START SC_BREAKPEDAL_USERDEFINITIONS */
  28:bsw\rte/sc_breakpedal_type.c **** 
  29:bsw\rte/sc_breakpedal_type.c **** /* USER CODE END SC_BREAKPEDAL_USERDEFINITIONS */
  30:bsw\rte/sc_breakpedal_type.c **** 
ARM GAS  C:\Users\vboxuser\AppData\Local\Temp\ccwOVjY9.s 			page 2


  31:bsw\rte/sc_breakpedal_type.c **** 
  32:bsw\rte/sc_breakpedal_type.c **** /*****************************************************************************************
  33:bsw\rte/sc_breakpedal_type.c ****  *************** Port Wrapper Implementation for SC_BREAKPEDAL signal  ****************
  34:bsw\rte/sc_breakpedal_type.c ****  *****************************************************************************************/
  35:bsw\rte/sc_breakpedal_type.c ****  
  36:bsw\rte/sc_breakpedal_type.c ****  
  37:bsw\rte/sc_breakpedal_type.c **** 
  38:bsw\rte/sc_breakpedal_type.c **** /**
  39:bsw\rte/sc_breakpedal_type.c ****  * Default IN driver API
  40:bsw\rte/sc_breakpedal_type.c ****  */
  41:bsw\rte/sc_breakpedal_type.c **** inline RC_t SC_BREAKPEDAL_driverIn(SC_BREAKPEDAL_data_t *const data)
  42:bsw\rte/sc_breakpedal_type.c **** {
  28              		.loc 1 42 0
  29              		.cfi_startproc
  30              		@ args = 0, pretend = 0, frame = 0
  31              		@ frame_needed = 0, uses_anonymous_args = 0
  32              		@ link register save eliminated.
  33              	.LVL0:
  43:bsw\rte/sc_breakpedal_type.c **** 	/* USER CODE START driverInSC_BREAKPEDAL */
  44:bsw\rte/sc_breakpedal_type.c **** 
  45:bsw\rte/sc_breakpedal_type.c **** 
  46:bsw\rte/sc_breakpedal_type.c **** 	//Read data from the MCAL driver
  47:bsw\rte/sc_breakpedal_type.c ****     // Further doing
  48:bsw\rte/sc_breakpedal_type.c **** 	//Scale it to the application type
  49:bsw\rte/sc_breakpedal_type.c **** 
  50:bsw\rte/sc_breakpedal_type.c **** 	return RC_SUCCESS;
  51:bsw\rte/sc_breakpedal_type.c **** 	/* USER CODE END driverInSC_BREAKPEDAL */
  52:bsw\rte/sc_breakpedal_type.c **** }
  34              		.loc 1 52 0
  35 0000 0020     		movs	r0, #0
  36              	.LVL1:
  37 0002 7047     		bx	lr
  38              		.cfi_endproc
  39              	.LFE110:
  40              		.size	SC_BREAKPEDAL_driverIn, .-SC_BREAKPEDAL_driverIn
  41              		.text
  42              	.Letext0:
  43              		.file 2 "c:\\program files (x86)\\cypress\\psoc creator\\4.4\\psoc creator\\import\\gnu\\arm\\5.4.
  44              		.file 3 "c:\\program files (x86)\\cypress\\psoc creator\\4.4\\psoc creator\\import\\gnu\\arm\\5.4.
  45              		.file 4 "Generated_Source\\PSoC5/ErikaOS_1_common_ee_types.inc"
  46              		.file 5 "Generated_Source\\PSoC5/ErikaOS_1_cortex_mx_ee_cpu.inc"
  47              		.file 6 ".\\bsw/global.h"
  48              		.file 7 "bsw\\rte\\sc_breakpedal_type.h"
  49              		.file 8 "Generated_Source\\PSoC5/ErikaOS_1_ee_oo_intfunc.inc"
  50              		.file 9 "Generated_Source\\PSoC5/ErikaOS_1_cortex_mx_ee_context.inc"
  51              		.file 10 "Generated_Source\\PSoC5/ErikaOS_1_common_ee_primitives.inc"
  52              		.file 11 "Generated_Source\\PSoC5/core_cm3.h"
  53              		.section	.debug_info,"",%progbits
  54              	.Ldebug_info0:
  55 0000 33020000 		.4byte	0x233
  56 0004 0400     		.2byte	0x4
  57 0006 00000000 		.4byte	.Ldebug_abbrev0
  58 000a 04       		.byte	0x4
  59 000b 01       		.uleb128 0x1
  60 000c 0C010000 		.4byte	.LASF56
  61 0010 0C       		.byte	0xc
  62 0011 45040000 		.4byte	.LASF57
ARM GAS  C:\Users\vboxuser\AppData\Local\Temp\ccwOVjY9.s 			page 3


  63 0015 E1030000 		.4byte	.LASF58
  64 0019 00000000 		.4byte	.Ldebug_ranges0+0
  65 001d 00000000 		.4byte	0
  66 0021 00000000 		.4byte	.Ldebug_line0
  67 0025 02       		.uleb128 0x2
  68 0026 01       		.byte	0x1
  69 0027 06       		.byte	0x6
  70 0028 F2000000 		.4byte	.LASF0
  71 002c 02       		.uleb128 0x2
  72 002d 01       		.byte	0x1
  73 002e 08       		.byte	0x8
  74 002f FE000000 		.4byte	.LASF1
  75 0033 02       		.uleb128 0x2
  76 0034 02       		.byte	0x2
  77 0035 05       		.byte	0x5
  78 0036 85030000 		.4byte	.LASF2
  79 003a 02       		.uleb128 0x2
  80 003b 02       		.byte	0x2
  81 003c 07       		.byte	0x7
  82 003d E0010000 		.4byte	.LASF3
  83 0041 03       		.uleb128 0x3
  84 0042 66000000 		.4byte	.LASF9
  85 0046 02       		.byte	0x2
  86 0047 3F       		.byte	0x3f
  87 0048 4C000000 		.4byte	0x4c
  88 004c 02       		.uleb128 0x2
  89 004d 04       		.byte	0x4
  90 004e 05       		.byte	0x5
  91 004f B9030000 		.4byte	.LASF4
  92 0053 02       		.uleb128 0x2
  93 0054 04       		.byte	0x4
  94 0055 07       		.byte	0x7
  95 0056 CE010000 		.4byte	.LASF5
  96 005a 02       		.uleb128 0x2
  97 005b 08       		.byte	0x8
  98 005c 05       		.byte	0x5
  99 005d 45030000 		.4byte	.LASF6
 100 0061 02       		.uleb128 0x2
 101 0062 08       		.byte	0x8
 102 0063 07       		.byte	0x7
 103 0064 CC020000 		.4byte	.LASF7
 104 0068 04       		.uleb128 0x4
 105 0069 04       		.byte	0x4
 106 006a 05       		.byte	0x5
 107 006b 696E7400 		.ascii	"int\000"
 108 006f 02       		.uleb128 0x2
 109 0070 04       		.byte	0x4
 110 0071 07       		.byte	0x7
 111 0072 AD020000 		.4byte	.LASF8
 112 0076 03       		.uleb128 0x3
 113 0077 34030000 		.4byte	.LASF10
 114 007b 03       		.byte	0x3
 115 007c 2C       		.byte	0x2c
 116 007d 41000000 		.4byte	0x41
 117 0081 02       		.uleb128 0x2
 118 0082 04       		.byte	0x4
 119 0083 04       		.byte	0x4
ARM GAS  C:\Users\vboxuser\AppData\Local\Temp\ccwOVjY9.s 			page 4


 120 0084 E7000000 		.4byte	.LASF11
 121 0088 02       		.uleb128 0x2
 122 0089 08       		.byte	0x8
 123 008a 04       		.byte	0x4
 124 008b 5E020000 		.4byte	.LASF12
 125 008f 02       		.uleb128 0x2
 126 0090 01       		.byte	0x1
 127 0091 08       		.byte	0x8
 128 0092 53030000 		.4byte	.LASF13
 129 0096 02       		.uleb128 0x2
 130 0097 08       		.byte	0x8
 131 0098 04       		.byte	0x4
 132 0099 C2030000 		.4byte	.LASF14
 133 009d 03       		.uleb128 0x3
 134 009e C5010000 		.4byte	.LASF15
 135 00a2 04       		.byte	0x4
 136 00a3 53       		.byte	0x53
 137 00a4 68000000 		.4byte	0x68
 138 00a8 03       		.uleb128 0x3
 139 00a9 C2020000 		.4byte	.LASF16
 140 00ad 04       		.byte	0x4
 141 00ae 54       		.byte	0x54
 142 00af 6F000000 		.4byte	0x6f
 143 00b3 03       		.uleb128 0x3
 144 00b4 58030000 		.4byte	.LASF17
 145 00b8 05       		.byte	0x5
 146 00b9 4D       		.byte	0x4d
 147 00ba A8000000 		.4byte	0xa8
 148 00be 03       		.uleb128 0x3
 149 00bf BA020000 		.4byte	.LASF18
 150 00c3 05       		.byte	0x5
 151 00c4 4F       		.byte	0x4f
 152 00c5 A8000000 		.4byte	0xa8
 153 00c9 03       		.uleb128 0x3
 154 00ca C8000000 		.4byte	.LASF19
 155 00ce 05       		.byte	0x5
 156 00cf 78       		.byte	0x78
 157 00d0 9D000000 		.4byte	0x9d
 158 00d4 02       		.uleb128 0x2
 159 00d5 04       		.byte	0x4
 160 00d6 07       		.byte	0x7
 161 00d7 3C030000 		.4byte	.LASF20
 162 00db 03       		.uleb128 0x3
 163 00dc 19000000 		.4byte	.LASF21
 164 00e0 06       		.byte	0x6
 165 00e1 9C       		.byte	0x9c
 166 00e2 2C000000 		.4byte	0x2c
 167 00e6 05       		.uleb128 0x5
 168 00e7 01       		.byte	0x1
 169 00e8 25000000 		.4byte	0x25
 170 00ec 06       		.byte	0x6
 171 00ed CF       		.byte	0xcf
 172 00ee 8F010000 		.4byte	0x18f
 173 00f2 06       		.uleb128 0x6
 174 00f3 9A010000 		.4byte	.LASF22
 175 00f7 00       		.byte	0
 176 00f8 07       		.uleb128 0x7
ARM GAS  C:\Users\vboxuser\AppData\Local\Temp\ccwOVjY9.s 			page 5


 177 00f9 37000000 		.4byte	.LASF23
 178 00fd 7F       		.sleb128 -1
 179 00fe 07       		.uleb128 0x7
 180 00ff 88000000 		.4byte	.LASF24
 181 0103 7E       		.sleb128 -2
 182 0104 07       		.uleb128 0x7
 183 0105 A5010000 		.4byte	.LASF25
 184 0109 7D       		.sleb128 -3
 185 010a 07       		.uleb128 0x7
 186 010b 8B020000 		.4byte	.LASF26
 187 010f 7C       		.sleb128 -4
 188 0110 07       		.uleb128 0x7
 189 0111 62040000 		.4byte	.LASF27
 190 0115 7B       		.sleb128 -5
 191 0116 07       		.uleb128 0x7
 192 0117 7A020000 		.4byte	.LASF28
 193 011b 7A       		.sleb128 -6
 194 011c 07       		.uleb128 0x7
 195 011d B3010000 		.4byte	.LASF29
 196 0121 79       		.sleb128 -7
 197 0122 07       		.uleb128 0x7
 198 0123 1F030000 		.4byte	.LASF30
 199 0127 78       		.sleb128 -8
 200 0128 07       		.uleb128 0x7
 201 0129 A3030000 		.4byte	.LASF31
 202 012d 77       		.sleb128 -9
 203 012e 07       		.uleb128 0x7
 204 012f 60030000 		.4byte	.LASF32
 205 0133 76       		.sleb128 -10
 206 0134 07       		.uleb128 0x7
 207 0135 F3010000 		.4byte	.LASF33
 208 0139 75       		.sleb128 -11
 209 013a 07       		.uleb128 0x7
 210 013b 37040000 		.4byte	.LASF34
 211 013f 74       		.sleb128 -12
 212 0140 07       		.uleb128 0x7
 213 0141 E3020000 		.4byte	.LASF35
 214 0145 73       		.sleb128 -13
 215 0146 07       		.uleb128 0x7
 216 0147 CE030000 		.4byte	.LASF36
 217 014b 72       		.sleb128 -14
 218 014c 07       		.uleb128 0x7
 219 014d 8F030000 		.4byte	.LASF37
 220 0151 71       		.sleb128 -15
 221 0152 07       		.uleb128 0x7
 222 0153 26040000 		.4byte	.LASF38
 223 0157 70       		.sleb128 -16
 224 0158 07       		.uleb128 0x7
 225 0159 23000000 		.4byte	.LASF39
 226 015d 6F       		.sleb128 -17
 227 015e 07       		.uleb128 0x7
 228 015f 17020000 		.4byte	.LASF40
 229 0163 6E       		.sleb128 -18
 230 0164 07       		.uleb128 0x7
 231 0165 39020000 		.4byte	.LASF41
 232 0169 6D       		.sleb128 -19
 233 016a 07       		.uleb128 0x7
ARM GAS  C:\Users\vboxuser\AppData\Local\Temp\ccwOVjY9.s 			page 6


 234 016b 70000000 		.4byte	.LASF42
 235 016f 6C       		.sleb128 -20
 236 0170 07       		.uleb128 0x7
 237 0171 05020000 		.4byte	.LASF43
 238 0175 6B       		.sleb128 -21
 239 0176 07       		.uleb128 0x7
 240 0177 9B020000 		.4byte	.LASF44
 241 017b 6A       		.sleb128 -22
 242 017c 07       		.uleb128 0x7
 243 017d 6E030000 		.4byte	.LASF45
 244 0181 69       		.sleb128 -23
 245 0182 07       		.uleb128 0x7
 246 0183 55000000 		.4byte	.LASF46
 247 0187 68       		.sleb128 -24
 248 0188 07       		.uleb128 0x7
 249 0189 AF000000 		.4byte	.LASF47
 250 018d 67       		.sleb128 -25
 251 018e 00       		.byte	0
 252 018f 03       		.uleb128 0x3
 253 0190 83000000 		.4byte	.LASF48
 254 0194 06       		.byte	0x6
 255 0195 EA       		.byte	0xea
 256 0196 E6000000 		.4byte	0xe6
 257 019a 08       		.uleb128 0x8
 258 019b 01       		.byte	0x1
 259 019c 07       		.byte	0x7
 260 019d 21       		.byte	0x21
 261 019e AF010000 		.4byte	0x1af
 262 01a2 09       		.uleb128 0x9
 263 01a3 4C020000 		.4byte	.LASF59
 264 01a7 07       		.byte	0x7
 265 01a8 23       		.byte	0x23
 266 01a9 DB000000 		.4byte	0xdb
 267 01ad 00       		.byte	0
 268 01ae 00       		.byte	0
 269 01af 03       		.uleb128 0x3
 270 01b0 40000000 		.4byte	.LASF49
 271 01b4 07       		.byte	0x7
 272 01b5 26       		.byte	0x26
 273 01b6 9A010000 		.4byte	0x19a
 274 01ba 0A       		.uleb128 0xa
 275 01bb F5020000 		.4byte	.LASF60
 276 01bf 01       		.byte	0x1
 277 01c0 29       		.byte	0x29
 278 01c1 8F010000 		.4byte	0x18f
 279 01c5 00000000 		.4byte	.LFB110
 280 01c9 04000000 		.4byte	.LFE110-.LFB110
 281 01cd 01       		.uleb128 0x1
 282 01ce 9C       		.byte	0x9c
 283 01cf E3010000 		.4byte	0x1e3
 284 01d3 0B       		.uleb128 0xb
 285 01d4 ED000000 		.4byte	.LASF61
 286 01d8 01       		.byte	0x1
 287 01d9 29       		.byte	0x29
 288 01da E9010000 		.4byte	0x1e9
 289 01de 00000000 		.4byte	.LLST0
 290 01e2 00       		.byte	0
ARM GAS  C:\Users\vboxuser\AppData\Local\Temp\ccwOVjY9.s 			page 7


 291 01e3 0C       		.uleb128 0xc
 292 01e4 04       		.byte	0x4
 293 01e5 AF010000 		.4byte	0x1af
 294 01e9 0D       		.uleb128 0xd
 295 01ea E3010000 		.4byte	0x1e3
 296 01ee 0E       		.uleb128 0xe
 297 01ef CF000000 		.4byte	.LASF50
 298 01f3 08       		.byte	0x8
 299 01f4 40       		.byte	0x40
 300 01f5 B3000000 		.4byte	0xb3
 301 01f9 0E       		.uleb128 0xe
 302 01fa 96000000 		.4byte	.LASF51
 303 01fe 08       		.byte	0x8
 304 01ff 47       		.byte	0x47
 305 0200 BE000000 		.4byte	0xbe
 306 0204 0E       		.uleb128 0xe
 307 0205 0C030000 		.4byte	.LASF52
 308 0209 08       		.byte	0x8
 309 020a 4A       		.byte	0x4a
 310 020b B3000000 		.4byte	0xb3
 311 020f 0E       		.uleb128 0xe
 312 0210 00000000 		.4byte	.LASF53
 313 0214 09       		.byte	0x9
 314 0215 48       		.byte	0x48
 315 0216 C9000000 		.4byte	0xc9
 316 021a 0E       		.uleb128 0xe
 317 021b 65020000 		.4byte	.LASF54
 318 021f 0A       		.byte	0xa
 319 0220 44       		.byte	0x44
 320 0221 B3000000 		.4byte	0xb3
 321 0225 0F       		.uleb128 0xf
 322 0226 2C020000 		.4byte	.LASF55
 323 022a 0B       		.byte	0xb
 324 022b 1207     		.2byte	0x712
 325 022d 31020000 		.4byte	0x231
 326 0231 10       		.uleb128 0x10
 327 0232 76000000 		.4byte	0x76
 328 0236 00       		.byte	0
 329              		.section	.debug_abbrev,"",%progbits
 330              	.Ldebug_abbrev0:
 331 0000 01       		.uleb128 0x1
 332 0001 11       		.uleb128 0x11
 333 0002 01       		.byte	0x1
 334 0003 25       		.uleb128 0x25
 335 0004 0E       		.uleb128 0xe
 336 0005 13       		.uleb128 0x13
 337 0006 0B       		.uleb128 0xb
 338 0007 03       		.uleb128 0x3
 339 0008 0E       		.uleb128 0xe
 340 0009 1B       		.uleb128 0x1b
 341 000a 0E       		.uleb128 0xe
 342 000b 55       		.uleb128 0x55
 343 000c 17       		.uleb128 0x17
 344 000d 11       		.uleb128 0x11
 345 000e 01       		.uleb128 0x1
 346 000f 10       		.uleb128 0x10
 347 0010 17       		.uleb128 0x17
ARM GAS  C:\Users\vboxuser\AppData\Local\Temp\ccwOVjY9.s 			page 8


 348 0011 00       		.byte	0
 349 0012 00       		.byte	0
 350 0013 02       		.uleb128 0x2
 351 0014 24       		.uleb128 0x24
 352 0015 00       		.byte	0
 353 0016 0B       		.uleb128 0xb
 354 0017 0B       		.uleb128 0xb
 355 0018 3E       		.uleb128 0x3e
 356 0019 0B       		.uleb128 0xb
 357 001a 03       		.uleb128 0x3
 358 001b 0E       		.uleb128 0xe
 359 001c 00       		.byte	0
 360 001d 00       		.byte	0
 361 001e 03       		.uleb128 0x3
 362 001f 16       		.uleb128 0x16
 363 0020 00       		.byte	0
 364 0021 03       		.uleb128 0x3
 365 0022 0E       		.uleb128 0xe
 366 0023 3A       		.uleb128 0x3a
 367 0024 0B       		.uleb128 0xb
 368 0025 3B       		.uleb128 0x3b
 369 0026 0B       		.uleb128 0xb
 370 0027 49       		.uleb128 0x49
 371 0028 13       		.uleb128 0x13
 372 0029 00       		.byte	0
 373 002a 00       		.byte	0
 374 002b 04       		.uleb128 0x4
 375 002c 24       		.uleb128 0x24
 376 002d 00       		.byte	0
 377 002e 0B       		.uleb128 0xb
 378 002f 0B       		.uleb128 0xb
 379 0030 3E       		.uleb128 0x3e
 380 0031 0B       		.uleb128 0xb
 381 0032 03       		.uleb128 0x3
 382 0033 08       		.uleb128 0x8
 383 0034 00       		.byte	0
 384 0035 00       		.byte	0
 385 0036 05       		.uleb128 0x5
 386 0037 04       		.uleb128 0x4
 387 0038 01       		.byte	0x1
 388 0039 0B       		.uleb128 0xb
 389 003a 0B       		.uleb128 0xb
 390 003b 49       		.uleb128 0x49
 391 003c 13       		.uleb128 0x13
 392 003d 3A       		.uleb128 0x3a
 393 003e 0B       		.uleb128 0xb
 394 003f 3B       		.uleb128 0x3b
 395 0040 0B       		.uleb128 0xb
 396 0041 01       		.uleb128 0x1
 397 0042 13       		.uleb128 0x13
 398 0043 00       		.byte	0
 399 0044 00       		.byte	0
 400 0045 06       		.uleb128 0x6
 401 0046 28       		.uleb128 0x28
 402 0047 00       		.byte	0
 403 0048 03       		.uleb128 0x3
 404 0049 0E       		.uleb128 0xe
ARM GAS  C:\Users\vboxuser\AppData\Local\Temp\ccwOVjY9.s 			page 9


 405 004a 1C       		.uleb128 0x1c
 406 004b 0B       		.uleb128 0xb
 407 004c 00       		.byte	0
 408 004d 00       		.byte	0
 409 004e 07       		.uleb128 0x7
 410 004f 28       		.uleb128 0x28
 411 0050 00       		.byte	0
 412 0051 03       		.uleb128 0x3
 413 0052 0E       		.uleb128 0xe
 414 0053 1C       		.uleb128 0x1c
 415 0054 0D       		.uleb128 0xd
 416 0055 00       		.byte	0
 417 0056 00       		.byte	0
 418 0057 08       		.uleb128 0x8
 419 0058 13       		.uleb128 0x13
 420 0059 01       		.byte	0x1
 421 005a 0B       		.uleb128 0xb
 422 005b 0B       		.uleb128 0xb
 423 005c 3A       		.uleb128 0x3a
 424 005d 0B       		.uleb128 0xb
 425 005e 3B       		.uleb128 0x3b
 426 005f 0B       		.uleb128 0xb
 427 0060 01       		.uleb128 0x1
 428 0061 13       		.uleb128 0x13
 429 0062 00       		.byte	0
 430 0063 00       		.byte	0
 431 0064 09       		.uleb128 0x9
 432 0065 0D       		.uleb128 0xd
 433 0066 00       		.byte	0
 434 0067 03       		.uleb128 0x3
 435 0068 0E       		.uleb128 0xe
 436 0069 3A       		.uleb128 0x3a
 437 006a 0B       		.uleb128 0xb
 438 006b 3B       		.uleb128 0x3b
 439 006c 0B       		.uleb128 0xb
 440 006d 49       		.uleb128 0x49
 441 006e 13       		.uleb128 0x13
 442 006f 38       		.uleb128 0x38
 443 0070 0B       		.uleb128 0xb
 444 0071 00       		.byte	0
 445 0072 00       		.byte	0
 446 0073 0A       		.uleb128 0xa
 447 0074 2E       		.uleb128 0x2e
 448 0075 01       		.byte	0x1
 449 0076 3F       		.uleb128 0x3f
 450 0077 19       		.uleb128 0x19
 451 0078 03       		.uleb128 0x3
 452 0079 0E       		.uleb128 0xe
 453 007a 3A       		.uleb128 0x3a
 454 007b 0B       		.uleb128 0xb
 455 007c 3B       		.uleb128 0x3b
 456 007d 0B       		.uleb128 0xb
 457 007e 27       		.uleb128 0x27
 458 007f 19       		.uleb128 0x19
 459 0080 49       		.uleb128 0x49
 460 0081 13       		.uleb128 0x13
 461 0082 11       		.uleb128 0x11
ARM GAS  C:\Users\vboxuser\AppData\Local\Temp\ccwOVjY9.s 			page 10


 462 0083 01       		.uleb128 0x1
 463 0084 12       		.uleb128 0x12
 464 0085 06       		.uleb128 0x6
 465 0086 40       		.uleb128 0x40
 466 0087 18       		.uleb128 0x18
 467 0088 9742     		.uleb128 0x2117
 468 008a 19       		.uleb128 0x19
 469 008b 01       		.uleb128 0x1
 470 008c 13       		.uleb128 0x13
 471 008d 00       		.byte	0
 472 008e 00       		.byte	0
 473 008f 0B       		.uleb128 0xb
 474 0090 05       		.uleb128 0x5
 475 0091 00       		.byte	0
 476 0092 03       		.uleb128 0x3
 477 0093 0E       		.uleb128 0xe
 478 0094 3A       		.uleb128 0x3a
 479 0095 0B       		.uleb128 0xb
 480 0096 3B       		.uleb128 0x3b
 481 0097 0B       		.uleb128 0xb
 482 0098 49       		.uleb128 0x49
 483 0099 13       		.uleb128 0x13
 484 009a 02       		.uleb128 0x2
 485 009b 17       		.uleb128 0x17
 486 009c 00       		.byte	0
 487 009d 00       		.byte	0
 488 009e 0C       		.uleb128 0xc
 489 009f 0F       		.uleb128 0xf
 490 00a0 00       		.byte	0
 491 00a1 0B       		.uleb128 0xb
 492 00a2 0B       		.uleb128 0xb
 493 00a3 49       		.uleb128 0x49
 494 00a4 13       		.uleb128 0x13
 495 00a5 00       		.byte	0
 496 00a6 00       		.byte	0
 497 00a7 0D       		.uleb128 0xd
 498 00a8 26       		.uleb128 0x26
 499 00a9 00       		.byte	0
 500 00aa 49       		.uleb128 0x49
 501 00ab 13       		.uleb128 0x13
 502 00ac 00       		.byte	0
 503 00ad 00       		.byte	0
 504 00ae 0E       		.uleb128 0xe
 505 00af 34       		.uleb128 0x34
 506 00b0 00       		.byte	0
 507 00b1 03       		.uleb128 0x3
 508 00b2 0E       		.uleb128 0xe
 509 00b3 3A       		.uleb128 0x3a
 510 00b4 0B       		.uleb128 0xb
 511 00b5 3B       		.uleb128 0x3b
 512 00b6 0B       		.uleb128 0xb
 513 00b7 49       		.uleb128 0x49
 514 00b8 13       		.uleb128 0x13
 515 00b9 3F       		.uleb128 0x3f
 516 00ba 19       		.uleb128 0x19
 517 00bb 3C       		.uleb128 0x3c
 518 00bc 19       		.uleb128 0x19
ARM GAS  C:\Users\vboxuser\AppData\Local\Temp\ccwOVjY9.s 			page 11


 519 00bd 00       		.byte	0
 520 00be 00       		.byte	0
 521 00bf 0F       		.uleb128 0xf
 522 00c0 34       		.uleb128 0x34
 523 00c1 00       		.byte	0
 524 00c2 03       		.uleb128 0x3
 525 00c3 0E       		.uleb128 0xe
 526 00c4 3A       		.uleb128 0x3a
 527 00c5 0B       		.uleb128 0xb
 528 00c6 3B       		.uleb128 0x3b
 529 00c7 05       		.uleb128 0x5
 530 00c8 49       		.uleb128 0x49
 531 00c9 13       		.uleb128 0x13
 532 00ca 3F       		.uleb128 0x3f
 533 00cb 19       		.uleb128 0x19
 534 00cc 3C       		.uleb128 0x3c
 535 00cd 19       		.uleb128 0x19
 536 00ce 00       		.byte	0
 537 00cf 00       		.byte	0
 538 00d0 10       		.uleb128 0x10
 539 00d1 35       		.uleb128 0x35
 540 00d2 00       		.byte	0
 541 00d3 49       		.uleb128 0x49
 542 00d4 13       		.uleb128 0x13
 543 00d5 00       		.byte	0
 544 00d6 00       		.byte	0
 545 00d7 00       		.byte	0
 546              		.section	.debug_loc,"",%progbits
 547              	.Ldebug_loc0:
 548              	.LLST0:
 549 0000 00000000 		.4byte	.LVL0
 550 0004 02000000 		.4byte	.LVL1
 551 0008 0100     		.2byte	0x1
 552 000a 50       		.byte	0x50
 553 000b 02000000 		.4byte	.LVL1
 554 000f 04000000 		.4byte	.LFE110
 555 0013 0400     		.2byte	0x4
 556 0015 F3       		.byte	0xf3
 557 0016 01       		.uleb128 0x1
 558 0017 50       		.byte	0x50
 559 0018 9F       		.byte	0x9f
 560 0019 00000000 		.4byte	0
 561 001d 00000000 		.4byte	0
 562              		.section	.debug_aranges,"",%progbits
 563 0000 1C000000 		.4byte	0x1c
 564 0004 0200     		.2byte	0x2
 565 0006 00000000 		.4byte	.Ldebug_info0
 566 000a 04       		.byte	0x4
 567 000b 00       		.byte	0
 568 000c 0000     		.2byte	0
 569 000e 0000     		.2byte	0
 570 0010 00000000 		.4byte	.LFB110
 571 0014 04000000 		.4byte	.LFE110-.LFB110
 572 0018 00000000 		.4byte	0
 573 001c 00000000 		.4byte	0
 574              		.section	.debug_ranges,"",%progbits
 575              	.Ldebug_ranges0:
ARM GAS  C:\Users\vboxuser\AppData\Local\Temp\ccwOVjY9.s 			page 12


 576 0000 00000000 		.4byte	.LFB110
 577 0004 04000000 		.4byte	.LFE110
 578 0008 00000000 		.4byte	0
 579 000c 00000000 		.4byte	0
 580              		.section	.debug_line,"",%progbits
 581              	.Ldebug_line0:
 582 0000 45020000 		.section	.debug_str,"MS",%progbits,1
 582      02002D02 
 582      00000201 
 582      FB0E0D00 
 582      01010101 
 583              	.LASF53:
 584 0000 45455F73 		.ascii	"EE_std_endcycle_next_tid\000"
 584      74645F65 
 584      6E646379 
 584      636C655F 
 584      6E657874 
 585              	.LASF21:
 586 0019 626F6F6C 		.ascii	"boolean_t\000"
 586      65616E5F 
 586      7400
 587              	.LASF39:
 588 0023 52435F45 		.ascii	"RC_ERROR_READ_FAILS\000"
 588      52524F52 
 588      5F524541 
 588      445F4641 
 588      494C5300 
 589              	.LASF23:
 590 0037 52435F45 		.ascii	"RC_ERROR\000"
 590      52524F52 
 590      00
 591              	.LASF49:
 592 0040 53435F42 		.ascii	"SC_BREAKPEDAL_data_t\000"
 592      5245414B 
 592      50454441 
 592      4C5F6461 
 592      74615F74 
 593              	.LASF46:
 594 0055 52435F45 		.ascii	"RC_ERROR_UNKNOWN\000"
 594      52524F52 
 594      5F554E4B 
 594      4E4F574E 
 594      00
 595              	.LASF9:
 596 0066 5F5F696E 		.ascii	"__int32_t\000"
 596      7433325F 
 596      7400
 597              	.LASF42:
 598 0070 52435F45 		.ascii	"RC_ERROR_BAD_PARAM\000"
 598      52524F52 
 598      5F424144 
 598      5F504152 
 598      414D00
 599              	.LASF48:
 600 0083 52435F74 		.ascii	"RC_t\000"
 600      00
 601              	.LASF24:
ARM GAS  C:\Users\vboxuser\AppData\Local\Temp\ccwOVjY9.s 			page 13


 602 0088 52435F45 		.ascii	"RC_ERROR_NULL\000"
 602      52524F52 
 602      5F4E554C 
 602      4C00
 603              	.LASF51:
 604 0096 45455F6F 		.ascii	"EE_oo_IRQ_suspend_status\000"
 604      6F5F4952 
 604      515F7375 
 604      7370656E 
 604      645F7374 
 605              	.LASF47:
 606 00af 52435F45 		.ascii	"RC_ERROR_NOT_IMPLEMENTED\000"
 606      52524F52 
 606      5F4E4F54 
 606      5F494D50 
 606      4C454D45 
 607              	.LASF19:
 608 00c8 45455F54 		.ascii	"EE_TID\000"
 608      494400
 609              	.LASF50:
 610 00cf 45455F6F 		.ascii	"EE_oo_IRQ_disable_count\000"
 610      6F5F4952 
 610      515F6469 
 610      7361626C 
 610      655F636F 
 611              	.LASF11:
 612 00e7 666C6F61 		.ascii	"float\000"
 612      7400
 613              	.LASF61:
 614 00ed 64617461 		.ascii	"data\000"
 614      00
 615              	.LASF0:
 616 00f2 7369676E 		.ascii	"signed char\000"
 616      65642063 
 616      68617200 
 617              	.LASF1:
 618 00fe 756E7369 		.ascii	"unsigned char\000"
 618      676E6564 
 618      20636861 
 618      7200
 619              	.LASF56:
 620 010c 474E5520 		.ascii	"GNU C11 5.4.1 20160609 (release) [ARM/embedded-5-br"
 620      43313120 
 620      352E342E 
 620      31203230 
 620      31363036 
 621 013f 616E6368 		.ascii	"anch revision 237715] -mcpu=cortex-m3 -mthumb -g -O"
 621      20726576 
 621      6973696F 
 621      6E203233 
 621      37373135 
 622 0172 67202D66 		.ascii	"g -ffunction-sections -ffat-lto-objects\000"
 622      66756E63 
 622      74696F6E 
 622      2D736563 
 622      74696F6E 
 623              	.LASF22:
ARM GAS  C:\Users\vboxuser\AppData\Local\Temp\ccwOVjY9.s 			page 14


 624 019a 52435F53 		.ascii	"RC_SUCCESS\000"
 624      55434345 
 624      535300
 625              	.LASF25:
 626 01a5 52435F45 		.ascii	"RC_ERROR_ZERO\000"
 626      52524F52 
 626      5F5A4552 
 626      4F00
 627              	.LASF29:
 628 01b3 52435F45 		.ascii	"RC_ERROR_UNDERRUN\000"
 628      52524F52 
 628      5F554E44 
 628      45525255 
 628      4E00
 629              	.LASF15:
 630 01c5 45455F49 		.ascii	"EE_INT32\000"
 630      4E543332 
 630      00
 631              	.LASF5:
 632 01ce 6C6F6E67 		.ascii	"long unsigned int\000"
 632      20756E73 
 632      69676E65 
 632      6420696E 
 632      7400
 633              	.LASF3:
 634 01e0 73686F72 		.ascii	"short unsigned int\000"
 634      7420756E 
 634      7369676E 
 634      65642069 
 634      6E7400
 635              	.LASF33:
 636 01f3 52435F45 		.ascii	"RC_ERROR_TIME_OUT\000"
 636      52524F52 
 636      5F54494D 
 636      455F4F55 
 636      5400
 637              	.LASF43:
 638 0205 52435F45 		.ascii	"RC_ERROR_BAD_DATA\000"
 638      52524F52 
 638      5F424144 
 638      5F444154 
 638      4100
 639              	.LASF40:
 640 0217 52435F45 		.ascii	"RC_ERROR_WRITE_FAILS\000"
 640      52524F52 
 640      5F575249 
 640      54455F46 
 640      41494C53 
 641              	.LASF55:
 642 022c 49544D5F 		.ascii	"ITM_RxBuffer\000"
 642      52784275 
 642      66666572 
 642      00
 643              	.LASF41:
 644 0239 52435F45 		.ascii	"RC_ERROR_NOT_MATCH\000"
 644      52524F52 
 644      5F4E4F54 
ARM GAS  C:\Users\vboxuser\AppData\Local\Temp\ccwOVjY9.s 			page 15


 644      5F4D4154 
 644      434800
 645              	.LASF59:
 646 024c 62726561 		.ascii	"breakPedalPressed\000"
 646      6B506564 
 646      616C5072 
 646      65737365 
 646      6400
 647              	.LASF12:
 648 025e 646F7562 		.ascii	"double\000"
 648      6C6500
 649              	.LASF54:
 650 0265 45455F49 		.ascii	"EE_IRQ_nesting_level\000"
 650      52515F6E 
 650      65737469 
 650      6E675F6C 
 650      6576656C 
 651              	.LASF28:
 652 027a 52435F45 		.ascii	"RC_ERROR_OVERRUN\000"
 652      52524F52 
 652      5F4F5645 
 652      5252554E 
 652      00
 653              	.LASF26:
 654 028b 52435F45 		.ascii	"RC_ERROR_MEMORY\000"
 654      52524F52 
 654      5F4D454D 
 654      4F525900 
 655              	.LASF44:
 656 029b 52435F45 		.ascii	"RC_ERROR_CANCELED\000"
 656      52524F52 
 656      5F43414E 
 656      43454C45 
 656      4400
 657              	.LASF8:
 658 02ad 756E7369 		.ascii	"unsigned int\000"
 658      676E6564 
 658      20696E74 
 658      00
 659              	.LASF18:
 660 02ba 45455F46 		.ascii	"EE_FREG\000"
 660      52454700 
 661              	.LASF16:
 662 02c2 45455F55 		.ascii	"EE_UINT32\000"
 662      494E5433 
 662      3200
 663              	.LASF7:
 664 02cc 6C6F6E67 		.ascii	"long long unsigned int\000"
 664      206C6F6E 
 664      6720756E 
 664      7369676E 
 664      65642069 
 665              	.LASF35:
 666 02e3 52435F45 		.ascii	"RC_ERROR_CHECKSUM\000"
 666      52524F52 
 666      5F434845 
 666      434B5355 
ARM GAS  C:\Users\vboxuser\AppData\Local\Temp\ccwOVjY9.s 			page 16


 666      4D00
 667              	.LASF60:
 668 02f5 53435F42 		.ascii	"SC_BREAKPEDAL_driverIn\000"
 668      5245414B 
 668      50454441 
 668      4C5F6472 
 668      69766572 
 669              	.LASF52:
 670 030c 45455F41 		.ascii	"EE_ApplicationMode\000"
 670      70706C69 
 670      63617469 
 670      6F6E4D6F 
 670      646500
 671              	.LASF30:
 672 031f 52435F45 		.ascii	"RC_ERROR_BUFFER_FULL\000"
 672      52524F52 
 672      5F425546 
 672      4645525F 
 672      46554C4C 
 673              	.LASF10:
 674 0334 696E7433 		.ascii	"int32_t\000"
 674      325F7400 
 675              	.LASF20:
 676 033c 73697A65 		.ascii	"sizetype\000"
 676      74797065 
 676      00
 677              	.LASF6:
 678 0345 6C6F6E67 		.ascii	"long long int\000"
 678      206C6F6E 
 678      6720696E 
 678      7400
 679              	.LASF13:
 680 0353 63686172 		.ascii	"char\000"
 680      00
 681              	.LASF17:
 682 0358 45455F55 		.ascii	"EE_UREG\000"
 682      52454700 
 683              	.LASF32:
 684 0360 52435F45 		.ascii	"RC_ERROR_BUSY\000"
 684      52524F52 
 684      5F425553 
 684      5900
 685              	.LASF45:
 686 036e 52435F45 		.ascii	"RC_ERROR_INVALID_STATE\000"
 686      52524F52 
 686      5F494E56 
 686      414C4944 
 686      5F535441 
 687              	.LASF2:
 688 0385 73686F72 		.ascii	"short int\000"
 688      7420696E 
 688      7400
 689              	.LASF37:
 690 038f 52435F45 		.ascii	"RC_ERROR_WRITE_ONLY\000"
 690      52524F52 
 690      5F575249 
 690      54455F4F 
ARM GAS  C:\Users\vboxuser\AppData\Local\Temp\ccwOVjY9.s 			page 17


 690      4E4C5900 
 691              	.LASF31:
 692 03a3 52435F45 		.ascii	"RC_ERROR_BUFFER_EMTPY\000"
 692      52524F52 
 692      5F425546 
 692      4645525F 
 692      454D5450 
 693              	.LASF4:
 694 03b9 6C6F6E67 		.ascii	"long int\000"
 694      20696E74 
 694      00
 695              	.LASF14:
 696 03c2 6C6F6E67 		.ascii	"long double\000"
 696      20646F75 
 696      626C6500 
 697              	.LASF36:
 698 03ce 52435F45 		.ascii	"RC_ERROR_READ_ONLY\000"
 698      52524F52 
 698      5F524541 
 698      445F4F4E 
 698      4C5900
 699              	.LASF58:
 700 03e1 433A5C55 		.ascii	"C:\\Users\\vboxuser\\Documents\\GitHub\\EAA_GasPeda"
 700      73657273 
 700      5C76626F 
 700      78757365 
 700      725C446F 
 701 040f 6C5C4C61 		.ascii	"l\\Lab 1\\GasPedal.cydsn\000"
 701      6220315C 
 701      47617350 
 701      6564616C 
 701      2E637964 
 702              	.LASF38:
 703 0426 52435F45 		.ascii	"RC_ERROR_INVALID\000"
 703      52524F52 
 703      5F494E56 
 703      414C4944 
 703      00
 704              	.LASF34:
 705 0437 52435F45 		.ascii	"RC_ERROR_OPEN\000"
 705      52524F52 
 705      5F4F5045 
 705      4E00
 706              	.LASF57:
 707 0445 6273775C 		.ascii	"bsw\\rte\\sc_breakpedal_type.c\000"
 707      7274655C 
 707      73635F62 
 707      7265616B 
 707      70656461 
 708              	.LASF27:
 709 0462 52435F45 		.ascii	"RC_ERROR_RANGE\000"
 709      52524F52 
 709      5F52414E 
 709      474500
 710              		.ident	"GCC: (GNU Tools for ARM Embedded Processors) 5.4.1 20160609 (release) [ARM/embedded-5-bran
