ARM GAS  C:\Users\vboxuser\AppData\Local\Temp\ccf3CHbh.s 			page 1


   1              		.syntax unified
   2              		.cpu cortex-m3
   3              		.fpu softvfp
   4              		.eabi_attribute 20, 1
   5              		.eabi_attribute 21, 1
   6              		.eabi_attribute 23, 3
   7              		.eabi_attribute 24, 1
   8              		.eabi_attribute 25, 1
   9              		.eabi_attribute 26, 1
  10              		.eabi_attribute 30, 1
  11              		.eabi_attribute 34, 1
  12              		.eabi_attribute 18, 4
  13              		.thumb
  14              		.syntax unified
  15              		.file	"sc_engine_type.c"
  16              		.text
  17              	.Ltext0:
  18              		.cfi_sections	.debug_frame
  19              		.section	.text.SC_ENGINE_driverOut,"ax",%progbits
  20              		.align	2
  21              		.global	SC_ENGINE_driverOut
  22              		.thumb
  23              		.thumb_func
  24              		.type	SC_ENGINE_driverOut, %function
  25              	SC_ENGINE_driverOut:
  26              	.LFB110:
  27              		.file 1 "bsw\\rte\\sc_engine_type.c"
   1:bsw\rte/sc_engine_type.c **** /*
   2:bsw\rte/sc_engine_type.c ****  * Filename: sc_engine_type.c
   3:bsw\rte/sc_engine_type.c ****  *
   4:bsw\rte/sc_engine_type.c ****  * Author: Autogenerated by H-DA RTE Generator, (c) Prof. Fromm
   5:bsw\rte/sc_engine_type.c ****  *
   6:bsw\rte/sc_engine_type.c ****  * description: Engine signal class
   7:bsw\rte/sc_engine_type.c ****  * name: sc_engine
   8:bsw\rte/sc_engine_type.c ****  * shortname: engine
   9:bsw\rte/sc_engine_type.c ****  *
  10:bsw\rte/sc_engine_type.c ****  */
  11:bsw\rte/sc_engine_type.c **** 
  12:bsw\rte/sc_engine_type.c **** #include "project.h"
  13:bsw\rte/sc_engine_type.c **** #include "global.h"
  14:bsw\rte/sc_engine_type.c **** #include "rte.h"
  15:bsw\rte/sc_engine_type.c **** #include "rte_types.h"
  16:bsw\rte/sc_engine_type.c **** #include "sc_engine_type.h"
  17:bsw\rte/sc_engine_type.c **** 
  18:bsw\rte/sc_engine_type.c **** 
  19:bsw\rte/sc_engine_type.c **** 
  20:bsw\rte/sc_engine_type.c **** /* USER CODE START SC_ENGINE_INCLUDE */
  21:bsw\rte/sc_engine_type.c **** 
  22:bsw\rte/sc_engine_type.c **** /* USER CODE END SC_ENGINE_INCLUDE */
  23:bsw\rte/sc_engine_type.c **** 
  24:bsw\rte/sc_engine_type.c **** 
  25:bsw\rte/sc_engine_type.c **** 
  26:bsw\rte/sc_engine_type.c **** 
  27:bsw\rte/sc_engine_type.c **** /* USER CODE START SC_ENGINE_USERDEFINITIONS */
  28:bsw\rte/sc_engine_type.c **** 
  29:bsw\rte/sc_engine_type.c **** /* USER CODE END SC_ENGINE_USERDEFINITIONS */
  30:bsw\rte/sc_engine_type.c **** 
ARM GAS  C:\Users\vboxuser\AppData\Local\Temp\ccf3CHbh.s 			page 2


  31:bsw\rte/sc_engine_type.c **** 
  32:bsw\rte/sc_engine_type.c **** /*****************************************************************************************
  33:bsw\rte/sc_engine_type.c ****  *************** Port Wrapper Implementation for SC_ENGINE signal  ****************
  34:bsw\rte/sc_engine_type.c ****  *****************************************************************************************/
  35:bsw\rte/sc_engine_type.c ****  
  36:bsw\rte/sc_engine_type.c ****  
  37:bsw\rte/sc_engine_type.c **** /**
  38:bsw\rte/sc_engine_type.c ****  * Default OUT driver API
  39:bsw\rte/sc_engine_type.c ****  */
  40:bsw\rte/sc_engine_type.c **** inline RC_t SC_ENGINE_driverOut(const SC_ENGINE_data_t  *const data)
  41:bsw\rte/sc_engine_type.c **** {
  28              		.loc 1 41 0
  29              		.cfi_startproc
  30              		@ args = 0, pretend = 0, frame = 0
  31              		@ frame_needed = 0, uses_anonymous_args = 0
  32              	.LVL0:
  33 0000 08B5     		push	{r3, lr}
  34              		.cfi_def_cfa_offset 8
  35              		.cfi_offset 3, -8
  36              		.cfi_offset 14, -4
  42:bsw\rte/sc_engine_type.c **** 	/* USER CODE START driverOutSC_ENGINE */
  43:bsw\rte/sc_engine_type.c ****         if(data->engineValue <= 0)
  37              		.loc 1 43 0
  38 0002 0178     		ldrb	r1, [r0]	@ zero_extendqisi2
  39 0004 29B9     		cbnz	r1, .L2
  44:bsw\rte/sc_engine_type.c ****     {
  45:bsw\rte/sc_engine_type.c ****         LED_RGB_Set(0, 0, 0);
  40              		.loc 1 45 0
  41 0006 0022     		movs	r2, #0
  42 0008 1146     		mov	r1, r2
  43 000a 1046     		mov	r0, r2
  44              	.LVL1:
  45 000c FFF7FEFF 		bl	LED_RGB_Set
  46              	.LVL2:
  47 0010 03E0     		b	.L3
  48              	.LVL3:
  49              	.L2:
  46:bsw\rte/sc_engine_type.c ****     }
  47:bsw\rte/sc_engine_type.c ****     else
  48:bsw\rte/sc_engine_type.c ****     {
  49:bsw\rte/sc_engine_type.c ****         LED_RGB_Set(0, data->engineValue, 0);
  50              		.loc 1 49 0
  51 0012 0022     		movs	r2, #0
  52 0014 1046     		mov	r0, r2
  53              	.LVL4:
  54 0016 FFF7FEFF 		bl	LED_RGB_Set
  55              	.LVL5:
  56              	.L3:
  50:bsw\rte/sc_engine_type.c ****     }
  51:bsw\rte/sc_engine_type.c **** 
  52:bsw\rte/sc_engine_type.c **** 	//Scale application data to drive format
  53:bsw\rte/sc_engine_type.c **** 
  54:bsw\rte/sc_engine_type.c **** 	//Write scaled data to driver
  55:bsw\rte/sc_engine_type.c **** 
  56:bsw\rte/sc_engine_type.c **** 	return RC_SUCCESS;
  57:bsw\rte/sc_engine_type.c **** 	/* USER CODE END driverOutSC_ENGINE */
  58:bsw\rte/sc_engine_type.c **** }
ARM GAS  C:\Users\vboxuser\AppData\Local\Temp\ccf3CHbh.s 			page 3


  57              		.loc 1 58 0
  58 001a 0020     		movs	r0, #0
  59 001c 08BD     		pop	{r3, pc}
  60              		.cfi_endproc
  61              	.LFE110:
  62              		.size	SC_ENGINE_driverOut, .-SC_ENGINE_driverOut
  63 001e 00BF     		.text
  64              	.Letext0:
  65              		.file 2 "c:\\program files (x86)\\cypress\\psoc creator\\4.4\\psoc creator\\import\\gnu\\arm\\5.4.
  66              		.file 3 "c:\\program files (x86)\\cypress\\psoc creator\\4.4\\psoc creator\\import\\gnu\\arm\\5.4.
  67              		.file 4 "Generated_Source\\PSoC5/ErikaOS_1_common_ee_types.inc"
  68              		.file 5 "Generated_Source\\PSoC5/ErikaOS_1_cortex_mx_ee_cpu.inc"
  69              		.file 6 ".\\bsw/global.h"
  70              		.file 7 "bsw\\rte\\sc_engine_type.h"
  71              		.file 8 "Generated_Source\\PSoC5/ErikaOS_1_ee_oo_intfunc.inc"
  72              		.file 9 "Generated_Source\\PSoC5/ErikaOS_1_cortex_mx_ee_context.inc"
  73              		.file 10 "Generated_Source\\PSoC5/ErikaOS_1_common_ee_primitives.inc"
  74              		.file 11 "Generated_Source\\PSoC5/core_cm3.h"
  75              		.file 12 ".\\bsw\\LabBoard/led.h"
  76              		.section	.debug_info,"",%progbits
  77              	.Ldebug_info0:
  78 0000 7F020000 		.4byte	0x27f
  79 0004 0400     		.2byte	0x4
  80 0006 00000000 		.4byte	.Ldebug_abbrev0
  81 000a 04       		.byte	0x4
  82 000b 01       		.uleb128 0x1
  83 000c DF020000 		.4byte	.LASF57
  84 0010 0C       		.byte	0xc
  85 0011 48020000 		.4byte	.LASF58
  86 0015 32000000 		.4byte	.LASF59
  87 0019 00000000 		.4byte	.Ldebug_ranges0+0
  88 001d 00000000 		.4byte	0
  89 0021 00000000 		.4byte	.Ldebug_line0
  90 0025 02       		.uleb128 0x2
  91 0026 01       		.byte	0x1
  92 0027 06       		.byte	0x6
  93 0028 61020000 		.4byte	.LASF0
  94 002c 03       		.uleb128 0x3
  95 002d EE010000 		.4byte	.LASF4
  96 0031 02       		.byte	0x2
  97 0032 1D       		.byte	0x1d
  98 0033 37000000 		.4byte	0x37
  99 0037 02       		.uleb128 0x2
 100 0038 01       		.byte	0x1
 101 0039 08       		.byte	0x8
 102 003a 27020000 		.4byte	.LASF1
 103 003e 02       		.uleb128 0x2
 104 003f 02       		.byte	0x2
 105 0040 05       		.byte	0x5
 106 0041 77000000 		.4byte	.LASF2
 107 0045 02       		.uleb128 0x2
 108 0046 02       		.byte	0x2
 109 0047 07       		.byte	0x7
 110 0048 CC020000 		.4byte	.LASF3
 111 004c 03       		.uleb128 0x3
 112 004d F2030000 		.4byte	.LASF5
 113 0051 02       		.byte	0x2
ARM GAS  C:\Users\vboxuser\AppData\Local\Temp\ccf3CHbh.s 			page 4


 114 0052 3F       		.byte	0x3f
 115 0053 57000000 		.4byte	0x57
 116 0057 02       		.uleb128 0x2
 117 0058 04       		.byte	0x4
 118 0059 05       		.byte	0x5
 119 005a C5010000 		.4byte	.LASF6
 120 005e 02       		.uleb128 0x2
 121 005f 04       		.byte	0x4
 122 0060 07       		.byte	0x7
 123 0061 B3030000 		.4byte	.LASF7
 124 0065 02       		.uleb128 0x2
 125 0066 08       		.byte	0x8
 126 0067 05       		.byte	0x5
 127 0068 7A010000 		.4byte	.LASF8
 128 006c 02       		.uleb128 0x2
 129 006d 08       		.byte	0x8
 130 006e 07       		.byte	0x7
 131 006f 6D020000 		.4byte	.LASF9
 132 0073 04       		.uleb128 0x4
 133 0074 04       		.byte	0x4
 134 0075 05       		.byte	0x5
 135 0076 696E7400 		.ascii	"int\000"
 136 007a 02       		.uleb128 0x2
 137 007b 04       		.byte	0x4
 138 007c 07       		.byte	0x7
 139 007d 84020000 		.4byte	.LASF10
 140 0081 03       		.uleb128 0x3
 141 0082 FF000000 		.4byte	.LASF11
 142 0086 03       		.byte	0x3
 143 0087 18       		.byte	0x18
 144 0088 2C000000 		.4byte	0x2c
 145 008c 03       		.uleb128 0x3
 146 008d 87030000 		.4byte	.LASF12
 147 0091 03       		.byte	0x3
 148 0092 2C       		.byte	0x2c
 149 0093 4C000000 		.4byte	0x4c
 150 0097 02       		.uleb128 0x2
 151 0098 04       		.byte	0x4
 152 0099 04       		.byte	0x4
 153 009a 5B010000 		.4byte	.LASF13
 154 009e 02       		.uleb128 0x2
 155 009f 08       		.byte	0x8
 156 00a0 04       		.byte	0x4
 157 00a1 C5030000 		.4byte	.LASF14
 158 00a5 02       		.uleb128 0x2
 159 00a6 01       		.byte	0x1
 160 00a7 08       		.byte	0x8
 161 00a8 6D030000 		.4byte	.LASF15
 162 00ac 02       		.uleb128 0x2
 163 00ad 08       		.byte	0x8
 164 00ae 04       		.byte	0x4
 165 00af 1B020000 		.4byte	.LASF16
 166 00b3 03       		.uleb128 0x3
 167 00b4 C3020000 		.4byte	.LASF17
 168 00b8 04       		.byte	0x4
 169 00b9 53       		.byte	0x53
 170 00ba 73000000 		.4byte	0x73
ARM GAS  C:\Users\vboxuser\AppData\Local\Temp\ccf3CHbh.s 			page 5


 171 00be 03       		.uleb128 0x3
 172 00bf EE000000 		.4byte	.LASF18
 173 00c3 04       		.byte	0x4
 174 00c4 54       		.byte	0x54
 175 00c5 7A000000 		.4byte	0x7a
 176 00c9 03       		.uleb128 0x3
 177 00ca EA030000 		.4byte	.LASF19
 178 00ce 05       		.byte	0x5
 179 00cf 4D       		.byte	0x4d
 180 00d0 BE000000 		.4byte	0xbe
 181 00d4 03       		.uleb128 0x3
 182 00d5 BE000000 		.4byte	.LASF20
 183 00d9 05       		.byte	0x5
 184 00da 4F       		.byte	0x4f
 185 00db BE000000 		.4byte	0xbe
 186 00df 03       		.uleb128 0x3
 187 00e0 F8000000 		.4byte	.LASF21
 188 00e4 05       		.byte	0x5
 189 00e5 78       		.byte	0x78
 190 00e6 B3000000 		.4byte	0xb3
 191 00ea 02       		.uleb128 0x2
 192 00eb 04       		.byte	0x4
 193 00ec 07       		.byte	0x7
 194 00ed A7000000 		.4byte	.LASF22
 195 00f1 05       		.uleb128 0x5
 196 00f2 01       		.byte	0x1
 197 00f3 25000000 		.4byte	0x25
 198 00f7 06       		.byte	0x6
 199 00f8 CF       		.byte	0xcf
 200 00f9 9A010000 		.4byte	0x19a
 201 00fd 06       		.uleb128 0x6
 202 00fe 13000000 		.4byte	.LASF23
 203 0102 00       		.byte	0
 204 0103 07       		.uleb128 0x7
 205 0104 2C040000 		.4byte	.LASF24
 206 0108 7F       		.sleb128 -1
 207 0109 07       		.uleb128 0x7
 208 010a 9F020000 		.4byte	.LASF25
 209 010e 7E       		.sleb128 -2
 210 010f 07       		.uleb128 0x7
 211 0110 B0000000 		.4byte	.LASF26
 212 0114 7D       		.sleb128 -3
 213 0115 07       		.uleb128 0x7
 214 0116 35040000 		.4byte	.LASF27
 215 011a 7C       		.sleb128 -4
 216 011b 07       		.uleb128 0x7
 217 011c 4C010000 		.4byte	.LASF28
 218 0120 7B       		.sleb128 -5
 219 0121 07       		.uleb128 0x7
 220 0122 81000000 		.4byte	.LASF29
 221 0126 7A       		.sleb128 -6
 222 0127 07       		.uleb128 0x7
 223 0128 CE010000 		.4byte	.LASF30
 224 012c 79       		.sleb128 -7
 225 012d 07       		.uleb128 0x7
 226 012e 72030000 		.4byte	.LASF31
 227 0132 78       		.sleb128 -8
ARM GAS  C:\Users\vboxuser\AppData\Local\Temp\ccf3CHbh.s 			page 6


 228 0133 07       		.uleb128 0x7
 229 0134 AD020000 		.4byte	.LASF32
 230 0138 77       		.sleb128 -9
 231 0139 07       		.uleb128 0x7
 232 013a E0010000 		.4byte	.LASF33
 233 013e 76       		.sleb128 -10
 234 013f 07       		.uleb128 0x7
 235 0140 62040000 		.4byte	.LASF34
 236 0144 75       		.sleb128 -11
 237 0145 07       		.uleb128 0x7
 238 0146 91020000 		.4byte	.LASF35
 239 014a 74       		.sleb128 -12
 240 014b 07       		.uleb128 0x7
 241 014c D8030000 		.4byte	.LASF36
 242 0150 73       		.sleb128 -13
 243 0151 07       		.uleb128 0x7
 244 0152 00000000 		.4byte	.LASF37
 245 0156 72       		.sleb128 -14
 246 0157 07       		.uleb128 0x7
 247 0158 1E000000 		.4byte	.LASF38
 248 015c 71       		.sleb128 -15
 249 015d 07       		.uleb128 0x7
 250 015e F8010000 		.4byte	.LASF39
 251 0162 70       		.sleb128 -16
 252 0163 07       		.uleb128 0x7
 253 0164 C6000000 		.4byte	.LASF40
 254 0168 6F       		.sleb128 -17
 255 0169 07       		.uleb128 0x7
 256 016a 92000000 		.4byte	.LASF41
 257 016e 6E       		.sleb128 -18
 258 016f 07       		.uleb128 0x7
 259 0170 A1010000 		.4byte	.LASF42
 260 0174 6D       		.sleb128 -19
 261 0175 07       		.uleb128 0x7
 262 0176 35020000 		.4byte	.LASF43
 263 017a 6C       		.sleb128 -20
 264 017b 07       		.uleb128 0x7
 265 017c 09020000 		.4byte	.LASF44
 266 0180 6B       		.sleb128 -21
 267 0181 07       		.uleb128 0x7
 268 0182 FC030000 		.4byte	.LASF45
 269 0186 6A       		.sleb128 -22
 270 0187 07       		.uleb128 0x7
 271 0188 07010000 		.4byte	.LASF46
 272 018c 69       		.sleb128 -23
 273 018d 07       		.uleb128 0x7
 274 018e B4010000 		.4byte	.LASF47
 275 0192 68       		.sleb128 -24
 276 0193 07       		.uleb128 0x7
 277 0194 61010000 		.4byte	.LASF48
 278 0198 67       		.sleb128 -25
 279 0199 00       		.byte	0
 280 019a 03       		.uleb128 0x3
 281 019b 5D040000 		.4byte	.LASF49
 282 019f 06       		.byte	0x6
 283 01a0 EA       		.byte	0xea
 284 01a1 F1000000 		.4byte	0xf1
ARM GAS  C:\Users\vboxuser\AppData\Local\Temp\ccf3CHbh.s 			page 7


 285 01a5 08       		.uleb128 0x8
 286 01a6 01       		.byte	0x1
 287 01a7 07       		.byte	0x7
 288 01a8 21       		.byte	0x21
 289 01a9 BA010000 		.4byte	0x1ba
 290 01ad 09       		.uleb128 0x9
 291 01ae CC030000 		.4byte	.LASF60
 292 01b2 07       		.byte	0x7
 293 01b3 23       		.byte	0x23
 294 01b4 81000000 		.4byte	0x81
 295 01b8 00       		.byte	0
 296 01b9 00       		.byte	0
 297 01ba 03       		.uleb128 0x3
 298 01bb 0E040000 		.4byte	.LASF50
 299 01bf 07       		.byte	0x7
 300 01c0 26       		.byte	0x26
 301 01c1 A5010000 		.4byte	0x1a5
 302 01c5 0A       		.uleb128 0xa
 303 01c6 DA000000 		.4byte	.LASF61
 304 01ca 01       		.byte	0x1
 305 01cb 28       		.byte	0x28
 306 01cc 9A010000 		.4byte	0x19a
 307 01d0 00000000 		.4byte	.LFB110
 308 01d4 1E000000 		.4byte	.LFE110-.LFB110
 309 01d8 01       		.uleb128 0x1
 310 01d9 9C       		.byte	0x9c
 311 01da 1F020000 		.4byte	0x21f
 312 01de 0B       		.uleb128 0xb
 313 01df 9B030000 		.4byte	.LASF62
 314 01e3 01       		.byte	0x1
 315 01e4 28       		.byte	0x28
 316 01e5 2A020000 		.4byte	0x22a
 317 01e9 00000000 		.4byte	.LLST0
 318 01ed 0C       		.uleb128 0xc
 319 01ee 10000000 		.4byte	.LVL2
 320 01f2 77020000 		.4byte	0x277
 321 01f6 0A020000 		.4byte	0x20a
 322 01fa 0D       		.uleb128 0xd
 323 01fb 01       		.uleb128 0x1
 324 01fc 50       		.byte	0x50
 325 01fd 01       		.uleb128 0x1
 326 01fe 30       		.byte	0x30
 327 01ff 0D       		.uleb128 0xd
 328 0200 01       		.uleb128 0x1
 329 0201 51       		.byte	0x51
 330 0202 01       		.uleb128 0x1
 331 0203 30       		.byte	0x30
 332 0204 0D       		.uleb128 0xd
 333 0205 01       		.uleb128 0x1
 334 0206 52       		.byte	0x52
 335 0207 01       		.uleb128 0x1
 336 0208 30       		.byte	0x30
 337 0209 00       		.byte	0
 338 020a 0E       		.uleb128 0xe
 339 020b 1A000000 		.4byte	.LVL5
 340 020f 77020000 		.4byte	0x277
 341 0213 0D       		.uleb128 0xd
ARM GAS  C:\Users\vboxuser\AppData\Local\Temp\ccf3CHbh.s 			page 8


 342 0214 01       		.uleb128 0x1
 343 0215 50       		.byte	0x50
 344 0216 01       		.uleb128 0x1
 345 0217 30       		.byte	0x30
 346 0218 0D       		.uleb128 0xd
 347 0219 01       		.uleb128 0x1
 348 021a 52       		.byte	0x52
 349 021b 01       		.uleb128 0x1
 350 021c 30       		.byte	0x30
 351 021d 00       		.byte	0
 352 021e 00       		.byte	0
 353 021f 0F       		.uleb128 0xf
 354 0220 04       		.byte	0x4
 355 0221 25020000 		.4byte	0x225
 356 0225 10       		.uleb128 0x10
 357 0226 BA010000 		.4byte	0x1ba
 358 022a 10       		.uleb128 0x10
 359 022b 1F020000 		.4byte	0x21f
 360 022f 11       		.uleb128 0x11
 361 0230 45040000 		.4byte	.LASF51
 362 0234 08       		.byte	0x8
 363 0235 40       		.byte	0x40
 364 0236 C9000000 		.4byte	0xc9
 365 023a 11       		.uleb128 0x11
 366 023b 88010000 		.4byte	.LASF52
 367 023f 08       		.byte	0x8
 368 0240 47       		.byte	0x47
 369 0241 D4000000 		.4byte	0xd4
 370 0245 11       		.uleb128 0x11
 371 0246 A0030000 		.4byte	.LASF53
 372 024a 08       		.byte	0x8
 373 024b 4A       		.byte	0x4a
 374 024c C9000000 		.4byte	0xc9
 375 0250 11       		.uleb128 0x11
 376 0251 33010000 		.4byte	.LASF54
 377 0255 09       		.byte	0x9
 378 0256 48       		.byte	0x48
 379 0257 DF000000 		.4byte	0xdf
 380 025b 11       		.uleb128 0x11
 381 025c 1E010000 		.4byte	.LASF55
 382 0260 0A       		.byte	0xa
 383 0261 44       		.byte	0x44
 384 0262 C9000000 		.4byte	0xc9
 385 0266 12       		.uleb128 0x12
 386 0267 1F040000 		.4byte	.LASF56
 387 026b 0B       		.byte	0xb
 388 026c 1207     		.2byte	0x712
 389 026e 72020000 		.4byte	0x272
 390 0272 13       		.uleb128 0x13
 391 0273 8C000000 		.4byte	0x8c
 392 0277 14       		.uleb128 0x14
 393 0278 8F030000 		.4byte	.LASF63
 394 027c 8F030000 		.4byte	.LASF63
 395 0280 0C       		.byte	0xc
 396 0281 A5       		.byte	0xa5
 397 0282 00       		.byte	0
 398              		.section	.debug_abbrev,"",%progbits
ARM GAS  C:\Users\vboxuser\AppData\Local\Temp\ccf3CHbh.s 			page 9


 399              	.Ldebug_abbrev0:
 400 0000 01       		.uleb128 0x1
 401 0001 11       		.uleb128 0x11
 402 0002 01       		.byte	0x1
 403 0003 25       		.uleb128 0x25
 404 0004 0E       		.uleb128 0xe
 405 0005 13       		.uleb128 0x13
 406 0006 0B       		.uleb128 0xb
 407 0007 03       		.uleb128 0x3
 408 0008 0E       		.uleb128 0xe
 409 0009 1B       		.uleb128 0x1b
 410 000a 0E       		.uleb128 0xe
 411 000b 55       		.uleb128 0x55
 412 000c 17       		.uleb128 0x17
 413 000d 11       		.uleb128 0x11
 414 000e 01       		.uleb128 0x1
 415 000f 10       		.uleb128 0x10
 416 0010 17       		.uleb128 0x17
 417 0011 00       		.byte	0
 418 0012 00       		.byte	0
 419 0013 02       		.uleb128 0x2
 420 0014 24       		.uleb128 0x24
 421 0015 00       		.byte	0
 422 0016 0B       		.uleb128 0xb
 423 0017 0B       		.uleb128 0xb
 424 0018 3E       		.uleb128 0x3e
 425 0019 0B       		.uleb128 0xb
 426 001a 03       		.uleb128 0x3
 427 001b 0E       		.uleb128 0xe
 428 001c 00       		.byte	0
 429 001d 00       		.byte	0
 430 001e 03       		.uleb128 0x3
 431 001f 16       		.uleb128 0x16
 432 0020 00       		.byte	0
 433 0021 03       		.uleb128 0x3
 434 0022 0E       		.uleb128 0xe
 435 0023 3A       		.uleb128 0x3a
 436 0024 0B       		.uleb128 0xb
 437 0025 3B       		.uleb128 0x3b
 438 0026 0B       		.uleb128 0xb
 439 0027 49       		.uleb128 0x49
 440 0028 13       		.uleb128 0x13
 441 0029 00       		.byte	0
 442 002a 00       		.byte	0
 443 002b 04       		.uleb128 0x4
 444 002c 24       		.uleb128 0x24
 445 002d 00       		.byte	0
 446 002e 0B       		.uleb128 0xb
 447 002f 0B       		.uleb128 0xb
 448 0030 3E       		.uleb128 0x3e
 449 0031 0B       		.uleb128 0xb
 450 0032 03       		.uleb128 0x3
 451 0033 08       		.uleb128 0x8
 452 0034 00       		.byte	0
 453 0035 00       		.byte	0
 454 0036 05       		.uleb128 0x5
 455 0037 04       		.uleb128 0x4
ARM GAS  C:\Users\vboxuser\AppData\Local\Temp\ccf3CHbh.s 			page 10


 456 0038 01       		.byte	0x1
 457 0039 0B       		.uleb128 0xb
 458 003a 0B       		.uleb128 0xb
 459 003b 49       		.uleb128 0x49
 460 003c 13       		.uleb128 0x13
 461 003d 3A       		.uleb128 0x3a
 462 003e 0B       		.uleb128 0xb
 463 003f 3B       		.uleb128 0x3b
 464 0040 0B       		.uleb128 0xb
 465 0041 01       		.uleb128 0x1
 466 0042 13       		.uleb128 0x13
 467 0043 00       		.byte	0
 468 0044 00       		.byte	0
 469 0045 06       		.uleb128 0x6
 470 0046 28       		.uleb128 0x28
 471 0047 00       		.byte	0
 472 0048 03       		.uleb128 0x3
 473 0049 0E       		.uleb128 0xe
 474 004a 1C       		.uleb128 0x1c
 475 004b 0B       		.uleb128 0xb
 476 004c 00       		.byte	0
 477 004d 00       		.byte	0
 478 004e 07       		.uleb128 0x7
 479 004f 28       		.uleb128 0x28
 480 0050 00       		.byte	0
 481 0051 03       		.uleb128 0x3
 482 0052 0E       		.uleb128 0xe
 483 0053 1C       		.uleb128 0x1c
 484 0054 0D       		.uleb128 0xd
 485 0055 00       		.byte	0
 486 0056 00       		.byte	0
 487 0057 08       		.uleb128 0x8
 488 0058 13       		.uleb128 0x13
 489 0059 01       		.byte	0x1
 490 005a 0B       		.uleb128 0xb
 491 005b 0B       		.uleb128 0xb
 492 005c 3A       		.uleb128 0x3a
 493 005d 0B       		.uleb128 0xb
 494 005e 3B       		.uleb128 0x3b
 495 005f 0B       		.uleb128 0xb
 496 0060 01       		.uleb128 0x1
 497 0061 13       		.uleb128 0x13
 498 0062 00       		.byte	0
 499 0063 00       		.byte	0
 500 0064 09       		.uleb128 0x9
 501 0065 0D       		.uleb128 0xd
 502 0066 00       		.byte	0
 503 0067 03       		.uleb128 0x3
 504 0068 0E       		.uleb128 0xe
 505 0069 3A       		.uleb128 0x3a
 506 006a 0B       		.uleb128 0xb
 507 006b 3B       		.uleb128 0x3b
 508 006c 0B       		.uleb128 0xb
 509 006d 49       		.uleb128 0x49
 510 006e 13       		.uleb128 0x13
 511 006f 38       		.uleb128 0x38
 512 0070 0B       		.uleb128 0xb
ARM GAS  C:\Users\vboxuser\AppData\Local\Temp\ccf3CHbh.s 			page 11


 513 0071 00       		.byte	0
 514 0072 00       		.byte	0
 515 0073 0A       		.uleb128 0xa
 516 0074 2E       		.uleb128 0x2e
 517 0075 01       		.byte	0x1
 518 0076 3F       		.uleb128 0x3f
 519 0077 19       		.uleb128 0x19
 520 0078 03       		.uleb128 0x3
 521 0079 0E       		.uleb128 0xe
 522 007a 3A       		.uleb128 0x3a
 523 007b 0B       		.uleb128 0xb
 524 007c 3B       		.uleb128 0x3b
 525 007d 0B       		.uleb128 0xb
 526 007e 27       		.uleb128 0x27
 527 007f 19       		.uleb128 0x19
 528 0080 49       		.uleb128 0x49
 529 0081 13       		.uleb128 0x13
 530 0082 11       		.uleb128 0x11
 531 0083 01       		.uleb128 0x1
 532 0084 12       		.uleb128 0x12
 533 0085 06       		.uleb128 0x6
 534 0086 40       		.uleb128 0x40
 535 0087 18       		.uleb128 0x18
 536 0088 9742     		.uleb128 0x2117
 537 008a 19       		.uleb128 0x19
 538 008b 01       		.uleb128 0x1
 539 008c 13       		.uleb128 0x13
 540 008d 00       		.byte	0
 541 008e 00       		.byte	0
 542 008f 0B       		.uleb128 0xb
 543 0090 05       		.uleb128 0x5
 544 0091 00       		.byte	0
 545 0092 03       		.uleb128 0x3
 546 0093 0E       		.uleb128 0xe
 547 0094 3A       		.uleb128 0x3a
 548 0095 0B       		.uleb128 0xb
 549 0096 3B       		.uleb128 0x3b
 550 0097 0B       		.uleb128 0xb
 551 0098 49       		.uleb128 0x49
 552 0099 13       		.uleb128 0x13
 553 009a 02       		.uleb128 0x2
 554 009b 17       		.uleb128 0x17
 555 009c 00       		.byte	0
 556 009d 00       		.byte	0
 557 009e 0C       		.uleb128 0xc
 558 009f 898201   		.uleb128 0x4109
 559 00a2 01       		.byte	0x1
 560 00a3 11       		.uleb128 0x11
 561 00a4 01       		.uleb128 0x1
 562 00a5 31       		.uleb128 0x31
 563 00a6 13       		.uleb128 0x13
 564 00a7 01       		.uleb128 0x1
 565 00a8 13       		.uleb128 0x13
 566 00a9 00       		.byte	0
 567 00aa 00       		.byte	0
 568 00ab 0D       		.uleb128 0xd
 569 00ac 8A8201   		.uleb128 0x410a
ARM GAS  C:\Users\vboxuser\AppData\Local\Temp\ccf3CHbh.s 			page 12


 570 00af 00       		.byte	0
 571 00b0 02       		.uleb128 0x2
 572 00b1 18       		.uleb128 0x18
 573 00b2 9142     		.uleb128 0x2111
 574 00b4 18       		.uleb128 0x18
 575 00b5 00       		.byte	0
 576 00b6 00       		.byte	0
 577 00b7 0E       		.uleb128 0xe
 578 00b8 898201   		.uleb128 0x4109
 579 00bb 01       		.byte	0x1
 580 00bc 11       		.uleb128 0x11
 581 00bd 01       		.uleb128 0x1
 582 00be 31       		.uleb128 0x31
 583 00bf 13       		.uleb128 0x13
 584 00c0 00       		.byte	0
 585 00c1 00       		.byte	0
 586 00c2 0F       		.uleb128 0xf
 587 00c3 0F       		.uleb128 0xf
 588 00c4 00       		.byte	0
 589 00c5 0B       		.uleb128 0xb
 590 00c6 0B       		.uleb128 0xb
 591 00c7 49       		.uleb128 0x49
 592 00c8 13       		.uleb128 0x13
 593 00c9 00       		.byte	0
 594 00ca 00       		.byte	0
 595 00cb 10       		.uleb128 0x10
 596 00cc 26       		.uleb128 0x26
 597 00cd 00       		.byte	0
 598 00ce 49       		.uleb128 0x49
 599 00cf 13       		.uleb128 0x13
 600 00d0 00       		.byte	0
 601 00d1 00       		.byte	0
 602 00d2 11       		.uleb128 0x11
 603 00d3 34       		.uleb128 0x34
 604 00d4 00       		.byte	0
 605 00d5 03       		.uleb128 0x3
 606 00d6 0E       		.uleb128 0xe
 607 00d7 3A       		.uleb128 0x3a
 608 00d8 0B       		.uleb128 0xb
 609 00d9 3B       		.uleb128 0x3b
 610 00da 0B       		.uleb128 0xb
 611 00db 49       		.uleb128 0x49
 612 00dc 13       		.uleb128 0x13
 613 00dd 3F       		.uleb128 0x3f
 614 00de 19       		.uleb128 0x19
 615 00df 3C       		.uleb128 0x3c
 616 00e0 19       		.uleb128 0x19
 617 00e1 00       		.byte	0
 618 00e2 00       		.byte	0
 619 00e3 12       		.uleb128 0x12
 620 00e4 34       		.uleb128 0x34
 621 00e5 00       		.byte	0
 622 00e6 03       		.uleb128 0x3
 623 00e7 0E       		.uleb128 0xe
 624 00e8 3A       		.uleb128 0x3a
 625 00e9 0B       		.uleb128 0xb
 626 00ea 3B       		.uleb128 0x3b
ARM GAS  C:\Users\vboxuser\AppData\Local\Temp\ccf3CHbh.s 			page 13


 627 00eb 05       		.uleb128 0x5
 628 00ec 49       		.uleb128 0x49
 629 00ed 13       		.uleb128 0x13
 630 00ee 3F       		.uleb128 0x3f
 631 00ef 19       		.uleb128 0x19
 632 00f0 3C       		.uleb128 0x3c
 633 00f1 19       		.uleb128 0x19
 634 00f2 00       		.byte	0
 635 00f3 00       		.byte	0
 636 00f4 13       		.uleb128 0x13
 637 00f5 35       		.uleb128 0x35
 638 00f6 00       		.byte	0
 639 00f7 49       		.uleb128 0x49
 640 00f8 13       		.uleb128 0x13
 641 00f9 00       		.byte	0
 642 00fa 00       		.byte	0
 643 00fb 14       		.uleb128 0x14
 644 00fc 2E       		.uleb128 0x2e
 645 00fd 00       		.byte	0
 646 00fe 3F       		.uleb128 0x3f
 647 00ff 19       		.uleb128 0x19
 648 0100 3C       		.uleb128 0x3c
 649 0101 19       		.uleb128 0x19
 650 0102 6E       		.uleb128 0x6e
 651 0103 0E       		.uleb128 0xe
 652 0104 03       		.uleb128 0x3
 653 0105 0E       		.uleb128 0xe
 654 0106 3A       		.uleb128 0x3a
 655 0107 0B       		.uleb128 0xb
 656 0108 3B       		.uleb128 0x3b
 657 0109 0B       		.uleb128 0xb
 658 010a 00       		.byte	0
 659 010b 00       		.byte	0
 660 010c 00       		.byte	0
 661              		.section	.debug_loc,"",%progbits
 662              	.Ldebug_loc0:
 663              	.LLST0:
 664 0000 00000000 		.4byte	.LVL0
 665 0004 0C000000 		.4byte	.LVL1
 666 0008 0100     		.2byte	0x1
 667 000a 50       		.byte	0x50
 668 000b 0C000000 		.4byte	.LVL1
 669 000f 12000000 		.4byte	.LVL3
 670 0013 0400     		.2byte	0x4
 671 0015 F3       		.byte	0xf3
 672 0016 01       		.uleb128 0x1
 673 0017 50       		.byte	0x50
 674 0018 9F       		.byte	0x9f
 675 0019 12000000 		.4byte	.LVL3
 676 001d 16000000 		.4byte	.LVL4
 677 0021 0100     		.2byte	0x1
 678 0023 50       		.byte	0x50
 679 0024 16000000 		.4byte	.LVL4
 680 0028 1E000000 		.4byte	.LFE110
 681 002c 0400     		.2byte	0x4
 682 002e F3       		.byte	0xf3
 683 002f 01       		.uleb128 0x1
ARM GAS  C:\Users\vboxuser\AppData\Local\Temp\ccf3CHbh.s 			page 14


 684 0030 50       		.byte	0x50
 685 0031 9F       		.byte	0x9f
 686 0032 00000000 		.4byte	0
 687 0036 00000000 		.4byte	0
 688              		.section	.debug_aranges,"",%progbits
 689 0000 1C000000 		.4byte	0x1c
 690 0004 0200     		.2byte	0x2
 691 0006 00000000 		.4byte	.Ldebug_info0
 692 000a 04       		.byte	0x4
 693 000b 00       		.byte	0
 694 000c 0000     		.2byte	0
 695 000e 0000     		.2byte	0
 696 0010 00000000 		.4byte	.LFB110
 697 0014 1E000000 		.4byte	.LFE110-.LFB110
 698 0018 00000000 		.4byte	0
 699 001c 00000000 		.4byte	0
 700              		.section	.debug_ranges,"",%progbits
 701              	.Ldebug_ranges0:
 702 0000 00000000 		.4byte	.LFB110
 703 0004 1E000000 		.4byte	.LFE110
 704 0008 00000000 		.4byte	0
 705 000c 00000000 		.4byte	0
 706              		.section	.debug_line,"",%progbits
 707              	.Ldebug_line0:
 708 0000 58020000 		.section	.debug_str,"MS",%progbits,1
 708      02003D02 
 708      00000201 
 708      FB0E0D00 
 708      01010101 
 709              	.LASF37:
 710 0000 52435F45 		.ascii	"RC_ERROR_READ_ONLY\000"
 710      52524F52 
 710      5F524541 
 710      445F4F4E 
 710      4C5900
 711              	.LASF23:
 712 0013 52435F53 		.ascii	"RC_SUCCESS\000"
 712      55434345 
 712      535300
 713              	.LASF38:
 714 001e 52435F45 		.ascii	"RC_ERROR_WRITE_ONLY\000"
 714      52524F52 
 714      5F575249 
 714      54455F4F 
 714      4E4C5900 
 715              	.LASF59:
 716 0032 433A5C55 		.ascii	"C:\\Users\\vboxuser\\Documents\\GitHub\\EAA_GasPeda"
 716      73657273 
 716      5C76626F 
 716      78757365 
 716      725C446F 
 717 0060 6C5C4C61 		.ascii	"l\\Lab 1\\GasPedal.cydsn\000"
 717      6220315C 
 717      47617350 
 717      6564616C 
 717      2E637964 
 718              	.LASF2:
ARM GAS  C:\Users\vboxuser\AppData\Local\Temp\ccf3CHbh.s 			page 15


 719 0077 73686F72 		.ascii	"short int\000"
 719      7420696E 
 719      7400
 720              	.LASF29:
 721 0081 52435F45 		.ascii	"RC_ERROR_OVERRUN\000"
 721      52524F52 
 721      5F4F5645 
 721      5252554E 
 721      00
 722              	.LASF41:
 723 0092 52435F45 		.ascii	"RC_ERROR_WRITE_FAILS\000"
 723      52524F52 
 723      5F575249 
 723      54455F46 
 723      41494C53 
 724              	.LASF22:
 725 00a7 73697A65 		.ascii	"sizetype\000"
 725      74797065 
 725      00
 726              	.LASF26:
 727 00b0 52435F45 		.ascii	"RC_ERROR_ZERO\000"
 727      52524F52 
 727      5F5A4552 
 727      4F00
 728              	.LASF20:
 729 00be 45455F46 		.ascii	"EE_FREG\000"
 729      52454700 
 730              	.LASF40:
 731 00c6 52435F45 		.ascii	"RC_ERROR_READ_FAILS\000"
 731      52524F52 
 731      5F524541 
 731      445F4641 
 731      494C5300 
 732              	.LASF61:
 733 00da 53435F45 		.ascii	"SC_ENGINE_driverOut\000"
 733      4E47494E 
 733      455F6472 
 733      69766572 
 733      4F757400 
 734              	.LASF18:
 735 00ee 45455F55 		.ascii	"EE_UINT32\000"
 735      494E5433 
 735      3200
 736              	.LASF21:
 737 00f8 45455F54 		.ascii	"EE_TID\000"
 737      494400
 738              	.LASF11:
 739 00ff 75696E74 		.ascii	"uint8_t\000"
 739      385F7400 
 740              	.LASF46:
 741 0107 52435F45 		.ascii	"RC_ERROR_INVALID_STATE\000"
 741      52524F52 
 741      5F494E56 
 741      414C4944 
 741      5F535441 
 742              	.LASF55:
 743 011e 45455F49 		.ascii	"EE_IRQ_nesting_level\000"
ARM GAS  C:\Users\vboxuser\AppData\Local\Temp\ccf3CHbh.s 			page 16


 743      52515F6E 
 743      65737469 
 743      6E675F6C 
 743      6576656C 
 744              	.LASF54:
 745 0133 45455F73 		.ascii	"EE_std_endcycle_next_tid\000"
 745      74645F65 
 745      6E646379 
 745      636C655F 
 745      6E657874 
 746              	.LASF28:
 747 014c 52435F45 		.ascii	"RC_ERROR_RANGE\000"
 747      52524F52 
 747      5F52414E 
 747      474500
 748              	.LASF13:
 749 015b 666C6F61 		.ascii	"float\000"
 749      7400
 750              	.LASF48:
 751 0161 52435F45 		.ascii	"RC_ERROR_NOT_IMPLEMENTED\000"
 751      52524F52 
 751      5F4E4F54 
 751      5F494D50 
 751      4C454D45 
 752              	.LASF8:
 753 017a 6C6F6E67 		.ascii	"long long int\000"
 753      206C6F6E 
 753      6720696E 
 753      7400
 754              	.LASF52:
 755 0188 45455F6F 		.ascii	"EE_oo_IRQ_suspend_status\000"
 755      6F5F4952 
 755      515F7375 
 755      7370656E 
 755      645F7374 
 756              	.LASF42:
 757 01a1 52435F45 		.ascii	"RC_ERROR_NOT_MATCH\000"
 757      52524F52 
 757      5F4E4F54 
 757      5F4D4154 
 757      434800
 758              	.LASF47:
 759 01b4 52435F45 		.ascii	"RC_ERROR_UNKNOWN\000"
 759      52524F52 
 759      5F554E4B 
 759      4E4F574E 
 759      00
 760              	.LASF6:
 761 01c5 6C6F6E67 		.ascii	"long int\000"
 761      20696E74 
 761      00
 762              	.LASF30:
 763 01ce 52435F45 		.ascii	"RC_ERROR_UNDERRUN\000"
 763      52524F52 
 763      5F554E44 
 763      45525255 
 763      4E00
ARM GAS  C:\Users\vboxuser\AppData\Local\Temp\ccf3CHbh.s 			page 17


 764              	.LASF33:
 765 01e0 52435F45 		.ascii	"RC_ERROR_BUSY\000"
 765      52524F52 
 765      5F425553 
 765      5900
 766              	.LASF4:
 767 01ee 5F5F7569 		.ascii	"__uint8_t\000"
 767      6E74385F 
 767      7400
 768              	.LASF39:
 769 01f8 52435F45 		.ascii	"RC_ERROR_INVALID\000"
 769      52524F52 
 769      5F494E56 
 769      414C4944 
 769      00
 770              	.LASF44:
 771 0209 52435F45 		.ascii	"RC_ERROR_BAD_DATA\000"
 771      52524F52 
 771      5F424144 
 771      5F444154 
 771      4100
 772              	.LASF16:
 773 021b 6C6F6E67 		.ascii	"long double\000"
 773      20646F75 
 773      626C6500 
 774              	.LASF1:
 775 0227 756E7369 		.ascii	"unsigned char\000"
 775      676E6564 
 775      20636861 
 775      7200
 776              	.LASF43:
 777 0235 52435F45 		.ascii	"RC_ERROR_BAD_PARAM\000"
 777      52524F52 
 777      5F424144 
 777      5F504152 
 777      414D00
 778              	.LASF58:
 779 0248 6273775C 		.ascii	"bsw\\rte\\sc_engine_type.c\000"
 779      7274655C 
 779      73635F65 
 779      6E67696E 
 779      655F7479 
 780              	.LASF0:
 781 0261 7369676E 		.ascii	"signed char\000"
 781      65642063 
 781      68617200 
 782              	.LASF9:
 783 026d 6C6F6E67 		.ascii	"long long unsigned int\000"
 783      206C6F6E 
 783      6720756E 
 783      7369676E 
 783      65642069 
 784              	.LASF10:
 785 0284 756E7369 		.ascii	"unsigned int\000"
 785      676E6564 
 785      20696E74 
 785      00
ARM GAS  C:\Users\vboxuser\AppData\Local\Temp\ccf3CHbh.s 			page 18


 786              	.LASF35:
 787 0291 52435F45 		.ascii	"RC_ERROR_OPEN\000"
 787      52524F52 
 787      5F4F5045 
 787      4E00
 788              	.LASF25:
 789 029f 52435F45 		.ascii	"RC_ERROR_NULL\000"
 789      52524F52 
 789      5F4E554C 
 789      4C00
 790              	.LASF32:
 791 02ad 52435F45 		.ascii	"RC_ERROR_BUFFER_EMTPY\000"
 791      52524F52 
 791      5F425546 
 791      4645525F 
 791      454D5450 
 792              	.LASF17:
 793 02c3 45455F49 		.ascii	"EE_INT32\000"
 793      4E543332 
 793      00
 794              	.LASF3:
 795 02cc 73686F72 		.ascii	"short unsigned int\000"
 795      7420756E 
 795      7369676E 
 795      65642069 
 795      6E7400
 796              	.LASF57:
 797 02df 474E5520 		.ascii	"GNU C11 5.4.1 20160609 (release) [ARM/embedded-5-br"
 797      43313120 
 797      352E342E 
 797      31203230 
 797      31363036 
 798 0312 616E6368 		.ascii	"anch revision 237715] -mcpu=cortex-m3 -mthumb -g -O"
 798      20726576 
 798      6973696F 
 798      6E203233 
 798      37373135 
 799 0345 67202D66 		.ascii	"g -ffunction-sections -ffat-lto-objects\000"
 799      66756E63 
 799      74696F6E 
 799      2D736563 
 799      74696F6E 
 800              	.LASF15:
 801 036d 63686172 		.ascii	"char\000"
 801      00
 802              	.LASF31:
 803 0372 52435F45 		.ascii	"RC_ERROR_BUFFER_FULL\000"
 803      52524F52 
 803      5F425546 
 803      4645525F 
 803      46554C4C 
 804              	.LASF12:
 805 0387 696E7433 		.ascii	"int32_t\000"
 805      325F7400 
 806              	.LASF63:
 807 038f 4C45445F 		.ascii	"LED_RGB_Set\000"
 807      5247425F 
ARM GAS  C:\Users\vboxuser\AppData\Local\Temp\ccf3CHbh.s 			page 19


 807      53657400 
 808              	.LASF62:
 809 039b 64617461 		.ascii	"data\000"
 809      00
 810              	.LASF53:
 811 03a0 45455F41 		.ascii	"EE_ApplicationMode\000"
 811      70706C69 
 811      63617469 
 811      6F6E4D6F 
 811      646500
 812              	.LASF7:
 813 03b3 6C6F6E67 		.ascii	"long unsigned int\000"
 813      20756E73 
 813      69676E65 
 813      6420696E 
 813      7400
 814              	.LASF14:
 815 03c5 646F7562 		.ascii	"double\000"
 815      6C6500
 816              	.LASF60:
 817 03cc 656E6769 		.ascii	"engineValue\000"
 817      6E655661 
 817      6C756500 
 818              	.LASF36:
 819 03d8 52435F45 		.ascii	"RC_ERROR_CHECKSUM\000"
 819      52524F52 
 819      5F434845 
 819      434B5355 
 819      4D00
 820              	.LASF19:
 821 03ea 45455F55 		.ascii	"EE_UREG\000"
 821      52454700 
 822              	.LASF5:
 823 03f2 5F5F696E 		.ascii	"__int32_t\000"
 823      7433325F 
 823      7400
 824              	.LASF45:
 825 03fc 52435F45 		.ascii	"RC_ERROR_CANCELED\000"
 825      52524F52 
 825      5F43414E 
 825      43454C45 
 825      4400
 826              	.LASF50:
 827 040e 53435F45 		.ascii	"SC_ENGINE_data_t\000"
 827      4E47494E 
 827      455F6461 
 827      74615F74 
 827      00
 828              	.LASF56:
 829 041f 49544D5F 		.ascii	"ITM_RxBuffer\000"
 829      52784275 
 829      66666572 
 829      00
 830              	.LASF24:
 831 042c 52435F45 		.ascii	"RC_ERROR\000"
 831      52524F52 
 831      00
ARM GAS  C:\Users\vboxuser\AppData\Local\Temp\ccf3CHbh.s 			page 20


 832              	.LASF27:
 833 0435 52435F45 		.ascii	"RC_ERROR_MEMORY\000"
 833      52524F52 
 833      5F4D454D 
 833      4F525900 
 834              	.LASF51:
 835 0445 45455F6F 		.ascii	"EE_oo_IRQ_disable_count\000"
 835      6F5F4952 
 835      515F6469 
 835      7361626C 
 835      655F636F 
 836              	.LASF49:
 837 045d 52435F74 		.ascii	"RC_t\000"
 837      00
 838              	.LASF34:
 839 0462 52435F45 		.ascii	"RC_ERROR_TIME_OUT\000"
 839      52524F52 
 839      5F54494D 
 839      455F4F55 
 839      5400
 840              		.ident	"GCC: (GNU Tools for ARM Embedded Processors) 5.4.1 20160609 (release) [ARM/embedded-5-bran
