ARM GAS  C:\Users\vboxuser\AppData\Local\Temp\ccnNvVQx.s 			page 1


   1              		.syntax unified
   2              		.cpu cortex-m3
   3              		.fpu softvfp
   4              		.eabi_attribute 20, 1
   5              		.eabi_attribute 21, 1
   6              		.eabi_attribute 23, 3
   7              		.eabi_attribute 24, 1
   8              		.eabi_attribute 25, 1
   9              		.eabi_attribute 26, 1
  10              		.eabi_attribute 30, 1
  11              		.eabi_attribute 34, 1
  12              		.eabi_attribute 18, 4
  13              		.thumb
  14              		.syntax unified
  15              		.file	"sc_joystick_type.c"
  16              		.text
  17              	.Ltext0:
  18              		.cfi_sections	.debug_frame
  19              		.section	.text.SC_JOYSTICK_driverIn,"ax",%progbits
  20              		.align	2
  21              		.global	SC_JOYSTICK_driverIn
  22              		.thumb
  23              		.thumb_func
  24              		.type	SC_JOYSTICK_driverIn, %function
  25              	SC_JOYSTICK_driverIn:
  26              	.LFB114:
  27              		.file 1 "bsw\\rte\\sc_joystick_type.c"
   1:bsw\rte/sc_joystick_type.c **** /*
   2:bsw\rte/sc_joystick_type.c ****  * Filename: sc_joystick_type.c
   3:bsw\rte/sc_joystick_type.c ****  *
   4:bsw\rte/sc_joystick_type.c ****  * Author: Autogenerated by H-DA RTE Generator, (c) Prof. Fromm
   5:bsw\rte/sc_joystick_type.c ****  *
   6:bsw\rte/sc_joystick_type.c ****  * description: Joystick signal class
   7:bsw\rte/sc_joystick_type.c ****  * name: sc_joystick
   8:bsw\rte/sc_joystick_type.c ****  * shortname: joystick
   9:bsw\rte/sc_joystick_type.c ****  *
  10:bsw\rte/sc_joystick_type.c ****  */
  11:bsw\rte/sc_joystick_type.c **** 
  12:bsw\rte/sc_joystick_type.c **** #include "project.h"
  13:bsw\rte/sc_joystick_type.c **** #include "global.h"
  14:bsw\rte/sc_joystick_type.c **** #include "rte.h"
  15:bsw\rte/sc_joystick_type.c **** #include "rte_types.h"
  16:bsw\rte/sc_joystick_type.c **** #include "sc_joystick_type.h"
  17:bsw\rte/sc_joystick_type.c **** 
  18:bsw\rte/sc_joystick_type.c **** 
  19:bsw\rte/sc_joystick_type.c **** 
  20:bsw\rte/sc_joystick_type.c **** /* USER CODE START SC_JOYSTICK_INCLUDE */
  21:bsw\rte/sc_joystick_type.c **** 
  22:bsw\rte/sc_joystick_type.c **** /* USER CODE END SC_JOYSTICK_INCLUDE */
  23:bsw\rte/sc_joystick_type.c **** 
  24:bsw\rte/sc_joystick_type.c **** 
  25:bsw\rte/sc_joystick_type.c **** 
  26:bsw\rte/sc_joystick_type.c **** 
  27:bsw\rte/sc_joystick_type.c **** /* USER CODE START SC_JOYSTICK_USERDEFINITIONS */
  28:bsw\rte/sc_joystick_type.c **** 
  29:bsw\rte/sc_joystick_type.c **** /* USER CODE END SC_JOYSTICK_USERDEFINITIONS */
  30:bsw\rte/sc_joystick_type.c **** 
ARM GAS  C:\Users\vboxuser\AppData\Local\Temp\ccnNvVQx.s 			page 2


  31:bsw\rte/sc_joystick_type.c **** 
  32:bsw\rte/sc_joystick_type.c **** /*****************************************************************************************
  33:bsw\rte/sc_joystick_type.c ****  *************** Port Wrapper Implementation for SC_JOYSTICK signal  ****************
  34:bsw\rte/sc_joystick_type.c ****  *****************************************************************************************/
  35:bsw\rte/sc_joystick_type.c ****  
  36:bsw\rte/sc_joystick_type.c ****  
  37:bsw\rte/sc_joystick_type.c **** 
  38:bsw\rte/sc_joystick_type.c **** /**
  39:bsw\rte/sc_joystick_type.c ****  * Default IN driver API
  40:bsw\rte/sc_joystick_type.c ****  */
  41:bsw\rte/sc_joystick_type.c **** inline RC_t SC_JOYSTICK_driverIn(SC_JOYSTICK_data_t *const data)
  42:bsw\rte/sc_joystick_type.c **** {
  28              		.loc 1 42 0
  29              		.cfi_startproc
  30              		@ args = 0, pretend = 0, frame = 8
  31              		@ frame_needed = 0, uses_anonymous_args = 0
  32              	.LVL0:
  33 0000 10B5     		push	{r4, lr}
  34              		.cfi_def_cfa_offset 8
  35              		.cfi_offset 4, -8
  36              		.cfi_offset 14, -4
  37 0002 82B0     		sub	sp, sp, #8
  38              		.cfi_def_cfa_offset 16
  39 0004 0446     		mov	r4, r0
  43:bsw\rte/sc_joystick_type.c **** 	/* USER CODE START driverInSC_JOYSTICK */
  44:bsw\rte/sc_joystick_type.c ****     sint8_t xHorizontal;
  45:bsw\rte/sc_joystick_type.c ****     sint8_t yVertical;
  46:bsw\rte/sc_joystick_type.c **** 
  47:bsw\rte/sc_joystick_type.c ****     
  48:bsw\rte/sc_joystick_type.c **** 	//Read data from the MCAL driver
  49:bsw\rte/sc_joystick_type.c ****     RC_t result = JOYSTICK_ReadPosition(&xHorizontal, &yVertical);
  40              		.loc 1 49 0
  41 0006 0DF10601 		add	r1, sp, #6
  42 000a 0DF10700 		add	r0, sp, #7
  43              	.LVL1:
  44 000e FFF7FEFF 		bl	JOYSTICK_ReadPosition
  45              	.LVL2:
  50:bsw\rte/sc_joystick_type.c **** 
  51:bsw\rte/sc_joystick_type.c **** 	//Scale it to the application type
  52:bsw\rte/sc_joystick_type.c ****     data->xPos  = xHorizontal;
  46              		.loc 1 52 0
  47 0012 9DF90730 		ldrsb	r3, [sp, #7]
  48 0016 2370     		strb	r3, [r4]
  53:bsw\rte/sc_joystick_type.c ****     
  54:bsw\rte/sc_joystick_type.c ****     //LOG_I("Xposition","%d",xHorizontal);
  55:bsw\rte/sc_joystick_type.c ****     
  56:bsw\rte/sc_joystick_type.c ****     data-> yPos = yVertical;
  49              		.loc 1 56 0
  50 0018 9DF80630 		ldrb	r3, [sp, #6]	@ zero_extendqisi2
  51 001c 6370     		strb	r3, [r4, #1]
  57:bsw\rte/sc_joystick_type.c **** 	return result;
  58:bsw\rte/sc_joystick_type.c **** 	/* USER CODE END driverInSC_JOYSTICK */
  59:bsw\rte/sc_joystick_type.c **** }
  52              		.loc 1 59 0
  53 001e 02B0     		add	sp, sp, #8
  54              		.cfi_def_cfa_offset 8
  55              		@ sp needed
ARM GAS  C:\Users\vboxuser\AppData\Local\Temp\ccnNvVQx.s 			page 3


  56 0020 10BD     		pop	{r4, pc}
  57              		.cfi_endproc
  58              	.LFE114:
  59              		.size	SC_JOYSTICK_driverIn, .-SC_JOYSTICK_driverIn
  60 0022 00BF     		.text
  61              	.Letext0:
  62              		.file 2 "c:\\program files (x86)\\cypress\\psoc creator\\4.4\\psoc creator\\import\\gnu\\arm\\5.4.
  63              		.file 3 "c:\\program files (x86)\\cypress\\psoc creator\\4.4\\psoc creator\\import\\gnu\\arm\\5.4.
  64              		.file 4 "Generated_Source\\PSoC5/ErikaOS_1_common_ee_types.inc"
  65              		.file 5 "Generated_Source\\PSoC5/ErikaOS_1_cortex_mx_ee_cpu.inc"
  66              		.file 6 ".\\bsw/global.h"
  67              		.file 7 "bsw\\rte\\sc_joystick_type.h"
  68              		.file 8 "Generated_Source\\PSoC5/ErikaOS_1_ee_oo_intfunc.inc"
  69              		.file 9 "Generated_Source\\PSoC5/ErikaOS_1_cortex_mx_ee_context.inc"
  70              		.file 10 "Generated_Source\\PSoC5/ErikaOS_1_common_ee_primitives.inc"
  71              		.file 11 "Generated_Source\\PSoC5/core_cm3.h"
  72              		.file 12 ".\\bsw\\LabBoard/joystick.h"
  73              		.section	.debug_info,"",%progbits
  74              	.Ldebug_info0:
  75 0000 89020000 		.4byte	0x289
  76 0004 0400     		.2byte	0x4
  77 0006 00000000 		.4byte	.Ldebug_abbrev0
  78 000a 04       		.byte	0x4
  79 000b 01       		.uleb128 0x1
  80 000c DD020000 		.4byte	.LASF61
  81 0010 0C       		.byte	0xc
  82 0011 BB000000 		.4byte	.LASF62
  83 0015 52000000 		.4byte	.LASF63
  84 0019 00000000 		.4byte	.Ldebug_ranges0+0
  85 001d 00000000 		.4byte	0
  86 0021 00000000 		.4byte	.Ldebug_line0
  87 0025 02       		.uleb128 0x2
  88 0026 01       		.byte	0x1
  89 0027 06       		.byte	0x6
  90 0028 5F020000 		.4byte	.LASF0
  91 002c 02       		.uleb128 0x2
  92 002d 01       		.byte	0x1
  93 002e 08       		.byte	0x8
  94 002f 3E020000 		.4byte	.LASF1
  95 0033 02       		.uleb128 0x2
  96 0034 02       		.byte	0x2
  97 0035 05       		.byte	0x5
  98 0036 97000000 		.4byte	.LASF2
  99 003a 02       		.uleb128 0x2
 100 003b 02       		.byte	0x2
 101 003c 07       		.byte	0x7
 102 003d CA020000 		.4byte	.LASF3
 103 0041 03       		.uleb128 0x3
 104 0042 FC030000 		.4byte	.LASF9
 105 0046 02       		.byte	0x2
 106 0047 3F       		.byte	0x3f
 107 0048 4C000000 		.4byte	0x4c
 108 004c 02       		.uleb128 0x2
 109 004d 04       		.byte	0x4
 110 004e 05       		.byte	0x5
 111 004f D1010000 		.4byte	.LASF4
 112 0053 02       		.uleb128 0x2
ARM GAS  C:\Users\vboxuser\AppData\Local\Temp\ccnNvVQx.s 			page 4


 113 0054 04       		.byte	0x4
 114 0055 07       		.byte	0x7
 115 0056 B8030000 		.4byte	.LASF5
 116 005a 02       		.uleb128 0x2
 117 005b 08       		.byte	0x8
 118 005c 05       		.byte	0x5
 119 005d 92010000 		.4byte	.LASF6
 120 0061 02       		.uleb128 0x2
 121 0062 08       		.byte	0x8
 122 0063 07       		.byte	0x7
 123 0064 6B020000 		.4byte	.LASF7
 124 0068 04       		.uleb128 0x4
 125 0069 04       		.byte	0x4
 126 006a 05       		.byte	0x5
 127 006b 696E7400 		.ascii	"int\000"
 128 006f 02       		.uleb128 0x2
 129 0070 04       		.byte	0x4
 130 0071 07       		.byte	0x7
 131 0072 82020000 		.4byte	.LASF8
 132 0076 03       		.uleb128 0x3
 133 0077 85030000 		.4byte	.LASF10
 134 007b 03       		.byte	0x3
 135 007c 2C       		.byte	0x2c
 136 007d 41000000 		.4byte	0x41
 137 0081 02       		.uleb128 0x2
 138 0082 04       		.byte	0x4
 139 0083 04       		.byte	0x4
 140 0084 73010000 		.4byte	.LASF11
 141 0088 02       		.uleb128 0x2
 142 0089 08       		.byte	0x8
 143 008a 04       		.byte	0x4
 144 008b CA030000 		.4byte	.LASF12
 145 008f 02       		.uleb128 0x2
 146 0090 01       		.byte	0x1
 147 0091 08       		.byte	0x8
 148 0092 6B030000 		.4byte	.LASF13
 149 0096 02       		.uleb128 0x2
 150 0097 08       		.byte	0x8
 151 0098 04       		.byte	0x4
 152 0099 32020000 		.4byte	.LASF14
 153 009d 03       		.uleb128 0x3
 154 009e C1020000 		.4byte	.LASF15
 155 00a2 04       		.byte	0x4
 156 00a3 53       		.byte	0x53
 157 00a4 68000000 		.4byte	0x68
 158 00a8 03       		.uleb128 0x3
 159 00a9 0C010000 		.4byte	.LASF16
 160 00ad 04       		.byte	0x4
 161 00ae 54       		.byte	0x54
 162 00af 6F000000 		.4byte	0x6f
 163 00b3 03       		.uleb128 0x3
 164 00b4 E3030000 		.4byte	.LASF17
 165 00b8 05       		.byte	0x5
 166 00b9 4D       		.byte	0x4d
 167 00ba A8000000 		.4byte	0xa8
 168 00be 03       		.uleb128 0x3
 169 00bf F0000000 		.4byte	.LASF18
ARM GAS  C:\Users\vboxuser\AppData\Local\Temp\ccnNvVQx.s 			page 5


 170 00c3 05       		.byte	0x5
 171 00c4 4F       		.byte	0x4f
 172 00c5 A8000000 		.4byte	0xa8
 173 00c9 03       		.uleb128 0x3
 174 00ca 16010000 		.4byte	.LASF19
 175 00ce 05       		.byte	0x5
 176 00cf 78       		.byte	0x78
 177 00d0 9D000000 		.4byte	0x9d
 178 00d4 02       		.uleb128 0x2
 179 00d5 04       		.byte	0x4
 180 00d6 07       		.byte	0x7
 181 00d7 06040000 		.4byte	.LASF20
 182 00db 03       		.uleb128 0x3
 183 00dc 7A040000 		.4byte	.LASF21
 184 00e0 06       		.byte	0x6
 185 00e1 90       		.byte	0x90
 186 00e2 25000000 		.4byte	0x25
 187 00e6 05       		.uleb128 0x5
 188 00e7 01       		.byte	0x1
 189 00e8 25000000 		.4byte	0x25
 190 00ec 06       		.byte	0x6
 191 00ed CF       		.byte	0xcf
 192 00ee 8F010000 		.4byte	0x18f
 193 00f2 06       		.uleb128 0x6
 194 00f3 33000000 		.4byte	.LASF22
 195 00f7 00       		.byte	0
 196 00f8 07       		.uleb128 0x7
 197 00f9 2E040000 		.4byte	.LASF23
 198 00fd 7F       		.sleb128 -1
 199 00fe 07       		.uleb128 0x7
 200 00ff 9D020000 		.4byte	.LASF24
 201 0103 7E       		.sleb128 -2
 202 0104 07       		.uleb128 0x7
 203 0105 E2000000 		.4byte	.LASF25
 204 0109 7D       		.sleb128 -3
 205 010a 07       		.uleb128 0x7
 206 010b 4D040000 		.4byte	.LASF26
 207 010f 7C       		.sleb128 -4
 208 0110 07       		.uleb128 0x7
 209 0111 64010000 		.4byte	.LASF27
 210 0115 7B       		.sleb128 -5
 211 0116 07       		.uleb128 0x7
 212 0117 EB030000 		.4byte	.LASF28
 213 011b 7A       		.sleb128 -6
 214 011c 07       		.uleb128 0x7
 215 011d DA010000 		.4byte	.LASF29
 216 0121 79       		.sleb128 -7
 217 0122 07       		.uleb128 0x7
 218 0123 70030000 		.4byte	.LASF30
 219 0127 78       		.sleb128 -8
 220 0128 07       		.uleb128 0x7
 221 0129 AB020000 		.4byte	.LASF31
 222 012d 77       		.sleb128 -9
 223 012e 07       		.uleb128 0x7
 224 012f EC010000 		.4byte	.LASF32
 225 0133 76       		.sleb128 -10
 226 0134 07       		.uleb128 0x7
ARM GAS  C:\Users\vboxuser\AppData\Local\Temp\ccnNvVQx.s 			page 6


 227 0135 82040000 		.4byte	.LASF33
 228 0139 75       		.sleb128 -11
 229 013a 07       		.uleb128 0x7
 230 013b 8F020000 		.4byte	.LASF34
 231 013f 74       		.sleb128 -12
 232 0140 07       		.uleb128 0x7
 233 0141 D1030000 		.4byte	.LASF35
 234 0145 73       		.sleb128 -13
 235 0146 07       		.uleb128 0x7
 236 0147 20000000 		.4byte	.LASF36
 237 014b 72       		.sleb128 -14
 238 014c 07       		.uleb128 0x7
 239 014d 3E000000 		.4byte	.LASF37
 240 0151 71       		.sleb128 -15
 241 0152 07       		.uleb128 0x7
 242 0153 FA010000 		.4byte	.LASF38
 243 0157 70       		.sleb128 -16
 244 0158 07       		.uleb128 0x7
 245 0159 F8000000 		.4byte	.LASF39
 246 015d 6F       		.sleb128 -17
 247 015e 07       		.uleb128 0x7
 248 015f A6000000 		.4byte	.LASF40
 249 0163 6E       		.sleb128 -18
 250 0164 07       		.uleb128 0x7
 251 0165 B9010000 		.4byte	.LASF41
 252 0169 6D       		.sleb128 -19
 253 016a 07       		.uleb128 0x7
 254 016b 8D030000 		.4byte	.LASF42
 255 016f 6C       		.sleb128 -20
 256 0170 07       		.uleb128 0x7
 257 0171 0B020000 		.4byte	.LASF43
 258 0175 6B       		.sleb128 -21
 259 0176 07       		.uleb128 0x7
 260 0177 0F040000 		.4byte	.LASF44
 261 017b 6A       		.sleb128 -22
 262 017c 07       		.uleb128 0x7
 263 017d 1D010000 		.4byte	.LASF45
 264 0181 69       		.sleb128 -23
 265 0182 07       		.uleb128 0x7
 266 0183 49010000 		.4byte	.LASF46
 267 0187 68       		.sleb128 -24
 268 0188 07       		.uleb128 0x7
 269 0189 79010000 		.4byte	.LASF47
 270 018d 67       		.sleb128 -25
 271 018e 00       		.byte	0
 272 018f 03       		.uleb128 0x3
 273 0190 75040000 		.4byte	.LASF48
 274 0194 06       		.byte	0x6
 275 0195 EA       		.byte	0xea
 276 0196 E6000000 		.4byte	0xe6
 277 019a 08       		.uleb128 0x8
 278 019b 02       		.byte	0x2
 279 019c 07       		.byte	0x7
 280 019d 22       		.byte	0x22
 281 019e BB010000 		.4byte	0x1bb
 282 01a2 09       		.uleb128 0x9
 283 01a3 A1000000 		.4byte	.LASF49
ARM GAS  C:\Users\vboxuser\AppData\Local\Temp\ccnNvVQx.s 			page 7


 284 01a7 07       		.byte	0x7
 285 01a8 24       		.byte	0x24
 286 01a9 DB000000 		.4byte	0xdb
 287 01ad 00       		.byte	0
 288 01ae 09       		.uleb128 0x9
 289 01af CC010000 		.4byte	.LASF50
 290 01b3 07       		.byte	0x7
 291 01b4 25       		.byte	0x25
 292 01b5 DB000000 		.4byte	0xdb
 293 01b9 01       		.byte	0x1
 294 01ba 00       		.byte	0
 295 01bb 03       		.uleb128 0x3
 296 01bc 4C020000 		.4byte	.LASF51
 297 01c0 07       		.byte	0x7
 298 01c1 28       		.byte	0x28
 299 01c2 9A010000 		.4byte	0x19a
 300 01c6 0A       		.uleb128 0xa
 301 01c7 1D020000 		.4byte	.LASF64
 302 01cb 01       		.byte	0x1
 303 01cc 29       		.byte	0x29
 304 01cd 8F010000 		.4byte	0x18f
 305 01d1 00000000 		.4byte	.LFB114
 306 01d5 22000000 		.4byte	.LFE114-.LFB114
 307 01d9 01       		.uleb128 0x1
 308 01da 9C       		.byte	0x9c
 309 01db 2E020000 		.4byte	0x22e
 310 01df 0B       		.uleb128 0xb
 311 01e0 A0030000 		.4byte	.LASF65
 312 01e4 01       		.byte	0x1
 313 01e5 29       		.byte	0x29
 314 01e6 34020000 		.4byte	0x234
 315 01ea 00000000 		.4byte	.LLST0
 316 01ee 0C       		.uleb128 0xc
 317 01ef D6000000 		.4byte	.LASF52
 318 01f3 01       		.byte	0x1
 319 01f4 2C       		.byte	0x2c
 320 01f5 DB000000 		.4byte	0xdb
 321 01f9 02       		.uleb128 0x2
 322 01fa 91       		.byte	0x91
 323 01fb 77       		.sleb128 -9
 324 01fc 0C       		.uleb128 0xc
 325 01fd 5A010000 		.4byte	.LASF53
 326 0201 01       		.byte	0x1
 327 0202 2D       		.byte	0x2d
 328 0203 DB000000 		.4byte	0xdb
 329 0207 02       		.uleb128 0x2
 330 0208 91       		.byte	0x91
 331 0209 76       		.sleb128 -10
 332 020a 0C       		.uleb128 0xc
 333 020b 19000000 		.4byte	.LASF54
 334 020f 01       		.byte	0x1
 335 0210 31       		.byte	0x31
 336 0211 8F010000 		.4byte	0x18f
 337 0215 01       		.uleb128 0x1
 338 0216 50       		.byte	0x50
 339 0217 0D       		.uleb128 0xd
 340 0218 12000000 		.4byte	.LVL2
ARM GAS  C:\Users\vboxuser\AppData\Local\Temp\ccnNvVQx.s 			page 8


 341 021c 81020000 		.4byte	0x281
 342 0220 0E       		.uleb128 0xe
 343 0221 01       		.uleb128 0x1
 344 0222 50       		.byte	0x50
 345 0223 02       		.uleb128 0x2
 346 0224 91       		.byte	0x91
 347 0225 77       		.sleb128 -9
 348 0226 0E       		.uleb128 0xe
 349 0227 01       		.uleb128 0x1
 350 0228 51       		.byte	0x51
 351 0229 02       		.uleb128 0x2
 352 022a 91       		.byte	0x91
 353 022b 76       		.sleb128 -10
 354 022c 00       		.byte	0
 355 022d 00       		.byte	0
 356 022e 0F       		.uleb128 0xf
 357 022f 04       		.byte	0x4
 358 0230 BB010000 		.4byte	0x1bb
 359 0234 10       		.uleb128 0x10
 360 0235 2E020000 		.4byte	0x22e
 361 0239 11       		.uleb128 0x11
 362 023a 5D040000 		.4byte	.LASF55
 363 023e 08       		.byte	0x8
 364 023f 40       		.byte	0x40
 365 0240 B3000000 		.4byte	0xb3
 366 0244 11       		.uleb128 0x11
 367 0245 A0010000 		.4byte	.LASF56
 368 0249 08       		.byte	0x8
 369 024a 47       		.byte	0x47
 370 024b BE000000 		.4byte	0xbe
 371 024f 11       		.uleb128 0x11
 372 0250 A5030000 		.4byte	.LASF57
 373 0254 08       		.byte	0x8
 374 0255 4A       		.byte	0x4a
 375 0256 B3000000 		.4byte	0xb3
 376 025a 11       		.uleb128 0x11
 377 025b 00000000 		.4byte	.LASF58
 378 025f 09       		.byte	0x9
 379 0260 48       		.byte	0x48
 380 0261 C9000000 		.4byte	0xc9
 381 0265 11       		.uleb128 0x11
 382 0266 34010000 		.4byte	.LASF59
 383 026a 0A       		.byte	0xa
 384 026b 44       		.byte	0x44
 385 026c B3000000 		.4byte	0xb3
 386 0270 12       		.uleb128 0x12
 387 0271 21040000 		.4byte	.LASF60
 388 0275 0B       		.byte	0xb
 389 0276 1207     		.2byte	0x712
 390 0278 7C020000 		.4byte	0x27c
 391 027c 13       		.uleb128 0x13
 392 027d 76000000 		.4byte	0x76
 393 0281 14       		.uleb128 0x14
 394 0282 37040000 		.4byte	.LASF66
 395 0286 37040000 		.4byte	.LASF66
 396 028a 0C       		.byte	0xc
 397 028b 79       		.byte	0x79
ARM GAS  C:\Users\vboxuser\AppData\Local\Temp\ccnNvVQx.s 			page 9


 398 028c 00       		.byte	0
 399              		.section	.debug_abbrev,"",%progbits
 400              	.Ldebug_abbrev0:
 401 0000 01       		.uleb128 0x1
 402 0001 11       		.uleb128 0x11
 403 0002 01       		.byte	0x1
 404 0003 25       		.uleb128 0x25
 405 0004 0E       		.uleb128 0xe
 406 0005 13       		.uleb128 0x13
 407 0006 0B       		.uleb128 0xb
 408 0007 03       		.uleb128 0x3
 409 0008 0E       		.uleb128 0xe
 410 0009 1B       		.uleb128 0x1b
 411 000a 0E       		.uleb128 0xe
 412 000b 55       		.uleb128 0x55
 413 000c 17       		.uleb128 0x17
 414 000d 11       		.uleb128 0x11
 415 000e 01       		.uleb128 0x1
 416 000f 10       		.uleb128 0x10
 417 0010 17       		.uleb128 0x17
 418 0011 00       		.byte	0
 419 0012 00       		.byte	0
 420 0013 02       		.uleb128 0x2
 421 0014 24       		.uleb128 0x24
 422 0015 00       		.byte	0
 423 0016 0B       		.uleb128 0xb
 424 0017 0B       		.uleb128 0xb
 425 0018 3E       		.uleb128 0x3e
 426 0019 0B       		.uleb128 0xb
 427 001a 03       		.uleb128 0x3
 428 001b 0E       		.uleb128 0xe
 429 001c 00       		.byte	0
 430 001d 00       		.byte	0
 431 001e 03       		.uleb128 0x3
 432 001f 16       		.uleb128 0x16
 433 0020 00       		.byte	0
 434 0021 03       		.uleb128 0x3
 435 0022 0E       		.uleb128 0xe
 436 0023 3A       		.uleb128 0x3a
 437 0024 0B       		.uleb128 0xb
 438 0025 3B       		.uleb128 0x3b
 439 0026 0B       		.uleb128 0xb
 440 0027 49       		.uleb128 0x49
 441 0028 13       		.uleb128 0x13
 442 0029 00       		.byte	0
 443 002a 00       		.byte	0
 444 002b 04       		.uleb128 0x4
 445 002c 24       		.uleb128 0x24
 446 002d 00       		.byte	0
 447 002e 0B       		.uleb128 0xb
 448 002f 0B       		.uleb128 0xb
 449 0030 3E       		.uleb128 0x3e
 450 0031 0B       		.uleb128 0xb
 451 0032 03       		.uleb128 0x3
 452 0033 08       		.uleb128 0x8
 453 0034 00       		.byte	0
 454 0035 00       		.byte	0
ARM GAS  C:\Users\vboxuser\AppData\Local\Temp\ccnNvVQx.s 			page 10


 455 0036 05       		.uleb128 0x5
 456 0037 04       		.uleb128 0x4
 457 0038 01       		.byte	0x1
 458 0039 0B       		.uleb128 0xb
 459 003a 0B       		.uleb128 0xb
 460 003b 49       		.uleb128 0x49
 461 003c 13       		.uleb128 0x13
 462 003d 3A       		.uleb128 0x3a
 463 003e 0B       		.uleb128 0xb
 464 003f 3B       		.uleb128 0x3b
 465 0040 0B       		.uleb128 0xb
 466 0041 01       		.uleb128 0x1
 467 0042 13       		.uleb128 0x13
 468 0043 00       		.byte	0
 469 0044 00       		.byte	0
 470 0045 06       		.uleb128 0x6
 471 0046 28       		.uleb128 0x28
 472 0047 00       		.byte	0
 473 0048 03       		.uleb128 0x3
 474 0049 0E       		.uleb128 0xe
 475 004a 1C       		.uleb128 0x1c
 476 004b 0B       		.uleb128 0xb
 477 004c 00       		.byte	0
 478 004d 00       		.byte	0
 479 004e 07       		.uleb128 0x7
 480 004f 28       		.uleb128 0x28
 481 0050 00       		.byte	0
 482 0051 03       		.uleb128 0x3
 483 0052 0E       		.uleb128 0xe
 484 0053 1C       		.uleb128 0x1c
 485 0054 0D       		.uleb128 0xd
 486 0055 00       		.byte	0
 487 0056 00       		.byte	0
 488 0057 08       		.uleb128 0x8
 489 0058 13       		.uleb128 0x13
 490 0059 01       		.byte	0x1
 491 005a 0B       		.uleb128 0xb
 492 005b 0B       		.uleb128 0xb
 493 005c 3A       		.uleb128 0x3a
 494 005d 0B       		.uleb128 0xb
 495 005e 3B       		.uleb128 0x3b
 496 005f 0B       		.uleb128 0xb
 497 0060 01       		.uleb128 0x1
 498 0061 13       		.uleb128 0x13
 499 0062 00       		.byte	0
 500 0063 00       		.byte	0
 501 0064 09       		.uleb128 0x9
 502 0065 0D       		.uleb128 0xd
 503 0066 00       		.byte	0
 504 0067 03       		.uleb128 0x3
 505 0068 0E       		.uleb128 0xe
 506 0069 3A       		.uleb128 0x3a
 507 006a 0B       		.uleb128 0xb
 508 006b 3B       		.uleb128 0x3b
 509 006c 0B       		.uleb128 0xb
 510 006d 49       		.uleb128 0x49
 511 006e 13       		.uleb128 0x13
ARM GAS  C:\Users\vboxuser\AppData\Local\Temp\ccnNvVQx.s 			page 11


 512 006f 38       		.uleb128 0x38
 513 0070 0B       		.uleb128 0xb
 514 0071 00       		.byte	0
 515 0072 00       		.byte	0
 516 0073 0A       		.uleb128 0xa
 517 0074 2E       		.uleb128 0x2e
 518 0075 01       		.byte	0x1
 519 0076 3F       		.uleb128 0x3f
 520 0077 19       		.uleb128 0x19
 521 0078 03       		.uleb128 0x3
 522 0079 0E       		.uleb128 0xe
 523 007a 3A       		.uleb128 0x3a
 524 007b 0B       		.uleb128 0xb
 525 007c 3B       		.uleb128 0x3b
 526 007d 0B       		.uleb128 0xb
 527 007e 27       		.uleb128 0x27
 528 007f 19       		.uleb128 0x19
 529 0080 49       		.uleb128 0x49
 530 0081 13       		.uleb128 0x13
 531 0082 11       		.uleb128 0x11
 532 0083 01       		.uleb128 0x1
 533 0084 12       		.uleb128 0x12
 534 0085 06       		.uleb128 0x6
 535 0086 40       		.uleb128 0x40
 536 0087 18       		.uleb128 0x18
 537 0088 9742     		.uleb128 0x2117
 538 008a 19       		.uleb128 0x19
 539 008b 01       		.uleb128 0x1
 540 008c 13       		.uleb128 0x13
 541 008d 00       		.byte	0
 542 008e 00       		.byte	0
 543 008f 0B       		.uleb128 0xb
 544 0090 05       		.uleb128 0x5
 545 0091 00       		.byte	0
 546 0092 03       		.uleb128 0x3
 547 0093 0E       		.uleb128 0xe
 548 0094 3A       		.uleb128 0x3a
 549 0095 0B       		.uleb128 0xb
 550 0096 3B       		.uleb128 0x3b
 551 0097 0B       		.uleb128 0xb
 552 0098 49       		.uleb128 0x49
 553 0099 13       		.uleb128 0x13
 554 009a 02       		.uleb128 0x2
 555 009b 17       		.uleb128 0x17
 556 009c 00       		.byte	0
 557 009d 00       		.byte	0
 558 009e 0C       		.uleb128 0xc
 559 009f 34       		.uleb128 0x34
 560 00a0 00       		.byte	0
 561 00a1 03       		.uleb128 0x3
 562 00a2 0E       		.uleb128 0xe
 563 00a3 3A       		.uleb128 0x3a
 564 00a4 0B       		.uleb128 0xb
 565 00a5 3B       		.uleb128 0x3b
 566 00a6 0B       		.uleb128 0xb
 567 00a7 49       		.uleb128 0x49
 568 00a8 13       		.uleb128 0x13
ARM GAS  C:\Users\vboxuser\AppData\Local\Temp\ccnNvVQx.s 			page 12


 569 00a9 02       		.uleb128 0x2
 570 00aa 18       		.uleb128 0x18
 571 00ab 00       		.byte	0
 572 00ac 00       		.byte	0
 573 00ad 0D       		.uleb128 0xd
 574 00ae 898201   		.uleb128 0x4109
 575 00b1 01       		.byte	0x1
 576 00b2 11       		.uleb128 0x11
 577 00b3 01       		.uleb128 0x1
 578 00b4 31       		.uleb128 0x31
 579 00b5 13       		.uleb128 0x13
 580 00b6 00       		.byte	0
 581 00b7 00       		.byte	0
 582 00b8 0E       		.uleb128 0xe
 583 00b9 8A8201   		.uleb128 0x410a
 584 00bc 00       		.byte	0
 585 00bd 02       		.uleb128 0x2
 586 00be 18       		.uleb128 0x18
 587 00bf 9142     		.uleb128 0x2111
 588 00c1 18       		.uleb128 0x18
 589 00c2 00       		.byte	0
 590 00c3 00       		.byte	0
 591 00c4 0F       		.uleb128 0xf
 592 00c5 0F       		.uleb128 0xf
 593 00c6 00       		.byte	0
 594 00c7 0B       		.uleb128 0xb
 595 00c8 0B       		.uleb128 0xb
 596 00c9 49       		.uleb128 0x49
 597 00ca 13       		.uleb128 0x13
 598 00cb 00       		.byte	0
 599 00cc 00       		.byte	0
 600 00cd 10       		.uleb128 0x10
 601 00ce 26       		.uleb128 0x26
 602 00cf 00       		.byte	0
 603 00d0 49       		.uleb128 0x49
 604 00d1 13       		.uleb128 0x13
 605 00d2 00       		.byte	0
 606 00d3 00       		.byte	0
 607 00d4 11       		.uleb128 0x11
 608 00d5 34       		.uleb128 0x34
 609 00d6 00       		.byte	0
 610 00d7 03       		.uleb128 0x3
 611 00d8 0E       		.uleb128 0xe
 612 00d9 3A       		.uleb128 0x3a
 613 00da 0B       		.uleb128 0xb
 614 00db 3B       		.uleb128 0x3b
 615 00dc 0B       		.uleb128 0xb
 616 00dd 49       		.uleb128 0x49
 617 00de 13       		.uleb128 0x13
 618 00df 3F       		.uleb128 0x3f
 619 00e0 19       		.uleb128 0x19
 620 00e1 3C       		.uleb128 0x3c
 621 00e2 19       		.uleb128 0x19
 622 00e3 00       		.byte	0
 623 00e4 00       		.byte	0
 624 00e5 12       		.uleb128 0x12
 625 00e6 34       		.uleb128 0x34
ARM GAS  C:\Users\vboxuser\AppData\Local\Temp\ccnNvVQx.s 			page 13


 626 00e7 00       		.byte	0
 627 00e8 03       		.uleb128 0x3
 628 00e9 0E       		.uleb128 0xe
 629 00ea 3A       		.uleb128 0x3a
 630 00eb 0B       		.uleb128 0xb
 631 00ec 3B       		.uleb128 0x3b
 632 00ed 05       		.uleb128 0x5
 633 00ee 49       		.uleb128 0x49
 634 00ef 13       		.uleb128 0x13
 635 00f0 3F       		.uleb128 0x3f
 636 00f1 19       		.uleb128 0x19
 637 00f2 3C       		.uleb128 0x3c
 638 00f3 19       		.uleb128 0x19
 639 00f4 00       		.byte	0
 640 00f5 00       		.byte	0
 641 00f6 13       		.uleb128 0x13
 642 00f7 35       		.uleb128 0x35
 643 00f8 00       		.byte	0
 644 00f9 49       		.uleb128 0x49
 645 00fa 13       		.uleb128 0x13
 646 00fb 00       		.byte	0
 647 00fc 00       		.byte	0
 648 00fd 14       		.uleb128 0x14
 649 00fe 2E       		.uleb128 0x2e
 650 00ff 00       		.byte	0
 651 0100 3F       		.uleb128 0x3f
 652 0101 19       		.uleb128 0x19
 653 0102 3C       		.uleb128 0x3c
 654 0103 19       		.uleb128 0x19
 655 0104 6E       		.uleb128 0x6e
 656 0105 0E       		.uleb128 0xe
 657 0106 03       		.uleb128 0x3
 658 0107 0E       		.uleb128 0xe
 659 0108 3A       		.uleb128 0x3a
 660 0109 0B       		.uleb128 0xb
 661 010a 3B       		.uleb128 0x3b
 662 010b 0B       		.uleb128 0xb
 663 010c 00       		.byte	0
 664 010d 00       		.byte	0
 665 010e 00       		.byte	0
 666              		.section	.debug_loc,"",%progbits
 667              	.Ldebug_loc0:
 668              	.LLST0:
 669 0000 00000000 		.4byte	.LVL0
 670 0004 0E000000 		.4byte	.LVL1
 671 0008 0100     		.2byte	0x1
 672 000a 50       		.byte	0x50
 673 000b 0E000000 		.4byte	.LVL1
 674 000f 22000000 		.4byte	.LFE114
 675 0013 0100     		.2byte	0x1
 676 0015 54       		.byte	0x54
 677 0016 00000000 		.4byte	0
 678 001a 00000000 		.4byte	0
 679              		.section	.debug_aranges,"",%progbits
 680 0000 1C000000 		.4byte	0x1c
 681 0004 0200     		.2byte	0x2
 682 0006 00000000 		.4byte	.Ldebug_info0
ARM GAS  C:\Users\vboxuser\AppData\Local\Temp\ccnNvVQx.s 			page 14


 683 000a 04       		.byte	0x4
 684 000b 00       		.byte	0
 685 000c 0000     		.2byte	0
 686 000e 0000     		.2byte	0
 687 0010 00000000 		.4byte	.LFB114
 688 0014 22000000 		.4byte	.LFE114-.LFB114
 689 0018 00000000 		.4byte	0
 690 001c 00000000 		.4byte	0
 691              		.section	.debug_ranges,"",%progbits
 692              	.Ldebug_ranges0:
 693 0000 00000000 		.4byte	.LFB114
 694 0004 22000000 		.4byte	.LFE114
 695 0008 00000000 		.4byte	0
 696 000c 00000000 		.4byte	0
 697              		.section	.debug_line,"",%progbits
 698              	.Ldebug_line0:
 699 0000 5F020000 		.section	.debug_str,"MS",%progbits,1
 699      02004602 
 699      00000201 
 699      FB0E0D00 
 699      01010101 
 700              	.LASF58:
 701 0000 45455F73 		.ascii	"EE_std_endcycle_next_tid\000"
 701      74645F65 
 701      6E646379 
 701      636C655F 
 701      6E657874 
 702              	.LASF54:
 703 0019 72657375 		.ascii	"result\000"
 703      6C7400
 704              	.LASF36:
 705 0020 52435F45 		.ascii	"RC_ERROR_READ_ONLY\000"
 705      52524F52 
 705      5F524541 
 705      445F4F4E 
 705      4C5900
 706              	.LASF22:
 707 0033 52435F53 		.ascii	"RC_SUCCESS\000"
 707      55434345 
 707      535300
 708              	.LASF37:
 709 003e 52435F45 		.ascii	"RC_ERROR_WRITE_ONLY\000"
 709      52524F52 
 709      5F575249 
 709      54455F4F 
 709      4E4C5900 
 710              	.LASF63:
 711 0052 433A5C55 		.ascii	"C:\\Users\\vboxuser\\Documents\\GitHub\\EAA_GasPeda"
 711      73657273 
 711      5C76626F 
 711      78757365 
 711      725C446F 
 712 0080 6C5C4C61 		.ascii	"l\\Lab 1\\GasPedal.cydsn\000"
 712      6220315C 
 712      47617350 
 712      6564616C 
 712      2E637964 
ARM GAS  C:\Users\vboxuser\AppData\Local\Temp\ccnNvVQx.s 			page 15


 713              	.LASF2:
 714 0097 73686F72 		.ascii	"short int\000"
 714      7420696E 
 714      7400
 715              	.LASF49:
 716 00a1 78506F73 		.ascii	"xPos\000"
 716      00
 717              	.LASF40:
 718 00a6 52435F45 		.ascii	"RC_ERROR_WRITE_FAILS\000"
 718      52524F52 
 718      5F575249 
 718      54455F46 
 718      41494C53 
 719              	.LASF62:
 720 00bb 6273775C 		.ascii	"bsw\\rte\\sc_joystick_type.c\000"
 720      7274655C 
 720      73635F6A 
 720      6F797374 
 720      69636B5F 
 721              	.LASF52:
 722 00d6 78486F72 		.ascii	"xHorizontal\000"
 722      697A6F6E 
 722      74616C00 
 723              	.LASF25:
 724 00e2 52435F45 		.ascii	"RC_ERROR_ZERO\000"
 724      52524F52 
 724      5F5A4552 
 724      4F00
 725              	.LASF18:
 726 00f0 45455F46 		.ascii	"EE_FREG\000"
 726      52454700 
 727              	.LASF39:
 728 00f8 52435F45 		.ascii	"RC_ERROR_READ_FAILS\000"
 728      52524F52 
 728      5F524541 
 728      445F4641 
 728      494C5300 
 729              	.LASF16:
 730 010c 45455F55 		.ascii	"EE_UINT32\000"
 730      494E5433 
 730      3200
 731              	.LASF19:
 732 0116 45455F54 		.ascii	"EE_TID\000"
 732      494400
 733              	.LASF45:
 734 011d 52435F45 		.ascii	"RC_ERROR_INVALID_STATE\000"
 734      52524F52 
 734      5F494E56 
 734      414C4944 
 734      5F535441 
 735              	.LASF59:
 736 0134 45455F49 		.ascii	"EE_IRQ_nesting_level\000"
 736      52515F6E 
 736      65737469 
 736      6E675F6C 
 736      6576656C 
 737              	.LASF46:
ARM GAS  C:\Users\vboxuser\AppData\Local\Temp\ccnNvVQx.s 			page 16


 738 0149 52435F45 		.ascii	"RC_ERROR_UNKNOWN\000"
 738      52524F52 
 738      5F554E4B 
 738      4E4F574E 
 738      00
 739              	.LASF53:
 740 015a 79566572 		.ascii	"yVertical\000"
 740      74696361 
 740      6C00
 741              	.LASF27:
 742 0164 52435F45 		.ascii	"RC_ERROR_RANGE\000"
 742      52524F52 
 742      5F52414E 
 742      474500
 743              	.LASF11:
 744 0173 666C6F61 		.ascii	"float\000"
 744      7400
 745              	.LASF47:
 746 0179 52435F45 		.ascii	"RC_ERROR_NOT_IMPLEMENTED\000"
 746      52524F52 
 746      5F4E4F54 
 746      5F494D50 
 746      4C454D45 
 747              	.LASF6:
 748 0192 6C6F6E67 		.ascii	"long long int\000"
 748      206C6F6E 
 748      6720696E 
 748      7400
 749              	.LASF56:
 750 01a0 45455F6F 		.ascii	"EE_oo_IRQ_suspend_status\000"
 750      6F5F4952 
 750      515F7375 
 750      7370656E 
 750      645F7374 
 751              	.LASF41:
 752 01b9 52435F45 		.ascii	"RC_ERROR_NOT_MATCH\000"
 752      52524F52 
 752      5F4E4F54 
 752      5F4D4154 
 752      434800
 753              	.LASF50:
 754 01cc 79506F73 		.ascii	"yPos\000"
 754      00
 755              	.LASF4:
 756 01d1 6C6F6E67 		.ascii	"long int\000"
 756      20696E74 
 756      00
 757              	.LASF29:
 758 01da 52435F45 		.ascii	"RC_ERROR_UNDERRUN\000"
 758      52524F52 
 758      5F554E44 
 758      45525255 
 758      4E00
 759              	.LASF32:
 760 01ec 52435F45 		.ascii	"RC_ERROR_BUSY\000"
 760      52524F52 
 760      5F425553 
ARM GAS  C:\Users\vboxuser\AppData\Local\Temp\ccnNvVQx.s 			page 17


 760      5900
 761              	.LASF38:
 762 01fa 52435F45 		.ascii	"RC_ERROR_INVALID\000"
 762      52524F52 
 762      5F494E56 
 762      414C4944 
 762      00
 763              	.LASF43:
 764 020b 52435F45 		.ascii	"RC_ERROR_BAD_DATA\000"
 764      52524F52 
 764      5F424144 
 764      5F444154 
 764      4100
 765              	.LASF64:
 766 021d 53435F4A 		.ascii	"SC_JOYSTICK_driverIn\000"
 766      4F595354 
 766      49434B5F 
 766      64726976 
 766      6572496E 
 767              	.LASF14:
 768 0232 6C6F6E67 		.ascii	"long double\000"
 768      20646F75 
 768      626C6500 
 769              	.LASF1:
 770 023e 756E7369 		.ascii	"unsigned char\000"
 770      676E6564 
 770      20636861 
 770      7200
 771              	.LASF51:
 772 024c 53435F4A 		.ascii	"SC_JOYSTICK_data_t\000"
 772      4F595354 
 772      49434B5F 
 772      64617461 
 772      5F7400
 773              	.LASF0:
 774 025f 7369676E 		.ascii	"signed char\000"
 774      65642063 
 774      68617200 
 775              	.LASF7:
 776 026b 6C6F6E67 		.ascii	"long long unsigned int\000"
 776      206C6F6E 
 776      6720756E 
 776      7369676E 
 776      65642069 
 777              	.LASF8:
 778 0282 756E7369 		.ascii	"unsigned int\000"
 778      676E6564 
 778      20696E74 
 778      00
 779              	.LASF34:
 780 028f 52435F45 		.ascii	"RC_ERROR_OPEN\000"
 780      52524F52 
 780      5F4F5045 
 780      4E00
 781              	.LASF24:
 782 029d 52435F45 		.ascii	"RC_ERROR_NULL\000"
 782      52524F52 
ARM GAS  C:\Users\vboxuser\AppData\Local\Temp\ccnNvVQx.s 			page 18


 782      5F4E554C 
 782      4C00
 783              	.LASF31:
 784 02ab 52435F45 		.ascii	"RC_ERROR_BUFFER_EMTPY\000"
 784      52524F52 
 784      5F425546 
 784      4645525F 
 784      454D5450 
 785              	.LASF15:
 786 02c1 45455F49 		.ascii	"EE_INT32\000"
 786      4E543332 
 786      00
 787              	.LASF3:
 788 02ca 73686F72 		.ascii	"short unsigned int\000"
 788      7420756E 
 788      7369676E 
 788      65642069 
 788      6E7400
 789              	.LASF61:
 790 02dd 474E5520 		.ascii	"GNU C11 5.4.1 20160609 (release) [ARM/embedded-5-br"
 790      43313120 
 790      352E342E 
 790      31203230 
 790      31363036 
 791 0310 616E6368 		.ascii	"anch revision 237715] -mcpu=cortex-m3 -mthumb -g -O"
 791      20726576 
 791      6973696F 
 791      6E203233 
 791      37373135 
 792 0343 67202D66 		.ascii	"g -ffunction-sections -ffat-lto-objects\000"
 792      66756E63 
 792      74696F6E 
 792      2D736563 
 792      74696F6E 
 793              	.LASF13:
 794 036b 63686172 		.ascii	"char\000"
 794      00
 795              	.LASF30:
 796 0370 52435F45 		.ascii	"RC_ERROR_BUFFER_FULL\000"
 796      52524F52 
 796      5F425546 
 796      4645525F 
 796      46554C4C 
 797              	.LASF10:
 798 0385 696E7433 		.ascii	"int32_t\000"
 798      325F7400 
 799              	.LASF42:
 800 038d 52435F45 		.ascii	"RC_ERROR_BAD_PARAM\000"
 800      52524F52 
 800      5F424144 
 800      5F504152 
 800      414D00
 801              	.LASF65:
 802 03a0 64617461 		.ascii	"data\000"
 802      00
 803              	.LASF57:
 804 03a5 45455F41 		.ascii	"EE_ApplicationMode\000"
ARM GAS  C:\Users\vboxuser\AppData\Local\Temp\ccnNvVQx.s 			page 19


 804      70706C69 
 804      63617469 
 804      6F6E4D6F 
 804      646500
 805              	.LASF5:
 806 03b8 6C6F6E67 		.ascii	"long unsigned int\000"
 806      20756E73 
 806      69676E65 
 806      6420696E 
 806      7400
 807              	.LASF12:
 808 03ca 646F7562 		.ascii	"double\000"
 808      6C6500
 809              	.LASF35:
 810 03d1 52435F45 		.ascii	"RC_ERROR_CHECKSUM\000"
 810      52524F52 
 810      5F434845 
 810      434B5355 
 810      4D00
 811              	.LASF17:
 812 03e3 45455F55 		.ascii	"EE_UREG\000"
 812      52454700 
 813              	.LASF28:
 814 03eb 52435F45 		.ascii	"RC_ERROR_OVERRUN\000"
 814      52524F52 
 814      5F4F5645 
 814      5252554E 
 814      00
 815              	.LASF9:
 816 03fc 5F5F696E 		.ascii	"__int32_t\000"
 816      7433325F 
 816      7400
 817              	.LASF20:
 818 0406 73697A65 		.ascii	"sizetype\000"
 818      74797065 
 818      00
 819              	.LASF44:
 820 040f 52435F45 		.ascii	"RC_ERROR_CANCELED\000"
 820      52524F52 
 820      5F43414E 
 820      43454C45 
 820      4400
 821              	.LASF60:
 822 0421 49544D5F 		.ascii	"ITM_RxBuffer\000"
 822      52784275 
 822      66666572 
 822      00
 823              	.LASF23:
 824 042e 52435F45 		.ascii	"RC_ERROR\000"
 824      52524F52 
 824      00
 825              	.LASF66:
 826 0437 4A4F5953 		.ascii	"JOYSTICK_ReadPosition\000"
 826      5449434B 
 826      5F526561 
 826      64506F73 
 826      6974696F 
ARM GAS  C:\Users\vboxuser\AppData\Local\Temp\ccnNvVQx.s 			page 20


 827              	.LASF26:
 828 044d 52435F45 		.ascii	"RC_ERROR_MEMORY\000"
 828      52524F52 
 828      5F4D454D 
 828      4F525900 
 829              	.LASF55:
 830 045d 45455F6F 		.ascii	"EE_oo_IRQ_disable_count\000"
 830      6F5F4952 
 830      515F6469 
 830      7361626C 
 830      655F636F 
 831              	.LASF48:
 832 0475 52435F74 		.ascii	"RC_t\000"
 832      00
 833              	.LASF21:
 834 047a 73696E74 		.ascii	"sint8_t\000"
 834      385F7400 
 835              	.LASF33:
 836 0482 52435F45 		.ascii	"RC_ERROR_TIME_OUT\000"
 836      52524F52 
 836      5F54494D 
 836      455F4F55 
 836      5400
 837              		.ident	"GCC: (GNU Tools for ARM Embedded Processors) 5.4.1 20160609 (release) [ARM/embedded-5-bran
