ARM GAS  C:\Users\vboxuser\AppData\Local\Temp\ccNue3rS.s 			page 1


   1              		.syntax unified
   2              		.cpu cortex-m3
   3              		.fpu softvfp
   4              		.eabi_attribute 20, 1
   5              		.eabi_attribute 21, 1
   6              		.eabi_attribute 23, 3
   7              		.eabi_attribute 24, 1
   8              		.eabi_attribute 25, 1
   9              		.eabi_attribute 26, 1
  10              		.eabi_attribute 30, 1
  11              		.eabi_attribute 34, 1
  12              		.eabi_attribute 18, 4
  13              		.thumb
  14              		.syntax unified
  15              		.file	"sc_speed_type.c"
  16              		.text
  17              	.Ltext0:
  18              		.cfi_sections	.debug_frame
  19              	.Letext0:
  20              		.file 1 "c:\\program files (x86)\\cypress\\psoc creator\\4.4\\psoc creator\\import\\gnu\\arm\\5.4.
  21              		.file 2 "c:\\program files (x86)\\cypress\\psoc creator\\4.4\\psoc creator\\import\\gnu\\arm\\5.4.
  22              		.file 3 "Generated_Source\\PSoC5/ErikaOS_1_common_ee_types.inc"
  23              		.file 4 "Generated_Source\\PSoC5/ErikaOS_1_cortex_mx_ee_cpu.inc"
  24              		.file 5 "Generated_Source\\PSoC5/ErikaOS_1_ee_oo_intfunc.inc"
  25              		.file 6 "Generated_Source\\PSoC5/ErikaOS_1_cortex_mx_ee_context.inc"
  26              		.file 7 "Generated_Source\\PSoC5/ErikaOS_1_common_ee_primitives.inc"
  27              		.file 8 "Generated_Source\\PSoC5/core_cm3.h"
  28              		.section	.debug_info,"",%progbits
  29              	.Ldebug_info0:
  30 0000 18010000 		.4byte	0x118
  31 0004 0400     		.2byte	0x4
  32 0006 00000000 		.4byte	.Ldebug_abbrev0
  33 000a 04       		.byte	0x4
  34 000b 01       		.uleb128 0x1
  35 000c 5D000000 		.4byte	.LASF27
  36 0010 0C       		.byte	0xc
  37 0011 06010000 		.4byte	.LASF28
  38 0015 0C020000 		.4byte	.LASF29
  39 0019 00000000 		.4byte	.Ldebug_line0
  40 001d 02       		.uleb128 0x2
  41 001e 01       		.byte	0x1
  42 001f 06       		.byte	0x6
  43 0020 43000000 		.4byte	.LASF0
  44 0024 02       		.uleb128 0x2
  45 0025 01       		.byte	0x1
  46 0026 08       		.byte	0x8
  47 0027 4F000000 		.4byte	.LASF1
  48 002b 02       		.uleb128 0x2
  49 002c 02       		.byte	0x2
  50 002d 05       		.byte	0x5
  51 002e ED010000 		.4byte	.LASF2
  52 0032 02       		.uleb128 0x2
  53 0033 02       		.byte	0x2
  54 0034 07       		.byte	0x7
  55 0035 0A000000 		.4byte	.LASF3
  56 0039 03       		.uleb128 0x3
  57 003a 00000000 		.4byte	.LASF9
ARM GAS  C:\Users\vboxuser\AppData\Local\Temp\ccNue3rS.s 			page 2


  58 003e 01       		.byte	0x1
  59 003f 3F       		.byte	0x3f
  60 0040 44000000 		.4byte	0x44
  61 0044 02       		.uleb128 0x2
  62 0045 04       		.byte	0x4
  63 0046 05       		.byte	0x5
  64 0047 F7010000 		.4byte	.LASF4
  65 004b 02       		.uleb128 0x2
  66 004c 04       		.byte	0x4
  67 004d 07       		.byte	0x7
  68 004e F4000000 		.4byte	.LASF5
  69 0052 02       		.uleb128 0x2
  70 0053 08       		.byte	0x8
  71 0054 05       		.byte	0x5
  72 0055 BD010000 		.4byte	.LASF6
  73 0059 02       		.uleb128 0x2
  74 005a 08       		.byte	0x8
  75 005b 07       		.byte	0x7
  76 005c 82010000 		.4byte	.LASF7
  77 0060 04       		.uleb128 0x4
  78 0061 04       		.byte	0x4
  79 0062 05       		.byte	0x5
  80 0063 696E7400 		.ascii	"int\000"
  81 0067 02       		.uleb128 0x2
  82 0068 04       		.byte	0x4
  83 0069 07       		.byte	0x7
  84 006a 63010000 		.4byte	.LASF8
  85 006e 03       		.uleb128 0x3
  86 006f AC010000 		.4byte	.LASF10
  87 0073 02       		.byte	0x2
  88 0074 2C       		.byte	0x2c
  89 0075 39000000 		.4byte	0x39
  90 0079 02       		.uleb128 0x2
  91 007a 04       		.byte	0x4
  92 007b 04       		.byte	0x4
  93 007c 3D000000 		.4byte	.LASF11
  94 0080 02       		.uleb128 0x2
  95 0081 08       		.byte	0x8
  96 0082 04       		.byte	0x4
  97 0083 43010000 		.4byte	.LASF12
  98 0087 02       		.uleb128 0x2
  99 0088 01       		.byte	0x1
 100 0089 08       		.byte	0x8
 101 008a CB010000 		.4byte	.LASF13
 102 008e 02       		.uleb128 0x2
 103 008f 08       		.byte	0x8
 104 0090 04       		.byte	0x4
 105 0091 00020000 		.4byte	.LASF14
 106 0095 03       		.uleb128 0x3
 107 0096 EB000000 		.4byte	.LASF15
 108 009a 03       		.byte	0x3
 109 009b 53       		.byte	0x53
 110 009c 60000000 		.4byte	0x60
 111 00a0 03       		.uleb128 0x3
 112 00a1 78010000 		.4byte	.LASF16
 113 00a5 03       		.byte	0x3
 114 00a6 54       		.byte	0x54
ARM GAS  C:\Users\vboxuser\AppData\Local\Temp\ccNue3rS.s 			page 3


 115 00a7 67000000 		.4byte	0x67
 116 00ab 03       		.uleb128 0x3
 117 00ac D0010000 		.4byte	.LASF17
 118 00b0 04       		.byte	0x4
 119 00b1 4D       		.byte	0x4d
 120 00b2 A0000000 		.4byte	0xa0
 121 00b6 03       		.uleb128 0x3
 122 00b7 70010000 		.4byte	.LASF18
 123 00bb 04       		.byte	0x4
 124 00bc 4F       		.byte	0x4f
 125 00bd A0000000 		.4byte	0xa0
 126 00c1 03       		.uleb128 0x3
 127 00c2 36000000 		.4byte	.LASF19
 128 00c6 04       		.byte	0x4
 129 00c7 78       		.byte	0x78
 130 00c8 95000000 		.4byte	0x95
 131 00cc 02       		.uleb128 0x2
 132 00cd 04       		.byte	0x4
 133 00ce 07       		.byte	0x7
 134 00cf B4010000 		.4byte	.LASF20
 135 00d3 05       		.uleb128 0x5
 136 00d4 1E010000 		.4byte	.LASF21
 137 00d8 05       		.byte	0x5
 138 00d9 40       		.byte	0x40
 139 00da AB000000 		.4byte	0xab
 140 00de 05       		.uleb128 0x5
 141 00df 1D000000 		.4byte	.LASF22
 142 00e3 05       		.byte	0x5
 143 00e4 47       		.byte	0x47
 144 00e5 B6000000 		.4byte	0xb6
 145 00e9 05       		.uleb128 0x5
 146 00ea 99010000 		.4byte	.LASF23
 147 00ee 05       		.byte	0x5
 148 00ef 4A       		.byte	0x4a
 149 00f0 AB000000 		.4byte	0xab
 150 00f4 05       		.uleb128 0x5
 151 00f5 4A010000 		.4byte	.LASF24
 152 00f9 06       		.byte	0x6
 153 00fa 48       		.byte	0x48
 154 00fb C1000000 		.4byte	0xc1
 155 00ff 05       		.uleb128 0x5
 156 0100 D8010000 		.4byte	.LASF25
 157 0104 07       		.byte	0x7
 158 0105 44       		.byte	0x44
 159 0106 AB000000 		.4byte	0xab
 160 010a 06       		.uleb128 0x6
 161 010b 36010000 		.4byte	.LASF26
 162 010f 08       		.byte	0x8
 163 0110 1207     		.2byte	0x712
 164 0112 16010000 		.4byte	0x116
 165 0116 07       		.uleb128 0x7
 166 0117 6E000000 		.4byte	0x6e
 167 011b 00       		.byte	0
 168              		.section	.debug_abbrev,"",%progbits
 169              	.Ldebug_abbrev0:
 170 0000 01       		.uleb128 0x1
 171 0001 11       		.uleb128 0x11
ARM GAS  C:\Users\vboxuser\AppData\Local\Temp\ccNue3rS.s 			page 4


 172 0002 01       		.byte	0x1
 173 0003 25       		.uleb128 0x25
 174 0004 0E       		.uleb128 0xe
 175 0005 13       		.uleb128 0x13
 176 0006 0B       		.uleb128 0xb
 177 0007 03       		.uleb128 0x3
 178 0008 0E       		.uleb128 0xe
 179 0009 1B       		.uleb128 0x1b
 180 000a 0E       		.uleb128 0xe
 181 000b 10       		.uleb128 0x10
 182 000c 17       		.uleb128 0x17
 183 000d 00       		.byte	0
 184 000e 00       		.byte	0
 185 000f 02       		.uleb128 0x2
 186 0010 24       		.uleb128 0x24
 187 0011 00       		.byte	0
 188 0012 0B       		.uleb128 0xb
 189 0013 0B       		.uleb128 0xb
 190 0014 3E       		.uleb128 0x3e
 191 0015 0B       		.uleb128 0xb
 192 0016 03       		.uleb128 0x3
 193 0017 0E       		.uleb128 0xe
 194 0018 00       		.byte	0
 195 0019 00       		.byte	0
 196 001a 03       		.uleb128 0x3
 197 001b 16       		.uleb128 0x16
 198 001c 00       		.byte	0
 199 001d 03       		.uleb128 0x3
 200 001e 0E       		.uleb128 0xe
 201 001f 3A       		.uleb128 0x3a
 202 0020 0B       		.uleb128 0xb
 203 0021 3B       		.uleb128 0x3b
 204 0022 0B       		.uleb128 0xb
 205 0023 49       		.uleb128 0x49
 206 0024 13       		.uleb128 0x13
 207 0025 00       		.byte	0
 208 0026 00       		.byte	0
 209 0027 04       		.uleb128 0x4
 210 0028 24       		.uleb128 0x24
 211 0029 00       		.byte	0
 212 002a 0B       		.uleb128 0xb
 213 002b 0B       		.uleb128 0xb
 214 002c 3E       		.uleb128 0x3e
 215 002d 0B       		.uleb128 0xb
 216 002e 03       		.uleb128 0x3
 217 002f 08       		.uleb128 0x8
 218 0030 00       		.byte	0
 219 0031 00       		.byte	0
 220 0032 05       		.uleb128 0x5
 221 0033 34       		.uleb128 0x34
 222 0034 00       		.byte	0
 223 0035 03       		.uleb128 0x3
 224 0036 0E       		.uleb128 0xe
 225 0037 3A       		.uleb128 0x3a
 226 0038 0B       		.uleb128 0xb
 227 0039 3B       		.uleb128 0x3b
 228 003a 0B       		.uleb128 0xb
ARM GAS  C:\Users\vboxuser\AppData\Local\Temp\ccNue3rS.s 			page 5


 229 003b 49       		.uleb128 0x49
 230 003c 13       		.uleb128 0x13
 231 003d 3F       		.uleb128 0x3f
 232 003e 19       		.uleb128 0x19
 233 003f 3C       		.uleb128 0x3c
 234 0040 19       		.uleb128 0x19
 235 0041 00       		.byte	0
 236 0042 00       		.byte	0
 237 0043 06       		.uleb128 0x6
 238 0044 34       		.uleb128 0x34
 239 0045 00       		.byte	0
 240 0046 03       		.uleb128 0x3
 241 0047 0E       		.uleb128 0xe
 242 0048 3A       		.uleb128 0x3a
 243 0049 0B       		.uleb128 0xb
 244 004a 3B       		.uleb128 0x3b
 245 004b 05       		.uleb128 0x5
 246 004c 49       		.uleb128 0x49
 247 004d 13       		.uleb128 0x13
 248 004e 3F       		.uleb128 0x3f
 249 004f 19       		.uleb128 0x19
 250 0050 3C       		.uleb128 0x3c
 251 0051 19       		.uleb128 0x19
 252 0052 00       		.byte	0
 253 0053 00       		.byte	0
 254 0054 07       		.uleb128 0x7
 255 0055 35       		.uleb128 0x35
 256 0056 00       		.byte	0
 257 0057 49       		.uleb128 0x49
 258 0058 13       		.uleb128 0x13
 259 0059 00       		.byte	0
 260 005a 00       		.byte	0
 261 005b 00       		.byte	0
 262              		.section	.debug_aranges,"",%progbits
 263 0000 14000000 		.4byte	0x14
 264 0004 0200     		.2byte	0x2
 265 0006 00000000 		.4byte	.Ldebug_info0
 266 000a 04       		.byte	0x4
 267 000b 00       		.byte	0
 268 000c 0000     		.2byte	0
 269 000e 0000     		.2byte	0
 270 0010 00000000 		.4byte	0
 271 0014 00000000 		.4byte	0
 272              		.section	.debug_line,"",%progbits
 273              	.Ldebug_line0:
 274 0000 E9010000 		.section	.debug_str,"MS",%progbits,1
 274      0200E301 
 274      00000201 
 274      FB0E0D00 
 274      01010101 
 275              	.LASF9:
 276 0000 5F5F696E 		.ascii	"__int32_t\000"
 276      7433325F 
 276      7400
 277              	.LASF3:
 278 000a 73686F72 		.ascii	"short unsigned int\000"
 278      7420756E 
ARM GAS  C:\Users\vboxuser\AppData\Local\Temp\ccNue3rS.s 			page 6


 278      7369676E 
 278      65642069 
 278      6E7400
 279              	.LASF22:
 280 001d 45455F6F 		.ascii	"EE_oo_IRQ_suspend_status\000"
 280      6F5F4952 
 280      515F7375 
 280      7370656E 
 280      645F7374 
 281              	.LASF19:
 282 0036 45455F54 		.ascii	"EE_TID\000"
 282      494400
 283              	.LASF11:
 284 003d 666C6F61 		.ascii	"float\000"
 284      7400
 285              	.LASF0:
 286 0043 7369676E 		.ascii	"signed char\000"
 286      65642063 
 286      68617200 
 287              	.LASF1:
 288 004f 756E7369 		.ascii	"unsigned char\000"
 288      676E6564 
 288      20636861 
 288      7200
 289              	.LASF27:
 290 005d 474E5520 		.ascii	"GNU C11 5.4.1 20160609 (release) [ARM/embedded-5-br"
 290      43313120 
 290      352E342E 
 290      31203230 
 290      31363036 
 291 0090 616E6368 		.ascii	"anch revision 237715] -mcpu=cortex-m3 -mthumb -g -O"
 291      20726576 
 291      6973696F 
 291      6E203233 
 291      37373135 
 292 00c3 67202D66 		.ascii	"g -ffunction-sections -ffat-lto-objects\000"
 292      66756E63 
 292      74696F6E 
 292      2D736563 
 292      74696F6E 
 293              	.LASF15:
 294 00eb 45455F49 		.ascii	"EE_INT32\000"
 294      4E543332 
 294      00
 295              	.LASF5:
 296 00f4 6C6F6E67 		.ascii	"long unsigned int\000"
 296      20756E73 
 296      69676E65 
 296      6420696E 
 296      7400
 297              	.LASF28:
 298 0106 6273775C 		.ascii	"bsw\\rte\\sc_speed_type.c\000"
 298      7274655C 
 298      73635F73 
 298      70656564 
 298      5F747970 
 299              	.LASF21:
ARM GAS  C:\Users\vboxuser\AppData\Local\Temp\ccNue3rS.s 			page 7


 300 011e 45455F6F 		.ascii	"EE_oo_IRQ_disable_count\000"
 300      6F5F4952 
 300      515F6469 
 300      7361626C 
 300      655F636F 
 301              	.LASF26:
 302 0136 49544D5F 		.ascii	"ITM_RxBuffer\000"
 302      52784275 
 302      66666572 
 302      00
 303              	.LASF12:
 304 0143 646F7562 		.ascii	"double\000"
 304      6C6500
 305              	.LASF24:
 306 014a 45455F73 		.ascii	"EE_std_endcycle_next_tid\000"
 306      74645F65 
 306      6E646379 
 306      636C655F 
 306      6E657874 
 307              	.LASF8:
 308 0163 756E7369 		.ascii	"unsigned int\000"
 308      676E6564 
 308      20696E74 
 308      00
 309              	.LASF18:
 310 0170 45455F46 		.ascii	"EE_FREG\000"
 310      52454700 
 311              	.LASF16:
 312 0178 45455F55 		.ascii	"EE_UINT32\000"
 312      494E5433 
 312      3200
 313              	.LASF7:
 314 0182 6C6F6E67 		.ascii	"long long unsigned int\000"
 314      206C6F6E 
 314      6720756E 
 314      7369676E 
 314      65642069 
 315              	.LASF23:
 316 0199 45455F41 		.ascii	"EE_ApplicationMode\000"
 316      70706C69 
 316      63617469 
 316      6F6E4D6F 
 316      646500
 317              	.LASF10:
 318 01ac 696E7433 		.ascii	"int32_t\000"
 318      325F7400 
 319              	.LASF20:
 320 01b4 73697A65 		.ascii	"sizetype\000"
 320      74797065 
 320      00
 321              	.LASF6:
 322 01bd 6C6F6E67 		.ascii	"long long int\000"
 322      206C6F6E 
 322      6720696E 
 322      7400
 323              	.LASF13:
 324 01cb 63686172 		.ascii	"char\000"
ARM GAS  C:\Users\vboxuser\AppData\Local\Temp\ccNue3rS.s 			page 8


 324      00
 325              	.LASF17:
 326 01d0 45455F55 		.ascii	"EE_UREG\000"
 326      52454700 
 327              	.LASF25:
 328 01d8 45455F49 		.ascii	"EE_IRQ_nesting_level\000"
 328      52515F6E 
 328      65737469 
 328      6E675F6C 
 328      6576656C 
 329              	.LASF2:
 330 01ed 73686F72 		.ascii	"short int\000"
 330      7420696E 
 330      7400
 331              	.LASF4:
 332 01f7 6C6F6E67 		.ascii	"long int\000"
 332      20696E74 
 332      00
 333              	.LASF14:
 334 0200 6C6F6E67 		.ascii	"long double\000"
 334      20646F75 
 334      626C6500 
 335              	.LASF29:
 336 020c 433A5C55 		.ascii	"C:\\Users\\vboxuser\\Documents\\GitHub\\EAA_GasPeda"
 336      73657273 
 336      5C76626F 
 336      78757365 
 336      725C446F 
 337 023a 6C5C4C61 		.ascii	"l\\Lab 1\\GasPedal.cydsn\000"
 337      6220315C 
 337      47617350 
 337      6564616C 
 337      2E637964 
 338              		.ident	"GCC: (GNU Tools for ARM Embedded Processors) 5.4.1 20160609 (release) [ARM/embedded-5-bran
