ARM GAS  C:\Users\vboxuser\AppData\Local\Temp\ccuZzGpX.s 			page 1


   1              		.syntax unified
   2              		.cpu cortex-m3
   3              		.fpu softvfp
   4              		.eabi_attribute 20, 1
   5              		.eabi_attribute 21, 1
   6              		.eabi_attribute 23, 3
   7              		.eabi_attribute 24, 1
   8              		.eabi_attribute 25, 1
   9              		.eabi_attribute 26, 1
  10              		.eabi_attribute 30, 1
  11              		.eabi_attribute 34, 1
  12              		.eabi_attribute 18, 4
  13              		.thumb
  14              		.syntax unified
  15              		.file	"sc_breaklight_type.c"
  16              		.text
  17              	.Ltext0:
  18              		.cfi_sections	.debug_frame
  19              		.section	.text.SC_BREAKLIGHT_driverOut,"ax",%progbits
  20              		.align	2
  21              		.global	SC_BREAKLIGHT_driverOut
  22              		.thumb
  23              		.thumb_func
  24              		.type	SC_BREAKLIGHT_driverOut, %function
  25              	SC_BREAKLIGHT_driverOut:
  26              	.LFB110:
  27              		.file 1 "bsw\\rte\\sc_breaklight_type.c"
   1:bsw\rte/sc_breaklight_type.c **** /*
   2:bsw\rte/sc_breaklight_type.c ****  * Filename: sc_breaklight_type.c
   3:bsw\rte/sc_breaklight_type.c ****  *
   4:bsw\rte/sc_breaklight_type.c ****  * Author: Autogenerated by H-DA RTE Generator, (c) Prof. Fromm
   5:bsw\rte/sc_breaklight_type.c ****  *
   6:bsw\rte/sc_breaklight_type.c ****  * description: Break Light signal class
   7:bsw\rte/sc_breaklight_type.c ****  * name: sc_breakLight
   8:bsw\rte/sc_breaklight_type.c ****  * shortname: breakLight
   9:bsw\rte/sc_breaklight_type.c ****  *
  10:bsw\rte/sc_breaklight_type.c ****  */
  11:bsw\rte/sc_breaklight_type.c **** 
  12:bsw\rte/sc_breaklight_type.c **** #include "project.h"
  13:bsw\rte/sc_breaklight_type.c **** #include "global.h"
  14:bsw\rte/sc_breaklight_type.c **** #include "rte.h"
  15:bsw\rte/sc_breaklight_type.c **** #include "rte_types.h"
  16:bsw\rte/sc_breaklight_type.c **** #include "sc_breaklight_type.h"
  17:bsw\rte/sc_breaklight_type.c **** 
  18:bsw\rte/sc_breaklight_type.c **** 
  19:bsw\rte/sc_breaklight_type.c **** 
  20:bsw\rte/sc_breaklight_type.c **** /* USER CODE START SC_BREAKLIGHT_INCLUDE */
  21:bsw\rte/sc_breaklight_type.c **** 
  22:bsw\rte/sc_breaklight_type.c **** /* USER CODE END SC_BREAKLIGHT_INCLUDE */
  23:bsw\rte/sc_breaklight_type.c **** 
  24:bsw\rte/sc_breaklight_type.c **** 
  25:bsw\rte/sc_breaklight_type.c **** 
  26:bsw\rte/sc_breaklight_type.c **** 
  27:bsw\rte/sc_breaklight_type.c **** /* USER CODE START SC_BREAKLIGHT_USERDEFINITIONS */
  28:bsw\rte/sc_breaklight_type.c **** 
  29:bsw\rte/sc_breaklight_type.c **** /* USER CODE END SC_BREAKLIGHT_USERDEFINITIONS */
  30:bsw\rte/sc_breaklight_type.c **** 
ARM GAS  C:\Users\vboxuser\AppData\Local\Temp\ccuZzGpX.s 			page 2


  31:bsw\rte/sc_breaklight_type.c **** 
  32:bsw\rte/sc_breaklight_type.c **** /*****************************************************************************************
  33:bsw\rte/sc_breaklight_type.c ****  *************** Port Wrapper Implementation for SC_BREAKLIGHT signal  ****************
  34:bsw\rte/sc_breaklight_type.c ****  *****************************************************************************************/
  35:bsw\rte/sc_breaklight_type.c ****  
  36:bsw\rte/sc_breaklight_type.c ****  
  37:bsw\rte/sc_breaklight_type.c **** /**
  38:bsw\rte/sc_breaklight_type.c ****  * Default OUT driver API
  39:bsw\rte/sc_breaklight_type.c ****  */
  40:bsw\rte/sc_breaklight_type.c **** inline RC_t SC_BREAKLIGHT_driverOut(const SC_BREAKLIGHT_data_t  *const data)
  41:bsw\rte/sc_breaklight_type.c **** {
  28              		.loc 1 41 0
  29              		.cfi_startproc
  30              		@ args = 0, pretend = 0, frame = 0
  31              		@ frame_needed = 0, uses_anonymous_args = 0
  32              	.LVL0:
  33 0000 08B5     		push	{r3, lr}
  34              		.cfi_def_cfa_offset 8
  35              		.cfi_offset 3, -8
  36              		.cfi_offset 14, -4
  37              	.LVL1:
  42:bsw\rte/sc_breaklight_type.c **** 	/* USER CODE START driverOutSC_BREAKLIGHT */
  43:bsw\rte/sc_breaklight_type.c **** 
  44:bsw\rte/sc_breaklight_type.c **** 
  45:bsw\rte/sc_breaklight_type.c ****     
  46:bsw\rte/sc_breaklight_type.c ****    
  47:bsw\rte/sc_breaklight_type.c **** 	//Scale application data to drive format
  48:bsw\rte/sc_breaklight_type.c ****     uint8_t ledState = 0;
  49:bsw\rte/sc_breaklight_type.c ****     ledState = data->breakLightStatus;
  50:bsw\rte/sc_breaklight_type.c **** 	//Write scaled data to driver
  51:bsw\rte/sc_breaklight_type.c ****     RC_t result =  LED_Set(LED_RED, ledState ); 
  38              		.loc 1 51 0
  39 0002 0178     		ldrb	r1, [r0]	@ zero_extendqisi2
  40 0004 0020     		movs	r0, #0
  41              	.LVL2:
  42 0006 FFF7FEFF 		bl	LED_Set
  43              	.LVL3:
  52:bsw\rte/sc_breaklight_type.c **** 	return result;
  53:bsw\rte/sc_breaklight_type.c **** 	/* USER CODE END driverOutSC_BREAKLIGHT */
  54:bsw\rte/sc_breaklight_type.c **** }
  44              		.loc 1 54 0
  45 000a 08BD     		pop	{r3, pc}
  46              		.cfi_endproc
  47              	.LFE110:
  48              		.size	SC_BREAKLIGHT_driverOut, .-SC_BREAKLIGHT_driverOut
  49              		.text
  50              	.Letext0:
  51              		.file 2 "c:\\program files (x86)\\cypress\\psoc creator\\4.4\\psoc creator\\import\\gnu\\arm\\5.4.
  52              		.file 3 "c:\\program files (x86)\\cypress\\psoc creator\\4.4\\psoc creator\\import\\gnu\\arm\\5.4.
  53              		.file 4 "Generated_Source\\PSoC5/ErikaOS_1_common_ee_types.inc"
  54              		.file 5 "Generated_Source\\PSoC5/ErikaOS_1_cortex_mx_ee_cpu.inc"
  55              		.file 6 ".\\bsw/global.h"
  56              		.file 7 "bsw\\rte\\sc_breaklight_type.h"
  57              		.file 8 "Generated_Source\\PSoC5/ErikaOS_1_ee_oo_intfunc.inc"
  58              		.file 9 "Generated_Source\\PSoC5/ErikaOS_1_cortex_mx_ee_context.inc"
  59              		.file 10 "Generated_Source\\PSoC5/ErikaOS_1_common_ee_primitives.inc"
  60              		.file 11 "Generated_Source\\PSoC5/core_cm3.h"
ARM GAS  C:\Users\vboxuser\AppData\Local\Temp\ccuZzGpX.s 			page 3


  61              		.file 12 ".\\bsw\\LabBoard/led.h"
  62              		.section	.debug_info,"",%progbits
  63              	.Ldebug_info0:
  64 0000 A2020000 		.4byte	0x2a2
  65 0004 0400     		.2byte	0x4
  66 0006 00000000 		.4byte	.Ldebug_abbrev0
  67 000a 04       		.byte	0x4
  68 000b 01       		.uleb128 0x1
  69 000c F8020000 		.4byte	.LASF63
  70 0010 0C       		.byte	0xc
  71 0011 30020000 		.4byte	.LASF64
  72 0015 4A000000 		.4byte	.LASF65
  73 0019 00000000 		.4byte	.Ldebug_ranges0+0
  74 001d 00000000 		.4byte	0
  75 0021 00000000 		.4byte	.Ldebug_line0
  76 0025 02       		.uleb128 0x2
  77 0026 01       		.byte	0x1
  78 0027 06       		.byte	0x6
  79 0028 67020000 		.4byte	.LASF0
  80 002c 03       		.uleb128 0x3
  81 002d 03020000 		.4byte	.LASF4
  82 0031 02       		.byte	0x2
  83 0032 1D       		.byte	0x1d
  84 0033 37000000 		.4byte	0x37
  85 0037 02       		.uleb128 0x2
  86 0038 01       		.byte	0x1
  87 0039 08       		.byte	0x8
  88 003a 59020000 		.4byte	.LASF1
  89 003e 02       		.uleb128 0x2
  90 003f 02       		.byte	0x2
  91 0040 05       		.byte	0x5
  92 0041 8F000000 		.4byte	.LASF2
  93 0045 02       		.uleb128 0x2
  94 0046 02       		.byte	0x2
  95 0047 07       		.byte	0x7
  96 0048 E5020000 		.4byte	.LASF3
  97 004c 03       		.uleb128 0x3
  98 004d 2D040000 		.4byte	.LASF5
  99 0051 02       		.byte	0x2
 100 0052 3F       		.byte	0x3f
 101 0053 57000000 		.4byte	0x57
 102 0057 02       		.uleb128 0x2
 103 0058 04       		.byte	0x4
 104 0059 05       		.byte	0x5
 105 005a DA010000 		.4byte	.LASF6
 106 005e 02       		.uleb128 0x2
 107 005f 04       		.byte	0x4
 108 0060 07       		.byte	0x7
 109 0061 F2030000 		.4byte	.LASF7
 110 0065 02       		.uleb128 0x2
 111 0066 08       		.byte	0x8
 112 0067 05       		.byte	0x5
 113 0068 87010000 		.4byte	.LASF8
 114 006c 02       		.uleb128 0x2
 115 006d 08       		.byte	0x8
 116 006e 07       		.byte	0x7
 117 006f 73020000 		.4byte	.LASF9
ARM GAS  C:\Users\vboxuser\AppData\Local\Temp\ccuZzGpX.s 			page 4


 118 0073 04       		.uleb128 0x4
 119 0074 04       		.byte	0x4
 120 0075 05       		.byte	0x5
 121 0076 696E7400 		.ascii	"int\000"
 122 007a 02       		.uleb128 0x2
 123 007b 04       		.byte	0x4
 124 007c 07       		.byte	0x7
 125 007d 8A020000 		.4byte	.LASF10
 126 0081 03       		.uleb128 0x3
 127 0082 0C010000 		.4byte	.LASF11
 128 0086 03       		.byte	0x3
 129 0087 18       		.byte	0x18
 130 0088 2C000000 		.4byte	0x2c
 131 008c 03       		.uleb128 0x3
 132 008d A0030000 		.4byte	.LASF12
 133 0091 03       		.byte	0x3
 134 0092 2C       		.byte	0x2c
 135 0093 4C000000 		.4byte	0x4c
 136 0097 02       		.uleb128 0x2
 137 0098 04       		.byte	0x4
 138 0099 04       		.byte	0x4
 139 009a 68010000 		.4byte	.LASF13
 140 009e 02       		.uleb128 0x2
 141 009f 08       		.byte	0x8
 142 00a0 04       		.byte	0x4
 143 00a1 04040000 		.4byte	.LASF14
 144 00a5 02       		.uleb128 0x2
 145 00a6 01       		.byte	0x1
 146 00a7 08       		.byte	0x8
 147 00a8 86030000 		.4byte	.LASF15
 148 00ac 02       		.uleb128 0x2
 149 00ad 08       		.byte	0x8
 150 00ae 04       		.byte	0x4
 151 00af 4D020000 		.4byte	.LASF16
 152 00b3 03       		.uleb128 0x3
 153 00b4 DC020000 		.4byte	.LASF17
 154 00b8 04       		.byte	0x4
 155 00b9 53       		.byte	0x53
 156 00ba 73000000 		.4byte	0x73
 157 00be 03       		.uleb128 0x3
 158 00bf F2000000 		.4byte	.LASF18
 159 00c3 04       		.byte	0x4
 160 00c4 54       		.byte	0x54
 161 00c5 7A000000 		.4byte	0x7a
 162 00c9 03       		.uleb128 0x3
 163 00ca 1D040000 		.4byte	.LASF19
 164 00ce 05       		.byte	0x5
 165 00cf 4D       		.byte	0x4d
 166 00d0 BE000000 		.4byte	0xbe
 167 00d4 03       		.uleb128 0x3
 168 00d5 D6000000 		.4byte	.LASF20
 169 00d9 05       		.byte	0x5
 170 00da 4F       		.byte	0x4f
 171 00db BE000000 		.4byte	0xbe
 172 00df 03       		.uleb128 0x3
 173 00e0 FC000000 		.4byte	.LASF21
 174 00e4 05       		.byte	0x5
ARM GAS  C:\Users\vboxuser\AppData\Local\Temp\ccuZzGpX.s 			page 5


 175 00e5 78       		.byte	0x78
 176 00e6 B3000000 		.4byte	0xb3
 177 00ea 02       		.uleb128 0x2
 178 00eb 04       		.byte	0x4
 179 00ec 07       		.byte	0x7
 180 00ed BF000000 		.4byte	.LASF22
 181 00f1 05       		.uleb128 0x5
 182 00f2 01       		.byte	0x1
 183 00f3 25000000 		.4byte	0x25
 184 00f7 06       		.byte	0x6
 185 00f8 CF       		.byte	0xcf
 186 00f9 9A010000 		.4byte	0x19a
 187 00fd 06       		.uleb128 0x6
 188 00fe 1A000000 		.4byte	.LASF23
 189 0102 00       		.byte	0
 190 0103 07       		.uleb128 0x7
 191 0104 6E040000 		.4byte	.LASF24
 192 0108 7F       		.sleb128 -1
 193 0109 07       		.uleb128 0x7
 194 010a B8020000 		.4byte	.LASF25
 195 010e 7E       		.sleb128 -2
 196 010f 07       		.uleb128 0x7
 197 0110 C8000000 		.4byte	.LASF26
 198 0114 7D       		.sleb128 -3
 199 0115 07       		.uleb128 0x7
 200 0116 7F040000 		.4byte	.LASF27
 201 011a 7C       		.sleb128 -4
 202 011b 07       		.uleb128 0x7
 203 011c 59010000 		.4byte	.LASF28
 204 0120 7B       		.sleb128 -5
 205 0121 07       		.uleb128 0x7
 206 0122 99000000 		.4byte	.LASF29
 207 0126 7A       		.sleb128 -6
 208 0127 07       		.uleb128 0x7
 209 0128 E3010000 		.4byte	.LASF30
 210 012c 79       		.sleb128 -7
 211 012d 07       		.uleb128 0x7
 212 012e 8B030000 		.4byte	.LASF31
 213 0132 78       		.sleb128 -8
 214 0133 07       		.uleb128 0x7
 215 0134 C6020000 		.4byte	.LASF32
 216 0138 77       		.sleb128 -9
 217 0139 07       		.uleb128 0x7
 218 013a F5010000 		.4byte	.LASF33
 219 013e 76       		.sleb128 -10
 220 013f 07       		.uleb128 0x7
 221 0140 AC040000 		.4byte	.LASF34
 222 0144 75       		.sleb128 -11
 223 0145 07       		.uleb128 0x7
 224 0146 97020000 		.4byte	.LASF35
 225 014a 74       		.sleb128 -12
 226 014b 07       		.uleb128 0x7
 227 014c 0B040000 		.4byte	.LASF36
 228 0150 73       		.sleb128 -13
 229 0151 07       		.uleb128 0x7
 230 0152 07000000 		.4byte	.LASF37
 231 0156 72       		.sleb128 -14
ARM GAS  C:\Users\vboxuser\AppData\Local\Temp\ccuZzGpX.s 			page 6


 232 0157 07       		.uleb128 0x7
 233 0158 36000000 		.4byte	.LASF38
 234 015c 71       		.sleb128 -15
 235 015d 07       		.uleb128 0x7
 236 015e 0D020000 		.4byte	.LASF39
 237 0162 70       		.sleb128 -16
 238 0163 07       		.uleb128 0x7
 239 0164 DE000000 		.4byte	.LASF40
 240 0168 6F       		.sleb128 -17
 241 0169 07       		.uleb128 0x7
 242 016a AA000000 		.4byte	.LASF41
 243 016e 6E       		.sleb128 -18
 244 016f 07       		.uleb128 0x7
 245 0170 B6010000 		.4byte	.LASF42
 246 0174 6D       		.sleb128 -19
 247 0175 07       		.uleb128 0x7
 248 0176 BD030000 		.4byte	.LASF43
 249 017a 6C       		.sleb128 -20
 250 017b 07       		.uleb128 0x7
 251 017c 1E020000 		.4byte	.LASF44
 252 0180 6B       		.sleb128 -21
 253 0181 07       		.uleb128 0x7
 254 0182 37040000 		.4byte	.LASF45
 255 0186 6A       		.sleb128 -22
 256 0187 07       		.uleb128 0x7
 257 0188 14010000 		.4byte	.LASF46
 258 018c 69       		.sleb128 -23
 259 018d 07       		.uleb128 0x7
 260 018e C9010000 		.4byte	.LASF47
 261 0192 68       		.sleb128 -24
 262 0193 07       		.uleb128 0x7
 263 0194 6E010000 		.4byte	.LASF48
 264 0198 67       		.sleb128 -25
 265 0199 00       		.byte	0
 266 019a 03       		.uleb128 0x3
 267 019b A7040000 		.4byte	.LASF49
 268 019f 06       		.byte	0x6
 269 01a0 EA       		.byte	0xea
 270 01a1 F1000000 		.4byte	0xf1
 271 01a5 08       		.uleb128 0x8
 272 01a6 95010000 		.4byte	.LASF66
 273 01aa 01       		.byte	0x1
 274 01ab 37000000 		.4byte	0x37
 275 01af 0C       		.byte	0xc
 276 01b0 5A       		.byte	0x5a
 277 01b1 CE010000 		.4byte	0x1ce
 278 01b5 06       		.uleb128 0x6
 279 01b6 77040000 		.4byte	.LASF50
 280 01ba 00       		.byte	0
 281 01bb 06       		.uleb128 0x6
 282 01bc AD020000 		.4byte	.LASF51
 283 01c0 01       		.byte	0x1
 284 01c1 06       		.uleb128 0x6
 285 01c2 D0030000 		.4byte	.LASF52
 286 01c6 02       		.byte	0x2
 287 01c7 06       		.uleb128 0x6
 288 01c8 25040000 		.4byte	.LASF53
ARM GAS  C:\Users\vboxuser\AppData\Local\Temp\ccuZzGpX.s 			page 7


 289 01cc 03       		.byte	0x3
 290 01cd 00       		.byte	0
 291 01ce 09       		.uleb128 0x9
 292 01cf 01       		.byte	0x1
 293 01d0 07       		.byte	0x7
 294 01d1 21       		.byte	0x21
 295 01d2 E3010000 		.4byte	0x1e3
 296 01d6 0A       		.uleb128 0xa
 297 01d7 25000000 		.4byte	.LASF67
 298 01db 07       		.byte	0x7
 299 01dc 23       		.byte	0x23
 300 01dd 81000000 		.4byte	0x81
 301 01e1 00       		.byte	0
 302 01e2 00       		.byte	0
 303 01e3 03       		.uleb128 0x3
 304 01e4 A8030000 		.4byte	.LASF54
 305 01e8 07       		.byte	0x7
 306 01e9 26       		.byte	0x26
 307 01ea CE010000 		.4byte	0x1ce
 308 01ee 0B       		.uleb128 0xb
 309 01ef 49040000 		.4byte	.LASF68
 310 01f3 01       		.byte	0x1
 311 01f4 28       		.byte	0x28
 312 01f5 9A010000 		.4byte	0x19a
 313 01f9 00000000 		.4byte	.LFB110
 314 01fd 0C000000 		.4byte	.LFE110-.LFB110
 315 0201 01       		.uleb128 0x1
 316 0202 9C       		.byte	0x9c
 317 0203 42020000 		.4byte	0x242
 318 0207 0C       		.uleb128 0xc
 319 0208 DA030000 		.4byte	.LASF69
 320 020c 01       		.byte	0x1
 321 020d 28       		.byte	0x28
 322 020e 4D020000 		.4byte	0x24d
 323 0212 00000000 		.4byte	.LLST0
 324 0216 0D       		.uleb128 0xd
 325 0217 03010000 		.4byte	.LASF55
 326 021b 01       		.byte	0x1
 327 021c 30       		.byte	0x30
 328 021d 81000000 		.4byte	0x81
 329 0221 21000000 		.4byte	.LLST1
 330 0225 0E       		.uleb128 0xe
 331 0226 00000000 		.4byte	.LASF56
 332 022a 01       		.byte	0x1
 333 022b 33       		.byte	0x33
 334 022c 9A010000 		.4byte	0x19a
 335 0230 01       		.uleb128 0x1
 336 0231 50       		.byte	0x50
 337 0232 0F       		.uleb128 0xf
 338 0233 0A000000 		.4byte	.LVL3
 339 0237 9A020000 		.4byte	0x29a
 340 023b 10       		.uleb128 0x10
 341 023c 01       		.uleb128 0x1
 342 023d 50       		.byte	0x50
 343 023e 01       		.uleb128 0x1
 344 023f 30       		.byte	0x30
 345 0240 00       		.byte	0
ARM GAS  C:\Users\vboxuser\AppData\Local\Temp\ccuZzGpX.s 			page 8


 346 0241 00       		.byte	0
 347 0242 11       		.uleb128 0x11
 348 0243 04       		.byte	0x4
 349 0244 48020000 		.4byte	0x248
 350 0248 12       		.uleb128 0x12
 351 0249 E3010000 		.4byte	0x1e3
 352 024d 12       		.uleb128 0x12
 353 024e 42020000 		.4byte	0x242
 354 0252 13       		.uleb128 0x13
 355 0253 8F040000 		.4byte	.LASF57
 356 0257 08       		.byte	0x8
 357 0258 40       		.byte	0x40
 358 0259 C9000000 		.4byte	0xc9
 359 025d 13       		.uleb128 0x13
 360 025e 9D010000 		.4byte	.LASF58
 361 0262 08       		.byte	0x8
 362 0263 47       		.byte	0x47
 363 0264 D4000000 		.4byte	0xd4
 364 0268 13       		.uleb128 0x13
 365 0269 DF030000 		.4byte	.LASF59
 366 026d 08       		.byte	0x8
 367 026e 4A       		.byte	0x4a
 368 026f C9000000 		.4byte	0xc9
 369 0273 13       		.uleb128 0x13
 370 0274 40010000 		.4byte	.LASF60
 371 0278 09       		.byte	0x9
 372 0279 48       		.byte	0x48
 373 027a DF000000 		.4byte	0xdf
 374 027e 13       		.uleb128 0x13
 375 027f 2B010000 		.4byte	.LASF61
 376 0283 0A       		.byte	0xa
 377 0284 44       		.byte	0x44
 378 0285 C9000000 		.4byte	0xc9
 379 0289 14       		.uleb128 0x14
 380 028a 61040000 		.4byte	.LASF62
 381 028e 0B       		.byte	0xb
 382 028f 1207     		.2byte	0x712
 383 0291 95020000 		.4byte	0x295
 384 0295 15       		.uleb128 0x15
 385 0296 8C000000 		.4byte	0x8c
 386 029a 16       		.uleb128 0x16
 387 029b A5020000 		.4byte	.LASF70
 388 029f A5020000 		.4byte	.LASF70
 389 02a3 0C       		.byte	0xc
 390 02a4 95       		.byte	0x95
 391 02a5 00       		.byte	0
 392              		.section	.debug_abbrev,"",%progbits
 393              	.Ldebug_abbrev0:
 394 0000 01       		.uleb128 0x1
 395 0001 11       		.uleb128 0x11
 396 0002 01       		.byte	0x1
 397 0003 25       		.uleb128 0x25
 398 0004 0E       		.uleb128 0xe
 399 0005 13       		.uleb128 0x13
 400 0006 0B       		.uleb128 0xb
 401 0007 03       		.uleb128 0x3
 402 0008 0E       		.uleb128 0xe
ARM GAS  C:\Users\vboxuser\AppData\Local\Temp\ccuZzGpX.s 			page 9


 403 0009 1B       		.uleb128 0x1b
 404 000a 0E       		.uleb128 0xe
 405 000b 55       		.uleb128 0x55
 406 000c 17       		.uleb128 0x17
 407 000d 11       		.uleb128 0x11
 408 000e 01       		.uleb128 0x1
 409 000f 10       		.uleb128 0x10
 410 0010 17       		.uleb128 0x17
 411 0011 00       		.byte	0
 412 0012 00       		.byte	0
 413 0013 02       		.uleb128 0x2
 414 0014 24       		.uleb128 0x24
 415 0015 00       		.byte	0
 416 0016 0B       		.uleb128 0xb
 417 0017 0B       		.uleb128 0xb
 418 0018 3E       		.uleb128 0x3e
 419 0019 0B       		.uleb128 0xb
 420 001a 03       		.uleb128 0x3
 421 001b 0E       		.uleb128 0xe
 422 001c 00       		.byte	0
 423 001d 00       		.byte	0
 424 001e 03       		.uleb128 0x3
 425 001f 16       		.uleb128 0x16
 426 0020 00       		.byte	0
 427 0021 03       		.uleb128 0x3
 428 0022 0E       		.uleb128 0xe
 429 0023 3A       		.uleb128 0x3a
 430 0024 0B       		.uleb128 0xb
 431 0025 3B       		.uleb128 0x3b
 432 0026 0B       		.uleb128 0xb
 433 0027 49       		.uleb128 0x49
 434 0028 13       		.uleb128 0x13
 435 0029 00       		.byte	0
 436 002a 00       		.byte	0
 437 002b 04       		.uleb128 0x4
 438 002c 24       		.uleb128 0x24
 439 002d 00       		.byte	0
 440 002e 0B       		.uleb128 0xb
 441 002f 0B       		.uleb128 0xb
 442 0030 3E       		.uleb128 0x3e
 443 0031 0B       		.uleb128 0xb
 444 0032 03       		.uleb128 0x3
 445 0033 08       		.uleb128 0x8
 446 0034 00       		.byte	0
 447 0035 00       		.byte	0
 448 0036 05       		.uleb128 0x5
 449 0037 04       		.uleb128 0x4
 450 0038 01       		.byte	0x1
 451 0039 0B       		.uleb128 0xb
 452 003a 0B       		.uleb128 0xb
 453 003b 49       		.uleb128 0x49
 454 003c 13       		.uleb128 0x13
 455 003d 3A       		.uleb128 0x3a
 456 003e 0B       		.uleb128 0xb
 457 003f 3B       		.uleb128 0x3b
 458 0040 0B       		.uleb128 0xb
 459 0041 01       		.uleb128 0x1
ARM GAS  C:\Users\vboxuser\AppData\Local\Temp\ccuZzGpX.s 			page 10


 460 0042 13       		.uleb128 0x13
 461 0043 00       		.byte	0
 462 0044 00       		.byte	0
 463 0045 06       		.uleb128 0x6
 464 0046 28       		.uleb128 0x28
 465 0047 00       		.byte	0
 466 0048 03       		.uleb128 0x3
 467 0049 0E       		.uleb128 0xe
 468 004a 1C       		.uleb128 0x1c
 469 004b 0B       		.uleb128 0xb
 470 004c 00       		.byte	0
 471 004d 00       		.byte	0
 472 004e 07       		.uleb128 0x7
 473 004f 28       		.uleb128 0x28
 474 0050 00       		.byte	0
 475 0051 03       		.uleb128 0x3
 476 0052 0E       		.uleb128 0xe
 477 0053 1C       		.uleb128 0x1c
 478 0054 0D       		.uleb128 0xd
 479 0055 00       		.byte	0
 480 0056 00       		.byte	0
 481 0057 08       		.uleb128 0x8
 482 0058 04       		.uleb128 0x4
 483 0059 01       		.byte	0x1
 484 005a 03       		.uleb128 0x3
 485 005b 0E       		.uleb128 0xe
 486 005c 0B       		.uleb128 0xb
 487 005d 0B       		.uleb128 0xb
 488 005e 49       		.uleb128 0x49
 489 005f 13       		.uleb128 0x13
 490 0060 3A       		.uleb128 0x3a
 491 0061 0B       		.uleb128 0xb
 492 0062 3B       		.uleb128 0x3b
 493 0063 0B       		.uleb128 0xb
 494 0064 01       		.uleb128 0x1
 495 0065 13       		.uleb128 0x13
 496 0066 00       		.byte	0
 497 0067 00       		.byte	0
 498 0068 09       		.uleb128 0x9
 499 0069 13       		.uleb128 0x13
 500 006a 01       		.byte	0x1
 501 006b 0B       		.uleb128 0xb
 502 006c 0B       		.uleb128 0xb
 503 006d 3A       		.uleb128 0x3a
 504 006e 0B       		.uleb128 0xb
 505 006f 3B       		.uleb128 0x3b
 506 0070 0B       		.uleb128 0xb
 507 0071 01       		.uleb128 0x1
 508 0072 13       		.uleb128 0x13
 509 0073 00       		.byte	0
 510 0074 00       		.byte	0
 511 0075 0A       		.uleb128 0xa
 512 0076 0D       		.uleb128 0xd
 513 0077 00       		.byte	0
 514 0078 03       		.uleb128 0x3
 515 0079 0E       		.uleb128 0xe
 516 007a 3A       		.uleb128 0x3a
ARM GAS  C:\Users\vboxuser\AppData\Local\Temp\ccuZzGpX.s 			page 11


 517 007b 0B       		.uleb128 0xb
 518 007c 3B       		.uleb128 0x3b
 519 007d 0B       		.uleb128 0xb
 520 007e 49       		.uleb128 0x49
 521 007f 13       		.uleb128 0x13
 522 0080 38       		.uleb128 0x38
 523 0081 0B       		.uleb128 0xb
 524 0082 00       		.byte	0
 525 0083 00       		.byte	0
 526 0084 0B       		.uleb128 0xb
 527 0085 2E       		.uleb128 0x2e
 528 0086 01       		.byte	0x1
 529 0087 3F       		.uleb128 0x3f
 530 0088 19       		.uleb128 0x19
 531 0089 03       		.uleb128 0x3
 532 008a 0E       		.uleb128 0xe
 533 008b 3A       		.uleb128 0x3a
 534 008c 0B       		.uleb128 0xb
 535 008d 3B       		.uleb128 0x3b
 536 008e 0B       		.uleb128 0xb
 537 008f 27       		.uleb128 0x27
 538 0090 19       		.uleb128 0x19
 539 0091 49       		.uleb128 0x49
 540 0092 13       		.uleb128 0x13
 541 0093 11       		.uleb128 0x11
 542 0094 01       		.uleb128 0x1
 543 0095 12       		.uleb128 0x12
 544 0096 06       		.uleb128 0x6
 545 0097 40       		.uleb128 0x40
 546 0098 18       		.uleb128 0x18
 547 0099 9742     		.uleb128 0x2117
 548 009b 19       		.uleb128 0x19
 549 009c 01       		.uleb128 0x1
 550 009d 13       		.uleb128 0x13
 551 009e 00       		.byte	0
 552 009f 00       		.byte	0
 553 00a0 0C       		.uleb128 0xc
 554 00a1 05       		.uleb128 0x5
 555 00a2 00       		.byte	0
 556 00a3 03       		.uleb128 0x3
 557 00a4 0E       		.uleb128 0xe
 558 00a5 3A       		.uleb128 0x3a
 559 00a6 0B       		.uleb128 0xb
 560 00a7 3B       		.uleb128 0x3b
 561 00a8 0B       		.uleb128 0xb
 562 00a9 49       		.uleb128 0x49
 563 00aa 13       		.uleb128 0x13
 564 00ab 02       		.uleb128 0x2
 565 00ac 17       		.uleb128 0x17
 566 00ad 00       		.byte	0
 567 00ae 00       		.byte	0
 568 00af 0D       		.uleb128 0xd
 569 00b0 34       		.uleb128 0x34
 570 00b1 00       		.byte	0
 571 00b2 03       		.uleb128 0x3
 572 00b3 0E       		.uleb128 0xe
 573 00b4 3A       		.uleb128 0x3a
ARM GAS  C:\Users\vboxuser\AppData\Local\Temp\ccuZzGpX.s 			page 12


 574 00b5 0B       		.uleb128 0xb
 575 00b6 3B       		.uleb128 0x3b
 576 00b7 0B       		.uleb128 0xb
 577 00b8 49       		.uleb128 0x49
 578 00b9 13       		.uleb128 0x13
 579 00ba 02       		.uleb128 0x2
 580 00bb 17       		.uleb128 0x17
 581 00bc 00       		.byte	0
 582 00bd 00       		.byte	0
 583 00be 0E       		.uleb128 0xe
 584 00bf 34       		.uleb128 0x34
 585 00c0 00       		.byte	0
 586 00c1 03       		.uleb128 0x3
 587 00c2 0E       		.uleb128 0xe
 588 00c3 3A       		.uleb128 0x3a
 589 00c4 0B       		.uleb128 0xb
 590 00c5 3B       		.uleb128 0x3b
 591 00c6 0B       		.uleb128 0xb
 592 00c7 49       		.uleb128 0x49
 593 00c8 13       		.uleb128 0x13
 594 00c9 02       		.uleb128 0x2
 595 00ca 18       		.uleb128 0x18
 596 00cb 00       		.byte	0
 597 00cc 00       		.byte	0
 598 00cd 0F       		.uleb128 0xf
 599 00ce 898201   		.uleb128 0x4109
 600 00d1 01       		.byte	0x1
 601 00d2 11       		.uleb128 0x11
 602 00d3 01       		.uleb128 0x1
 603 00d4 31       		.uleb128 0x31
 604 00d5 13       		.uleb128 0x13
 605 00d6 00       		.byte	0
 606 00d7 00       		.byte	0
 607 00d8 10       		.uleb128 0x10
 608 00d9 8A8201   		.uleb128 0x410a
 609 00dc 00       		.byte	0
 610 00dd 02       		.uleb128 0x2
 611 00de 18       		.uleb128 0x18
 612 00df 9142     		.uleb128 0x2111
 613 00e1 18       		.uleb128 0x18
 614 00e2 00       		.byte	0
 615 00e3 00       		.byte	0
 616 00e4 11       		.uleb128 0x11
 617 00e5 0F       		.uleb128 0xf
 618 00e6 00       		.byte	0
 619 00e7 0B       		.uleb128 0xb
 620 00e8 0B       		.uleb128 0xb
 621 00e9 49       		.uleb128 0x49
 622 00ea 13       		.uleb128 0x13
 623 00eb 00       		.byte	0
 624 00ec 00       		.byte	0
 625 00ed 12       		.uleb128 0x12
 626 00ee 26       		.uleb128 0x26
 627 00ef 00       		.byte	0
 628 00f0 49       		.uleb128 0x49
 629 00f1 13       		.uleb128 0x13
 630 00f2 00       		.byte	0
ARM GAS  C:\Users\vboxuser\AppData\Local\Temp\ccuZzGpX.s 			page 13


 631 00f3 00       		.byte	0
 632 00f4 13       		.uleb128 0x13
 633 00f5 34       		.uleb128 0x34
 634 00f6 00       		.byte	0
 635 00f7 03       		.uleb128 0x3
 636 00f8 0E       		.uleb128 0xe
 637 00f9 3A       		.uleb128 0x3a
 638 00fa 0B       		.uleb128 0xb
 639 00fb 3B       		.uleb128 0x3b
 640 00fc 0B       		.uleb128 0xb
 641 00fd 49       		.uleb128 0x49
 642 00fe 13       		.uleb128 0x13
 643 00ff 3F       		.uleb128 0x3f
 644 0100 19       		.uleb128 0x19
 645 0101 3C       		.uleb128 0x3c
 646 0102 19       		.uleb128 0x19
 647 0103 00       		.byte	0
 648 0104 00       		.byte	0
 649 0105 14       		.uleb128 0x14
 650 0106 34       		.uleb128 0x34
 651 0107 00       		.byte	0
 652 0108 03       		.uleb128 0x3
 653 0109 0E       		.uleb128 0xe
 654 010a 3A       		.uleb128 0x3a
 655 010b 0B       		.uleb128 0xb
 656 010c 3B       		.uleb128 0x3b
 657 010d 05       		.uleb128 0x5
 658 010e 49       		.uleb128 0x49
 659 010f 13       		.uleb128 0x13
 660 0110 3F       		.uleb128 0x3f
 661 0111 19       		.uleb128 0x19
 662 0112 3C       		.uleb128 0x3c
 663 0113 19       		.uleb128 0x19
 664 0114 00       		.byte	0
 665 0115 00       		.byte	0
 666 0116 15       		.uleb128 0x15
 667 0117 35       		.uleb128 0x35
 668 0118 00       		.byte	0
 669 0119 49       		.uleb128 0x49
 670 011a 13       		.uleb128 0x13
 671 011b 00       		.byte	0
 672 011c 00       		.byte	0
 673 011d 16       		.uleb128 0x16
 674 011e 2E       		.uleb128 0x2e
 675 011f 00       		.byte	0
 676 0120 3F       		.uleb128 0x3f
 677 0121 19       		.uleb128 0x19
 678 0122 3C       		.uleb128 0x3c
 679 0123 19       		.uleb128 0x19
 680 0124 6E       		.uleb128 0x6e
 681 0125 0E       		.uleb128 0xe
 682 0126 03       		.uleb128 0x3
 683 0127 0E       		.uleb128 0xe
 684 0128 3A       		.uleb128 0x3a
 685 0129 0B       		.uleb128 0xb
 686 012a 3B       		.uleb128 0x3b
 687 012b 0B       		.uleb128 0xb
ARM GAS  C:\Users\vboxuser\AppData\Local\Temp\ccuZzGpX.s 			page 14


 688 012c 00       		.byte	0
 689 012d 00       		.byte	0
 690 012e 00       		.byte	0
 691              		.section	.debug_loc,"",%progbits
 692              	.Ldebug_loc0:
 693              	.LLST0:
 694 0000 00000000 		.4byte	.LVL0
 695 0004 06000000 		.4byte	.LVL2
 696 0008 0100     		.2byte	0x1
 697 000a 50       		.byte	0x50
 698 000b 06000000 		.4byte	.LVL2
 699 000f 0C000000 		.4byte	.LFE110
 700 0013 0400     		.2byte	0x4
 701 0015 F3       		.byte	0xf3
 702 0016 01       		.uleb128 0x1
 703 0017 50       		.byte	0x50
 704 0018 9F       		.byte	0x9f
 705 0019 00000000 		.4byte	0
 706 001d 00000000 		.4byte	0
 707              	.LLST1:
 708 0021 02000000 		.4byte	.LVL1
 709 0025 06000000 		.4byte	.LVL2
 710 0029 0200     		.2byte	0x2
 711 002b 70       		.byte	0x70
 712 002c 00       		.sleb128 0
 713 002d 06000000 		.4byte	.LVL2
 714 0031 09000000 		.4byte	.LVL3-1
 715 0035 0100     		.2byte	0x1
 716 0037 51       		.byte	0x51
 717 0038 00000000 		.4byte	0
 718 003c 00000000 		.4byte	0
 719              		.section	.debug_aranges,"",%progbits
 720 0000 1C000000 		.4byte	0x1c
 721 0004 0200     		.2byte	0x2
 722 0006 00000000 		.4byte	.Ldebug_info0
 723 000a 04       		.byte	0x4
 724 000b 00       		.byte	0
 725 000c 0000     		.2byte	0
 726 000e 0000     		.2byte	0
 727 0010 00000000 		.4byte	.LFB110
 728 0014 0C000000 		.4byte	.LFE110-.LFB110
 729 0018 00000000 		.4byte	0
 730 001c 00000000 		.4byte	0
 731              		.section	.debug_ranges,"",%progbits
 732              	.Ldebug_ranges0:
 733 0000 00000000 		.4byte	.LFB110
 734 0004 0C000000 		.4byte	.LFE110
 735 0008 00000000 		.4byte	0
 736 000c 00000000 		.4byte	0
 737              		.section	.debug_line,"",%progbits
 738              	.Ldebug_line0:
 739 0000 5E020000 		.section	.debug_str,"MS",%progbits,1
 739      02004502 
 739      00000201 
 739      FB0E0D00 
 739      01010101 
 740              	.LASF56:
ARM GAS  C:\Users\vboxuser\AppData\Local\Temp\ccuZzGpX.s 			page 15


 741 0000 72657375 		.ascii	"result\000"
 741      6C7400
 742              	.LASF37:
 743 0007 52435F45 		.ascii	"RC_ERROR_READ_ONLY\000"
 743      52524F52 
 743      5F524541 
 743      445F4F4E 
 743      4C5900
 744              	.LASF23:
 745 001a 52435F53 		.ascii	"RC_SUCCESS\000"
 745      55434345 
 745      535300
 746              	.LASF67:
 747 0025 62726561 		.ascii	"breakLightStatus\000"
 747      6B4C6967 
 747      68745374 
 747      61747573 
 747      00
 748              	.LASF38:
 749 0036 52435F45 		.ascii	"RC_ERROR_WRITE_ONLY\000"
 749      52524F52 
 749      5F575249 
 749      54455F4F 
 749      4E4C5900 
 750              	.LASF65:
 751 004a 433A5C55 		.ascii	"C:\\Users\\vboxuser\\Documents\\GitHub\\EAA_GasPeda"
 751      73657273 
 751      5C76626F 
 751      78757365 
 751      725C446F 
 752 0078 6C5C4C61 		.ascii	"l\\Lab 1\\GasPedal.cydsn\000"
 752      6220315C 
 752      47617350 
 752      6564616C 
 752      2E637964 
 753              	.LASF2:
 754 008f 73686F72 		.ascii	"short int\000"
 754      7420696E 
 754      7400
 755              	.LASF29:
 756 0099 52435F45 		.ascii	"RC_ERROR_OVERRUN\000"
 756      52524F52 
 756      5F4F5645 
 756      5252554E 
 756      00
 757              	.LASF41:
 758 00aa 52435F45 		.ascii	"RC_ERROR_WRITE_FAILS\000"
 758      52524F52 
 758      5F575249 
 758      54455F46 
 758      41494C53 
 759              	.LASF22:
 760 00bf 73697A65 		.ascii	"sizetype\000"
 760      74797065 
 760      00
 761              	.LASF26:
 762 00c8 52435F45 		.ascii	"RC_ERROR_ZERO\000"
ARM GAS  C:\Users\vboxuser\AppData\Local\Temp\ccuZzGpX.s 			page 16


 762      52524F52 
 762      5F5A4552 
 762      4F00
 763              	.LASF20:
 764 00d6 45455F46 		.ascii	"EE_FREG\000"
 764      52454700 
 765              	.LASF40:
 766 00de 52435F45 		.ascii	"RC_ERROR_READ_FAILS\000"
 766      52524F52 
 766      5F524541 
 766      445F4641 
 766      494C5300 
 767              	.LASF18:
 768 00f2 45455F55 		.ascii	"EE_UINT32\000"
 768      494E5433 
 768      3200
 769              	.LASF21:
 770 00fc 45455F54 		.ascii	"EE_TID\000"
 770      494400
 771              	.LASF55:
 772 0103 6C656453 		.ascii	"ledState\000"
 772      74617465 
 772      00
 773              	.LASF11:
 774 010c 75696E74 		.ascii	"uint8_t\000"
 774      385F7400 
 775              	.LASF46:
 776 0114 52435F45 		.ascii	"RC_ERROR_INVALID_STATE\000"
 776      52524F52 
 776      5F494E56 
 776      414C4944 
 776      5F535441 
 777              	.LASF61:
 778 012b 45455F49 		.ascii	"EE_IRQ_nesting_level\000"
 778      52515F6E 
 778      65737469 
 778      6E675F6C 
 778      6576656C 
 779              	.LASF60:
 780 0140 45455F73 		.ascii	"EE_std_endcycle_next_tid\000"
 780      74645F65 
 780      6E646379 
 780      636C655F 
 780      6E657874 
 781              	.LASF28:
 782 0159 52435F45 		.ascii	"RC_ERROR_RANGE\000"
 782      52524F52 
 782      5F52414E 
 782      474500
 783              	.LASF13:
 784 0168 666C6F61 		.ascii	"float\000"
 784      7400
 785              	.LASF48:
 786 016e 52435F45 		.ascii	"RC_ERROR_NOT_IMPLEMENTED\000"
 786      52524F52 
 786      5F4E4F54 
 786      5F494D50 
ARM GAS  C:\Users\vboxuser\AppData\Local\Temp\ccuZzGpX.s 			page 17


 786      4C454D45 
 787              	.LASF8:
 788 0187 6C6F6E67 		.ascii	"long long int\000"
 788      206C6F6E 
 788      6720696E 
 788      7400
 789              	.LASF66:
 790 0195 654C4544 		.ascii	"eLED_id\000"
 790      5F696400 
 791              	.LASF58:
 792 019d 45455F6F 		.ascii	"EE_oo_IRQ_suspend_status\000"
 792      6F5F4952 
 792      515F7375 
 792      7370656E 
 792      645F7374 
 793              	.LASF42:
 794 01b6 52435F45 		.ascii	"RC_ERROR_NOT_MATCH\000"
 794      52524F52 
 794      5F4E4F54 
 794      5F4D4154 
 794      434800
 795              	.LASF47:
 796 01c9 52435F45 		.ascii	"RC_ERROR_UNKNOWN\000"
 796      52524F52 
 796      5F554E4B 
 796      4E4F574E 
 796      00
 797              	.LASF6:
 798 01da 6C6F6E67 		.ascii	"long int\000"
 798      20696E74 
 798      00
 799              	.LASF30:
 800 01e3 52435F45 		.ascii	"RC_ERROR_UNDERRUN\000"
 800      52524F52 
 800      5F554E44 
 800      45525255 
 800      4E00
 801              	.LASF33:
 802 01f5 52435F45 		.ascii	"RC_ERROR_BUSY\000"
 802      52524F52 
 802      5F425553 
 802      5900
 803              	.LASF4:
 804 0203 5F5F7569 		.ascii	"__uint8_t\000"
 804      6E74385F 
 804      7400
 805              	.LASF39:
 806 020d 52435F45 		.ascii	"RC_ERROR_INVALID\000"
 806      52524F52 
 806      5F494E56 
 806      414C4944 
 806      00
 807              	.LASF44:
 808 021e 52435F45 		.ascii	"RC_ERROR_BAD_DATA\000"
 808      52524F52 
 808      5F424144 
 808      5F444154 
ARM GAS  C:\Users\vboxuser\AppData\Local\Temp\ccuZzGpX.s 			page 18


 808      4100
 809              	.LASF64:
 810 0230 6273775C 		.ascii	"bsw\\rte\\sc_breaklight_type.c\000"
 810      7274655C 
 810      73635F62 
 810      7265616B 
 810      6C696768 
 811              	.LASF16:
 812 024d 6C6F6E67 		.ascii	"long double\000"
 812      20646F75 
 812      626C6500 
 813              	.LASF1:
 814 0259 756E7369 		.ascii	"unsigned char\000"
 814      676E6564 
 814      20636861 
 814      7200
 815              	.LASF0:
 816 0267 7369676E 		.ascii	"signed char\000"
 816      65642063 
 816      68617200 
 817              	.LASF9:
 818 0273 6C6F6E67 		.ascii	"long long unsigned int\000"
 818      206C6F6E 
 818      6720756E 
 818      7369676E 
 818      65642069 
 819              	.LASF10:
 820 028a 756E7369 		.ascii	"unsigned int\000"
 820      676E6564 
 820      20696E74 
 820      00
 821              	.LASF35:
 822 0297 52435F45 		.ascii	"RC_ERROR_OPEN\000"
 822      52524F52 
 822      5F4F5045 
 822      4E00
 823              	.LASF70:
 824 02a5 4C45445F 		.ascii	"LED_Set\000"
 824      53657400 
 825              	.LASF51:
 826 02ad 4C45445F 		.ascii	"LED_YELLOW\000"
 826      59454C4C 
 826      4F5700
 827              	.LASF25:
 828 02b8 52435F45 		.ascii	"RC_ERROR_NULL\000"
 828      52524F52 
 828      5F4E554C 
 828      4C00
 829              	.LASF32:
 830 02c6 52435F45 		.ascii	"RC_ERROR_BUFFER_EMTPY\000"
 830      52524F52 
 830      5F425546 
 830      4645525F 
 830      454D5450 
 831              	.LASF17:
 832 02dc 45455F49 		.ascii	"EE_INT32\000"
 832      4E543332 
ARM GAS  C:\Users\vboxuser\AppData\Local\Temp\ccuZzGpX.s 			page 19


 832      00
 833              	.LASF3:
 834 02e5 73686F72 		.ascii	"short unsigned int\000"
 834      7420756E 
 834      7369676E 
 834      65642069 
 834      6E7400
 835              	.LASF63:
 836 02f8 474E5520 		.ascii	"GNU C11 5.4.1 20160609 (release) [ARM/embedded-5-br"
 836      43313120 
 836      352E342E 
 836      31203230 
 836      31363036 
 837 032b 616E6368 		.ascii	"anch revision 237715] -mcpu=cortex-m3 -mthumb -g -O"
 837      20726576 
 837      6973696F 
 837      6E203233 
 837      37373135 
 838 035e 67202D66 		.ascii	"g -ffunction-sections -ffat-lto-objects\000"
 838      66756E63 
 838      74696F6E 
 838      2D736563 
 838      74696F6E 
 839              	.LASF15:
 840 0386 63686172 		.ascii	"char\000"
 840      00
 841              	.LASF31:
 842 038b 52435F45 		.ascii	"RC_ERROR_BUFFER_FULL\000"
 842      52524F52 
 842      5F425546 
 842      4645525F 
 842      46554C4C 
 843              	.LASF12:
 844 03a0 696E7433 		.ascii	"int32_t\000"
 844      325F7400 
 845              	.LASF54:
 846 03a8 53435F42 		.ascii	"SC_BREAKLIGHT_data_t\000"
 846      5245414B 
 846      4C494748 
 846      545F6461 
 846      74615F74 
 847              	.LASF43:
 848 03bd 52435F45 		.ascii	"RC_ERROR_BAD_PARAM\000"
 848      52524F52 
 848      5F424144 
 848      5F504152 
 848      414D00
 849              	.LASF52:
 850 03d0 4C45445F 		.ascii	"LED_GREEN\000"
 850      47524545 
 850      4E00
 851              	.LASF69:
 852 03da 64617461 		.ascii	"data\000"
 852      00
 853              	.LASF59:
 854 03df 45455F41 		.ascii	"EE_ApplicationMode\000"
 854      70706C69 
ARM GAS  C:\Users\vboxuser\AppData\Local\Temp\ccuZzGpX.s 			page 20


 854      63617469 
 854      6F6E4D6F 
 854      646500
 855              	.LASF7:
 856 03f2 6C6F6E67 		.ascii	"long unsigned int\000"
 856      20756E73 
 856      69676E65 
 856      6420696E 
 856      7400
 857              	.LASF14:
 858 0404 646F7562 		.ascii	"double\000"
 858      6C6500
 859              	.LASF36:
 860 040b 52435F45 		.ascii	"RC_ERROR_CHECKSUM\000"
 860      52524F52 
 860      5F434845 
 860      434B5355 
 860      4D00
 861              	.LASF19:
 862 041d 45455F55 		.ascii	"EE_UREG\000"
 862      52454700 
 863              	.LASF53:
 864 0425 4C45445F 		.ascii	"LED_ALL\000"
 864      414C4C00 
 865              	.LASF5:
 866 042d 5F5F696E 		.ascii	"__int32_t\000"
 866      7433325F 
 866      7400
 867              	.LASF45:
 868 0437 52435F45 		.ascii	"RC_ERROR_CANCELED\000"
 868      52524F52 
 868      5F43414E 
 868      43454C45 
 868      4400
 869              	.LASF68:
 870 0449 53435F42 		.ascii	"SC_BREAKLIGHT_driverOut\000"
 870      5245414B 
 870      4C494748 
 870      545F6472 
 870      69766572 
 871              	.LASF62:
 872 0461 49544D5F 		.ascii	"ITM_RxBuffer\000"
 872      52784275 
 872      66666572 
 872      00
 873              	.LASF24:
 874 046e 52435F45 		.ascii	"RC_ERROR\000"
 874      52524F52 
 874      00
 875              	.LASF50:
 876 0477 4C45445F 		.ascii	"LED_RED\000"
 876      52454400 
 877              	.LASF27:
 878 047f 52435F45 		.ascii	"RC_ERROR_MEMORY\000"
 878      52524F52 
 878      5F4D454D 
 878      4F525900 
ARM GAS  C:\Users\vboxuser\AppData\Local\Temp\ccuZzGpX.s 			page 21


 879              	.LASF57:
 880 048f 45455F6F 		.ascii	"EE_oo_IRQ_disable_count\000"
 880      6F5F4952 
 880      515F6469 
 880      7361626C 
 880      655F636F 
 881              	.LASF49:
 882 04a7 52435F74 		.ascii	"RC_t\000"
 882      00
 883              	.LASF34:
 884 04ac 52435F45 		.ascii	"RC_ERROR_TIME_OUT\000"
 884      52524F52 
 884      5F54494D 
 884      455F4F55 
 884      5400
 885              		.ident	"GCC: (GNU Tools for ARM Embedded Processors) 5.4.1 20160609 (release) [ARM/embedded-5-bran
