ARM GAS  C:\Users\vboxuser\AppData\Local\Temp\ccv5gJ3C.s 			page 1


   1              		.syntax unified
   2              		.cpu cortex-m3
   3              		.fpu softvfp
   4              		.eabi_attribute 20, 1
   5              		.eabi_attribute 21, 1
   6              		.eabi_attribute 23, 3
   7              		.eabi_attribute 24, 1
   8              		.eabi_attribute 25, 1
   9              		.eabi_attribute 26, 1
  10              		.eabi_attribute 30, 1
  11              		.eabi_attribute 34, 1
  12              		.eabi_attribute 18, 4
  13              		.thumb
  14              		.syntax unified
  15              		.file	"sc_screen_type.c"
  16              		.text
  17              	.Ltext0:
  18              		.cfi_sections	.debug_frame
  19              		.section	.text.SC_SCREEN_driverOut,"ax",%progbits
  20              		.align	2
  21              		.global	SC_SCREEN_driverOut
  22              		.thumb
  23              		.thumb_func
  24              		.type	SC_SCREEN_driverOut, %function
  25              	SC_SCREEN_driverOut:
  26              	.LFB111:
  27              		.file 1 "bsw\\rte\\sc_screen_type.c"
   1:bsw\rte/sc_screen_type.c **** /*
   2:bsw\rte/sc_screen_type.c ****  * Filename: sc_screen_type.c
   3:bsw\rte/sc_screen_type.c ****  *
   4:bsw\rte/sc_screen_type.c ****  * Author: Autogenerated by H-DA RTE Generator, (c) Prof. Fromm
   5:bsw\rte/sc_screen_type.c ****  *
   6:bsw\rte/sc_screen_type.c ****  * description: Signal for displaying on screen
   7:bsw\rte/sc_screen_type.c ****  * name: sc_screen
   8:bsw\rte/sc_screen_type.c ****  * shortname: screen
   9:bsw\rte/sc_screen_type.c ****  *
  10:bsw\rte/sc_screen_type.c ****  */
  11:bsw\rte/sc_screen_type.c **** 
  12:bsw\rte/sc_screen_type.c **** #include "project.h"
  13:bsw\rte/sc_screen_type.c **** #include "global.h"
  14:bsw\rte/sc_screen_type.c **** #include "rte.h"
  15:bsw\rte/sc_screen_type.c **** #include "rte_types.h"
  16:bsw\rte/sc_screen_type.c **** #include "sc_screen_type.h"
  17:bsw\rte/sc_screen_type.c **** 
  18:bsw\rte/sc_screen_type.c **** 
  19:bsw\rte/sc_screen_type.c **** 
  20:bsw\rte/sc_screen_type.c **** /* USER CODE START SC_SCREEN_INCLUDE */
  21:bsw\rte/sc_screen_type.c **** 
  22:bsw\rte/sc_screen_type.c **** /* USER CODE END SC_SCREEN_INCLUDE */
  23:bsw\rte/sc_screen_type.c **** 
  24:bsw\rte/sc_screen_type.c **** 
  25:bsw\rte/sc_screen_type.c **** 
  26:bsw\rte/sc_screen_type.c **** 
  27:bsw\rte/sc_screen_type.c **** /* USER CODE START SC_SCREEN_USERDEFINITIONS */
  28:bsw\rte/sc_screen_type.c **** 
  29:bsw\rte/sc_screen_type.c **** /* USER CODE END SC_SCREEN_USERDEFINITIONS */
  30:bsw\rte/sc_screen_type.c **** 
ARM GAS  C:\Users\vboxuser\AppData\Local\Temp\ccv5gJ3C.s 			page 2


  31:bsw\rte/sc_screen_type.c **** 
  32:bsw\rte/sc_screen_type.c **** /*****************************************************************************************
  33:bsw\rte/sc_screen_type.c ****  *************** Port Wrapper Implementation for SC_SCREEN signal  ****************
  34:bsw\rte/sc_screen_type.c ****  *****************************************************************************************/
  35:bsw\rte/sc_screen_type.c ****  
  36:bsw\rte/sc_screen_type.c ****  
  37:bsw\rte/sc_screen_type.c **** /**
  38:bsw\rte/sc_screen_type.c ****  * Default OUT driver API
  39:bsw\rte/sc_screen_type.c ****  */
  40:bsw\rte/sc_screen_type.c **** inline RC_t SC_SCREEN_driverOut(const SC_SCREEN_data_t  *const data)
  41:bsw\rte/sc_screen_type.c **** {
  28              		.loc 1 41 0
  29              		.cfi_startproc
  30              		@ args = 0, pretend = 0, frame = 0
  31              		@ frame_needed = 0, uses_anonymous_args = 0
  32              	.LVL0:
  33 0000 08B5     		push	{r3, lr}
  34              		.cfi_def_cfa_offset 8
  35              		.cfi_offset 3, -8
  36              		.cfi_offset 14, -4
  37              	.LVL1:
  42:bsw\rte/sc_screen_type.c **** 	/* USER CODE START driverOutSC_SCREEN */
  43:bsw\rte/sc_screen_type.c **** 
  44:bsw\rte/sc_screen_type.c **** 
  45:bsw\rte/sc_screen_type.c **** 	//Scale application data to drive format
  46:bsw\rte/sc_screen_type.c ****     uint8_t dummy = data->dummy_screen;
  47:bsw\rte/sc_screen_type.c ****     TFT_print("Further task");
  38              		.loc 1 47 0
  39 0002 0248     		ldr	r0, .L3
  40              	.LVL2:
  41 0004 FFF7FEFF 		bl	TFT_print
  42              	.LVL3:
  48:bsw\rte/sc_screen_type.c ****     
  49:bsw\rte/sc_screen_type.c **** 	//Write scaled data to driver
  50:bsw\rte/sc_screen_type.c **** 
  51:bsw\rte/sc_screen_type.c **** 	return RC_SUCCESS;
  52:bsw\rte/sc_screen_type.c **** 	/* USER CODE END driverOutSC_SCREEN */
  53:bsw\rte/sc_screen_type.c **** }
  43              		.loc 1 53 0
  44 0008 0020     		movs	r0, #0
  45 000a 08BD     		pop	{r3, pc}
  46              	.L4:
  47              		.align	2
  48              	.L3:
  49 000c 00000000 		.word	.LC0
  50              		.cfi_endproc
  51              	.LFE111:
  52              		.size	SC_SCREEN_driverOut, .-SC_SCREEN_driverOut
  53              		.section	.rodata.str1.4,"aMS",%progbits,1
  54              		.align	2
  55              	.LC0:
  56 0000 46757274 		.ascii	"Further task\000"
  56      68657220 
  56      7461736B 
  56      00
  57              		.text
  58              	.Letext0:
ARM GAS  C:\Users\vboxuser\AppData\Local\Temp\ccv5gJ3C.s 			page 3


  59              		.file 2 "c:\\program files (x86)\\cypress\\psoc creator\\4.4\\psoc creator\\import\\gnu\\arm\\5.4.
  60              		.file 3 "c:\\program files (x86)\\cypress\\psoc creator\\4.4\\psoc creator\\import\\gnu\\arm\\5.4.
  61              		.file 4 "Generated_Source\\PSoC5/ErikaOS_1_common_ee_types.inc"
  62              		.file 5 "Generated_Source\\PSoC5/ErikaOS_1_cortex_mx_ee_cpu.inc"
  63              		.file 6 ".\\bsw/global.h"
  64              		.file 7 "bsw\\rte\\sc_screen_type.h"
  65              		.file 8 "Generated_Source\\PSoC5/ErikaOS_1_ee_oo_intfunc.inc"
  66              		.file 9 "Generated_Source\\PSoC5/ErikaOS_1_cortex_mx_ee_context.inc"
  67              		.file 10 "Generated_Source\\PSoC5/ErikaOS_1_common_ee_primitives.inc"
  68              		.file 11 "Generated_Source\\PSoC5/core_cm3.h"
  69              		.file 12 ".\\bsw\\tft/tft.h"
  70              		.section	.debug_info,"",%progbits
  71              	.Ldebug_info0:
  72 0000 71020000 		.4byte	0x271
  73 0004 0400     		.2byte	0x4
  74 0006 00000000 		.4byte	.Ldebug_abbrev0
  75 000a 04       		.byte	0x4
  76 000b 01       		.uleb128 0x1
  77 000c C0020000 		.4byte	.LASF57
  78 0010 0C       		.byte	0xc
  79 0011 49040000 		.4byte	.LASF58
  80 0015 32000000 		.4byte	.LASF59
  81 0019 00000000 		.4byte	.Ldebug_ranges0+0
  82 001d 00000000 		.4byte	0
  83 0021 00000000 		.4byte	.Ldebug_line0
  84 0025 02       		.uleb128 0x2
  85 0026 01       		.byte	0x1
  86 0027 06       		.byte	0x6
  87 0028 42020000 		.4byte	.LASF0
  88 002c 03       		.uleb128 0x3
  89 002d FB010000 		.4byte	.LASF4
  90 0031 02       		.byte	0x2
  91 0032 1D       		.byte	0x1d
  92 0033 37000000 		.4byte	0x37
  93 0037 02       		.uleb128 0x2
  94 0038 01       		.byte	0x1
  95 0039 08       		.byte	0x8
  96 003a 34020000 		.4byte	.LASF1
  97 003e 02       		.uleb128 0x2
  98 003f 02       		.byte	0x2
  99 0040 05       		.byte	0x5
 100 0041 77000000 		.4byte	.LASF2
 101 0045 02       		.uleb128 0x2
 102 0046 02       		.byte	0x2
 103 0047 07       		.byte	0x7
 104 0048 AD020000 		.4byte	.LASF3
 105 004c 03       		.uleb128 0x3
 106 004d E2030000 		.4byte	.LASF5
 107 0051 02       		.byte	0x2
 108 0052 3F       		.byte	0x3f
 109 0053 57000000 		.4byte	0x57
 110 0057 02       		.uleb128 0x2
 111 0058 04       		.byte	0x4
 112 0059 05       		.byte	0x5
 113 005a BB010000 		.4byte	.LASF6
 114 005e 02       		.uleb128 0x2
 115 005f 04       		.byte	0x4
ARM GAS  C:\Users\vboxuser\AppData\Local\Temp\ccv5gJ3C.s 			page 4


 116 0060 07       		.byte	0x7
 117 0061 9B030000 		.4byte	.LASF7
 118 0065 02       		.uleb128 0x2
 119 0066 08       		.byte	0x8
 120 0067 05       		.byte	0x5
 121 0068 70010000 		.4byte	.LASF8
 122 006c 02       		.uleb128 0x2
 123 006d 08       		.byte	0x8
 124 006e 07       		.byte	0x7
 125 006f 4E020000 		.4byte	.LASF9
 126 0073 04       		.uleb128 0x4
 127 0074 04       		.byte	0x4
 128 0075 05       		.byte	0x5
 129 0076 696E7400 		.ascii	"int\000"
 130 007a 02       		.uleb128 0x2
 131 007b 04       		.byte	0x4
 132 007c 07       		.byte	0x7
 133 007d 65020000 		.4byte	.LASF10
 134 0081 03       		.uleb128 0x3
 135 0082 F5000000 		.4byte	.LASF11
 136 0086 03       		.byte	0x3
 137 0087 18       		.byte	0x18
 138 0088 2C000000 		.4byte	0x2c
 139 008c 03       		.uleb128 0x3
 140 008d 68030000 		.4byte	.LASF12
 141 0091 03       		.byte	0x3
 142 0092 2C       		.byte	0x2c
 143 0093 4C000000 		.4byte	0x4c
 144 0097 02       		.uleb128 0x2
 145 0098 04       		.byte	0x4
 146 0099 04       		.byte	0x4
 147 009a 51010000 		.4byte	.LASF13
 148 009e 02       		.uleb128 0x2
 149 009f 08       		.byte	0x8
 150 00a0 04       		.byte	0x4
 151 00a1 AD030000 		.4byte	.LASF14
 152 00a5 02       		.uleb128 0x2
 153 00a6 01       		.byte	0x1
 154 00a7 08       		.byte	0x8
 155 00a8 4E030000 		.4byte	.LASF15
 156 00ac 02       		.uleb128 0x2
 157 00ad 08       		.byte	0x8
 158 00ae 04       		.byte	0x4
 159 00af 28020000 		.4byte	.LASF16
 160 00b3 03       		.uleb128 0x3
 161 00b4 A4020000 		.4byte	.LASF17
 162 00b8 04       		.byte	0x4
 163 00b9 53       		.byte	0x53
 164 00ba 73000000 		.4byte	0x73
 165 00be 03       		.uleb128 0x3
 166 00bf E4000000 		.4byte	.LASF18
 167 00c3 04       		.byte	0x4
 168 00c4 54       		.byte	0x54
 169 00c5 7A000000 		.4byte	0x7a
 170 00c9 03       		.uleb128 0x3
 171 00ca DA030000 		.4byte	.LASF19
 172 00ce 05       		.byte	0x5
ARM GAS  C:\Users\vboxuser\AppData\Local\Temp\ccv5gJ3C.s 			page 5


 173 00cf 4D       		.byte	0x4d
 174 00d0 BE000000 		.4byte	0xbe
 175 00d4 03       		.uleb128 0x3
 176 00d5 C8000000 		.4byte	.LASF20
 177 00d9 05       		.byte	0x5
 178 00da 4F       		.byte	0x4f
 179 00db BE000000 		.4byte	0xbe
 180 00df 03       		.uleb128 0x3
 181 00e0 EE000000 		.4byte	.LASF21
 182 00e4 05       		.byte	0x5
 183 00e5 78       		.byte	0x78
 184 00e6 B3000000 		.4byte	0xb3
 185 00ea 02       		.uleb128 0x2
 186 00eb 04       		.byte	0x4
 187 00ec 07       		.byte	0x7
 188 00ed B1000000 		.4byte	.LASF22
 189 00f1 05       		.uleb128 0x5
 190 00f2 01       		.byte	0x1
 191 00f3 25000000 		.4byte	0x25
 192 00f7 06       		.byte	0x6
 193 00f8 CF       		.byte	0xcf
 194 00f9 9A010000 		.4byte	0x19a
 195 00fd 06       		.uleb128 0x6
 196 00fe 13000000 		.4byte	.LASF23
 197 0102 00       		.byte	0
 198 0103 07       		.uleb128 0x7
 199 0104 18040000 		.4byte	.LASF24
 200 0108 7F       		.sleb128 -1
 201 0109 07       		.uleb128 0x7
 202 010a 80020000 		.4byte	.LASF25
 203 010e 7E       		.sleb128 -2
 204 010f 07       		.uleb128 0x7
 205 0110 BA000000 		.4byte	.LASF26
 206 0114 7D       		.sleb128 -3
 207 0115 07       		.uleb128 0x7
 208 0116 21040000 		.4byte	.LASF27
 209 011a 7C       		.sleb128 -4
 210 011b 07       		.uleb128 0x7
 211 011c 42010000 		.4byte	.LASF28
 212 0120 7B       		.sleb128 -5
 213 0121 07       		.uleb128 0x7
 214 0122 81000000 		.4byte	.LASF29
 215 0126 7A       		.sleb128 -6
 216 0127 07       		.uleb128 0x7
 217 0128 C4010000 		.4byte	.LASF30
 218 012c 79       		.sleb128 -7
 219 012d 07       		.uleb128 0x7
 220 012e 53030000 		.4byte	.LASF31
 221 0132 78       		.sleb128 -8
 222 0133 07       		.uleb128 0x7
 223 0134 8E020000 		.4byte	.LASF32
 224 0138 77       		.sleb128 -9
 225 0139 07       		.uleb128 0x7
 226 013a E7010000 		.4byte	.LASF33
 227 013e 76       		.sleb128 -10
 228 013f 07       		.uleb128 0x7
 229 0140 67040000 		.4byte	.LASF34
ARM GAS  C:\Users\vboxuser\AppData\Local\Temp\ccv5gJ3C.s 			page 6


 230 0144 75       		.sleb128 -11
 231 0145 07       		.uleb128 0x7
 232 0146 72020000 		.4byte	.LASF35
 233 014a 74       		.sleb128 -12
 234 014b 07       		.uleb128 0x7
 235 014c C8030000 		.4byte	.LASF36
 236 0150 73       		.sleb128 -13
 237 0151 07       		.uleb128 0x7
 238 0152 00000000 		.4byte	.LASF37
 239 0156 72       		.sleb128 -14
 240 0157 07       		.uleb128 0x7
 241 0158 1E000000 		.4byte	.LASF38
 242 015c 71       		.sleb128 -15
 243 015d 07       		.uleb128 0x7
 244 015e 05020000 		.4byte	.LASF39
 245 0162 70       		.sleb128 -16
 246 0163 07       		.uleb128 0x7
 247 0164 D0000000 		.4byte	.LASF40
 248 0168 6F       		.sleb128 -17
 249 0169 07       		.uleb128 0x7
 250 016a 92000000 		.4byte	.LASF41
 251 016e 6E       		.sleb128 -18
 252 016f 07       		.uleb128 0x7
 253 0170 97010000 		.4byte	.LASF42
 254 0174 6D       		.sleb128 -19
 255 0175 07       		.uleb128 0x7
 256 0176 70030000 		.4byte	.LASF43
 257 017a 6C       		.sleb128 -20
 258 017b 07       		.uleb128 0x7
 259 017c 16020000 		.4byte	.LASF44
 260 0180 6B       		.sleb128 -21
 261 0181 07       		.uleb128 0x7
 262 0182 EC030000 		.4byte	.LASF45
 263 0186 6A       		.sleb128 -22
 264 0187 07       		.uleb128 0x7
 265 0188 FD000000 		.4byte	.LASF46
 266 018c 69       		.sleb128 -23
 267 018d 07       		.uleb128 0x7
 268 018e AA010000 		.4byte	.LASF47
 269 0192 68       		.sleb128 -24
 270 0193 07       		.uleb128 0x7
 271 0194 57010000 		.4byte	.LASF48
 272 0198 67       		.sleb128 -25
 273 0199 00       		.byte	0
 274 019a 03       		.uleb128 0x3
 275 019b 62040000 		.4byte	.LASF49
 276 019f 06       		.byte	0x6
 277 01a0 EA       		.byte	0xea
 278 01a1 F1000000 		.4byte	0xf1
 279 01a5 08       		.uleb128 0x8
 280 01a6 01       		.byte	0x1
 281 01a7 07       		.byte	0x7
 282 01a8 21       		.byte	0x21
 283 01a9 BA010000 		.4byte	0x1ba
 284 01ad 09       		.uleb128 0x9
 285 01ae FE030000 		.4byte	.LASF60
 286 01b2 07       		.byte	0x7
ARM GAS  C:\Users\vboxuser\AppData\Local\Temp\ccv5gJ3C.s 			page 7


 287 01b3 23       		.byte	0x23
 288 01b4 81000000 		.4byte	0x81
 289 01b8 00       		.byte	0
 290 01b9 00       		.byte	0
 291 01ba 03       		.uleb128 0x3
 292 01bb D6010000 		.4byte	.LASF50
 293 01bf 07       		.byte	0x7
 294 01c0 26       		.byte	0x26
 295 01c1 A5010000 		.4byte	0x1a5
 296 01c5 0A       		.uleb128 0xa
 297 01c6 B4030000 		.4byte	.LASF61
 298 01ca 01       		.byte	0x1
 299 01cb 28       		.byte	0x28
 300 01cc 9A010000 		.4byte	0x19a
 301 01d0 00000000 		.4byte	.LFB111
 302 01d4 10000000 		.4byte	.LFE111-.LFB111
 303 01d8 01       		.uleb128 0x1
 304 01d9 9C       		.byte	0x9c
 305 01da 10020000 		.4byte	0x210
 306 01de 0B       		.uleb128 0xb
 307 01df 83030000 		.4byte	.LASF62
 308 01e3 01       		.byte	0x1
 309 01e4 28       		.byte	0x28
 310 01e5 1B020000 		.4byte	0x21b
 311 01e9 00000000 		.4byte	.LLST0
 312 01ed 0C       		.uleb128 0xc
 313 01ee F5010000 		.4byte	.LASF63
 314 01f2 01       		.byte	0x1
 315 01f3 2E       		.byte	0x2e
 316 01f4 81000000 		.4byte	0x81
 317 01f8 21000000 		.4byte	.LLST1
 318 01fc 0D       		.uleb128 0xd
 319 01fd 08000000 		.4byte	.LVL3
 320 0201 68020000 		.4byte	0x268
 321 0205 0E       		.uleb128 0xe
 322 0206 01       		.uleb128 0x1
 323 0207 50       		.byte	0x50
 324 0208 05       		.uleb128 0x5
 325 0209 03       		.byte	0x3
 326 020a 00000000 		.4byte	.LC0
 327 020e 00       		.byte	0
 328 020f 00       		.byte	0
 329 0210 0F       		.uleb128 0xf
 330 0211 04       		.byte	0x4
 331 0212 16020000 		.4byte	0x216
 332 0216 10       		.uleb128 0x10
 333 0217 BA010000 		.4byte	0x1ba
 334 021b 10       		.uleb128 0x10
 335 021c 10020000 		.4byte	0x210
 336 0220 11       		.uleb128 0x11
 337 0221 31040000 		.4byte	.LASF51
 338 0225 08       		.byte	0x8
 339 0226 40       		.byte	0x40
 340 0227 C9000000 		.4byte	0xc9
 341 022b 11       		.uleb128 0x11
 342 022c 7E010000 		.4byte	.LASF52
 343 0230 08       		.byte	0x8
ARM GAS  C:\Users\vboxuser\AppData\Local\Temp\ccv5gJ3C.s 			page 8


 344 0231 47       		.byte	0x47
 345 0232 D4000000 		.4byte	0xd4
 346 0236 11       		.uleb128 0x11
 347 0237 88030000 		.4byte	.LASF53
 348 023b 08       		.byte	0x8
 349 023c 4A       		.byte	0x4a
 350 023d C9000000 		.4byte	0xc9
 351 0241 11       		.uleb128 0x11
 352 0242 29010000 		.4byte	.LASF54
 353 0246 09       		.byte	0x9
 354 0247 48       		.byte	0x48
 355 0248 DF000000 		.4byte	0xdf
 356 024c 11       		.uleb128 0x11
 357 024d 14010000 		.4byte	.LASF55
 358 0251 0A       		.byte	0xa
 359 0252 44       		.byte	0x44
 360 0253 C9000000 		.4byte	0xc9
 361 0257 12       		.uleb128 0x12
 362 0258 0B040000 		.4byte	.LASF56
 363 025c 0B       		.byte	0xb
 364 025d 1207     		.2byte	0x712
 365 025f 63020000 		.4byte	0x263
 366 0263 13       		.uleb128 0x13
 367 0264 8C000000 		.4byte	0x8c
 368 0268 14       		.uleb128 0x14
 369 0269 A7000000 		.4byte	.LASF64
 370 026d A7000000 		.4byte	.LASF64
 371 0271 0C       		.byte	0xc
 372 0272 AC01     		.2byte	0x1ac
 373 0274 00       		.byte	0
 374              		.section	.debug_abbrev,"",%progbits
 375              	.Ldebug_abbrev0:
 376 0000 01       		.uleb128 0x1
 377 0001 11       		.uleb128 0x11
 378 0002 01       		.byte	0x1
 379 0003 25       		.uleb128 0x25
 380 0004 0E       		.uleb128 0xe
 381 0005 13       		.uleb128 0x13
 382 0006 0B       		.uleb128 0xb
 383 0007 03       		.uleb128 0x3
 384 0008 0E       		.uleb128 0xe
 385 0009 1B       		.uleb128 0x1b
 386 000a 0E       		.uleb128 0xe
 387 000b 55       		.uleb128 0x55
 388 000c 17       		.uleb128 0x17
 389 000d 11       		.uleb128 0x11
 390 000e 01       		.uleb128 0x1
 391 000f 10       		.uleb128 0x10
 392 0010 17       		.uleb128 0x17
 393 0011 00       		.byte	0
 394 0012 00       		.byte	0
 395 0013 02       		.uleb128 0x2
 396 0014 24       		.uleb128 0x24
 397 0015 00       		.byte	0
 398 0016 0B       		.uleb128 0xb
 399 0017 0B       		.uleb128 0xb
 400 0018 3E       		.uleb128 0x3e
ARM GAS  C:\Users\vboxuser\AppData\Local\Temp\ccv5gJ3C.s 			page 9


 401 0019 0B       		.uleb128 0xb
 402 001a 03       		.uleb128 0x3
 403 001b 0E       		.uleb128 0xe
 404 001c 00       		.byte	0
 405 001d 00       		.byte	0
 406 001e 03       		.uleb128 0x3
 407 001f 16       		.uleb128 0x16
 408 0020 00       		.byte	0
 409 0021 03       		.uleb128 0x3
 410 0022 0E       		.uleb128 0xe
 411 0023 3A       		.uleb128 0x3a
 412 0024 0B       		.uleb128 0xb
 413 0025 3B       		.uleb128 0x3b
 414 0026 0B       		.uleb128 0xb
 415 0027 49       		.uleb128 0x49
 416 0028 13       		.uleb128 0x13
 417 0029 00       		.byte	0
 418 002a 00       		.byte	0
 419 002b 04       		.uleb128 0x4
 420 002c 24       		.uleb128 0x24
 421 002d 00       		.byte	0
 422 002e 0B       		.uleb128 0xb
 423 002f 0B       		.uleb128 0xb
 424 0030 3E       		.uleb128 0x3e
 425 0031 0B       		.uleb128 0xb
 426 0032 03       		.uleb128 0x3
 427 0033 08       		.uleb128 0x8
 428 0034 00       		.byte	0
 429 0035 00       		.byte	0
 430 0036 05       		.uleb128 0x5
 431 0037 04       		.uleb128 0x4
 432 0038 01       		.byte	0x1
 433 0039 0B       		.uleb128 0xb
 434 003a 0B       		.uleb128 0xb
 435 003b 49       		.uleb128 0x49
 436 003c 13       		.uleb128 0x13
 437 003d 3A       		.uleb128 0x3a
 438 003e 0B       		.uleb128 0xb
 439 003f 3B       		.uleb128 0x3b
 440 0040 0B       		.uleb128 0xb
 441 0041 01       		.uleb128 0x1
 442 0042 13       		.uleb128 0x13
 443 0043 00       		.byte	0
 444 0044 00       		.byte	0
 445 0045 06       		.uleb128 0x6
 446 0046 28       		.uleb128 0x28
 447 0047 00       		.byte	0
 448 0048 03       		.uleb128 0x3
 449 0049 0E       		.uleb128 0xe
 450 004a 1C       		.uleb128 0x1c
 451 004b 0B       		.uleb128 0xb
 452 004c 00       		.byte	0
 453 004d 00       		.byte	0
 454 004e 07       		.uleb128 0x7
 455 004f 28       		.uleb128 0x28
 456 0050 00       		.byte	0
 457 0051 03       		.uleb128 0x3
ARM GAS  C:\Users\vboxuser\AppData\Local\Temp\ccv5gJ3C.s 			page 10


 458 0052 0E       		.uleb128 0xe
 459 0053 1C       		.uleb128 0x1c
 460 0054 0D       		.uleb128 0xd
 461 0055 00       		.byte	0
 462 0056 00       		.byte	0
 463 0057 08       		.uleb128 0x8
 464 0058 13       		.uleb128 0x13
 465 0059 01       		.byte	0x1
 466 005a 0B       		.uleb128 0xb
 467 005b 0B       		.uleb128 0xb
 468 005c 3A       		.uleb128 0x3a
 469 005d 0B       		.uleb128 0xb
 470 005e 3B       		.uleb128 0x3b
 471 005f 0B       		.uleb128 0xb
 472 0060 01       		.uleb128 0x1
 473 0061 13       		.uleb128 0x13
 474 0062 00       		.byte	0
 475 0063 00       		.byte	0
 476 0064 09       		.uleb128 0x9
 477 0065 0D       		.uleb128 0xd
 478 0066 00       		.byte	0
 479 0067 03       		.uleb128 0x3
 480 0068 0E       		.uleb128 0xe
 481 0069 3A       		.uleb128 0x3a
 482 006a 0B       		.uleb128 0xb
 483 006b 3B       		.uleb128 0x3b
 484 006c 0B       		.uleb128 0xb
 485 006d 49       		.uleb128 0x49
 486 006e 13       		.uleb128 0x13
 487 006f 38       		.uleb128 0x38
 488 0070 0B       		.uleb128 0xb
 489 0071 00       		.byte	0
 490 0072 00       		.byte	0
 491 0073 0A       		.uleb128 0xa
 492 0074 2E       		.uleb128 0x2e
 493 0075 01       		.byte	0x1
 494 0076 3F       		.uleb128 0x3f
 495 0077 19       		.uleb128 0x19
 496 0078 03       		.uleb128 0x3
 497 0079 0E       		.uleb128 0xe
 498 007a 3A       		.uleb128 0x3a
 499 007b 0B       		.uleb128 0xb
 500 007c 3B       		.uleb128 0x3b
 501 007d 0B       		.uleb128 0xb
 502 007e 27       		.uleb128 0x27
 503 007f 19       		.uleb128 0x19
 504 0080 49       		.uleb128 0x49
 505 0081 13       		.uleb128 0x13
 506 0082 11       		.uleb128 0x11
 507 0083 01       		.uleb128 0x1
 508 0084 12       		.uleb128 0x12
 509 0085 06       		.uleb128 0x6
 510 0086 40       		.uleb128 0x40
 511 0087 18       		.uleb128 0x18
 512 0088 9742     		.uleb128 0x2117
 513 008a 19       		.uleb128 0x19
 514 008b 01       		.uleb128 0x1
ARM GAS  C:\Users\vboxuser\AppData\Local\Temp\ccv5gJ3C.s 			page 11


 515 008c 13       		.uleb128 0x13
 516 008d 00       		.byte	0
 517 008e 00       		.byte	0
 518 008f 0B       		.uleb128 0xb
 519 0090 05       		.uleb128 0x5
 520 0091 00       		.byte	0
 521 0092 03       		.uleb128 0x3
 522 0093 0E       		.uleb128 0xe
 523 0094 3A       		.uleb128 0x3a
 524 0095 0B       		.uleb128 0xb
 525 0096 3B       		.uleb128 0x3b
 526 0097 0B       		.uleb128 0xb
 527 0098 49       		.uleb128 0x49
 528 0099 13       		.uleb128 0x13
 529 009a 02       		.uleb128 0x2
 530 009b 17       		.uleb128 0x17
 531 009c 00       		.byte	0
 532 009d 00       		.byte	0
 533 009e 0C       		.uleb128 0xc
 534 009f 34       		.uleb128 0x34
 535 00a0 00       		.byte	0
 536 00a1 03       		.uleb128 0x3
 537 00a2 0E       		.uleb128 0xe
 538 00a3 3A       		.uleb128 0x3a
 539 00a4 0B       		.uleb128 0xb
 540 00a5 3B       		.uleb128 0x3b
 541 00a6 0B       		.uleb128 0xb
 542 00a7 49       		.uleb128 0x49
 543 00a8 13       		.uleb128 0x13
 544 00a9 02       		.uleb128 0x2
 545 00aa 17       		.uleb128 0x17
 546 00ab 00       		.byte	0
 547 00ac 00       		.byte	0
 548 00ad 0D       		.uleb128 0xd
 549 00ae 898201   		.uleb128 0x4109
 550 00b1 01       		.byte	0x1
 551 00b2 11       		.uleb128 0x11
 552 00b3 01       		.uleb128 0x1
 553 00b4 31       		.uleb128 0x31
 554 00b5 13       		.uleb128 0x13
 555 00b6 00       		.byte	0
 556 00b7 00       		.byte	0
 557 00b8 0E       		.uleb128 0xe
 558 00b9 8A8201   		.uleb128 0x410a
 559 00bc 00       		.byte	0
 560 00bd 02       		.uleb128 0x2
 561 00be 18       		.uleb128 0x18
 562 00bf 9142     		.uleb128 0x2111
 563 00c1 18       		.uleb128 0x18
 564 00c2 00       		.byte	0
 565 00c3 00       		.byte	0
 566 00c4 0F       		.uleb128 0xf
 567 00c5 0F       		.uleb128 0xf
 568 00c6 00       		.byte	0
 569 00c7 0B       		.uleb128 0xb
 570 00c8 0B       		.uleb128 0xb
 571 00c9 49       		.uleb128 0x49
ARM GAS  C:\Users\vboxuser\AppData\Local\Temp\ccv5gJ3C.s 			page 12


 572 00ca 13       		.uleb128 0x13
 573 00cb 00       		.byte	0
 574 00cc 00       		.byte	0
 575 00cd 10       		.uleb128 0x10
 576 00ce 26       		.uleb128 0x26
 577 00cf 00       		.byte	0
 578 00d0 49       		.uleb128 0x49
 579 00d1 13       		.uleb128 0x13
 580 00d2 00       		.byte	0
 581 00d3 00       		.byte	0
 582 00d4 11       		.uleb128 0x11
 583 00d5 34       		.uleb128 0x34
 584 00d6 00       		.byte	0
 585 00d7 03       		.uleb128 0x3
 586 00d8 0E       		.uleb128 0xe
 587 00d9 3A       		.uleb128 0x3a
 588 00da 0B       		.uleb128 0xb
 589 00db 3B       		.uleb128 0x3b
 590 00dc 0B       		.uleb128 0xb
 591 00dd 49       		.uleb128 0x49
 592 00de 13       		.uleb128 0x13
 593 00df 3F       		.uleb128 0x3f
 594 00e0 19       		.uleb128 0x19
 595 00e1 3C       		.uleb128 0x3c
 596 00e2 19       		.uleb128 0x19
 597 00e3 00       		.byte	0
 598 00e4 00       		.byte	0
 599 00e5 12       		.uleb128 0x12
 600 00e6 34       		.uleb128 0x34
 601 00e7 00       		.byte	0
 602 00e8 03       		.uleb128 0x3
 603 00e9 0E       		.uleb128 0xe
 604 00ea 3A       		.uleb128 0x3a
 605 00eb 0B       		.uleb128 0xb
 606 00ec 3B       		.uleb128 0x3b
 607 00ed 05       		.uleb128 0x5
 608 00ee 49       		.uleb128 0x49
 609 00ef 13       		.uleb128 0x13
 610 00f0 3F       		.uleb128 0x3f
 611 00f1 19       		.uleb128 0x19
 612 00f2 3C       		.uleb128 0x3c
 613 00f3 19       		.uleb128 0x19
 614 00f4 00       		.byte	0
 615 00f5 00       		.byte	0
 616 00f6 13       		.uleb128 0x13
 617 00f7 35       		.uleb128 0x35
 618 00f8 00       		.byte	0
 619 00f9 49       		.uleb128 0x49
 620 00fa 13       		.uleb128 0x13
 621 00fb 00       		.byte	0
 622 00fc 00       		.byte	0
 623 00fd 14       		.uleb128 0x14
 624 00fe 2E       		.uleb128 0x2e
 625 00ff 00       		.byte	0
 626 0100 3F       		.uleb128 0x3f
 627 0101 19       		.uleb128 0x19
 628 0102 3C       		.uleb128 0x3c
ARM GAS  C:\Users\vboxuser\AppData\Local\Temp\ccv5gJ3C.s 			page 13


 629 0103 19       		.uleb128 0x19
 630 0104 6E       		.uleb128 0x6e
 631 0105 0E       		.uleb128 0xe
 632 0106 03       		.uleb128 0x3
 633 0107 0E       		.uleb128 0xe
 634 0108 3A       		.uleb128 0x3a
 635 0109 0B       		.uleb128 0xb
 636 010a 3B       		.uleb128 0x3b
 637 010b 05       		.uleb128 0x5
 638 010c 00       		.byte	0
 639 010d 00       		.byte	0
 640 010e 00       		.byte	0
 641              		.section	.debug_loc,"",%progbits
 642              	.Ldebug_loc0:
 643              	.LLST0:
 644 0000 00000000 		.4byte	.LVL0
 645 0004 04000000 		.4byte	.LVL2
 646 0008 0100     		.2byte	0x1
 647 000a 50       		.byte	0x50
 648 000b 04000000 		.4byte	.LVL2
 649 000f 10000000 		.4byte	.LFE111
 650 0013 0400     		.2byte	0x4
 651 0015 F3       		.byte	0xf3
 652 0016 01       		.uleb128 0x1
 653 0017 50       		.byte	0x50
 654 0018 9F       		.byte	0x9f
 655 0019 00000000 		.4byte	0
 656 001d 00000000 		.4byte	0
 657              	.LLST1:
 658 0021 02000000 		.4byte	.LVL1
 659 0025 04000000 		.4byte	.LVL2
 660 0029 0200     		.2byte	0x2
 661 002b 70       		.byte	0x70
 662 002c 00       		.sleb128 0
 663 002d 04000000 		.4byte	.LVL2
 664 0031 07000000 		.4byte	.LVL3-1
 665 0035 0300     		.2byte	0x3
 666 0037 F3       		.byte	0xf3
 667 0038 01       		.uleb128 0x1
 668 0039 50       		.byte	0x50
 669 003a 00000000 		.4byte	0
 670 003e 00000000 		.4byte	0
 671              		.section	.debug_aranges,"",%progbits
 672 0000 1C000000 		.4byte	0x1c
 673 0004 0200     		.2byte	0x2
 674 0006 00000000 		.4byte	.Ldebug_info0
 675 000a 04       		.byte	0x4
 676 000b 00       		.byte	0
 677 000c 0000     		.2byte	0
 678 000e 0000     		.2byte	0
 679 0010 00000000 		.4byte	.LFB111
 680 0014 10000000 		.4byte	.LFE111-.LFB111
 681 0018 00000000 		.4byte	0
 682 001c 00000000 		.4byte	0
 683              		.section	.debug_ranges,"",%progbits
 684              	.Ldebug_ranges0:
 685 0000 00000000 		.4byte	.LFB111
ARM GAS  C:\Users\vboxuser\AppData\Local\Temp\ccv5gJ3C.s 			page 14


 686 0004 10000000 		.4byte	.LFE111
 687 0008 00000000 		.4byte	0
 688 000c 00000000 		.4byte	0
 689              		.section	.debug_line,"",%progbits
 690              	.Ldebug_line0:
 691 0000 4F020000 		.section	.debug_str,"MS",%progbits,1
 691      02003802 
 691      00000201 
 691      FB0E0D00 
 691      01010101 
 692              	.LASF37:
 693 0000 52435F45 		.ascii	"RC_ERROR_READ_ONLY\000"
 693      52524F52 
 693      5F524541 
 693      445F4F4E 
 693      4C5900
 694              	.LASF23:
 695 0013 52435F53 		.ascii	"RC_SUCCESS\000"
 695      55434345 
 695      535300
 696              	.LASF38:
 697 001e 52435F45 		.ascii	"RC_ERROR_WRITE_ONLY\000"
 697      52524F52 
 697      5F575249 
 697      54455F4F 
 697      4E4C5900 
 698              	.LASF59:
 699 0032 433A5C55 		.ascii	"C:\\Users\\vboxuser\\Documents\\GitHub\\EAA_GasPeda"
 699      73657273 
 699      5C76626F 
 699      78757365 
 699      725C446F 
 700 0060 6C5C4C61 		.ascii	"l\\Lab 1\\GasPedal.cydsn\000"
 700      6220315C 
 700      47617350 
 700      6564616C 
 700      2E637964 
 701              	.LASF2:
 702 0077 73686F72 		.ascii	"short int\000"
 702      7420696E 
 702      7400
 703              	.LASF29:
 704 0081 52435F45 		.ascii	"RC_ERROR_OVERRUN\000"
 704      52524F52 
 704      5F4F5645 
 704      5252554E 
 704      00
 705              	.LASF41:
 706 0092 52435F45 		.ascii	"RC_ERROR_WRITE_FAILS\000"
 706      52524F52 
 706      5F575249 
 706      54455F46 
 706      41494C53 
 707              	.LASF64:
 708 00a7 5446545F 		.ascii	"TFT_print\000"
 708      7072696E 
 708      7400
ARM GAS  C:\Users\vboxuser\AppData\Local\Temp\ccv5gJ3C.s 			page 15


 709              	.LASF22:
 710 00b1 73697A65 		.ascii	"sizetype\000"
 710      74797065 
 710      00
 711              	.LASF26:
 712 00ba 52435F45 		.ascii	"RC_ERROR_ZERO\000"
 712      52524F52 
 712      5F5A4552 
 712      4F00
 713              	.LASF20:
 714 00c8 45455F46 		.ascii	"EE_FREG\000"
 714      52454700 
 715              	.LASF40:
 716 00d0 52435F45 		.ascii	"RC_ERROR_READ_FAILS\000"
 716      52524F52 
 716      5F524541 
 716      445F4641 
 716      494C5300 
 717              	.LASF18:
 718 00e4 45455F55 		.ascii	"EE_UINT32\000"
 718      494E5433 
 718      3200
 719              	.LASF21:
 720 00ee 45455F54 		.ascii	"EE_TID\000"
 720      494400
 721              	.LASF11:
 722 00f5 75696E74 		.ascii	"uint8_t\000"
 722      385F7400 
 723              	.LASF46:
 724 00fd 52435F45 		.ascii	"RC_ERROR_INVALID_STATE\000"
 724      52524F52 
 724      5F494E56 
 724      414C4944 
 724      5F535441 
 725              	.LASF55:
 726 0114 45455F49 		.ascii	"EE_IRQ_nesting_level\000"
 726      52515F6E 
 726      65737469 
 726      6E675F6C 
 726      6576656C 
 727              	.LASF54:
 728 0129 45455F73 		.ascii	"EE_std_endcycle_next_tid\000"
 728      74645F65 
 728      6E646379 
 728      636C655F 
 728      6E657874 
 729              	.LASF28:
 730 0142 52435F45 		.ascii	"RC_ERROR_RANGE\000"
 730      52524F52 
 730      5F52414E 
 730      474500
 731              	.LASF13:
 732 0151 666C6F61 		.ascii	"float\000"
 732      7400
 733              	.LASF48:
 734 0157 52435F45 		.ascii	"RC_ERROR_NOT_IMPLEMENTED\000"
 734      52524F52 
ARM GAS  C:\Users\vboxuser\AppData\Local\Temp\ccv5gJ3C.s 			page 16


 734      5F4E4F54 
 734      5F494D50 
 734      4C454D45 
 735              	.LASF8:
 736 0170 6C6F6E67 		.ascii	"long long int\000"
 736      206C6F6E 
 736      6720696E 
 736      7400
 737              	.LASF52:
 738 017e 45455F6F 		.ascii	"EE_oo_IRQ_suspend_status\000"
 738      6F5F4952 
 738      515F7375 
 738      7370656E 
 738      645F7374 
 739              	.LASF42:
 740 0197 52435F45 		.ascii	"RC_ERROR_NOT_MATCH\000"
 740      52524F52 
 740      5F4E4F54 
 740      5F4D4154 
 740      434800
 741              	.LASF47:
 742 01aa 52435F45 		.ascii	"RC_ERROR_UNKNOWN\000"
 742      52524F52 
 742      5F554E4B 
 742      4E4F574E 
 742      00
 743              	.LASF6:
 744 01bb 6C6F6E67 		.ascii	"long int\000"
 744      20696E74 
 744      00
 745              	.LASF30:
 746 01c4 52435F45 		.ascii	"RC_ERROR_UNDERRUN\000"
 746      52524F52 
 746      5F554E44 
 746      45525255 
 746      4E00
 747              	.LASF50:
 748 01d6 53435F53 		.ascii	"SC_SCREEN_data_t\000"
 748      43524545 
 748      4E5F6461 
 748      74615F74 
 748      00
 749              	.LASF33:
 750 01e7 52435F45 		.ascii	"RC_ERROR_BUSY\000"
 750      52524F52 
 750      5F425553 
 750      5900
 751              	.LASF63:
 752 01f5 64756D6D 		.ascii	"dummy\000"
 752      7900
 753              	.LASF4:
 754 01fb 5F5F7569 		.ascii	"__uint8_t\000"
 754      6E74385F 
 754      7400
 755              	.LASF39:
 756 0205 52435F45 		.ascii	"RC_ERROR_INVALID\000"
 756      52524F52 
ARM GAS  C:\Users\vboxuser\AppData\Local\Temp\ccv5gJ3C.s 			page 17


 756      5F494E56 
 756      414C4944 
 756      00
 757              	.LASF44:
 758 0216 52435F45 		.ascii	"RC_ERROR_BAD_DATA\000"
 758      52524F52 
 758      5F424144 
 758      5F444154 
 758      4100
 759              	.LASF16:
 760 0228 6C6F6E67 		.ascii	"long double\000"
 760      20646F75 
 760      626C6500 
 761              	.LASF1:
 762 0234 756E7369 		.ascii	"unsigned char\000"
 762      676E6564 
 762      20636861 
 762      7200
 763              	.LASF0:
 764 0242 7369676E 		.ascii	"signed char\000"
 764      65642063 
 764      68617200 
 765              	.LASF9:
 766 024e 6C6F6E67 		.ascii	"long long unsigned int\000"
 766      206C6F6E 
 766      6720756E 
 766      7369676E 
 766      65642069 
 767              	.LASF10:
 768 0265 756E7369 		.ascii	"unsigned int\000"
 768      676E6564 
 768      20696E74 
 768      00
 769              	.LASF35:
 770 0272 52435F45 		.ascii	"RC_ERROR_OPEN\000"
 770      52524F52 
 770      5F4F5045 
 770      4E00
 771              	.LASF25:
 772 0280 52435F45 		.ascii	"RC_ERROR_NULL\000"
 772      52524F52 
 772      5F4E554C 
 772      4C00
 773              	.LASF32:
 774 028e 52435F45 		.ascii	"RC_ERROR_BUFFER_EMTPY\000"
 774      52524F52 
 774      5F425546 
 774      4645525F 
 774      454D5450 
 775              	.LASF17:
 776 02a4 45455F49 		.ascii	"EE_INT32\000"
 776      4E543332 
 776      00
 777              	.LASF3:
 778 02ad 73686F72 		.ascii	"short unsigned int\000"
 778      7420756E 
 778      7369676E 
ARM GAS  C:\Users\vboxuser\AppData\Local\Temp\ccv5gJ3C.s 			page 18


 778      65642069 
 778      6E7400
 779              	.LASF57:
 780 02c0 474E5520 		.ascii	"GNU C11 5.4.1 20160609 (release) [ARM/embedded-5-br"
 780      43313120 
 780      352E342E 
 780      31203230 
 780      31363036 
 781 02f3 616E6368 		.ascii	"anch revision 237715] -mcpu=cortex-m3 -mthumb -g -O"
 781      20726576 
 781      6973696F 
 781      6E203233 
 781      37373135 
 782 0326 67202D66 		.ascii	"g -ffunction-sections -ffat-lto-objects\000"
 782      66756E63 
 782      74696F6E 
 782      2D736563 
 782      74696F6E 
 783              	.LASF15:
 784 034e 63686172 		.ascii	"char\000"
 784      00
 785              	.LASF31:
 786 0353 52435F45 		.ascii	"RC_ERROR_BUFFER_FULL\000"
 786      52524F52 
 786      5F425546 
 786      4645525F 
 786      46554C4C 
 787              	.LASF12:
 788 0368 696E7433 		.ascii	"int32_t\000"
 788      325F7400 
 789              	.LASF43:
 790 0370 52435F45 		.ascii	"RC_ERROR_BAD_PARAM\000"
 790      52524F52 
 790      5F424144 
 790      5F504152 
 790      414D00
 791              	.LASF62:
 792 0383 64617461 		.ascii	"data\000"
 792      00
 793              	.LASF53:
 794 0388 45455F41 		.ascii	"EE_ApplicationMode\000"
 794      70706C69 
 794      63617469 
 794      6F6E4D6F 
 794      646500
 795              	.LASF7:
 796 039b 6C6F6E67 		.ascii	"long unsigned int\000"
 796      20756E73 
 796      69676E65 
 796      6420696E 
 796      7400
 797              	.LASF14:
 798 03ad 646F7562 		.ascii	"double\000"
 798      6C6500
 799              	.LASF61:
 800 03b4 53435F53 		.ascii	"SC_SCREEN_driverOut\000"
 800      43524545 
ARM GAS  C:\Users\vboxuser\AppData\Local\Temp\ccv5gJ3C.s 			page 19


 800      4E5F6472 
 800      69766572 
 800      4F757400 
 801              	.LASF36:
 802 03c8 52435F45 		.ascii	"RC_ERROR_CHECKSUM\000"
 802      52524F52 
 802      5F434845 
 802      434B5355 
 802      4D00
 803              	.LASF19:
 804 03da 45455F55 		.ascii	"EE_UREG\000"
 804      52454700 
 805              	.LASF5:
 806 03e2 5F5F696E 		.ascii	"__int32_t\000"
 806      7433325F 
 806      7400
 807              	.LASF45:
 808 03ec 52435F45 		.ascii	"RC_ERROR_CANCELED\000"
 808      52524F52 
 808      5F43414E 
 808      43454C45 
 808      4400
 809              	.LASF60:
 810 03fe 64756D6D 		.ascii	"dummy_screen\000"
 810      795F7363 
 810      7265656E 
 810      00
 811              	.LASF56:
 812 040b 49544D5F 		.ascii	"ITM_RxBuffer\000"
 812      52784275 
 812      66666572 
 812      00
 813              	.LASF24:
 814 0418 52435F45 		.ascii	"RC_ERROR\000"
 814      52524F52 
 814      00
 815              	.LASF27:
 816 0421 52435F45 		.ascii	"RC_ERROR_MEMORY\000"
 816      52524F52 
 816      5F4D454D 
 816      4F525900 
 817              	.LASF51:
 818 0431 45455F6F 		.ascii	"EE_oo_IRQ_disable_count\000"
 818      6F5F4952 
 818      515F6469 
 818      7361626C 
 818      655F636F 
 819              	.LASF58:
 820 0449 6273775C 		.ascii	"bsw\\rte\\sc_screen_type.c\000"
 820      7274655C 
 820      73635F73 
 820      63726565 
 820      6E5F7479 
 821              	.LASF49:
 822 0462 52435F74 		.ascii	"RC_t\000"
 822      00
 823              	.LASF34:
ARM GAS  C:\Users\vboxuser\AppData\Local\Temp\ccv5gJ3C.s 			page 20


 824 0467 52435F45 		.ascii	"RC_ERROR_TIME_OUT\000"
 824      52524F52 
 824      5F54494D 
 824      455F4F55 
 824      5400
 825              		.ident	"GCC: (GNU Tools for ARM Embedded Processors) 5.4.1 20160609 (release) [ARM/embedded-5-bran
