ARM GAS  C:\Users\vboxuser\AppData\Local\Temp\ccbuJY4H.s 			page 1


   1              		.syntax unified
   2              		.cpu cortex-m3
   3              		.fpu softvfp
   4              		.eabi_attribute 20, 1
   5              		.eabi_attribute 21, 1
   6              		.eabi_attribute 23, 3
   7              		.eabi_attribute 24, 1
   8              		.eabi_attribute 25, 1
   9              		.eabi_attribute 26, 1
  10              		.eabi_attribute 30, 1
  11              		.eabi_attribute 34, 1
  12              		.eabi_attribute 18, 4
  13              		.thumb
  14              		.syntax unified
  15              		.file	"seven.c"
  16              		.text
  17              	.Ltext0:
  18              		.cfi_sections	.debug_frame
  19              		.section	.text.SEVEN_Set,"ax",%progbits
  20              		.align	2
  21              		.global	SEVEN_Set
  22              		.thumb
  23              		.thumb_func
  24              		.type	SEVEN_Set, %function
  25              	SEVEN_Set:
  26              	.LFB111:
  27              		.file 1 "bsw\\LabBoard\\seven.c"
   1:bsw\LabBoard/seven.c **** /**
   2:bsw\LabBoard/seven.c **** * \file seven.c
   3:bsw\LabBoard/seven.c **** * \author P. Fromm
   4:bsw\LabBoard/seven.c **** * \date 28.8.17
   5:bsw\LabBoard/seven.c **** *
   6:bsw\LabBoard/seven.c **** * \brief Driver for 7 segment displays
   7:bsw\LabBoard/seven.c **** *
   8:bsw\LabBoard/seven.c **** * \copyright Copyright ©2016
   9:bsw\LabBoard/seven.c **** * Department of electrical engineering and information technology, Hochschule Darmstadt - Universit
  10:bsw\LabBoard/seven.c **** * Permission to use, copy, modify, and distribute this software and its documentation for education
  11:bsw\LabBoard/seven.c **** * (unless permitted by h_da) and official h_da projects, is hereby granted for enrolled students of
  12:bsw\LabBoard/seven.c **** * this paragraph and the following paragraph appear in all copies, modifications, and distributions
  13:bsw\LabBoard/seven.c **** * Contact Prof.Dr.-Ing. Peter Fromm, peter.fromm@h-da.de, Birkenweg 8 64295 Darmstadt - GERMANY for
  14:bsw\LabBoard/seven.c **** *
  15:bsw\LabBoard/seven.c **** * \warning This software is a PROTOTYPE version and is not designed or intended for use in producti
  16:bsw\LabBoard/seven.c **** * The user represents and warrants that it will NOT use or redistribute the Software for such purpo
  17:bsw\LabBoard/seven.c **** * This prototype is for research purposes only. This software is provided "AS IS," without a warran
  18:bsw\LabBoard/seven.c **** */
  19:bsw\LabBoard/seven.c **** 
  20:bsw\LabBoard/seven.c **** /*****************************************************************************/
  21:bsw\LabBoard/seven.c **** /* Include files                                                             */
  22:bsw\LabBoard/seven.c **** /*****************************************************************************/
  23:bsw\LabBoard/seven.c **** #include "project.h"
  24:bsw\LabBoard/seven.c **** #include "seven.h"
  25:bsw\LabBoard/seven.c **** 
  26:bsw\LabBoard/seven.c **** 
  27:bsw\LabBoard/seven.c **** 
  28:bsw\LabBoard/seven.c **** 
  29:bsw\LabBoard/seven.c **** /*****************************************************************************/
  30:bsw\LabBoard/seven.c **** /* Local pre-processor symbols/macros ('#define')                            */
ARM GAS  C:\Users\vboxuser\AppData\Local\Temp\ccbuJY4H.s 			page 2


  31:bsw\LabBoard/seven.c **** /*****************************************************************************/
  32:bsw\LabBoard/seven.c **** 
  33:bsw\LabBoard/seven.c **** #define SEVEN__A  0b10000000
  34:bsw\LabBoard/seven.c **** #define SEVEN__B  0b01000000
  35:bsw\LabBoard/seven.c **** #define SEVEN__C  0b00100000
  36:bsw\LabBoard/seven.c **** #define SEVEN__D  0b00010000
  37:bsw\LabBoard/seven.c **** #define SEVEN__E  0b00001000
  38:bsw\LabBoard/seven.c **** #define SEVEN__F  0b00000100
  39:bsw\LabBoard/seven.c **** #define SEVEN__G  0b00000010
  40:bsw\LabBoard/seven.c **** #define SEVEN__DP 0b00000001
  41:bsw\LabBoard/seven.c **** 
  42:bsw\LabBoard/seven.c **** 
  43:bsw\LabBoard/seven.c **** /*****************************************************************************/
  44:bsw\LabBoard/seven.c **** /* Global variable definitions (declared in header file with 'extern')       */
  45:bsw\LabBoard/seven.c **** /*****************************************************************************/
  46:bsw\LabBoard/seven.c **** 
  47:bsw\LabBoard/seven.c **** /*****************************************************************************/
  48:bsw\LabBoard/seven.c **** /* Local type definitions ('typedef')                                        */
  49:bsw\LabBoard/seven.c **** /*****************************************************************************/
  50:bsw\LabBoard/seven.c **** 
  51:bsw\LabBoard/seven.c **** /*****************************************************************************/
  52:bsw\LabBoard/seven.c **** /* Local variable definitions ('static')                                     */
  53:bsw\LabBoard/seven.c **** /*****************************************************************************/
  54:bsw\LabBoard/seven.c **** 
  55:bsw\LabBoard/seven.c **** //    ABCDEFG
  56:bsw\LabBoard/seven.c **** const static uint8_t SEVEN__BitPattern[] = 
  57:bsw\LabBoard/seven.c **** {
  58:bsw\LabBoard/seven.c ****     0b11111100,     //0
  59:bsw\LabBoard/seven.c ****     0b01100000,     //1
  60:bsw\LabBoard/seven.c ****     0b11011010,     //2
  61:bsw\LabBoard/seven.c ****     0b11110010,     //3
  62:bsw\LabBoard/seven.c ****     0b01100110,     //4
  63:bsw\LabBoard/seven.c ****     0b10110110,     //5
  64:bsw\LabBoard/seven.c ****     0b10111110,     //6
  65:bsw\LabBoard/seven.c ****     0b11100000,     //7
  66:bsw\LabBoard/seven.c ****     0b11111110,     //8
  67:bsw\LabBoard/seven.c ****     0b11110110,     //9
  68:bsw\LabBoard/seven.c ****     0b11101110,     //a
  69:bsw\LabBoard/seven.c ****     0b00111110,     //b
  70:bsw\LabBoard/seven.c ****     0b10011100,     //c
  71:bsw\LabBoard/seven.c ****     0b01111010,     //d
  72:bsw\LabBoard/seven.c ****     0b10011110,     //e
  73:bsw\LabBoard/seven.c ****     0b10001110,     //f
  74:bsw\LabBoard/seven.c ****     0b00000001      //decimal point
  75:bsw\LabBoard/seven.c **** };
  76:bsw\LabBoard/seven.c ****     
  77:bsw\LabBoard/seven.c **** //We need to store the last latch value per display
  78:bsw\LabBoard/seven.c **** //-1 means empty
  79:bsw\LabBoard/seven.c **** static sint8_t SEVEN__latch_value[2] = {-1,-1};
  80:bsw\LabBoard/seven.c **** static uint8_t SEVEN__latch_pattern[2] = {0,0};
  81:bsw\LabBoard/seven.c **** 
  82:bsw\LabBoard/seven.c **** /*****************************************************************************/
  83:bsw\LabBoard/seven.c **** /* Local function prototypes ('static')                                      */
  84:bsw\LabBoard/seven.c **** /*****************************************************************************/
  85:bsw\LabBoard/seven.c **** 
  86:bsw\LabBoard/seven.c **** 
  87:bsw\LabBoard/seven.c **** /*****************************************************************************/
ARM GAS  C:\Users\vboxuser\AppData\Local\Temp\ccbuJY4H.s 			page 3


  88:bsw\LabBoard/seven.c **** /* Function implementation - global ('extern') and local ('static')          */
  89:bsw\LabBoard/seven.c **** /*****************************************************************************/
  90:bsw\LabBoard/seven.c **** 
  91:bsw\LabBoard/seven.c **** 
  92:bsw\LabBoard/seven.c **** 
  93:bsw\LabBoard/seven.c **** /**
  94:bsw\LabBoard/seven.c ****  * Initilasation of the seven segment display
  95:bsw\LabBoard/seven.c ****  * @return RC_SUCCESS if function was executed correctly, other value in case of error
  96:bsw\LabBoard/seven.c ****  */
  97:bsw\LabBoard/seven.c **** RC_t SEVEN_Init()
  98:bsw\LabBoard/seven.c **** {
  99:bsw\LabBoard/seven.c ****     
 100:bsw\LabBoard/seven.c ****     SEVEN_Clear(SEVEN_0);
 101:bsw\LabBoard/seven.c ****     SEVEN_Clear(SEVEN_1);
 102:bsw\LabBoard/seven.c ****     
 103:bsw\LabBoard/seven.c ****     return RC_SUCCESS;
 104:bsw\LabBoard/seven.c **** }
 105:bsw\LabBoard/seven.c **** 
 106:bsw\LabBoard/seven.c **** 
 107:bsw\LabBoard/seven.c **** /**
 108:bsw\LabBoard/seven.c ****  * Sets value for one display
 109:bsw\LabBoard/seven.c ****  * @param SEVEN_id_t sevenId - identifier for the segment to be set
 110:bsw\LabBoard/seven.c ****  * @param uint8_t value - value to be set, valid range 0...15
 111:bsw\LabBoard/seven.c ****  * @return RC_SUCCESS if function was executed correctly, other value in case of error
 112:bsw\LabBoard/seven.c ****  */
 113:bsw\LabBoard/seven.c **** RC_t SEVEN_Set(SEVEN_id_t sevenId, uint8_t value)
 114:bsw\LabBoard/seven.c **** {
  28              		.loc 1 114 0
  29              		.cfi_startproc
  30              		@ args = 0, pretend = 0, frame = 0
  31              		@ frame_needed = 0, uses_anonymous_args = 0
  32              	.LVL0:
 115:bsw\LabBoard/seven.c ****     if (value > 0x0F)
  33              		.loc 1 115 0
  34 0000 0F29     		cmp	r1, #15
  35 0002 0ED8     		bhi	.L3
 114:bsw\LabBoard/seven.c ****     if (value > 0x0F)
  36              		.loc 1 114 0
  37 0004 38B5     		push	{r3, r4, r5, lr}
  38              		.cfi_def_cfa_offset 16
  39              		.cfi_offset 3, -16
  40              		.cfi_offset 4, -12
  41              		.cfi_offset 5, -8
  42              		.cfi_offset 14, -4
  43 0006 0C46     		mov	r4, r1
  44 0008 0546     		mov	r5, r0
 116:bsw\LabBoard/seven.c ****     {
 117:bsw\LabBoard/seven.c ****         return RC_ERROR_BAD_PARAM;
 118:bsw\LabBoard/seven.c ****     }
 119:bsw\LabBoard/seven.c ****     
 120:bsw\LabBoard/seven.c ****     //Set the selection bit for the display
 121:bsw\LabBoard/seven.c ****     SEVEN_SELECT_Write((uint8_t)sevenId);
  45              		.loc 1 121 0
  46 000a FFF7FEFF 		bl	SEVEN_SELECT_Write
  47              	.LVL1:
 122:bsw\LabBoard/seven.c ****     
 123:bsw\LabBoard/seven.c ****     //Set the bitpattern
ARM GAS  C:\Users\vboxuser\AppData\Local\Temp\ccbuJY4H.s 			page 4


 124:bsw\LabBoard/seven.c ****     //As we do not have a single port, we have to do it bit by bit
 125:bsw\LabBoard/seven.c ****     
 126:bsw\LabBoard/seven.c ****     uint8_t pattern = SEVEN__BitPattern[value];
  48              		.loc 1 126 0
  49 000e 064B     		ldr	r3, .L6
  50 0010 185D     		ldrb	r0, [r3, r4]	@ zero_extendqisi2
  51              	.LVL2:
 127:bsw\LabBoard/seven.c ****     
 128:bsw\LabBoard/seven.c ****     //Store the current pattern in the software latch (needed for the DP function)
 129:bsw\LabBoard/seven.c ****     SEVEN__latch_value[(uint8_t)sevenId] = value;
  52              		.loc 1 129 0
  53 0012 064B     		ldr	r3, .L6+4
  54 0014 5C55     		strb	r4, [r3, r5]
 130:bsw\LabBoard/seven.c ****     SEVEN__latch_pattern[(uint8_t)sevenId] = pattern;
  55              		.loc 1 130 0
  56 0016 064B     		ldr	r3, .L6+8
  57 0018 5855     		strb	r0, [r3, r5]
 131:bsw\LabBoard/seven.c ****     
 132:bsw\LabBoard/seven.c ****     SEVEN_reg_Write(pattern);
  58              		.loc 1 132 0
  59 001a FFF7FEFF 		bl	SEVEN_reg_Write
  60              	.LVL3:
 133:bsw\LabBoard/seven.c ****     return RC_SUCCESS;
  61              		.loc 1 133 0
  62 001e 0020     		movs	r0, #0
  63 0020 38BD     		pop	{r3, r4, r5, pc}
  64              	.LVL4:
  65              	.L3:
  66              		.cfi_def_cfa_offset 0
  67              		.cfi_restore 3
  68              		.cfi_restore 4
  69              		.cfi_restore 5
  70              		.cfi_restore 14
 117:bsw\LabBoard/seven.c ****     }
  71              		.loc 1 117 0
  72 0022 6FF01300 		mvn	r0, #19
  73              	.LVL5:
  74 0026 7047     		bx	lr
  75              	.L7:
  76              		.align	2
  77              	.L6:
  78 0028 00000000 		.word	.LANCHOR0
  79 002c 00000000 		.word	.LANCHOR1
  80 0030 00000000 		.word	.LANCHOR2
  81              		.cfi_endproc
  82              	.LFE111:
  83              		.size	SEVEN_Set, .-SEVEN_Set
  84              		.section	.text.SEVEN_Get,"ax",%progbits
  85              		.align	2
  86              		.global	SEVEN_Get
  87              		.thumb
  88              		.thumb_func
  89              		.type	SEVEN_Get, %function
  90              	SEVEN_Get:
  91              	.LFB112:
 134:bsw\LabBoard/seven.c ****     
 135:bsw\LabBoard/seven.c **** }
ARM GAS  C:\Users\vboxuser\AppData\Local\Temp\ccbuJY4H.s 			page 5


 136:bsw\LabBoard/seven.c **** 
 137:bsw\LabBoard/seven.c **** /**
 138:bsw\LabBoard/seven.c ****  * Get value for one display
 139:bsw\LabBoard/seven.c ****  * @param SEVEN_id_t sevenId - identifier for the segment to be set
 140:bsw\LabBoard/seven.c ****  * @param uint8_t value - current value, valid range 0...15
 141:bsw\LabBoard/seven.c ****  * @return RC_SUCCESS if function was executed correctly, other value in case of error
 142:bsw\LabBoard/seven.c ****  */
 143:bsw\LabBoard/seven.c **** RC_t SEVEN_Get(SEVEN_id_t sevenId, sint8_t* value)
 144:bsw\LabBoard/seven.c **** {
  92              		.loc 1 144 0
  93              		.cfi_startproc
  94              		@ args = 0, pretend = 0, frame = 0
  95              		@ frame_needed = 0, uses_anonymous_args = 0
  96              		@ link register save eliminated.
  97              	.LVL6:
 145:bsw\LabBoard/seven.c ****     *value = SEVEN__latch_value[(uint8_t)sevenId];
  98              		.loc 1 145 0
  99 0000 024B     		ldr	r3, .L9
 100 0002 1B56     		ldrsb	r3, [r3, r0]
 101 0004 0B70     		strb	r3, [r1]
 146:bsw\LabBoard/seven.c ****     return RC_SUCCESS;
 147:bsw\LabBoard/seven.c **** }
 102              		.loc 1 147 0
 103 0006 0020     		movs	r0, #0
 104              	.LVL7:
 105 0008 7047     		bx	lr
 106              	.L10:
 107 000a 00BF     		.align	2
 108              	.L9:
 109 000c 00000000 		.word	.LANCHOR1
 110              		.cfi_endproc
 111              	.LFE112:
 112              		.size	SEVEN_Get, .-SEVEN_Get
 113              		.section	.text.SEVEN_SetHex,"ax",%progbits
 114              		.align	2
 115              		.global	SEVEN_SetHex
 116              		.thumb
 117              		.thumb_func
 118              		.type	SEVEN_SetHex, %function
 119              	SEVEN_SetHex:
 120              	.LFB113:
 148:bsw\LabBoard/seven.c **** 
 149:bsw\LabBoard/seven.c **** 
 150:bsw\LabBoard/seven.c **** /**
 151:bsw\LabBoard/seven.c ****  * Sets both displays
 152:bsw\LabBoard/seven.c ****  * @param uint8_t value - value to be set, valid range 0...255
 153:bsw\LabBoard/seven.c ****  * @return RC_SUCCESS if function was executed correctly, other value in case of error
 154:bsw\LabBoard/seven.c ****  */
 155:bsw\LabBoard/seven.c **** RC_t SEVEN_SetHex(uint8_t value)
 156:bsw\LabBoard/seven.c **** {
 121              		.loc 1 156 0
 122              		.cfi_startproc
 123              		@ args = 0, pretend = 0, frame = 0
 124              		@ frame_needed = 0, uses_anonymous_args = 0
 125              	.LVL8:
 126 0000 10B5     		push	{r4, lr}
 127              		.cfi_def_cfa_offset 8
ARM GAS  C:\Users\vboxuser\AppData\Local\Temp\ccbuJY4H.s 			page 6


 128              		.cfi_offset 4, -8
 129              		.cfi_offset 14, -4
 130 0002 0446     		mov	r4, r0
 157:bsw\LabBoard/seven.c ****     SEVEN_Set(SEVEN_1, value / 16);
 131              		.loc 1 157 0
 132 0004 0109     		lsrs	r1, r0, #4
 133 0006 0120     		movs	r0, #1
 134              	.LVL9:
 135 0008 FFF7FEFF 		bl	SEVEN_Set
 136              	.LVL10:
 158:bsw\LabBoard/seven.c ****     SEVEN_Set(SEVEN_0, value % 16);
 137              		.loc 1 158 0
 138 000c 04F00F01 		and	r1, r4, #15
 139 0010 0020     		movs	r0, #0
 140 0012 FFF7FEFF 		bl	SEVEN_Set
 141              	.LVL11:
 159:bsw\LabBoard/seven.c ****     
 160:bsw\LabBoard/seven.c ****     return RC_SUCCESS;
 161:bsw\LabBoard/seven.c **** }
 142              		.loc 1 161 0
 143 0016 0020     		movs	r0, #0
 144 0018 10BD     		pop	{r4, pc}
 145              		.cfi_endproc
 146              	.LFE113:
 147              		.size	SEVEN_SetHex, .-SEVEN_SetHex
 148 001a 00BF     		.section	.text.SEVEN_SetDP,"ax",%progbits
 149              		.align	2
 150              		.global	SEVEN_SetDP
 151              		.thumb
 152              		.thumb_func
 153              		.type	SEVEN_SetDP, %function
 154              	SEVEN_SetDP:
 155              	.LFB114:
 162:bsw\LabBoard/seven.c **** 
 163:bsw\LabBoard/seven.c **** /**
 164:bsw\LabBoard/seven.c ****  * Sets decimal point for one display
 165:bsw\LabBoard/seven.c ****  * @param SEVEN_id_t sevenId - identifier for the segment to be set
 166:bsw\LabBoard/seven.c ****  * @param uint8_t value - value to be set, valid range 0 (OFF)...1(ON)
 167:bsw\LabBoard/seven.c ****  * @return RC_SUCCESS if function was executed correctly, other value in case of error
 168:bsw\LabBoard/seven.c ****  */
 169:bsw\LabBoard/seven.c **** RC_t SEVEN_SetDP(SEVEN_id_t sevenId, uint8_t value)
 170:bsw\LabBoard/seven.c **** {
 156              		.loc 1 170 0
 157              		.cfi_startproc
 158              		@ args = 0, pretend = 0, frame = 0
 159              		@ frame_needed = 0, uses_anonymous_args = 0
 160              	.LVL12:
 171:bsw\LabBoard/seven.c ****     
 172:bsw\LabBoard/seven.c ****     if (value > 1)
 161              		.loc 1 172 0
 162 0000 0129     		cmp	r1, #1
 163 0002 15D8     		bhi	.L17
 170:bsw\LabBoard/seven.c ****     
 164              		.loc 1 170 0
 165 0004 38B5     		push	{r3, r4, r5, lr}
 166              		.cfi_def_cfa_offset 16
 167              		.cfi_offset 3, -16
ARM GAS  C:\Users\vboxuser\AppData\Local\Temp\ccbuJY4H.s 			page 7


 168              		.cfi_offset 4, -12
 169              		.cfi_offset 5, -8
 170              		.cfi_offset 14, -4
 171              	.LVL13:
 173:bsw\LabBoard/seven.c ****     {
 174:bsw\LabBoard/seven.c ****         return RC_ERROR_BAD_PARAM;
 175:bsw\LabBoard/seven.c ****     }
 176:bsw\LabBoard/seven.c ****     
 177:bsw\LabBoard/seven.c ****     //Restore the last display pattern
 178:bsw\LabBoard/seven.c ****     uint8_t pattern = 0;
 179:bsw\LabBoard/seven.c ****     if (SEVEN__latch_value[(uint8_t)sevenId] != -1)
 172              		.loc 1 179 0
 173 0006 0C4B     		ldr	r3, .L21
 174 0008 1B56     		ldrsb	r3, [r3, r0]
 175 000a B3F1FF3F 		cmp	r3, #-1
 176 000e 02D0     		beq	.L18
 180:bsw\LabBoard/seven.c ****     {
 181:bsw\LabBoard/seven.c ****         pattern = SEVEN__latch_pattern[(uint8_t)sevenId];
 177              		.loc 1 181 0
 178 0010 0A4B     		ldr	r3, .L21+4
 179 0012 1D5C     		ldrb	r5, [r3, r0]	@ zero_extendqisi2
 180              	.LVL14:
 181 0014 00E0     		b	.L15
 182              	.LVL15:
 183              	.L18:
 178:bsw\LabBoard/seven.c ****     if (SEVEN__latch_value[(uint8_t)sevenId] != -1)
 184              		.loc 1 178 0
 185 0016 0025     		movs	r5, #0
 186              	.LVL16:
 187              	.L15:
 188 0018 0C46     		mov	r4, r1
 189              	.LVL17:
 182:bsw\LabBoard/seven.c ****     }
 183:bsw\LabBoard/seven.c ****     
 184:bsw\LabBoard/seven.c ****     //Set the selection bit for the display
 185:bsw\LabBoard/seven.c ****     SEVEN_SELECT_Write((uint8_t)sevenId);
 190              		.loc 1 185 0
 191 001a FFF7FEFF 		bl	SEVEN_SELECT_Write
 192              	.LVL18:
 186:bsw\LabBoard/seven.c ****     
 187:bsw\LabBoard/seven.c ****     //Set the port to the pattern currently active
 188:bsw\LabBoard/seven.c ****     //SEVEN_reg_Write(pattern);
 189:bsw\LabBoard/seven.c ****     
 190:bsw\LabBoard/seven.c ****     //Set the decimal point
 191:bsw\LabBoard/seven.c ****     //SEVEN_DP_Write(value);
 192:bsw\LabBoard/seven.c ****     
 193:bsw\LabBoard/seven.c ****     
 194:bsw\LabBoard/seven.c ****     uint8_t patternWithorWithoutDP =0;
 195:bsw\LabBoard/seven.c ****     if (value ==1)
 193              		.loc 1 195 0
 194 001e 012C     		cmp	r4, #1
 195 0020 01D1     		bne	.L16
 196:bsw\LabBoard/seven.c ****     {
 197:bsw\LabBoard/seven.c ****         patternWithorWithoutDP = SEVEN__BitPattern[16] | pattern;
 196              		.loc 1 197 0
 197 0022 45F00105 		orr	r5, r5, #1
 198              	.LVL19:
ARM GAS  C:\Users\vboxuser\AppData\Local\Temp\ccbuJY4H.s 			page 8


 199              	.L16:
 198:bsw\LabBoard/seven.c ****     }
 199:bsw\LabBoard/seven.c ****     else
 200:bsw\LabBoard/seven.c ****     {
 201:bsw\LabBoard/seven.c ****         patternWithorWithoutDP = pattern;
 202:bsw\LabBoard/seven.c ****     }
 203:bsw\LabBoard/seven.c ****     SEVEN_reg_Write(patternWithorWithoutDP);
 200              		.loc 1 203 0
 201 0026 2846     		mov	r0, r5
 202 0028 FFF7FEFF 		bl	SEVEN_reg_Write
 203              	.LVL20:
 204:bsw\LabBoard/seven.c **** 
 205:bsw\LabBoard/seven.c ****     return RC_SUCCESS;
 204              		.loc 1 205 0
 205 002c 0020     		movs	r0, #0
 206 002e 38BD     		pop	{r3, r4, r5, pc}
 207              	.LVL21:
 208              	.L17:
 209              		.cfi_def_cfa_offset 0
 210              		.cfi_restore 3
 211              		.cfi_restore 4
 212              		.cfi_restore 5
 213              		.cfi_restore 14
 174:bsw\LabBoard/seven.c ****     }
 214              		.loc 1 174 0
 215 0030 6FF01300 		mvn	r0, #19
 216              	.LVL22:
 217 0034 7047     		bx	lr
 218              	.L22:
 219 0036 00BF     		.align	2
 220              	.L21:
 221 0038 00000000 		.word	.LANCHOR1
 222 003c 00000000 		.word	.LANCHOR2
 223              		.cfi_endproc
 224              	.LFE114:
 225              		.size	SEVEN_SetDP, .-SEVEN_SetDP
 226              		.section	.text.SEVEN_Clear,"ax",%progbits
 227              		.align	2
 228              		.global	SEVEN_Clear
 229              		.thumb
 230              		.thumb_func
 231              		.type	SEVEN_Clear, %function
 232              	SEVEN_Clear:
 233              	.LFB115:
 206:bsw\LabBoard/seven.c **** }
 207:bsw\LabBoard/seven.c **** 
 208:bsw\LabBoard/seven.c **** /**
 209:bsw\LabBoard/seven.c ****  * Clears one display
 210:bsw\LabBoard/seven.c ****  * @param SEVEN_id_t sevenId - identifier for the segment to be set
 211:bsw\LabBoard/seven.c ****  * @return RC_SUCCESS if function was executed correctly, other value in case of error
 212:bsw\LabBoard/seven.c ****  */
 213:bsw\LabBoard/seven.c **** RC_t SEVEN_Clear(SEVEN_id_t sevenId)
 214:bsw\LabBoard/seven.c **** {
 234              		.loc 1 214 0
 235              		.cfi_startproc
 236              		@ args = 0, pretend = 0, frame = 0
 237              		@ frame_needed = 0, uses_anonymous_args = 0
ARM GAS  C:\Users\vboxuser\AppData\Local\Temp\ccbuJY4H.s 			page 9


 238              	.LVL23:
 239 0000 08B5     		push	{r3, lr}
 240              		.cfi_def_cfa_offset 8
 241              		.cfi_offset 3, -8
 242              		.cfi_offset 14, -4
 215:bsw\LabBoard/seven.c ****     //Set software latch to cleared
 216:bsw\LabBoard/seven.c ****     SEVEN__latch_value[(uint8_t)sevenId] = -1;
 243              		.loc 1 216 0
 244 0002 FF22     		movs	r2, #255
 245 0004 044B     		ldr	r3, .L25
 246 0006 1A54     		strb	r2, [r3, r0]
 217:bsw\LabBoard/seven.c ****     
 218:bsw\LabBoard/seven.c ****     //Set the selection bit for the display
 219:bsw\LabBoard/seven.c ****     SEVEN_SELECT_Write((uint8_t)sevenId);
 247              		.loc 1 219 0
 248 0008 FFF7FEFF 		bl	SEVEN_SELECT_Write
 249              	.LVL24:
 220:bsw\LabBoard/seven.c ****     
 221:bsw\LabBoard/seven.c ****     //Clear every bit
 222:bsw\LabBoard/seven.c ****     SEVEN_reg_Write(0);
 250              		.loc 1 222 0
 251 000c 0020     		movs	r0, #0
 252 000e FFF7FEFF 		bl	SEVEN_reg_Write
 253              	.LVL25:
 223:bsw\LabBoard/seven.c ****     
 224:bsw\LabBoard/seven.c ****     return RC_SUCCESS;
 225:bsw\LabBoard/seven.c **** }
 254              		.loc 1 225 0
 255 0012 0020     		movs	r0, #0
 256 0014 08BD     		pop	{r3, pc}
 257              	.L26:
 258 0016 00BF     		.align	2
 259              	.L25:
 260 0018 00000000 		.word	.LANCHOR1
 261              		.cfi_endproc
 262              	.LFE115:
 263              		.size	SEVEN_Clear, .-SEVEN_Clear
 264              		.section	.text.SEVEN_Init,"ax",%progbits
 265              		.align	2
 266              		.global	SEVEN_Init
 267              		.thumb
 268              		.thumb_func
 269              		.type	SEVEN_Init, %function
 270              	SEVEN_Init:
 271              	.LFB110:
  98:bsw\LabBoard/seven.c ****     
 272              		.loc 1 98 0
 273              		.cfi_startproc
 274              		@ args = 0, pretend = 0, frame = 0
 275              		@ frame_needed = 0, uses_anonymous_args = 0
 276 0000 08B5     		push	{r3, lr}
 277              		.cfi_def_cfa_offset 8
 278              		.cfi_offset 3, -8
 279              		.cfi_offset 14, -4
 100:bsw\LabBoard/seven.c ****     SEVEN_Clear(SEVEN_1);
 280              		.loc 1 100 0
 281 0002 0020     		movs	r0, #0
ARM GAS  C:\Users\vboxuser\AppData\Local\Temp\ccbuJY4H.s 			page 10


 282 0004 FFF7FEFF 		bl	SEVEN_Clear
 283              	.LVL26:
 101:bsw\LabBoard/seven.c ****     
 284              		.loc 1 101 0
 285 0008 0120     		movs	r0, #1
 286 000a FFF7FEFF 		bl	SEVEN_Clear
 287              	.LVL27:
 104:bsw\LabBoard/seven.c **** 
 288              		.loc 1 104 0
 289 000e 0020     		movs	r0, #0
 290 0010 08BD     		pop	{r3, pc}
 291              		.cfi_endproc
 292              	.LFE110:
 293              		.size	SEVEN_Init, .-SEVEN_Init
 294 0012 00BF     		.section	.text.SEVEN_Chasing,"ax",%progbits
 295              		.align	2
 296              		.global	SEVEN_Chasing
 297              		.thumb
 298              		.thumb_func
 299              		.type	SEVEN_Chasing, %function
 300              	SEVEN_Chasing:
 301              	.LFB116:
 226:bsw\LabBoard/seven.c **** 
 227:bsw\LabBoard/seven.c **** RC_t SEVEN_Chasing(SEVEN_id_t sevenId) {
 302              		.loc 1 227 0
 303              		.cfi_startproc
 304              		@ args = 0, pretend = 0, frame = 8
 305              		@ frame_needed = 0, uses_anonymous_args = 0
 306              	.LVL28:
 307 0000 30B5     		push	{r4, r5, lr}
 308              		.cfi_def_cfa_offset 12
 309              		.cfi_offset 4, -12
 310              		.cfi_offset 5, -8
 311              		.cfi_offset 14, -4
 312 0002 83B0     		sub	sp, sp, #12
 313              		.cfi_def_cfa_offset 24
 314 0004 0546     		mov	r5, r0
 228:bsw\LabBoard/seven.c ****     // Assuming you have a way to control individual segments,
 229:bsw\LabBoard/seven.c ****     // and SEVEN_Set(SEVEN_id_t, uint8_t) sets the individual segments.
 230:bsw\LabBoard/seven.c **** 
 231:bsw\LabBoard/seven.c ****     // Constants representing the segments in the order for the chasing effect
 232:bsw\LabBoard/seven.c ****     const uint8_t chasingSequence[] = {SEVEN__A, SEVEN__B, SEVEN__C, SEVEN__D, SEVEN__E, SEVEN__F};
 315              		.loc 1 232 0
 316 0006 104B     		ldr	r3, .L35
 317 0008 53F8140F 		ldr	r0, [r3, #20]!	@ unaligned
 318              	.LVL29:
 319 000c 0090     		str	r0, [sp]	@ unaligned
 320 000e 9B88     		ldrh	r3, [r3, #4]	@ unaligned
 321 0010 ADF80430 		strh	r3, [sp, #4]	@ unaligned
 322              	.LVL30:
 323              	.LBB2:
 233:bsw\LabBoard/seven.c **** 
 234:bsw\LabBoard/seven.c ****     // Duration for each segment to be lit
 235:bsw\LabBoard/seven.c ****     const int delayTime = 100; // in milliseconds
 236:bsw\LabBoard/seven.c **** 
 237:bsw\LabBoard/seven.c ****     for (uint8_t i = 0; i < sizeof(chasingSequence); ++i) {
 324              		.loc 1 237 0
ARM GAS  C:\Users\vboxuser\AppData\Local\Temp\ccbuJY4H.s 			page 11


 325 0014 0024     		movs	r4, #0
 326 0016 0EE0     		b	.L30
 327              	.LVL31:
 328              	.L32:
 238:bsw\LabBoard/seven.c ****         // Turn on the current segment
 239:bsw\LabBoard/seven.c ****         SEVEN_reg_Write(chasingSequence[i]);
 329              		.loc 1 239 0
 330 0018 02AB     		add	r3, sp, #8
 331 001a 2344     		add	r3, r3, r4
 332 001c 13F8080C 		ldrb	r0, [r3, #-8]	@ zero_extendqisi2
 333 0020 FFF7FEFF 		bl	SEVEN_reg_Write
 334              	.LVL32:
 240:bsw\LabBoard/seven.c **** 
 241:bsw\LabBoard/seven.c ****         // Wait for a bit
 242:bsw\LabBoard/seven.c ****         CyDelay(delayTime);
 335              		.loc 1 242 0
 336 0024 6420     		movs	r0, #100
 337 0026 FFF7FEFF 		bl	CyDelay
 338              	.LVL33:
 243:bsw\LabBoard/seven.c **** 
 244:bsw\LabBoard/seven.c ****         // Optionally, turn off the segment before moving to the next
 245:bsw\LabBoard/seven.c ****         if (SEVEN_Clear(sevenId) != RC_SUCCESS) {
 339              		.loc 1 245 0
 340 002a 2846     		mov	r0, r5
 341 002c FFF7FEFF 		bl	SEVEN_Clear
 342              	.LVL34:
 343 0030 28B9     		cbnz	r0, .L33
 237:bsw\LabBoard/seven.c ****         // Turn on the current segment
 344              		.loc 1 237 0 discriminator 2
 345 0032 0134     		adds	r4, r4, #1
 346              	.LVL35:
 347 0034 E4B2     		uxtb	r4, r4
 348              	.LVL36:
 349              	.L30:
 237:bsw\LabBoard/seven.c ****         // Turn on the current segment
 350              		.loc 1 237 0 is_stmt 0 discriminator 1
 351 0036 052C     		cmp	r4, #5
 352 0038 EED9     		bls	.L32
 353              	.LBE2:
 246:bsw\LabBoard/seven.c ****             return RC_ERROR; // Replace with appropriate error code
 247:bsw\LabBoard/seven.c ****         }
 248:bsw\LabBoard/seven.c ****     }
 249:bsw\LabBoard/seven.c **** 
 250:bsw\LabBoard/seven.c ****     return RC_SUCCESS;
 354              		.loc 1 250 0 is_stmt 1
 355 003a 0020     		movs	r0, #0
 356              	.LBB3:
 357 003c 01E0     		b	.L31
 358              	.L33:
 246:bsw\LabBoard/seven.c ****             return RC_ERROR; // Replace with appropriate error code
 359              		.loc 1 246 0
 360 003e 4FF0FF30 		mov	r0, #-1
 361              	.L31:
 362              	.LBE3:
 251:bsw\LabBoard/seven.c **** }...
 363              		.loc 1 251 0
 364 0042 03B0     		add	sp, sp, #12
ARM GAS  C:\Users\vboxuser\AppData\Local\Temp\ccbuJY4H.s 			page 12


 365              		.cfi_def_cfa_offset 12
 366              		@ sp needed
 367 0044 30BD     		pop	{r4, r5, pc}
 368              	.LVL37:
 369              	.L36:
 370 0046 00BF     		.align	2
 371              	.L35:
 372 0048 00000000 		.word	.LANCHOR0
 373              		.cfi_endproc
 374              	.LFE116:
 375              		.size	SEVEN_Chasing, .-SEVEN_Chasing
 376              		.section	.rodata
 377              		.align	2
 378              		.set	.LANCHOR0,. + 0
 379              		.type	SEVEN__BitPattern, %object
 380              		.size	SEVEN__BitPattern, 17
 381              	SEVEN__BitPattern:
 382 0000 FC       		.byte	-4
 383 0001 60       		.byte	96
 384 0002 DA       		.byte	-38
 385 0003 F2       		.byte	-14
 386 0004 66       		.byte	102
 387 0005 B6       		.byte	-74
 388 0006 BE       		.byte	-66
 389 0007 E0       		.byte	-32
 390 0008 FE       		.byte	-2
 391 0009 F6       		.byte	-10
 392 000a EE       		.byte	-18
 393 000b 3E       		.byte	62
 394 000c 9C       		.byte	-100
 395 000d 7A       		.byte	122
 396 000e 9E       		.byte	-98
 397 000f 8E       		.byte	-114
 398 0010 01       		.byte	1
 399 0011 000000   		.space	3
 400              	.LC0:
 401 0014 80       		.byte	-128
 402 0015 40       		.byte	64
 403 0016 20       		.byte	32
 404 0017 10       		.byte	16
 405 0018 08       		.byte	8
 406 0019 04       		.byte	4
 407              		.data
 408              		.align	2
 409              		.set	.LANCHOR1,. + 0
 410              		.type	SEVEN__latch_value, %object
 411              		.size	SEVEN__latch_value, 2
 412              	SEVEN__latch_value:
 413 0000 FF       		.byte	-1
 414 0001 FF       		.byte	-1
 415              		.bss
 416              		.align	2
 417              		.set	.LANCHOR2,. + 0
 418              		.type	SEVEN__latch_pattern, %object
 419              		.size	SEVEN__latch_pattern, 2
 420              	SEVEN__latch_pattern:
 421 0000 0000     		.space	2
ARM GAS  C:\Users\vboxuser\AppData\Local\Temp\ccbuJY4H.s 			page 13


 422              		.text
 423              	.Letext0:
 424              		.file 2 "c:\\program files (x86)\\cypress\\psoc creator\\4.4\\psoc creator\\import\\gnu\\arm\\5.4.
 425              		.file 3 "c:\\program files (x86)\\cypress\\psoc creator\\4.4\\psoc creator\\import\\gnu\\arm\\5.4.
 426              		.file 4 "Generated_Source\\PSoC5/ErikaOS_1_common_ee_types.inc"
 427              		.file 5 "Generated_Source\\PSoC5/ErikaOS_1_cortex_mx_ee_cpu.inc"
 428              		.file 6 ".\\bsw/global.h"
 429              		.file 7 "bsw\\LabBoard\\seven.h"
 430              		.file 8 "Generated_Source\\PSoC5/ErikaOS_1_ee_oo_intfunc.inc"
 431              		.file 9 "Generated_Source\\PSoC5/ErikaOS_1_cortex_mx_ee_context.inc"
 432              		.file 10 "Generated_Source\\PSoC5/ErikaOS_1_common_ee_primitives.inc"
 433              		.file 11 "Generated_Source\\PSoC5/core_cm3.h"
 434              		.file 12 "Generated_Source\\PSoC5/SEVEN_SELECT.h"
 435              		.file 13 "Generated_Source\\PSoC5/SEVEN_reg.h"
 436              		.file 14 "Generated_Source\\PSoC5/CyLib.h"
 437              		.section	.debug_info,"",%progbits
 438              	.Ldebug_info0:
 439 0000 4C050000 		.4byte	0x54c
 440 0004 0400     		.2byte	0x4
 441 0006 00000000 		.4byte	.Ldebug_abbrev0
 442 000a 04       		.byte	0x4
 443 000b 01       		.uleb128 0x1
 444 000c 54030000 		.4byte	.LASF78
 445 0010 0C       		.byte	0xc
 446 0011 4F010000 		.4byte	.LASF79
 447 0015 49000000 		.4byte	.LASF80
 448 0019 18000000 		.4byte	.Ldebug_ranges0+0x18
 449 001d 00000000 		.4byte	0
 450 0021 00000000 		.4byte	.Ldebug_line0
 451 0025 02       		.uleb128 0x2
 452 0026 01       		.byte	0x1
 453 0027 06       		.byte	0x6
 454 0028 8D010000 		.4byte	.LASF0
 455 002c 03       		.uleb128 0x3
 456 002d 43020000 		.4byte	.LASF4
 457 0031 02       		.byte	0x2
 458 0032 1D       		.byte	0x1d
 459 0033 37000000 		.4byte	0x37
 460 0037 02       		.uleb128 0x2
 461 0038 01       		.byte	0x1
 462 0039 08       		.byte	0x8
 463 003a BA020000 		.4byte	.LASF1
 464 003e 02       		.uleb128 0x2
 465 003f 02       		.byte	0x2
 466 0040 05       		.byte	0x5
 467 0041 8E000000 		.4byte	.LASF2
 468 0045 02       		.uleb128 0x2
 469 0046 02       		.byte	0x2
 470 0047 07       		.byte	0x7
 471 0048 41030000 		.4byte	.LASF3
 472 004c 03       		.uleb128 0x3
 473 004d BB040000 		.4byte	.LASF5
 474 0051 02       		.byte	0x2
 475 0052 3F       		.byte	0x3f
 476 0053 57000000 		.4byte	0x57
 477 0057 02       		.uleb128 0x2
 478 0058 04       		.byte	0x4
ARM GAS  C:\Users\vboxuser\AppData\Local\Temp\ccbuJY4H.s 			page 14


 479 0059 05       		.byte	0x5
 480 005a 1A020000 		.4byte	.LASF6
 481 005e 02       		.uleb128 0x2
 482 005f 04       		.byte	0x4
 483 0060 07       		.byte	0x7
 484 0061 64040000 		.4byte	.LASF7
 485 0065 02       		.uleb128 0x2
 486 0066 08       		.byte	0x8
 487 0067 05       		.byte	0x5
 488 0068 B8010000 		.4byte	.LASF8
 489 006c 02       		.uleb128 0x2
 490 006d 08       		.byte	0x8
 491 006e 07       		.byte	0x7
 492 006f D0020000 		.4byte	.LASF9
 493 0073 04       		.uleb128 0x4
 494 0074 04       		.byte	0x4
 495 0075 05       		.byte	0x5
 496 0076 696E7400 		.ascii	"int\000"
 497 007a 02       		.uleb128 0x2
 498 007b 04       		.byte	0x4
 499 007c 07       		.byte	0x7
 500 007d E7020000 		.4byte	.LASF10
 501 0081 03       		.uleb128 0x3
 502 0082 1B010000 		.4byte	.LASF11
 503 0086 03       		.byte	0x3
 504 0087 18       		.byte	0x18
 505 0088 2C000000 		.4byte	0x2c
 506 008c 03       		.uleb128 0x3
 507 008d 18040000 		.4byte	.LASF12
 508 0091 03       		.byte	0x3
 509 0092 2C       		.byte	0x2c
 510 0093 4C000000 		.4byte	0x4c
 511 0097 02       		.uleb128 0x2
 512 0098 04       		.byte	0x4
 513 0099 04       		.byte	0x4
 514 009a 99010000 		.4byte	.LASF13
 515 009e 02       		.uleb128 0x2
 516 009f 08       		.byte	0x8
 517 00a0 04       		.byte	0x4
 518 00a1 80040000 		.4byte	.LASF14
 519 00a5 02       		.uleb128 0x2
 520 00a6 01       		.byte	0x1
 521 00a7 08       		.byte	0x8
 522 00a8 F2030000 		.4byte	.LASF15
 523 00ac 02       		.uleb128 0x2
 524 00ad 08       		.byte	0x8
 525 00ae 04       		.byte	0x4
 526 00af AE020000 		.4byte	.LASF16
 527 00b3 03       		.uleb128 0x3
 528 00b4 38030000 		.4byte	.LASF17
 529 00b8 04       		.byte	0x4
 530 00b9 53       		.byte	0x53
 531 00ba 73000000 		.4byte	0x73
 532 00be 03       		.uleb128 0x3
 533 00bf F6000000 		.4byte	.LASF18
 534 00c3 04       		.byte	0x4
 535 00c4 54       		.byte	0x54
ARM GAS  C:\Users\vboxuser\AppData\Local\Temp\ccbuJY4H.s 			page 15


 536 00c5 7A000000 		.4byte	0x7a
 537 00c9 03       		.uleb128 0x3
 538 00ca A4040000 		.4byte	.LASF19
 539 00ce 05       		.byte	0x5
 540 00cf 4D       		.byte	0x4d
 541 00d0 BE000000 		.4byte	0xbe
 542 00d4 03       		.uleb128 0x3
 543 00d5 DD000000 		.4byte	.LASF20
 544 00d9 05       		.byte	0x5
 545 00da 4F       		.byte	0x4f
 546 00db BE000000 		.4byte	0xbe
 547 00df 03       		.uleb128 0x3
 548 00e0 0E010000 		.4byte	.LASF21
 549 00e4 05       		.byte	0x5
 550 00e5 78       		.byte	0x78
 551 00e6 B3000000 		.4byte	0xb3
 552 00ea 02       		.uleb128 0x2
 553 00eb 04       		.byte	0x4
 554 00ec 07       		.byte	0x7
 555 00ed BE000000 		.4byte	.LASF22
 556 00f1 03       		.uleb128 0x3
 557 00f2 35050000 		.4byte	.LASF23
 558 00f6 06       		.byte	0x6
 559 00f7 90       		.byte	0x90
 560 00f8 25000000 		.4byte	0x25
 561 00fc 05       		.uleb128 0x5
 562 00fd 01       		.byte	0x1
 563 00fe 25000000 		.4byte	0x25
 564 0102 06       		.byte	0x6
 565 0103 CF       		.byte	0xcf
 566 0104 A5010000 		.4byte	0x1a5
 567 0108 06       		.uleb128 0x6
 568 0109 2A000000 		.4byte	.LASF24
 569 010d 00       		.byte	0
 570 010e 07       		.uleb128 0x7
 571 010f F7040000 		.4byte	.LASF25
 572 0113 7F       		.sleb128 -1
 573 0114 07       		.uleb128 0x7
 574 0115 14030000 		.4byte	.LASF26
 575 0119 7E       		.sleb128 -2
 576 011a 07       		.uleb128 0x7
 577 011b CF000000 		.4byte	.LASF27
 578 011f 7D       		.sleb128 -3
 579 0120 07       		.uleb128 0x7
 580 0121 08050000 		.4byte	.LASF28
 581 0125 7C       		.sleb128 -4
 582 0126 07       		.uleb128 0x7
 583 0127 AC040000 		.4byte	.LASF29
 584 012b 7B       		.sleb128 -5
 585 012c 07       		.uleb128 0x7
 586 012d 98000000 		.4byte	.LASF30
 587 0131 7A       		.sleb128 -6
 588 0132 07       		.uleb128 0x7
 589 0133 23020000 		.4byte	.LASF31
 590 0137 79       		.sleb128 -7
 591 0138 07       		.uleb128 0x7
 592 0139 03040000 		.4byte	.LASF32
ARM GAS  C:\Users\vboxuser\AppData\Local\Temp\ccbuJY4H.s 			page 16


 593 013d 78       		.sleb128 -8
 594 013e 07       		.uleb128 0x7
 595 013f 22030000 		.4byte	.LASF33
 596 0143 77       		.sleb128 -9
 597 0144 07       		.uleb128 0x7
 598 0145 35020000 		.4byte	.LASF34
 599 0149 76       		.sleb128 -10
 600 014a 07       		.uleb128 0x7
 601 014b 3D050000 		.4byte	.LASF35
 602 014f 75       		.sleb128 -11
 603 0150 07       		.uleb128 0x7
 604 0151 F4020000 		.4byte	.LASF36
 605 0155 74       		.sleb128 -12
 606 0156 07       		.uleb128 0x7
 607 0157 92040000 		.4byte	.LASF37
 608 015b 73       		.sleb128 -13
 609 015c 07       		.uleb128 0x7
 610 015d 8F020000 		.4byte	.LASF38
 611 0161 72       		.sleb128 -14
 612 0162 07       		.uleb128 0x7
 613 0163 35000000 		.4byte	.LASF39
 614 0167 71       		.sleb128 -15
 615 0168 07       		.uleb128 0x7
 616 0169 E5000000 		.4byte	.LASF40
 617 016d 70       		.sleb128 -16
 618 016e 07       		.uleb128 0x7
 619 016f 2A040000 		.4byte	.LASF41
 620 0173 6F       		.sleb128 -17
 621 0174 07       		.uleb128 0x7
 622 0175 A9000000 		.4byte	.LASF42
 623 0179 6E       		.sleb128 -18
 624 017a 07       		.uleb128 0x7
 625 017b EC010000 		.4byte	.LASF43
 626 017f 6D       		.sleb128 -19
 627 0180 07       		.uleb128 0x7
 628 0181 3E040000 		.4byte	.LASF44
 629 0185 6C       		.sleb128 -20
 630 0186 07       		.uleb128 0x7
 631 0187 75020000 		.4byte	.LASF45
 632 018b 6B       		.sleb128 -21
 633 018c 07       		.uleb128 0x7
 634 018d C5040000 		.4byte	.LASF46
 635 0191 6A       		.sleb128 -22
 636 0192 07       		.uleb128 0x7
 637 0193 23010000 		.4byte	.LASF47
 638 0197 69       		.sleb128 -23
 639 0198 07       		.uleb128 0x7
 640 0199 FF010000 		.4byte	.LASF48
 641 019d 68       		.sleb128 -24
 642 019e 07       		.uleb128 0x7
 643 019f 9F010000 		.4byte	.LASF49
 644 01a3 67       		.sleb128 -25
 645 01a4 00       		.byte	0
 646 01a5 03       		.uleb128 0x3
 647 01a6 30050000 		.4byte	.LASF50
 648 01aa 06       		.byte	0x6
 649 01ab EA       		.byte	0xea
ARM GAS  C:\Users\vboxuser\AppData\Local\Temp\ccbuJY4H.s 			page 17


 650 01ac FC000000 		.4byte	0xfc
 651 01b0 05       		.uleb128 0x5
 652 01b1 01       		.byte	0x1
 653 01b2 37000000 		.4byte	0x37
 654 01b6 07       		.byte	0x7
 655 01b7 5F       		.byte	0x5f
 656 01b8 C9010000 		.4byte	0x1c9
 657 01bc 06       		.uleb128 0x6
 658 01bd C7000000 		.4byte	.LASF51
 659 01c1 00       		.byte	0
 660 01c2 06       		.uleb128 0x6
 661 01c3 C8020000 		.4byte	.LASF52
 662 01c7 01       		.byte	0x1
 663 01c8 00       		.byte	0
 664 01c9 03       		.uleb128 0x3
 665 01ca 87040000 		.4byte	.LASF53
 666 01ce 07       		.byte	0x7
 667 01cf 62       		.byte	0x62
 668 01d0 B0010000 		.4byte	0x1b0
 669 01d4 08       		.uleb128 0x8
 670 01d5 10020000 		.4byte	.LASF56
 671 01d9 01       		.byte	0x1
 672 01da 71       		.byte	0x71
 673 01db A5010000 		.4byte	0x1a5
 674 01df 00000000 		.4byte	.LFB111
 675 01e3 34000000 		.4byte	.LFE111-.LFB111
 676 01e7 01       		.uleb128 0x1
 677 01e8 9C       		.byte	0x9c
 678 01e9 47020000 		.4byte	0x247
 679 01ed 09       		.uleb128 0x9
 680 01ee 87020000 		.4byte	.LASF54
 681 01f2 01       		.byte	0x1
 682 01f3 71       		.byte	0x71
 683 01f4 C9010000 		.4byte	0x1c9
 684 01f8 00000000 		.4byte	.LLST0
 685 01fc 09       		.uleb128 0x9
 686 01fd 15010000 		.4byte	.LASF55
 687 0201 01       		.byte	0x1
 688 0202 71       		.byte	0x71
 689 0203 81000000 		.4byte	0x81
 690 0207 3A000000 		.4byte	.LLST1
 691 020b 0A       		.uleb128 0xa
 692 020c 0B000000 		.4byte	.LASF60
 693 0210 01       		.byte	0x1
 694 0211 7E       		.byte	0x7e
 695 0212 81000000 		.4byte	0x81
 696 0216 66000000 		.4byte	.LLST2
 697 021a 0B       		.uleb128 0xb
 698 021b 0E000000 		.4byte	.LVL1
 699 021f 2E050000 		.4byte	0x52e
 700 0223 2E020000 		.4byte	0x22e
 701 0227 0C       		.uleb128 0xc
 702 0228 01       		.uleb128 0x1
 703 0229 50       		.byte	0x50
 704 022a 02       		.uleb128 0x2
 705 022b 75       		.byte	0x75
 706 022c 00       		.sleb128 0
ARM GAS  C:\Users\vboxuser\AppData\Local\Temp\ccbuJY4H.s 			page 18


 707 022d 00       		.byte	0
 708 022e 0D       		.uleb128 0xd
 709 022f 1E000000 		.4byte	.LVL3
 710 0233 39050000 		.4byte	0x539
 711 0237 0C       		.uleb128 0xc
 712 0238 01       		.uleb128 0x1
 713 0239 50       		.byte	0x50
 714 023a 0A       		.uleb128 0xa
 715 023b 74       		.byte	0x74
 716 023c 00       		.sleb128 0
 717 023d 03       		.byte	0x3
 718 023e 00000000 		.4byte	.LANCHOR0
 719 0242 22       		.byte	0x22
 720 0243 94       		.byte	0x94
 721 0244 01       		.byte	0x1
 722 0245 00       		.byte	0
 723 0246 00       		.byte	0
 724 0247 08       		.uleb128 0x8
 725 0248 20040000 		.4byte	.LASF57
 726 024c 01       		.byte	0x1
 727 024d 8F       		.byte	0x8f
 728 024e A5010000 		.4byte	0x1a5
 729 0252 00000000 		.4byte	.LFB112
 730 0256 10000000 		.4byte	.LFE112-.LFB112
 731 025a 01       		.uleb128 0x1
 732 025b 9C       		.byte	0x9c
 733 025c 7D020000 		.4byte	0x27d
 734 0260 09       		.uleb128 0x9
 735 0261 87020000 		.4byte	.LASF54
 736 0265 01       		.byte	0x1
 737 0266 8F       		.byte	0x8f
 738 0267 C9010000 		.4byte	0x1c9
 739 026b 8B000000 		.4byte	.LLST3
 740 026f 0E       		.uleb128 0xe
 741 0270 15010000 		.4byte	.LASF55
 742 0274 01       		.byte	0x1
 743 0275 8F       		.byte	0x8f
 744 0276 7D020000 		.4byte	0x27d
 745 027a 01       		.uleb128 0x1
 746 027b 51       		.byte	0x51
 747 027c 00       		.byte	0
 748 027d 0F       		.uleb128 0xf
 749 027e 04       		.byte	0x4
 750 027f F1000000 		.4byte	0xf1
 751 0283 08       		.uleb128 0x8
 752 0284 DF010000 		.4byte	.LASF58
 753 0288 01       		.byte	0x1
 754 0289 9B       		.byte	0x9b
 755 028a A5010000 		.4byte	0x1a5
 756 028e 00000000 		.4byte	.LFB113
 757 0292 1A000000 		.4byte	.LFE113-.LFB113
 758 0296 01       		.uleb128 0x1
 759 0297 9C       		.byte	0x9c
 760 0298 DE020000 		.4byte	0x2de
 761 029c 09       		.uleb128 0x9
 762 029d 15010000 		.4byte	.LASF55
 763 02a1 01       		.byte	0x1
ARM GAS  C:\Users\vboxuser\AppData\Local\Temp\ccbuJY4H.s 			page 19


 764 02a2 9B       		.byte	0x9b
 765 02a3 81000000 		.4byte	0x81
 766 02a7 AC000000 		.4byte	.LLST4
 767 02ab 0B       		.uleb128 0xb
 768 02ac 0C000000 		.4byte	.LVL10
 769 02b0 D4010000 		.4byte	0x1d4
 770 02b4 C6020000 		.4byte	0x2c6
 771 02b8 0C       		.uleb128 0xc
 772 02b9 01       		.uleb128 0x1
 773 02ba 50       		.byte	0x50
 774 02bb 01       		.uleb128 0x1
 775 02bc 31       		.byte	0x31
 776 02bd 0C       		.uleb128 0xc
 777 02be 01       		.uleb128 0x1
 778 02bf 51       		.byte	0x51
 779 02c0 04       		.uleb128 0x4
 780 02c1 74       		.byte	0x74
 781 02c2 00       		.sleb128 0
 782 02c3 34       		.byte	0x34
 783 02c4 25       		.byte	0x25
 784 02c5 00       		.byte	0
 785 02c6 0D       		.uleb128 0xd
 786 02c7 16000000 		.4byte	.LVL11
 787 02cb D4010000 		.4byte	0x1d4
 788 02cf 0C       		.uleb128 0xc
 789 02d0 01       		.uleb128 0x1
 790 02d1 50       		.byte	0x50
 791 02d2 01       		.uleb128 0x1
 792 02d3 30       		.byte	0x30
 793 02d4 0C       		.uleb128 0xc
 794 02d5 01       		.uleb128 0x1
 795 02d6 51       		.byte	0x51
 796 02d7 04       		.uleb128 0x4
 797 02d8 74       		.byte	0x74
 798 02d9 00       		.sleb128 0
 799 02da 3F       		.byte	0x3f
 800 02db 1A       		.byte	0x1a
 801 02dc 00       		.byte	0
 802 02dd 00       		.byte	0
 803 02de 08       		.uleb128 0x8
 804 02df F7030000 		.4byte	.LASF59
 805 02e3 01       		.byte	0x1
 806 02e4 A9       		.byte	0xa9
 807 02e5 A5010000 		.4byte	0x1a5
 808 02e9 00000000 		.4byte	.LFB114
 809 02ed 40000000 		.4byte	.LFE114-.LFB114
 810 02f1 01       		.uleb128 0x1
 811 02f2 9C       		.byte	0x9c
 812 02f3 4D030000 		.4byte	0x34d
 813 02f7 09       		.uleb128 0x9
 814 02f8 87020000 		.4byte	.LASF54
 815 02fc 01       		.byte	0x1
 816 02fd A9       		.byte	0xa9
 817 02fe C9010000 		.4byte	0x1c9
 818 0302 CD000000 		.4byte	.LLST5
 819 0306 09       		.uleb128 0x9
 820 0307 15010000 		.4byte	.LASF55
ARM GAS  C:\Users\vboxuser\AppData\Local\Temp\ccbuJY4H.s 			page 20


 821 030b 01       		.byte	0x1
 822 030c A9       		.byte	0xa9
 823 030d 81000000 		.4byte	0x81
 824 0311 07010000 		.4byte	.LLST6
 825 0315 0A       		.uleb128 0xa
 826 0316 0B000000 		.4byte	.LASF60
 827 031a 01       		.byte	0x1
 828 031b B2       		.byte	0xb2
 829 031c 81000000 		.4byte	0x81
 830 0320 33010000 		.4byte	.LLST7
 831 0324 0A       		.uleb128 0xa
 832 0325 13000000 		.4byte	.LASF61
 833 0329 01       		.byte	0x1
 834 032a C2       		.byte	0xc2
 835 032b 81000000 		.4byte	0x81
 836 032f 69010000 		.4byte	.LLST8
 837 0333 10       		.uleb128 0x10
 838 0334 1E000000 		.4byte	.LVL18
 839 0338 2E050000 		.4byte	0x52e
 840 033c 0D       		.uleb128 0xd
 841 033d 2C000000 		.4byte	.LVL20
 842 0341 39050000 		.4byte	0x539
 843 0345 0C       		.uleb128 0xc
 844 0346 01       		.uleb128 0x1
 845 0347 50       		.byte	0x50
 846 0348 02       		.uleb128 0x2
 847 0349 75       		.byte	0x75
 848 034a 00       		.sleb128 0
 849 034b 00       		.byte	0
 850 034c 00       		.byte	0
 851 034d 08       		.uleb128 0x8
 852 034e A2020000 		.4byte	.LASF62
 853 0352 01       		.byte	0x1
 854 0353 D5       		.byte	0xd5
 855 0354 A5010000 		.4byte	0x1a5
 856 0358 00000000 		.4byte	.LFB115
 857 035c 1C000000 		.4byte	.LFE115-.LFB115
 858 0360 01       		.uleb128 0x1
 859 0361 9C       		.byte	0x9c
 860 0362 8E030000 		.4byte	0x38e
 861 0366 09       		.uleb128 0x9
 862 0367 87020000 		.4byte	.LASF54
 863 036b 01       		.byte	0x1
 864 036c D5       		.byte	0xd5
 865 036d C9010000 		.4byte	0x1c9
 866 0371 88010000 		.4byte	.LLST9
 867 0375 10       		.uleb128 0x10
 868 0376 0C000000 		.4byte	.LVL24
 869 037a 2E050000 		.4byte	0x52e
 870 037e 0D       		.uleb128 0xd
 871 037f 12000000 		.4byte	.LVL25
 872 0383 39050000 		.4byte	0x539
 873 0387 0C       		.uleb128 0xc
 874 0388 01       		.uleb128 0x1
 875 0389 50       		.byte	0x50
 876 038a 01       		.uleb128 0x1
 877 038b 30       		.byte	0x30
ARM GAS  C:\Users\vboxuser\AppData\Local\Temp\ccbuJY4H.s 			page 21


 878 038c 00       		.byte	0
 879 038d 00       		.byte	0
 880 038e 11       		.uleb128 0x11
 881 038f 00000000 		.4byte	.LASF81
 882 0393 01       		.byte	0x1
 883 0394 61       		.byte	0x61
 884 0395 A5010000 		.4byte	0x1a5
 885 0399 00000000 		.4byte	.LFB110
 886 039d 12000000 		.4byte	.LFE110-.LFB110
 887 03a1 01       		.uleb128 0x1
 888 03a2 9C       		.byte	0x9c
 889 03a3 CA030000 		.4byte	0x3ca
 890 03a7 0B       		.uleb128 0xb
 891 03a8 08000000 		.4byte	.LVL26
 892 03ac 4D030000 		.4byte	0x34d
 893 03b0 BA030000 		.4byte	0x3ba
 894 03b4 0C       		.uleb128 0xc
 895 03b5 01       		.uleb128 0x1
 896 03b6 50       		.byte	0x50
 897 03b7 01       		.uleb128 0x1
 898 03b8 30       		.byte	0x30
 899 03b9 00       		.byte	0
 900 03ba 0D       		.uleb128 0xd
 901 03bb 0E000000 		.4byte	.LVL27
 902 03bf 4D030000 		.4byte	0x34d
 903 03c3 0C       		.uleb128 0xc
 904 03c4 01       		.uleb128 0x1
 905 03c5 50       		.byte	0x50
 906 03c6 01       		.uleb128 0x1
 907 03c7 31       		.byte	0x31
 908 03c8 00       		.byte	0
 909 03c9 00       		.byte	0
 910 03ca 08       		.uleb128 0x8
 911 03cb 00010000 		.4byte	.LASF63
 912 03cf 01       		.byte	0x1
 913 03d0 E3       		.byte	0xe3
 914 03d1 A5010000 		.4byte	0x1a5
 915 03d5 00000000 		.4byte	.LFB116
 916 03d9 4C000000 		.4byte	.LFE116-.LFB116
 917 03dd 01       		.uleb128 0x1
 918 03de 9C       		.byte	0x9c
 919 03df 5F040000 		.4byte	0x45f
 920 03e3 09       		.uleb128 0x9
 921 03e4 87020000 		.4byte	.LASF54
 922 03e8 01       		.byte	0x1
 923 03e9 E3       		.byte	0xe3
 924 03ea C9010000 		.4byte	0x1c9
 925 03ee A9010000 		.4byte	.LLST10
 926 03f2 12       		.uleb128 0x12
 927 03f3 64010000 		.4byte	.LASF64
 928 03f7 01       		.byte	0x1
 929 03f8 E8       		.byte	0xe8
 930 03f9 74040000 		.4byte	0x474
 931 03fd 02       		.uleb128 0x2
 932 03fe 91       		.byte	0x91
 933 03ff 68       		.sleb128 -24
 934 0400 13       		.uleb128 0x13
ARM GAS  C:\Users\vboxuser\AppData\Local\Temp\ccbuJY4H.s 			page 22


 935 0401 76040000 		.4byte	.LASF65
 936 0405 01       		.byte	0x1
 937 0406 EB       		.byte	0xeb
 938 0407 79040000 		.4byte	0x479
 939 040b 64       		.byte	0x64
 940 040c 14       		.uleb128 0x14
 941 040d 00000000 		.4byte	.Ldebug_ranges0+0
 942 0411 15       		.uleb128 0x15
 943 0412 6900     		.ascii	"i\000"
 944 0414 01       		.byte	0x1
 945 0415 ED       		.byte	0xed
 946 0416 81000000 		.4byte	0x81
 947 041a CA010000 		.4byte	.LLST11
 948 041e 0B       		.uleb128 0xb
 949 041f 24000000 		.4byte	.LVL32
 950 0423 39050000 		.4byte	0x539
 951 0427 39040000 		.4byte	0x439
 952 042b 0C       		.uleb128 0xc
 953 042c 01       		.uleb128 0x1
 954 042d 50       		.byte	0x50
 955 042e 09       		.uleb128 0x9
 956 042f 91       		.byte	0x91
 957 0430 00       		.sleb128 0
 958 0431 74       		.byte	0x74
 959 0432 00       		.sleb128 0
 960 0433 22       		.byte	0x22
 961 0434 48       		.byte	0x48
 962 0435 1C       		.byte	0x1c
 963 0436 94       		.byte	0x94
 964 0437 01       		.byte	0x1
 965 0438 00       		.byte	0
 966 0439 0B       		.uleb128 0xb
 967 043a 2A000000 		.4byte	.LVL33
 968 043e 44050000 		.4byte	0x544
 969 0442 4D040000 		.4byte	0x44d
 970 0446 0C       		.uleb128 0xc
 971 0447 01       		.uleb128 0x1
 972 0448 50       		.byte	0x50
 973 0449 02       		.uleb128 0x2
 974 044a 08       		.byte	0x8
 975 044b 64       		.byte	0x64
 976 044c 00       		.byte	0
 977 044d 0D       		.uleb128 0xd
 978 044e 30000000 		.4byte	.LVL34
 979 0452 4D030000 		.4byte	0x34d
 980 0456 0C       		.uleb128 0xc
 981 0457 01       		.uleb128 0x1
 982 0458 50       		.byte	0x50
 983 0459 02       		.uleb128 0x2
 984 045a 75       		.byte	0x75
 985 045b 00       		.sleb128 0
 986 045c 00       		.byte	0
 987 045d 00       		.byte	0
 988 045e 00       		.byte	0
 989 045f 16       		.uleb128 0x16
 990 0460 6F040000 		.4byte	0x46f
 991 0464 6F040000 		.4byte	0x46f
ARM GAS  C:\Users\vboxuser\AppData\Local\Temp\ccbuJY4H.s 			page 23


 992 0468 17       		.uleb128 0x17
 993 0469 EA000000 		.4byte	0xea
 994 046d 05       		.byte	0x5
 995 046e 00       		.byte	0
 996 046f 18       		.uleb128 0x18
 997 0470 81000000 		.4byte	0x81
 998 0474 18       		.uleb128 0x18
 999 0475 5F040000 		.4byte	0x45f
 1000 0479 18       		.uleb128 0x18
 1001 047a 73000000 		.4byte	0x73
 1002 047e 16       		.uleb128 0x16
 1003 047f 6F040000 		.4byte	0x46f
 1004 0483 8E040000 		.4byte	0x48e
 1005 0487 17       		.uleb128 0x17
 1006 0488 EA000000 		.4byte	0xea
 1007 048c 10       		.byte	0x10
 1008 048d 00       		.byte	0
 1009 048e 12       		.uleb128 0x12
 1010 048f 02030000 		.4byte	.LASF66
 1011 0493 01       		.byte	0x1
 1012 0494 38       		.byte	0x38
 1013 0495 9F040000 		.4byte	0x49f
 1014 0499 05       		.uleb128 0x5
 1015 049a 03       		.byte	0x3
 1016 049b 00000000 		.4byte	SEVEN__BitPattern
 1017 049f 18       		.uleb128 0x18
 1018 04a0 7E040000 		.4byte	0x47e
 1019 04a4 16       		.uleb128 0x16
 1020 04a5 F1000000 		.4byte	0xf1
 1021 04a9 B4040000 		.4byte	0x4b4
 1022 04ad 17       		.uleb128 0x17
 1023 04ae EA000000 		.4byte	0xea
 1024 04b2 01       		.byte	0x1
 1025 04b3 00       		.byte	0
 1026 04b4 12       		.uleb128 0x12
 1027 04b5 4D020000 		.4byte	.LASF67
 1028 04b9 01       		.byte	0x1
 1029 04ba 4F       		.byte	0x4f
 1030 04bb A4040000 		.4byte	0x4a4
 1031 04bf 05       		.uleb128 0x5
 1032 04c0 03       		.byte	0x3
 1033 04c1 00000000 		.4byte	SEVEN__latch_value
 1034 04c5 16       		.uleb128 0x16
 1035 04c6 81000000 		.4byte	0x81
 1036 04ca D5040000 		.4byte	0x4d5
 1037 04ce 17       		.uleb128 0x17
 1038 04cf EA000000 		.4byte	0xea
 1039 04d3 01       		.byte	0x1
 1040 04d4 00       		.byte	0
 1041 04d5 12       		.uleb128 0x12
 1042 04d6 60020000 		.4byte	.LASF68
 1043 04da 01       		.byte	0x1
 1044 04db 50       		.byte	0x50
 1045 04dc C5040000 		.4byte	0x4c5
 1046 04e0 05       		.uleb128 0x5
 1047 04e1 03       		.byte	0x3
 1048 04e2 00000000 		.4byte	SEVEN__latch_pattern
ARM GAS  C:\Users\vboxuser\AppData\Local\Temp\ccbuJY4H.s 			page 24


 1049 04e6 19       		.uleb128 0x19
 1050 04e7 18050000 		.4byte	.LASF69
 1051 04eb 08       		.byte	0x8
 1052 04ec 40       		.byte	0x40
 1053 04ed C9000000 		.4byte	0xc9
 1054 04f1 19       		.uleb128 0x19
 1055 04f2 C6010000 		.4byte	.LASF70
 1056 04f6 08       		.byte	0x8
 1057 04f7 47       		.byte	0x47
 1058 04f8 D4000000 		.4byte	0xd4
 1059 04fc 19       		.uleb128 0x19
 1060 04fd 51040000 		.4byte	.LASF71
 1061 0501 08       		.byte	0x8
 1062 0502 4A       		.byte	0x4a
 1063 0503 C9000000 		.4byte	0xc9
 1064 0507 19       		.uleb128 0x19
 1065 0508 74010000 		.4byte	.LASF72
 1066 050c 09       		.byte	0x9
 1067 050d 48       		.byte	0x48
 1068 050e DF000000 		.4byte	0xdf
 1069 0512 19       		.uleb128 0x19
 1070 0513 3A010000 		.4byte	.LASF73
 1071 0517 0A       		.byte	0xa
 1072 0518 44       		.byte	0x44
 1073 0519 C9000000 		.4byte	0xc9
 1074 051d 1A       		.uleb128 0x1a
 1075 051e EA040000 		.4byte	.LASF74
 1076 0522 0B       		.byte	0xb
 1077 0523 1207     		.2byte	0x712
 1078 0525 29050000 		.4byte	0x529
 1079 0529 1B       		.uleb128 0x1b
 1080 052a 8C000000 		.4byte	0x8c
 1081 052e 1C       		.uleb128 0x1c
 1082 052f D7040000 		.4byte	.LASF75
 1083 0533 D7040000 		.4byte	.LASF75
 1084 0537 0C       		.byte	0xc
 1085 0538 26       		.byte	0x26
 1086 0539 1C       		.uleb128 0x1c
 1087 053a E2030000 		.4byte	.LASF76
 1088 053e E2030000 		.4byte	.LASF76
 1089 0542 0D       		.byte	0xd
 1090 0543 2F       		.byte	0x2f
 1091 0544 1C       		.uleb128 0x1c
 1092 0545 00050000 		.4byte	.LASF77
 1093 0549 00050000 		.4byte	.LASF77
 1094 054d 0E       		.byte	0xe
 1095 054e 76       		.byte	0x76
 1096 054f 00       		.byte	0
 1097              		.section	.debug_abbrev,"",%progbits
 1098              	.Ldebug_abbrev0:
 1099 0000 01       		.uleb128 0x1
 1100 0001 11       		.uleb128 0x11
 1101 0002 01       		.byte	0x1
 1102 0003 25       		.uleb128 0x25
 1103 0004 0E       		.uleb128 0xe
 1104 0005 13       		.uleb128 0x13
 1105 0006 0B       		.uleb128 0xb
ARM GAS  C:\Users\vboxuser\AppData\Local\Temp\ccbuJY4H.s 			page 25


 1106 0007 03       		.uleb128 0x3
 1107 0008 0E       		.uleb128 0xe
 1108 0009 1B       		.uleb128 0x1b
 1109 000a 0E       		.uleb128 0xe
 1110 000b 55       		.uleb128 0x55
 1111 000c 17       		.uleb128 0x17
 1112 000d 11       		.uleb128 0x11
 1113 000e 01       		.uleb128 0x1
 1114 000f 10       		.uleb128 0x10
 1115 0010 17       		.uleb128 0x17
 1116 0011 00       		.byte	0
 1117 0012 00       		.byte	0
 1118 0013 02       		.uleb128 0x2
 1119 0014 24       		.uleb128 0x24
 1120 0015 00       		.byte	0
 1121 0016 0B       		.uleb128 0xb
 1122 0017 0B       		.uleb128 0xb
 1123 0018 3E       		.uleb128 0x3e
 1124 0019 0B       		.uleb128 0xb
 1125 001a 03       		.uleb128 0x3
 1126 001b 0E       		.uleb128 0xe
 1127 001c 00       		.byte	0
 1128 001d 00       		.byte	0
 1129 001e 03       		.uleb128 0x3
 1130 001f 16       		.uleb128 0x16
 1131 0020 00       		.byte	0
 1132 0021 03       		.uleb128 0x3
 1133 0022 0E       		.uleb128 0xe
 1134 0023 3A       		.uleb128 0x3a
 1135 0024 0B       		.uleb128 0xb
 1136 0025 3B       		.uleb128 0x3b
 1137 0026 0B       		.uleb128 0xb
 1138 0027 49       		.uleb128 0x49
 1139 0028 13       		.uleb128 0x13
 1140 0029 00       		.byte	0
 1141 002a 00       		.byte	0
 1142 002b 04       		.uleb128 0x4
 1143 002c 24       		.uleb128 0x24
 1144 002d 00       		.byte	0
 1145 002e 0B       		.uleb128 0xb
 1146 002f 0B       		.uleb128 0xb
 1147 0030 3E       		.uleb128 0x3e
 1148 0031 0B       		.uleb128 0xb
 1149 0032 03       		.uleb128 0x3
 1150 0033 08       		.uleb128 0x8
 1151 0034 00       		.byte	0
 1152 0035 00       		.byte	0
 1153 0036 05       		.uleb128 0x5
 1154 0037 04       		.uleb128 0x4
 1155 0038 01       		.byte	0x1
 1156 0039 0B       		.uleb128 0xb
 1157 003a 0B       		.uleb128 0xb
 1158 003b 49       		.uleb128 0x49
 1159 003c 13       		.uleb128 0x13
 1160 003d 3A       		.uleb128 0x3a
 1161 003e 0B       		.uleb128 0xb
 1162 003f 3B       		.uleb128 0x3b
ARM GAS  C:\Users\vboxuser\AppData\Local\Temp\ccbuJY4H.s 			page 26


 1163 0040 0B       		.uleb128 0xb
 1164 0041 01       		.uleb128 0x1
 1165 0042 13       		.uleb128 0x13
 1166 0043 00       		.byte	0
 1167 0044 00       		.byte	0
 1168 0045 06       		.uleb128 0x6
 1169 0046 28       		.uleb128 0x28
 1170 0047 00       		.byte	0
 1171 0048 03       		.uleb128 0x3
 1172 0049 0E       		.uleb128 0xe
 1173 004a 1C       		.uleb128 0x1c
 1174 004b 0B       		.uleb128 0xb
 1175 004c 00       		.byte	0
 1176 004d 00       		.byte	0
 1177 004e 07       		.uleb128 0x7
 1178 004f 28       		.uleb128 0x28
 1179 0050 00       		.byte	0
 1180 0051 03       		.uleb128 0x3
 1181 0052 0E       		.uleb128 0xe
 1182 0053 1C       		.uleb128 0x1c
 1183 0054 0D       		.uleb128 0xd
 1184 0055 00       		.byte	0
 1185 0056 00       		.byte	0
 1186 0057 08       		.uleb128 0x8
 1187 0058 2E       		.uleb128 0x2e
 1188 0059 01       		.byte	0x1
 1189 005a 3F       		.uleb128 0x3f
 1190 005b 19       		.uleb128 0x19
 1191 005c 03       		.uleb128 0x3
 1192 005d 0E       		.uleb128 0xe
 1193 005e 3A       		.uleb128 0x3a
 1194 005f 0B       		.uleb128 0xb
 1195 0060 3B       		.uleb128 0x3b
 1196 0061 0B       		.uleb128 0xb
 1197 0062 27       		.uleb128 0x27
 1198 0063 19       		.uleb128 0x19
 1199 0064 49       		.uleb128 0x49
 1200 0065 13       		.uleb128 0x13
 1201 0066 11       		.uleb128 0x11
 1202 0067 01       		.uleb128 0x1
 1203 0068 12       		.uleb128 0x12
 1204 0069 06       		.uleb128 0x6
 1205 006a 40       		.uleb128 0x40
 1206 006b 18       		.uleb128 0x18
 1207 006c 9742     		.uleb128 0x2117
 1208 006e 19       		.uleb128 0x19
 1209 006f 01       		.uleb128 0x1
 1210 0070 13       		.uleb128 0x13
 1211 0071 00       		.byte	0
 1212 0072 00       		.byte	0
 1213 0073 09       		.uleb128 0x9
 1214 0074 05       		.uleb128 0x5
 1215 0075 00       		.byte	0
 1216 0076 03       		.uleb128 0x3
 1217 0077 0E       		.uleb128 0xe
 1218 0078 3A       		.uleb128 0x3a
 1219 0079 0B       		.uleb128 0xb
ARM GAS  C:\Users\vboxuser\AppData\Local\Temp\ccbuJY4H.s 			page 27


 1220 007a 3B       		.uleb128 0x3b
 1221 007b 0B       		.uleb128 0xb
 1222 007c 49       		.uleb128 0x49
 1223 007d 13       		.uleb128 0x13
 1224 007e 02       		.uleb128 0x2
 1225 007f 17       		.uleb128 0x17
 1226 0080 00       		.byte	0
 1227 0081 00       		.byte	0
 1228 0082 0A       		.uleb128 0xa
 1229 0083 34       		.uleb128 0x34
 1230 0084 00       		.byte	0
 1231 0085 03       		.uleb128 0x3
 1232 0086 0E       		.uleb128 0xe
 1233 0087 3A       		.uleb128 0x3a
 1234 0088 0B       		.uleb128 0xb
 1235 0089 3B       		.uleb128 0x3b
 1236 008a 0B       		.uleb128 0xb
 1237 008b 49       		.uleb128 0x49
 1238 008c 13       		.uleb128 0x13
 1239 008d 02       		.uleb128 0x2
 1240 008e 17       		.uleb128 0x17
 1241 008f 00       		.byte	0
 1242 0090 00       		.byte	0
 1243 0091 0B       		.uleb128 0xb
 1244 0092 898201   		.uleb128 0x4109
 1245 0095 01       		.byte	0x1
 1246 0096 11       		.uleb128 0x11
 1247 0097 01       		.uleb128 0x1
 1248 0098 31       		.uleb128 0x31
 1249 0099 13       		.uleb128 0x13
 1250 009a 01       		.uleb128 0x1
 1251 009b 13       		.uleb128 0x13
 1252 009c 00       		.byte	0
 1253 009d 00       		.byte	0
 1254 009e 0C       		.uleb128 0xc
 1255 009f 8A8201   		.uleb128 0x410a
 1256 00a2 00       		.byte	0
 1257 00a3 02       		.uleb128 0x2
 1258 00a4 18       		.uleb128 0x18
 1259 00a5 9142     		.uleb128 0x2111
 1260 00a7 18       		.uleb128 0x18
 1261 00a8 00       		.byte	0
 1262 00a9 00       		.byte	0
 1263 00aa 0D       		.uleb128 0xd
 1264 00ab 898201   		.uleb128 0x4109
 1265 00ae 01       		.byte	0x1
 1266 00af 11       		.uleb128 0x11
 1267 00b0 01       		.uleb128 0x1
 1268 00b1 31       		.uleb128 0x31
 1269 00b2 13       		.uleb128 0x13
 1270 00b3 00       		.byte	0
 1271 00b4 00       		.byte	0
 1272 00b5 0E       		.uleb128 0xe
 1273 00b6 05       		.uleb128 0x5
 1274 00b7 00       		.byte	0
 1275 00b8 03       		.uleb128 0x3
 1276 00b9 0E       		.uleb128 0xe
ARM GAS  C:\Users\vboxuser\AppData\Local\Temp\ccbuJY4H.s 			page 28


 1277 00ba 3A       		.uleb128 0x3a
 1278 00bb 0B       		.uleb128 0xb
 1279 00bc 3B       		.uleb128 0x3b
 1280 00bd 0B       		.uleb128 0xb
 1281 00be 49       		.uleb128 0x49
 1282 00bf 13       		.uleb128 0x13
 1283 00c0 02       		.uleb128 0x2
 1284 00c1 18       		.uleb128 0x18
 1285 00c2 00       		.byte	0
 1286 00c3 00       		.byte	0
 1287 00c4 0F       		.uleb128 0xf
 1288 00c5 0F       		.uleb128 0xf
 1289 00c6 00       		.byte	0
 1290 00c7 0B       		.uleb128 0xb
 1291 00c8 0B       		.uleb128 0xb
 1292 00c9 49       		.uleb128 0x49
 1293 00ca 13       		.uleb128 0x13
 1294 00cb 00       		.byte	0
 1295 00cc 00       		.byte	0
 1296 00cd 10       		.uleb128 0x10
 1297 00ce 898201   		.uleb128 0x4109
 1298 00d1 00       		.byte	0
 1299 00d2 11       		.uleb128 0x11
 1300 00d3 01       		.uleb128 0x1
 1301 00d4 31       		.uleb128 0x31
 1302 00d5 13       		.uleb128 0x13
 1303 00d6 00       		.byte	0
 1304 00d7 00       		.byte	0
 1305 00d8 11       		.uleb128 0x11
 1306 00d9 2E       		.uleb128 0x2e
 1307 00da 01       		.byte	0x1
 1308 00db 3F       		.uleb128 0x3f
 1309 00dc 19       		.uleb128 0x19
 1310 00dd 03       		.uleb128 0x3
 1311 00de 0E       		.uleb128 0xe
 1312 00df 3A       		.uleb128 0x3a
 1313 00e0 0B       		.uleb128 0xb
 1314 00e1 3B       		.uleb128 0x3b
 1315 00e2 0B       		.uleb128 0xb
 1316 00e3 49       		.uleb128 0x49
 1317 00e4 13       		.uleb128 0x13
 1318 00e5 11       		.uleb128 0x11
 1319 00e6 01       		.uleb128 0x1
 1320 00e7 12       		.uleb128 0x12
 1321 00e8 06       		.uleb128 0x6
 1322 00e9 40       		.uleb128 0x40
 1323 00ea 18       		.uleb128 0x18
 1324 00eb 9742     		.uleb128 0x2117
 1325 00ed 19       		.uleb128 0x19
 1326 00ee 01       		.uleb128 0x1
 1327 00ef 13       		.uleb128 0x13
 1328 00f0 00       		.byte	0
 1329 00f1 00       		.byte	0
 1330 00f2 12       		.uleb128 0x12
 1331 00f3 34       		.uleb128 0x34
 1332 00f4 00       		.byte	0
 1333 00f5 03       		.uleb128 0x3
ARM GAS  C:\Users\vboxuser\AppData\Local\Temp\ccbuJY4H.s 			page 29


 1334 00f6 0E       		.uleb128 0xe
 1335 00f7 3A       		.uleb128 0x3a
 1336 00f8 0B       		.uleb128 0xb
 1337 00f9 3B       		.uleb128 0x3b
 1338 00fa 0B       		.uleb128 0xb
 1339 00fb 49       		.uleb128 0x49
 1340 00fc 13       		.uleb128 0x13
 1341 00fd 02       		.uleb128 0x2
 1342 00fe 18       		.uleb128 0x18
 1343 00ff 00       		.byte	0
 1344 0100 00       		.byte	0
 1345 0101 13       		.uleb128 0x13
 1346 0102 34       		.uleb128 0x34
 1347 0103 00       		.byte	0
 1348 0104 03       		.uleb128 0x3
 1349 0105 0E       		.uleb128 0xe
 1350 0106 3A       		.uleb128 0x3a
 1351 0107 0B       		.uleb128 0xb
 1352 0108 3B       		.uleb128 0x3b
 1353 0109 0B       		.uleb128 0xb
 1354 010a 49       		.uleb128 0x49
 1355 010b 13       		.uleb128 0x13
 1356 010c 1C       		.uleb128 0x1c
 1357 010d 0B       		.uleb128 0xb
 1358 010e 00       		.byte	0
 1359 010f 00       		.byte	0
 1360 0110 14       		.uleb128 0x14
 1361 0111 0B       		.uleb128 0xb
 1362 0112 01       		.byte	0x1
 1363 0113 55       		.uleb128 0x55
 1364 0114 17       		.uleb128 0x17
 1365 0115 00       		.byte	0
 1366 0116 00       		.byte	0
 1367 0117 15       		.uleb128 0x15
 1368 0118 34       		.uleb128 0x34
 1369 0119 00       		.byte	0
 1370 011a 03       		.uleb128 0x3
 1371 011b 08       		.uleb128 0x8
 1372 011c 3A       		.uleb128 0x3a
 1373 011d 0B       		.uleb128 0xb
 1374 011e 3B       		.uleb128 0x3b
 1375 011f 0B       		.uleb128 0xb
 1376 0120 49       		.uleb128 0x49
 1377 0121 13       		.uleb128 0x13
 1378 0122 02       		.uleb128 0x2
 1379 0123 17       		.uleb128 0x17
 1380 0124 00       		.byte	0
 1381 0125 00       		.byte	0
 1382 0126 16       		.uleb128 0x16
 1383 0127 01       		.uleb128 0x1
 1384 0128 01       		.byte	0x1
 1385 0129 49       		.uleb128 0x49
 1386 012a 13       		.uleb128 0x13
 1387 012b 01       		.uleb128 0x1
 1388 012c 13       		.uleb128 0x13
 1389 012d 00       		.byte	0
 1390 012e 00       		.byte	0
ARM GAS  C:\Users\vboxuser\AppData\Local\Temp\ccbuJY4H.s 			page 30


 1391 012f 17       		.uleb128 0x17
 1392 0130 21       		.uleb128 0x21
 1393 0131 00       		.byte	0
 1394 0132 49       		.uleb128 0x49
 1395 0133 13       		.uleb128 0x13
 1396 0134 2F       		.uleb128 0x2f
 1397 0135 0B       		.uleb128 0xb
 1398 0136 00       		.byte	0
 1399 0137 00       		.byte	0
 1400 0138 18       		.uleb128 0x18
 1401 0139 26       		.uleb128 0x26
 1402 013a 00       		.byte	0
 1403 013b 49       		.uleb128 0x49
 1404 013c 13       		.uleb128 0x13
 1405 013d 00       		.byte	0
 1406 013e 00       		.byte	0
 1407 013f 19       		.uleb128 0x19
 1408 0140 34       		.uleb128 0x34
 1409 0141 00       		.byte	0
 1410 0142 03       		.uleb128 0x3
 1411 0143 0E       		.uleb128 0xe
 1412 0144 3A       		.uleb128 0x3a
 1413 0145 0B       		.uleb128 0xb
 1414 0146 3B       		.uleb128 0x3b
 1415 0147 0B       		.uleb128 0xb
 1416 0148 49       		.uleb128 0x49
 1417 0149 13       		.uleb128 0x13
 1418 014a 3F       		.uleb128 0x3f
 1419 014b 19       		.uleb128 0x19
 1420 014c 3C       		.uleb128 0x3c
 1421 014d 19       		.uleb128 0x19
 1422 014e 00       		.byte	0
 1423 014f 00       		.byte	0
 1424 0150 1A       		.uleb128 0x1a
 1425 0151 34       		.uleb128 0x34
 1426 0152 00       		.byte	0
 1427 0153 03       		.uleb128 0x3
 1428 0154 0E       		.uleb128 0xe
 1429 0155 3A       		.uleb128 0x3a
 1430 0156 0B       		.uleb128 0xb
 1431 0157 3B       		.uleb128 0x3b
 1432 0158 05       		.uleb128 0x5
 1433 0159 49       		.uleb128 0x49
 1434 015a 13       		.uleb128 0x13
 1435 015b 3F       		.uleb128 0x3f
 1436 015c 19       		.uleb128 0x19
 1437 015d 3C       		.uleb128 0x3c
 1438 015e 19       		.uleb128 0x19
 1439 015f 00       		.byte	0
 1440 0160 00       		.byte	0
 1441 0161 1B       		.uleb128 0x1b
 1442 0162 35       		.uleb128 0x35
 1443 0163 00       		.byte	0
 1444 0164 49       		.uleb128 0x49
 1445 0165 13       		.uleb128 0x13
 1446 0166 00       		.byte	0
 1447 0167 00       		.byte	0
ARM GAS  C:\Users\vboxuser\AppData\Local\Temp\ccbuJY4H.s 			page 31


 1448 0168 1C       		.uleb128 0x1c
 1449 0169 2E       		.uleb128 0x2e
 1450 016a 00       		.byte	0
 1451 016b 3F       		.uleb128 0x3f
 1452 016c 19       		.uleb128 0x19
 1453 016d 3C       		.uleb128 0x3c
 1454 016e 19       		.uleb128 0x19
 1455 016f 6E       		.uleb128 0x6e
 1456 0170 0E       		.uleb128 0xe
 1457 0171 03       		.uleb128 0x3
 1458 0172 0E       		.uleb128 0xe
 1459 0173 3A       		.uleb128 0x3a
 1460 0174 0B       		.uleb128 0xb
 1461 0175 3B       		.uleb128 0x3b
 1462 0176 0B       		.uleb128 0xb
 1463 0177 00       		.byte	0
 1464 0178 00       		.byte	0
 1465 0179 00       		.byte	0
 1466              		.section	.debug_loc,"",%progbits
 1467              	.Ldebug_loc0:
 1468              	.LLST0:
 1469 0000 00000000 		.4byte	.LVL0
 1470 0004 0D000000 		.4byte	.LVL1-1
 1471 0008 0100     		.2byte	0x1
 1472 000a 50       		.byte	0x50
 1473 000b 0D000000 		.4byte	.LVL1-1
 1474 000f 22000000 		.4byte	.LVL4
 1475 0013 0400     		.2byte	0x4
 1476 0015 F3       		.byte	0xf3
 1477 0016 01       		.uleb128 0x1
 1478 0017 50       		.byte	0x50
 1479 0018 9F       		.byte	0x9f
 1480 0019 22000000 		.4byte	.LVL4
 1481 001d 26000000 		.4byte	.LVL5
 1482 0021 0100     		.2byte	0x1
 1483 0023 50       		.byte	0x50
 1484 0024 26000000 		.4byte	.LVL5
 1485 0028 34000000 		.4byte	.LFE111
 1486 002c 0400     		.2byte	0x4
 1487 002e F3       		.byte	0xf3
 1488 002f 01       		.uleb128 0x1
 1489 0030 50       		.byte	0x50
 1490 0031 9F       		.byte	0x9f
 1491 0032 00000000 		.4byte	0
 1492 0036 00000000 		.4byte	0
 1493              	.LLST1:
 1494 003a 00000000 		.4byte	.LVL0
 1495 003e 0D000000 		.4byte	.LVL1-1
 1496 0042 0100     		.2byte	0x1
 1497 0044 51       		.byte	0x51
 1498 0045 0D000000 		.4byte	.LVL1-1
 1499 0049 22000000 		.4byte	.LVL4
 1500 004d 0400     		.2byte	0x4
 1501 004f F3       		.byte	0xf3
 1502 0050 01       		.uleb128 0x1
 1503 0051 51       		.byte	0x51
 1504 0052 9F       		.byte	0x9f
ARM GAS  C:\Users\vboxuser\AppData\Local\Temp\ccbuJY4H.s 			page 32


 1505 0053 22000000 		.4byte	.LVL4
 1506 0057 34000000 		.4byte	.LFE111
 1507 005b 0100     		.2byte	0x1
 1508 005d 51       		.byte	0x51
 1509 005e 00000000 		.4byte	0
 1510 0062 00000000 		.4byte	0
 1511              	.LLST2:
 1512 0066 12000000 		.4byte	.LVL2
 1513 006a 1D000000 		.4byte	.LVL3-1
 1514 006e 0100     		.2byte	0x1
 1515 0070 50       		.byte	0x50
 1516 0071 1D000000 		.4byte	.LVL3-1
 1517 0075 22000000 		.4byte	.LVL4
 1518 0079 0800     		.2byte	0x8
 1519 007b 74       		.byte	0x74
 1520 007c 00       		.sleb128 0
 1521 007d 03       		.byte	0x3
 1522 007e 00000000 		.4byte	.LANCHOR0
 1523 0082 22       		.byte	0x22
 1524 0083 00000000 		.4byte	0
 1525 0087 00000000 		.4byte	0
 1526              	.LLST3:
 1527 008b 00000000 		.4byte	.LVL6
 1528 008f 08000000 		.4byte	.LVL7
 1529 0093 0100     		.2byte	0x1
 1530 0095 50       		.byte	0x50
 1531 0096 08000000 		.4byte	.LVL7
 1532 009a 10000000 		.4byte	.LFE112
 1533 009e 0400     		.2byte	0x4
 1534 00a0 F3       		.byte	0xf3
 1535 00a1 01       		.uleb128 0x1
 1536 00a2 50       		.byte	0x50
 1537 00a3 9F       		.byte	0x9f
 1538 00a4 00000000 		.4byte	0
 1539 00a8 00000000 		.4byte	0
 1540              	.LLST4:
 1541 00ac 00000000 		.4byte	.LVL8
 1542 00b0 08000000 		.4byte	.LVL9
 1543 00b4 0100     		.2byte	0x1
 1544 00b6 50       		.byte	0x50
 1545 00b7 08000000 		.4byte	.LVL9
 1546 00bb 1A000000 		.4byte	.LFE113
 1547 00bf 0400     		.2byte	0x4
 1548 00c1 F3       		.byte	0xf3
 1549 00c2 01       		.uleb128 0x1
 1550 00c3 50       		.byte	0x50
 1551 00c4 9F       		.byte	0x9f
 1552 00c5 00000000 		.4byte	0
 1553 00c9 00000000 		.4byte	0
 1554              	.LLST5:
 1555 00cd 00000000 		.4byte	.LVL12
 1556 00d1 1D000000 		.4byte	.LVL18-1
 1557 00d5 0100     		.2byte	0x1
 1558 00d7 50       		.byte	0x50
 1559 00d8 1D000000 		.4byte	.LVL18-1
 1560 00dc 30000000 		.4byte	.LVL21
 1561 00e0 0400     		.2byte	0x4
ARM GAS  C:\Users\vboxuser\AppData\Local\Temp\ccbuJY4H.s 			page 33


 1562 00e2 F3       		.byte	0xf3
 1563 00e3 01       		.uleb128 0x1
 1564 00e4 50       		.byte	0x50
 1565 00e5 9F       		.byte	0x9f
 1566 00e6 30000000 		.4byte	.LVL21
 1567 00ea 34000000 		.4byte	.LVL22
 1568 00ee 0100     		.2byte	0x1
 1569 00f0 50       		.byte	0x50
 1570 00f1 34000000 		.4byte	.LVL22
 1571 00f5 40000000 		.4byte	.LFE114
 1572 00f9 0400     		.2byte	0x4
 1573 00fb F3       		.byte	0xf3
 1574 00fc 01       		.uleb128 0x1
 1575 00fd 50       		.byte	0x50
 1576 00fe 9F       		.byte	0x9f
 1577 00ff 00000000 		.4byte	0
 1578 0103 00000000 		.4byte	0
 1579              	.LLST6:
 1580 0107 00000000 		.4byte	.LVL12
 1581 010b 1D000000 		.4byte	.LVL18-1
 1582 010f 0100     		.2byte	0x1
 1583 0111 51       		.byte	0x51
 1584 0112 1D000000 		.4byte	.LVL18-1
 1585 0116 30000000 		.4byte	.LVL21
 1586 011a 0400     		.2byte	0x4
 1587 011c F3       		.byte	0xf3
 1588 011d 01       		.uleb128 0x1
 1589 011e 51       		.byte	0x51
 1590 011f 9F       		.byte	0x9f
 1591 0120 30000000 		.4byte	.LVL21
 1592 0124 40000000 		.4byte	.LFE114
 1593 0128 0100     		.2byte	0x1
 1594 012a 51       		.byte	0x51
 1595 012b 00000000 		.4byte	0
 1596 012f 00000000 		.4byte	0
 1597              	.LLST7:
 1598 0133 06000000 		.4byte	.LVL13
 1599 0137 14000000 		.4byte	.LVL14
 1600 013b 0200     		.2byte	0x2
 1601 013d 30       		.byte	0x30
 1602 013e 9F       		.byte	0x9f
 1603 013f 14000000 		.4byte	.LVL14
 1604 0143 16000000 		.4byte	.LVL15
 1605 0147 0100     		.2byte	0x1
 1606 0149 55       		.byte	0x55
 1607 014a 16000000 		.4byte	.LVL15
 1608 014e 18000000 		.4byte	.LVL16
 1609 0152 0200     		.2byte	0x2
 1610 0154 30       		.byte	0x30
 1611 0155 9F       		.byte	0x9f
 1612 0156 1A000000 		.4byte	.LVL17
 1613 015a 26000000 		.4byte	.LVL19
 1614 015e 0100     		.2byte	0x1
 1615 0160 55       		.byte	0x55
 1616 0161 00000000 		.4byte	0
 1617 0165 00000000 		.4byte	0
 1618              	.LLST8:
ARM GAS  C:\Users\vboxuser\AppData\Local\Temp\ccbuJY4H.s 			page 34


 1619 0169 1E000000 		.4byte	.LVL18
 1620 016d 26000000 		.4byte	.LVL19
 1621 0171 0200     		.2byte	0x2
 1622 0173 30       		.byte	0x30
 1623 0174 9F       		.byte	0x9f
 1624 0175 26000000 		.4byte	.LVL19
 1625 0179 30000000 		.4byte	.LVL21
 1626 017d 0100     		.2byte	0x1
 1627 017f 55       		.byte	0x55
 1628 0180 00000000 		.4byte	0
 1629 0184 00000000 		.4byte	0
 1630              	.LLST9:
 1631 0188 00000000 		.4byte	.LVL23
 1632 018c 0B000000 		.4byte	.LVL24-1
 1633 0190 0100     		.2byte	0x1
 1634 0192 50       		.byte	0x50
 1635 0193 0B000000 		.4byte	.LVL24-1
 1636 0197 1C000000 		.4byte	.LFE115
 1637 019b 0400     		.2byte	0x4
 1638 019d F3       		.byte	0xf3
 1639 019e 01       		.uleb128 0x1
 1640 019f 50       		.byte	0x50
 1641 01a0 9F       		.byte	0x9f
 1642 01a1 00000000 		.4byte	0
 1643 01a5 00000000 		.4byte	0
 1644              	.LLST10:
 1645 01a9 00000000 		.4byte	.LVL28
 1646 01ad 0C000000 		.4byte	.LVL29
 1647 01b1 0100     		.2byte	0x1
 1648 01b3 50       		.byte	0x50
 1649 01b4 0C000000 		.4byte	.LVL29
 1650 01b8 4C000000 		.4byte	.LFE116
 1651 01bc 0400     		.2byte	0x4
 1652 01be F3       		.byte	0xf3
 1653 01bf 01       		.uleb128 0x1
 1654 01c0 50       		.byte	0x50
 1655 01c1 9F       		.byte	0x9f
 1656 01c2 00000000 		.4byte	0
 1657 01c6 00000000 		.4byte	0
 1658              	.LLST11:
 1659 01ca 14000000 		.4byte	.LVL30
 1660 01ce 18000000 		.4byte	.LVL31
 1661 01d2 0200     		.2byte	0x2
 1662 01d4 30       		.byte	0x30
 1663 01d5 9F       		.byte	0x9f
 1664 01d6 18000000 		.4byte	.LVL31
 1665 01da 34000000 		.4byte	.LVL35
 1666 01de 0100     		.2byte	0x1
 1667 01e0 54       		.byte	0x54
 1668 01e1 36000000 		.4byte	.LVL36
 1669 01e5 46000000 		.4byte	.LVL37
 1670 01e9 0100     		.2byte	0x1
 1671 01eb 54       		.byte	0x54
 1672 01ec 00000000 		.4byte	0
 1673 01f0 00000000 		.4byte	0
 1674              		.section	.debug_aranges,"",%progbits
 1675 0000 4C000000 		.4byte	0x4c
ARM GAS  C:\Users\vboxuser\AppData\Local\Temp\ccbuJY4H.s 			page 35


 1676 0004 0200     		.2byte	0x2
 1677 0006 00000000 		.4byte	.Ldebug_info0
 1678 000a 04       		.byte	0x4
 1679 000b 00       		.byte	0
 1680 000c 0000     		.2byte	0
 1681 000e 0000     		.2byte	0
 1682 0010 00000000 		.4byte	.LFB111
 1683 0014 34000000 		.4byte	.LFE111-.LFB111
 1684 0018 00000000 		.4byte	.LFB112
 1685 001c 10000000 		.4byte	.LFE112-.LFB112
 1686 0020 00000000 		.4byte	.LFB113
 1687 0024 1A000000 		.4byte	.LFE113-.LFB113
 1688 0028 00000000 		.4byte	.LFB114
 1689 002c 40000000 		.4byte	.LFE114-.LFB114
 1690 0030 00000000 		.4byte	.LFB115
 1691 0034 1C000000 		.4byte	.LFE115-.LFB115
 1692 0038 00000000 		.4byte	.LFB110
 1693 003c 12000000 		.4byte	.LFE110-.LFB110
 1694 0040 00000000 		.4byte	.LFB116
 1695 0044 4C000000 		.4byte	.LFE116-.LFB116
 1696 0048 00000000 		.4byte	0
 1697 004c 00000000 		.4byte	0
 1698              		.section	.debug_ranges,"",%progbits
 1699              	.Ldebug_ranges0:
 1700 0000 14000000 		.4byte	.LBB2
 1701 0004 3A000000 		.4byte	.LBE2
 1702 0008 3C000000 		.4byte	.LBB3
 1703 000c 42000000 		.4byte	.LBE3
 1704 0010 00000000 		.4byte	0
 1705 0014 00000000 		.4byte	0
 1706 0018 00000000 		.4byte	.LFB111
 1707 001c 34000000 		.4byte	.LFE111
 1708 0020 00000000 		.4byte	.LFB112
 1709 0024 10000000 		.4byte	.LFE112
 1710 0028 00000000 		.4byte	.LFB113
 1711 002c 1A000000 		.4byte	.LFE113
 1712 0030 00000000 		.4byte	.LFB114
 1713 0034 40000000 		.4byte	.LFE114
 1714 0038 00000000 		.4byte	.LFB115
 1715 003c 1C000000 		.4byte	.LFE115
 1716 0040 00000000 		.4byte	.LFB110
 1717 0044 12000000 		.4byte	.LFE110
 1718 0048 00000000 		.4byte	.LFB116
 1719 004c 4C000000 		.4byte	.LFE116
 1720 0050 00000000 		.4byte	0
 1721 0054 00000000 		.4byte	0
 1722              		.section	.debug_line,"",%progbits
 1723              	.Ldebug_line0:
 1724 0000 FA020000 		.section	.debug_str,"MS",%progbits,1
 1724      02004402 
 1724      00000201 
 1724      FB0E0D00 
 1724      01010101 
 1725              	.LASF81:
 1726 0000 53455645 		.ascii	"SEVEN_Init\000"
 1726      4E5F496E 
 1726      697400
ARM GAS  C:\Users\vboxuser\AppData\Local\Temp\ccbuJY4H.s 			page 36


 1727              	.LASF60:
 1728 000b 70617474 		.ascii	"pattern\000"
 1728      65726E00 
 1729              	.LASF61:
 1730 0013 70617474 		.ascii	"patternWithorWithoutDP\000"
 1730      65726E57 
 1730      6974686F 
 1730      72576974 
 1730      686F7574 
 1731              	.LASF24:
 1732 002a 52435F53 		.ascii	"RC_SUCCESS\000"
 1732      55434345 
 1732      535300
 1733              	.LASF39:
 1734 0035 52435F45 		.ascii	"RC_ERROR_WRITE_ONLY\000"
 1734      52524F52 
 1734      5F575249 
 1734      54455F4F 
 1734      4E4C5900 
 1735              	.LASF80:
 1736 0049 433A5C55 		.ascii	"C:\\Users\\vboxuser\\Documents\\GitHub\\EAA_GasPeda"
 1736      73657273 
 1736      5C76626F 
 1736      78757365 
 1736      725C446F 
 1737 0077 6C5C4C61 		.ascii	"l\\Lab 1\\GasPedal.cydsn\000"
 1737      6220315C 
 1737      47617350 
 1737      6564616C 
 1737      2E637964 
 1738              	.LASF2:
 1739 008e 73686F72 		.ascii	"short int\000"
 1739      7420696E 
 1739      7400
 1740              	.LASF30:
 1741 0098 52435F45 		.ascii	"RC_ERROR_OVERRUN\000"
 1741      52524F52 
 1741      5F4F5645 
 1741      5252554E 
 1741      00
 1742              	.LASF42:
 1743 00a9 52435F45 		.ascii	"RC_ERROR_WRITE_FAILS\000"
 1743      52524F52 
 1743      5F575249 
 1743      54455F46 
 1743      41494C53 
 1744              	.LASF22:
 1745 00be 73697A65 		.ascii	"sizetype\000"
 1745      74797065 
 1745      00
 1746              	.LASF51:
 1747 00c7 53455645 		.ascii	"SEVEN_0\000"
 1747      4E5F3000 
 1748              	.LASF27:
 1749 00cf 52435F45 		.ascii	"RC_ERROR_ZERO\000"
 1749      52524F52 
 1749      5F5A4552 
ARM GAS  C:\Users\vboxuser\AppData\Local\Temp\ccbuJY4H.s 			page 37


 1749      4F00
 1750              	.LASF20:
 1751 00dd 45455F46 		.ascii	"EE_FREG\000"
 1751      52454700 
 1752              	.LASF40:
 1753 00e5 52435F45 		.ascii	"RC_ERROR_INVALID\000"
 1753      52524F52 
 1753      5F494E56 
 1753      414C4944 
 1753      00
 1754              	.LASF18:
 1755 00f6 45455F55 		.ascii	"EE_UINT32\000"
 1755      494E5433 
 1755      3200
 1756              	.LASF63:
 1757 0100 53455645 		.ascii	"SEVEN_Chasing\000"
 1757      4E5F4368 
 1757      6173696E 
 1757      6700
 1758              	.LASF21:
 1759 010e 45455F54 		.ascii	"EE_TID\000"
 1759      494400
 1760              	.LASF55:
 1761 0115 76616C75 		.ascii	"value\000"
 1761      6500
 1762              	.LASF11:
 1763 011b 75696E74 		.ascii	"uint8_t\000"
 1763      385F7400 
 1764              	.LASF47:
 1765 0123 52435F45 		.ascii	"RC_ERROR_INVALID_STATE\000"
 1765      52524F52 
 1765      5F494E56 
 1765      414C4944 
 1765      5F535441 
 1766              	.LASF73:
 1767 013a 45455F49 		.ascii	"EE_IRQ_nesting_level\000"
 1767      52515F6E 
 1767      65737469 
 1767      6E675F6C 
 1767      6576656C 
 1768              	.LASF79:
 1769 014f 6273775C 		.ascii	"bsw\\LabBoard\\seven.c\000"
 1769      4C616242 
 1769      6F617264 
 1769      5C736576 
 1769      656E2E63 
 1770              	.LASF64:
 1771 0164 63686173 		.ascii	"chasingSequence\000"
 1771      696E6753 
 1771      65717565 
 1771      6E636500 
 1772              	.LASF72:
 1773 0174 45455F73 		.ascii	"EE_std_endcycle_next_tid\000"
 1773      74645F65 
 1773      6E646379 
 1773      636C655F 
 1773      6E657874 
ARM GAS  C:\Users\vboxuser\AppData\Local\Temp\ccbuJY4H.s 			page 38


 1774              	.LASF0:
 1775 018d 7369676E 		.ascii	"signed char\000"
 1775      65642063 
 1775      68617200 
 1776              	.LASF13:
 1777 0199 666C6F61 		.ascii	"float\000"
 1777      7400
 1778              	.LASF49:
 1779 019f 52435F45 		.ascii	"RC_ERROR_NOT_IMPLEMENTED\000"
 1779      52524F52 
 1779      5F4E4F54 
 1779      5F494D50 
 1779      4C454D45 
 1780              	.LASF8:
 1781 01b8 6C6F6E67 		.ascii	"long long int\000"
 1781      206C6F6E 
 1781      6720696E 
 1781      7400
 1782              	.LASF70:
 1783 01c6 45455F6F 		.ascii	"EE_oo_IRQ_suspend_status\000"
 1783      6F5F4952 
 1783      515F7375 
 1783      7370656E 
 1783      645F7374 
 1784              	.LASF58:
 1785 01df 53455645 		.ascii	"SEVEN_SetHex\000"
 1785      4E5F5365 
 1785      74486578 
 1785      00
 1786              	.LASF43:
 1787 01ec 52435F45 		.ascii	"RC_ERROR_NOT_MATCH\000"
 1787      52524F52 
 1787      5F4E4F54 
 1787      5F4D4154 
 1787      434800
 1788              	.LASF48:
 1789 01ff 52435F45 		.ascii	"RC_ERROR_UNKNOWN\000"
 1789      52524F52 
 1789      5F554E4B 
 1789      4E4F574E 
 1789      00
 1790              	.LASF56:
 1791 0210 53455645 		.ascii	"SEVEN_Set\000"
 1791      4E5F5365 
 1791      7400
 1792              	.LASF6:
 1793 021a 6C6F6E67 		.ascii	"long int\000"
 1793      20696E74 
 1793      00
 1794              	.LASF31:
 1795 0223 52435F45 		.ascii	"RC_ERROR_UNDERRUN\000"
 1795      52524F52 
 1795      5F554E44 
 1795      45525255 
 1795      4E00
 1796              	.LASF34:
 1797 0235 52435F45 		.ascii	"RC_ERROR_BUSY\000"
ARM GAS  C:\Users\vboxuser\AppData\Local\Temp\ccbuJY4H.s 			page 39


 1797      52524F52 
 1797      5F425553 
 1797      5900
 1798              	.LASF4:
 1799 0243 5F5F7569 		.ascii	"__uint8_t\000"
 1799      6E74385F 
 1799      7400
 1800              	.LASF67:
 1801 024d 53455645 		.ascii	"SEVEN__latch_value\000"
 1801      4E5F5F6C 
 1801      61746368 
 1801      5F76616C 
 1801      756500
 1802              	.LASF68:
 1803 0260 53455645 		.ascii	"SEVEN__latch_pattern\000"
 1803      4E5F5F6C 
 1803      61746368 
 1803      5F706174 
 1803      7465726E 
 1804              	.LASF45:
 1805 0275 52435F45 		.ascii	"RC_ERROR_BAD_DATA\000"
 1805      52524F52 
 1805      5F424144 
 1805      5F444154 
 1805      4100
 1806              	.LASF54:
 1807 0287 73657665 		.ascii	"sevenId\000"
 1807      6E496400 
 1808              	.LASF38:
 1809 028f 52435F45 		.ascii	"RC_ERROR_READ_ONLY\000"
 1809      52524F52 
 1809      5F524541 
 1809      445F4F4E 
 1809      4C5900
 1810              	.LASF62:
 1811 02a2 53455645 		.ascii	"SEVEN_Clear\000"
 1811      4E5F436C 
 1811      65617200 
 1812              	.LASF16:
 1813 02ae 6C6F6E67 		.ascii	"long double\000"
 1813      20646F75 
 1813      626C6500 
 1814              	.LASF1:
 1815 02ba 756E7369 		.ascii	"unsigned char\000"
 1815      676E6564 
 1815      20636861 
 1815      7200
 1816              	.LASF52:
 1817 02c8 53455645 		.ascii	"SEVEN_1\000"
 1817      4E5F3100 
 1818              	.LASF9:
 1819 02d0 6C6F6E67 		.ascii	"long long unsigned int\000"
 1819      206C6F6E 
 1819      6720756E 
 1819      7369676E 
 1819      65642069 
 1820              	.LASF10:
ARM GAS  C:\Users\vboxuser\AppData\Local\Temp\ccbuJY4H.s 			page 40


 1821 02e7 756E7369 		.ascii	"unsigned int\000"
 1821      676E6564 
 1821      20696E74 
 1821      00
 1822              	.LASF36:
 1823 02f4 52435F45 		.ascii	"RC_ERROR_OPEN\000"
 1823      52524F52 
 1823      5F4F5045 
 1823      4E00
 1824              	.LASF66:
 1825 0302 53455645 		.ascii	"SEVEN__BitPattern\000"
 1825      4E5F5F42 
 1825      69745061 
 1825      74746572 
 1825      6E00
 1826              	.LASF26:
 1827 0314 52435F45 		.ascii	"RC_ERROR_NULL\000"
 1827      52524F52 
 1827      5F4E554C 
 1827      4C00
 1828              	.LASF33:
 1829 0322 52435F45 		.ascii	"RC_ERROR_BUFFER_EMTPY\000"
 1829      52524F52 
 1829      5F425546 
 1829      4645525F 
 1829      454D5450 
 1830              	.LASF17:
 1831 0338 45455F49 		.ascii	"EE_INT32\000"
 1831      4E543332 
 1831      00
 1832              	.LASF3:
 1833 0341 73686F72 		.ascii	"short unsigned int\000"
 1833      7420756E 
 1833      7369676E 
 1833      65642069 
 1833      6E7400
 1834              	.LASF78:
 1835 0354 474E5520 		.ascii	"GNU C11 5.4.1 20160609 (release) [ARM/embedded-5-br"
 1835      43313120 
 1835      352E342E 
 1835      31203230 
 1835      31363036 
 1836 0387 616E6368 		.ascii	"anch revision 237715] -mcpu=cortex-m3 -mthumb -g -O"
 1836      20726576 
 1836      6973696F 
 1836      6E203233 
 1836      37373135 
 1837 03ba 67202D66 		.ascii	"g -ffunction-sections -ffat-lto-objects\000"
 1837      66756E63 
 1837      74696F6E 
 1837      2D736563 
 1837      74696F6E 
 1838              	.LASF76:
 1839 03e2 53455645 		.ascii	"SEVEN_reg_Write\000"
 1839      4E5F7265 
 1839      675F5772 
 1839      69746500 
ARM GAS  C:\Users\vboxuser\AppData\Local\Temp\ccbuJY4H.s 			page 41


 1840              	.LASF15:
 1841 03f2 63686172 		.ascii	"char\000"
 1841      00
 1842              	.LASF59:
 1843 03f7 53455645 		.ascii	"SEVEN_SetDP\000"
 1843      4E5F5365 
 1843      74445000 
 1844              	.LASF32:
 1845 0403 52435F45 		.ascii	"RC_ERROR_BUFFER_FULL\000"
 1845      52524F52 
 1845      5F425546 
 1845      4645525F 
 1845      46554C4C 
 1846              	.LASF12:
 1847 0418 696E7433 		.ascii	"int32_t\000"
 1847      325F7400 
 1848              	.LASF57:
 1849 0420 53455645 		.ascii	"SEVEN_Get\000"
 1849      4E5F4765 
 1849      7400
 1850              	.LASF41:
 1851 042a 52435F45 		.ascii	"RC_ERROR_READ_FAILS\000"
 1851      52524F52 
 1851      5F524541 
 1851      445F4641 
 1851      494C5300 
 1852              	.LASF44:
 1853 043e 52435F45 		.ascii	"RC_ERROR_BAD_PARAM\000"
 1853      52524F52 
 1853      5F424144 
 1853      5F504152 
 1853      414D00
 1854              	.LASF71:
 1855 0451 45455F41 		.ascii	"EE_ApplicationMode\000"
 1855      70706C69 
 1855      63617469 
 1855      6F6E4D6F 
 1855      646500
 1856              	.LASF7:
 1857 0464 6C6F6E67 		.ascii	"long unsigned int\000"
 1857      20756E73 
 1857      69676E65 
 1857      6420696E 
 1857      7400
 1858              	.LASF65:
 1859 0476 64656C61 		.ascii	"delayTime\000"
 1859      7954696D 
 1859      6500
 1860              	.LASF14:
 1861 0480 646F7562 		.ascii	"double\000"
 1861      6C6500
 1862              	.LASF53:
 1863 0487 53455645 		.ascii	"SEVEN_id_t\000"
 1863      4E5F6964 
 1863      5F7400
 1864              	.LASF37:
 1865 0492 52435F45 		.ascii	"RC_ERROR_CHECKSUM\000"
ARM GAS  C:\Users\vboxuser\AppData\Local\Temp\ccbuJY4H.s 			page 42


 1865      52524F52 
 1865      5F434845 
 1865      434B5355 
 1865      4D00
 1866              	.LASF19:
 1867 04a4 45455F55 		.ascii	"EE_UREG\000"
 1867      52454700 
 1868              	.LASF29:
 1869 04ac 52435F45 		.ascii	"RC_ERROR_RANGE\000"
 1869      52524F52 
 1869      5F52414E 
 1869      474500
 1870              	.LASF5:
 1871 04bb 5F5F696E 		.ascii	"__int32_t\000"
 1871      7433325F 
 1871      7400
 1872              	.LASF46:
 1873 04c5 52435F45 		.ascii	"RC_ERROR_CANCELED\000"
 1873      52524F52 
 1873      5F43414E 
 1873      43454C45 
 1873      4400
 1874              	.LASF75:
 1875 04d7 53455645 		.ascii	"SEVEN_SELECT_Write\000"
 1875      4E5F5345 
 1875      4C454354 
 1875      5F577269 
 1875      746500
 1876              	.LASF74:
 1877 04ea 49544D5F 		.ascii	"ITM_RxBuffer\000"
 1877      52784275 
 1877      66666572 
 1877      00
 1878              	.LASF25:
 1879 04f7 52435F45 		.ascii	"RC_ERROR\000"
 1879      52524F52 
 1879      00
 1880              	.LASF77:
 1881 0500 43794465 		.ascii	"CyDelay\000"
 1881      6C617900 
 1882              	.LASF28:
 1883 0508 52435F45 		.ascii	"RC_ERROR_MEMORY\000"
 1883      52524F52 
 1883      5F4D454D 
 1883      4F525900 
 1884              	.LASF69:
 1885 0518 45455F6F 		.ascii	"EE_oo_IRQ_disable_count\000"
 1885      6F5F4952 
 1885      515F6469 
 1885      7361626C 
 1885      655F636F 
 1886              	.LASF50:
 1887 0530 52435F74 		.ascii	"RC_t\000"
 1887      00
 1888              	.LASF23:
 1889 0535 73696E74 		.ascii	"sint8_t\000"
 1889      385F7400 
ARM GAS  C:\Users\vboxuser\AppData\Local\Temp\ccbuJY4H.s 			page 43


 1890              	.LASF35:
 1891 053d 52435F45 		.ascii	"RC_ERROR_TIME_OUT\000"
 1891      52524F52 
 1891      5F54494D 
 1891      455F4F55 
 1891      5400
 1892              		.ident	"GCC: (GNU Tools for ARM Embedded Processors) 5.4.1 20160609 (release) [ARM/embedded-5-bran
